
> vayva@ typecheck /Users/fredrick/Documents/GitHub/vayva
> turbo run typecheck

• turbo 2.7.5
• Packages in scope: @vayva/analytics, @vayva/api-client, @vayva/compliance, @vayva/content, @vayva/db, @vayva/education, @vayva/extensions, @vayva/load-test, @vayva/policies, @vayva/redis, @vayva/reliability, @vayva/schemas, @vayva/shared, @vayva/template-service, @vayva/theme, @vayva/ui, admin-service, ai-orchestrator, analytics-service, api-gateway, approvals-service, audit-service, auth-service, billing-service, catalog-service, compliance-service, fulfillment-service, marketing, marketing-service, marketplace, marketplace-service, merchant-admin, mobile, notifications-service, onboarding-service, ops-console, orders-service, payments-service, products-service, risk-service, storefront, support-service, theme-service, webhook-service, whatsapp-service, worker
• Running typecheck in 46 packages
• Remote caching disabled
@vayva/content:typecheck: cache hit, replaying logs 70af3d93f4abdef4
@vayva/content:typecheck: 
@vayva/content:typecheck: 
@vayva/content:typecheck: > @vayva/content@0.0.0 typecheck /Users/fredrick/Documents/GitHub/vayva/packages/content
@vayva/content:typecheck: > tsc --noEmit
@vayva/content:typecheck: 
ops-console:typecheck: cache hit, replaying logs e058e0c0069936c8
ops-console:typecheck: 
ops-console:typecheck: > ops-console@0.0.0 typecheck /Users/fredrick/Documents/GitHub/vayva/apps/ops-console
ops-console:typecheck: > tsc --noEmit
ops-console:typecheck: 
storefront:typecheck: cache hit, replaying logs 49e373b9a5168281
storefront:typecheck: 
storefront:typecheck: > storefront@0.0.0 typecheck /Users/fredrick/Documents/GitHub/vayva/apps/storefront
storefront:typecheck: > tsc --noEmit
storefront:typecheck: 
merchant-admin:typecheck: cache miss, executing a656988cc2a79fb6
marketing:typecheck: cache hit, replaying logs a6398bc324797d53
marketing:typecheck: 
marketing:typecheck: 
marketing:typecheck: > marketing@0.0.0 typecheck /Users/fredrick/Documents/GitHub/vayva/apps/marketing
marketing:typecheck: > tsc --noEmit
marketing:typecheck: 
@vayva/redis:typecheck: cache hit, replaying logs 0ffab1d37c3b0369
@vayva/redis:typecheck: 
@vayva/redis:typecheck: 
@vayva/redis:typecheck: > @vayva/redis@0.0.0 typecheck /Users/fredrick/Documents/GitHub/vayva/packages/redis
@vayva/redis:typecheck: > tsc --noEmit
@vayva/redis:typecheck: 
marketplace:typecheck: cache hit, replaying logs c641ecc66097d033
marketplace:typecheck: 
marketplace:typecheck: 
marketplace:typecheck: > marketplace@0.0.0 typecheck /Users/fredrick/Documents/GitHub/vayva/apps/marketplace
marketplace:typecheck: > tsc --noEmit
marketplace:typecheck: 
merchant-admin:typecheck: 
merchant-admin:typecheck: > merchant-admin@0.0.0 typecheck /Users/fredrick/Documents/GitHub/vayva/apps/merchant-admin
merchant-admin:typecheck: > tsc --noEmit
merchant-admin:typecheck: 
merchant-admin:typecheck: src/app/(dashboard)/dashboard/referrals/page.tsx(22,16): error TS2339: Property 'code' does not exist on type '{}'.
merchant-admin:typecheck: src/app/(dashboard)/dashboard/referrals/page.tsx(23,40): error TS2339: Property 'code' does not exist on type '{}'.
merchant-admin:typecheck: src/app/(dashboard)/dashboard/referrals/page.tsx(50,67): error TS2339: Property 'code' does not exist on type '{}'.
merchant-admin:typecheck: src/app/(dashboard)/dashboard/referrals/page.tsx(73,58): error TS2339: Property 'stats' does not exist on type '{}'.
merchant-admin:typecheck: src/app/(dashboard)/dashboard/referrals/page.tsx(83,20): error TS2339: Property 'stats' does not exist on type '{}'.
merchant-admin:typecheck: src/app/(dashboard)/dashboard/referrals/page.tsx(94,21): error TS2339: Property 'pendingDiscount' does not exist on type '{}'.
merchant-admin:typecheck: src/app/(dashboard)/dashboard/referrals/page.tsx(104,16): error TS2339: Property 'rewards' does not exist on type '{}'.
merchant-admin:typecheck: src/app/(dashboard)/dashboard/referrals/page.tsx(106,14): error TS18046: 'data' is of type 'unknown'.
merchant-admin:typecheck: src/app/(dashboard)/dashboard/services/new/page.tsx(26,9): error TS2322: Type '"IN_STORE"' is not assignable to type '"ONLINE" | "ON_SITE" | "CLIENT_LOCATION"'.
merchant-admin:typecheck: src/app/(dashboard)/dashboard/services/new/page.tsx(133,53): error TS2339: Property 'bufferTimeMinutes' does not exist on type 'ServiceProductMetadata'.
merchant-admin:typecheck: src/app/(dashboard)/dashboard/services/new/page.tsx(134,118): error TS2353: Object literal may only specify known properties, and 'bufferTimeMinutes' does not exist in type 'SetStateAction<ServiceProductMetadata>'.
merchant-admin:typecheck: src/app/(dashboard)/dashboard/settings/payments/page.tsx(64,113): error TS2339: Property 'bankName' does not exist on type '{}'.
merchant-admin:typecheck: src/app/(dashboard)/dashboard/settings/payments/page.tsx(65,60): error TS2339: Property 'isVerified' does not exist on type '{}'.
merchant-admin:typecheck: src/app/(dashboard)/dashboard/settings/payments/page.tsx(69,125): error TS2339: Property 'accountNumber' does not exist on type '{}'.
merchant-admin:typecheck: src/app/(dashboard)/dashboard/settings/payments/page.tsx(70,96): error TS2339: Property 'accountName' does not exist on type '{}'.
merchant-admin:typecheck: src/app/(dashboard)/dashboard/settings/seo/actions.ts(6,38): error TS7006: Parameter 'data' implicitly has an 'any' type.
merchant-admin:typecheck: src/app/(dashboard)/dashboard/setup-checklist/page.tsx(33,29): error TS2339: Property 'issues' does not exist on type '{}'.
merchant-admin:typecheck: src/app/(dashboard)/dashboard/setup-checklist/page.tsx(34,30): error TS2339: Property 'level' does not exist on type '{}'.
merchant-admin:typecheck: src/app/(dashboard)/settings/store/pickup/page.tsx(39,59): error TS2339: Property 'id' does not exist on type '{}'.
merchant-admin:typecheck: src/app/api/account/branding/upload/route.ts(39,21): error TS7053: Element implicitly has an 'any' type because expression of type 'string' can't be used to index type '{ "image/png": string; "image/jpeg": string; "image/jpg": string; "image/webp": string; }'.
merchant-admin:typecheck:   No index signature with a parameter of type 'string' was found on type '{ "image/png": string; "image/jpeg": string; "image/jpg": string; "image/webp": string; }'.
merchant-admin:typecheck: src/app/api/account/branding/upload/route.ts(39,29): error TS18048: 'file' is possibly 'undefined'.
merchant-admin:typecheck: src/app/api/account/branding/upload/route.ts(45,57): error TS2345: Argument of type 'File | undefined' is not assignable to parameter of type 'PutBody'.
merchant-admin:typecheck:   Type 'undefined' is not assignable to type 'PutBody'.
merchant-admin:typecheck: src/app/api/account/branding/upload/route.ts(59,33): error TS18048: 'file' is possibly 'undefined'.
merchant-admin:typecheck: src/app/api/account/domains/route.ts(23,53): error TS2339: Property 'lastCheckedAt' does not exist on type 'string | number | boolean | JsonObject | JsonArray'.
merchant-admin:typecheck:   Property 'lastCheckedAt' does not exist on type 'string'.
merchant-admin:typecheck: src/app/api/account/domains/route.ts(24,49): error TS2339: Property 'lastError' does not exist on type 'string | number | boolean | JsonObject | JsonArray'.
merchant-admin:typecheck:   Property 'lastError' does not exist on type 'string'.
merchant-admin:typecheck: src/app/api/account/export/route.ts(25,28): error TS2339: Property 'name' does not exist on type '{ memberships: ({ store: { plan: SubscriptionPlan; type: MerchantType; id: string; name: string; onboardingCompleted: boolean; createdAt: Date; updatedAt: Date; ... 27 more ...; version: number; }; } & { ...; })[]; } & { ...; }'.
merchant-admin:typecheck: src/app/api/account/export/route.ts(28,29): error TS2339: Property 'role' does not exist on type '{ store: { plan: SubscriptionPlan; type: MerchantType; id: string; name: string; onboardingCompleted: boolean; createdAt: Date; updatedAt: Date; ... 27 more ...; version: number; }; } & { ...; }'.
merchant-admin:typecheck: src/app/api/account/overview/route.ts(82,41): error TS2339: Property 'paystack' does not exist on type 'string | number | true | JsonObject | JsonArray'.
merchant-admin:typecheck:   Property 'paystack' does not exist on type 'string'.
merchant-admin:typecheck: src/app/api/account/overview/route.ts(85,41): error TS2339: Property 'delivery' does not exist on type 'string | number | true | JsonObject | JsonArray'.
merchant-admin:typecheck:   Property 'delivery' does not exist on type 'string'.
merchant-admin:typecheck: src/app/api/account/overview/route.ts(95,45): error TS2339: Property 'api' does not exist on type 'string | number | true | JsonObject | JsonArray'.
merchant-admin:typecheck:   Property 'api' does not exist on type 'string'.
merchant-admin:typecheck: src/app/api/bookings/route.ts(13,68): error TS2345: Argument of type 'Date | undefined' is not assignable to parameter of type 'Date'.
merchant-admin:typecheck:   Type 'undefined' is not assignable to type 'Date'.
merchant-admin:typecheck: src/app/api/dashboard/health/route.ts(12,35): error TS2322: Type '"PAID"' is not assignable to type 'PaymentStatus | EnumPaymentStatusFilter<"Order"> | undefined'.
merchant-admin:typecheck: src/app/api/exports/[id]/download/route.ts(49,25): error TS2339: Property 'status' does not exist on type 'string | number | true | JsonObject | JsonArray'.
merchant-admin:typecheck:   Property 'status' does not exist on type 'string'.
merchant-admin:typecheck: src/app/api/exports/[id]/download/route.ts(49,43): error TS2339: Property 'status' does not exist on type 'string | number | true | JsonObject | JsonArray'.
merchant-admin:typecheck:   Property 'status' does not exist on type 'string'.
merchant-admin:typecheck: src/app/api/exports/[id]/download/route.ts(50,23): error TS2339: Property 'status' does not exist on type '{ storeId: string; }'.
merchant-admin:typecheck: src/app/api/exports/[id]/download/route.ts(50,40): error TS2339: Property 'status' does not exist on type 'string | number | true | JsonObject | JsonArray'.
merchant-admin:typecheck:   Property 'status' does not exist on type 'string'.
merchant-admin:typecheck: src/app/api/exports/[id]/download/route.ts(86,25): error TS2339: Property 'status' does not exist on type 'string | number | true | JsonObject | JsonArray'.
merchant-admin:typecheck:   Property 'status' does not exist on type 'string'.
merchant-admin:typecheck: src/app/api/exports/[id]/download/route.ts(86,43): error TS2339: Property 'status' does not exist on type 'string | number | true | JsonObject | JsonArray'.
merchant-admin:typecheck:   Property 'status' does not exist on type 'string'.
merchant-admin:typecheck: src/app/api/exports/[id]/download/route.ts(87,23): error TS2339: Property 'status' does not exist on type '{ storeId: string; }'.
merchant-admin:typecheck: src/app/api/exports/[id]/download/route.ts(87,40): error TS2339: Property 'status' does not exist on type 'string | number | true | JsonObject | JsonArray'.
merchant-admin:typecheck:   Property 'status' does not exist on type 'string'.
merchant-admin:typecheck: src/app/api/exports/[id]/download/route.ts(121,25): error TS2339: Property 'dateFrom' does not exist on type 'string | number | true | JsonObject | JsonArray'.
merchant-admin:typecheck:   Property 'dateFrom' does not exist on type 'string'.
merchant-admin:typecheck: src/app/api/exports/[id]/download/route.ts(122,23): error TS2339: Property 'createdAt' does not exist on type '{ storeId: string; }'.
merchant-admin:typecheck: src/app/api/exports/[id]/download/route.ts(123,30): error TS2339: Property 'createdAt' does not exist on type '{ storeId: string; }'.
merchant-admin:typecheck: src/app/api/exports/[id]/download/route.ts(124,43): error TS2339: Property 'dateFrom' does not exist on type 'string | number | true | JsonObject | JsonArray'.
merchant-admin:typecheck:   Property 'dateFrom' does not exist on type 'string'.
merchant-admin:typecheck: src/app/api/exports/[id]/download/route.ts(127,25): error TS2339: Property 'dateTo' does not exist on type 'string | number | true | JsonObject | JsonArray'.
merchant-admin:typecheck:   Property 'dateTo' does not exist on type 'string'.
merchant-admin:typecheck: src/app/api/exports/[id]/download/route.ts(128,23): error TS2339: Property 'createdAt' does not exist on type '{ storeId: string; }'.
merchant-admin:typecheck: src/app/api/exports/[id]/download/route.ts(128,46): error TS2339: Property 'createdAt' does not exist on type '{ storeId: string; }'.
merchant-admin:typecheck: src/app/api/exports/[id]/download/route.ts(128,79): error TS2339: Property 'dateTo' does not exist on type 'string | number | true | JsonObject | JsonArray'.
merchant-admin:typecheck:   Property 'dateTo' does not exist on type 'string'.
merchant-admin:typecheck: src/app/api/exports/[id]/download/route.ts(168,25): error TS2339: Property 'dateFrom' does not exist on type 'string | number | true | JsonObject | JsonArray'.
merchant-admin:typecheck:   Property 'dateFrom' does not exist on type 'string'.
merchant-admin:typecheck: src/app/api/exports/[id]/download/route.ts(169,23): error TS2339: Property 'createdAt' does not exist on type '{ storeId: string; }'.
merchant-admin:typecheck: src/app/api/exports/[id]/download/route.ts(170,30): error TS2339: Property 'createdAt' does not exist on type '{ storeId: string; }'.
merchant-admin:typecheck: src/app/api/exports/[id]/download/route.ts(171,43): error TS2339: Property 'dateFrom' does not exist on type 'string | number | true | JsonObject | JsonArray'.
merchant-admin:typecheck:   Property 'dateFrom' does not exist on type 'string'.
merchant-admin:typecheck: src/app/api/exports/[id]/download/route.ts(174,25): error TS2339: Property 'dateTo' does not exist on type 'string | number | true | JsonObject | JsonArray'.
merchant-admin:typecheck:   Property 'dateTo' does not exist on type 'string'.
merchant-admin:typecheck: src/app/api/exports/[id]/download/route.ts(175,23): error TS2339: Property 'createdAt' does not exist on type '{ storeId: string; }'.
merchant-admin:typecheck: src/app/api/exports/[id]/download/route.ts(175,46): error TS2339: Property 'createdAt' does not exist on type '{ storeId: string; }'.
merchant-admin:typecheck: src/app/api/exports/[id]/download/route.ts(175,79): error TS2339: Property 'dateTo' does not exist on type 'string | number | true | JsonObject | JsonArray'.
merchant-admin:typecheck:   Property 'dateTo' does not exist on type 'string'.
merchant-admin:typecheck: src/app/api/exports/route.ts(15,22): error TS2353: Object literal may only specify known properties, and 'storeId' does not exist in type 'ExportJobWhereInput'.
merchant-admin:typecheck: src/app/api/exports/route.ts(43,17): error TS2353: Object literal may only specify known properties, and 'storeId' does not exist in type '(Without<ExportJobCreateInput, ExportJobUncheckedCreateInput> & ExportJobUncheckedCreateInput) | (Without<...> & ExportJobCreateInput)'.
merchant-admin:typecheck: src/app/api/fulfillment/shipments/route.ts(12,19): error TS2339: Property 'status' does not exist on type '{ storeId: string; }'.
merchant-admin:typecheck: src/app/api/fulfillment/shipments/route.ts(15,19): error TS2339: Property 'status' does not exist on type '{ storeId: string; }'.
merchant-admin:typecheck: src/app/api/integrations/route.ts(23,38): error TS2339: Property 'paystack' does not exist on type 'string | number | true | JsonObject | JsonArray'.
merchant-admin:typecheck:   Property 'paystack' does not exist on type 'string'.
merchant-admin:typecheck: src/app/api/integrations/route.ts(24,39): error TS2339: Property 'paystack' does not exist on type 'string | number | true | JsonObject | JsonArray'.
merchant-admin:typecheck:   Property 'paystack' does not exist on type 'string'.
merchant-admin:typecheck: src/app/api/integrations/route.ts(25,40): error TS2339: Property 'paystack' does not exist on type 'string | number | true | JsonObject | JsonArray'.
merchant-admin:typecheck:   Property 'paystack' does not exist on type 'string'.
merchant-admin:typecheck: src/app/api/integrations/route.ts(37,38): error TS2339: Property 'email' does not exist on type 'string | number | true | JsonObject | JsonArray'.
merchant-admin:typecheck:   Property 'email' does not exist on type 'string'.
merchant-admin:typecheck: src/app/api/integrations/route.ts(38,39): error TS2339: Property 'email' does not exist on type 'string | number | true | JsonObject | JsonArray'.
merchant-admin:typecheck:   Property 'email' does not exist on type 'string'.
merchant-admin:typecheck: src/app/api/integrations/route.ts(39,40): error TS2339: Property 'email' does not exist on type 'string | number | true | JsonObject | JsonArray'.
merchant-admin:typecheck:   Property 'email' does not exist on type 'string'.
merchant-admin:typecheck: src/app/api/jobs/route.ts(16,19): error TS2339: Property 'OR' does not exist on type '{ storeId: any; }'.
merchant-admin:typecheck: src/app/api/kyc/upload/route.ts(64,28): error TS2339: Property 'bvnDocument' does not exist on type '{ status: string; }'.
merchant-admin:typecheck: src/app/api/kyc/upload/route.ts(67,28): error TS2339: Property 'idDocument' does not exist on type '{ status: string; }'.
merchant-admin:typecheck: src/app/api/kyc/upload/route.ts(70,28): error TS2339: Property 'cacDocument' does not exist on type '{ status: string; }'.
merchant-admin:typecheck: src/app/api/kyc/upload/route.ts(74,17): error TS2322: Type '{ status: string; }' is not assignable to type '(Without<KycRecordUpdateInput, KycRecordUncheckedUpdateInput> & KycRecordUncheckedUpdateInput) | (Without<...> & KycRecordUpdateInput)'.
merchant-admin:typecheck:   Type '{ status: string; }' is not assignable to type 'Without<KycRecordUncheckedUpdateInput, KycRecordUpdateInput> & KycRecordUpdateInput'.
merchant-admin:typecheck:     Types of property 'status' are incompatible.
merchant-admin:typecheck:       Type 'string' is not assignable to type 'KycStatus | EnumKycStatusFieldUpdateOperationsInput | undefined'.
merchant-admin:typecheck: src/app/api/kyc/upload/route.ts(85,28): error TS2339: Property 'bvnDocument' does not exist on type '{ storeId: any; status: string; businessType: string; }'.
merchant-admin:typecheck: src/app/api/kyc/upload/route.ts(88,28): error TS2339: Property 'idDocument' does not exist on type '{ storeId: any; status: string; businessType: string; }'.
merchant-admin:typecheck: src/app/api/kyc/upload/route.ts(91,28): error TS2339: Property 'cacDocument' does not exist on type '{ storeId: any; status: string; businessType: string; }'.
merchant-admin:typecheck: src/app/api/kyc/upload/route.ts(95,17): error TS2322: Type '{ storeId: any; status: string; businessType: string; }' is not assignable to type '(Without<KycRecordCreateInput, KycRecordUncheckedCreateInput> & KycRecordUncheckedCreateInput) | (Without<...> & KycRecordCreateInput)'.
merchant-admin:typecheck:   Type '{ storeId: any; status: string; businessType: string; }' is not assignable to type 'Without<KycRecordUncheckedCreateInput, KycRecordCreateInput> & KycRecordCreateInput'.
merchant-admin:typecheck:     Type '{ storeId: any; status: string; businessType: string; }' is missing the following properties from type 'KycRecordCreateInput': ninLast4, bvnLast4, store
merchant-admin:typecheck: src/app/api/me/onboarding-summary/route.ts(25,40): error TS2339: Property 'industryCategory' does not exist on type '{ plan: SubscriptionPlan; type: MerchantType; id: string; name: string; onboardingCompleted: boolean; createdAt: Date; updatedAt: Date; slug: string; ... 26 more ...; version: number; }'.
merchant-admin:typecheck: src/app/api/me/onboarding-summary/route.ts(27,29): error TS2339: Property 'industryCategory' does not exist on type 'string | number | boolean | JsonObject | JsonArray'.
merchant-admin:typecheck:   Property 'industryCategory' does not exist on type 'string'.
merchant-admin:typecheck: src/app/api/me/onboarding-summary/route.ts(32,13): error TS2367: This comparison appears to be unintentional because the types 'OnboardingStatus' and '"COMPLETED"' have no overlap.
merchant-admin:typecheck: src/app/api/merchant/approvals/route.ts(53,19): error TS2339: Property 'status' does not exist on type '{ merchantId: string; }'.
merchant-admin:typecheck: src/app/api/merchant/audit/route.ts(17,19): error TS2339: Property 'entityType' does not exist on type '{ storeId: string; }'.
merchant-admin:typecheck: src/app/api/merchant/audit/route.ts(19,19): error TS2339: Property 'entityId' does not exist on type '{ storeId: string; }'.
merchant-admin:typecheck: src/app/api/merchant/audit/route.ts(21,19): error TS2339: Property 'action' does not exist on type '{ storeId: string; }'.
merchant-admin:typecheck: src/app/api/merchant/audit/route.ts(23,19): error TS2339: Property 'actorId' does not exist on type '{ storeId: string; }'.
merchant-admin:typecheck: src/app/api/merchant/billing/subscribe/route.ts(11,10): error TS7053: Element implicitly has an 'any' type because expression of type 'any' can't be used to index type '{ STARTER: { slug: string; name: string; priceNgn: number; limits: { teamSeats: number; templatesAvailable: string; monthlyCampaignSends: number; }; features: { approvals: boolean; inboxOps: boolean; reports: boolean; advancedAnalytics: boolean; }; }; GROWTH: { ...; }; PRO: { ...; }; }'.
merchant-admin:typecheck: src/app/api/merchant/imports/validate/route.ts(46,52): error TS7053: Element implicitly has an 'any' type because expression of type 'any' can't be used to index type '{}'.
merchant-admin:typecheck: src/app/api/merchant/inbox/conversations/route.ts(12,19): error TS2339: Property 'status' does not exist on type '{ merchantId: string; }'.
merchant-admin:typecheck: src/app/api/merchant/inbox/conversations/route.ts(14,13): error TS2559: Type '{ merchantId: string; }' has no properties in common with type 'ConversationWhereInput'.
merchant-admin:typecheck: src/app/api/merchant/inbox/conversations/route.ts(39,32): error TS2339: Property 'messages' does not exist on type '{ id: string; storeId: string; createdAt: Date; updatedAt: Date; status: string; priority: string; tags: JsonValue; lastMessageAt: Date; contactId: string; assignedTo: string | null; unreadCount: number; lastInboundAt: Date | null; lastOutboundAt: Date | null; lastRepliedAt: Date | null; }'.
merchant-admin:typecheck: src/app/api/merchant/notifications/route.ts(15,19): error TS2339: Property 'isRead' does not exist on type '{ storeId: string; }'.
merchant-admin:typecheck: src/app/api/merchant/notifications/route.ts(18,19): error TS2339: Property 'category' does not exist on type '{ storeId: string; }'.
merchant-admin:typecheck: src/app/api/merchant/notifications/route.ts(21,19): error TS2339: Property 'type' does not exist on type '{ storeId: string; }'.
merchant-admin:typecheck: src/app/api/merchant/policies/generate/route.ts(24,48): error TS2339: Property 'supportWhatsApp' does not exist on type 'string | number | true | JsonObject | JsonArray'.
merchant-admin:typecheck:   Property 'supportWhatsApp' does not exist on type 'string'.
merchant-admin:typecheck: src/app/api/merchant/policies/generate/route.ts(25,37): error TS2339: Property 'supportEmail' does not exist on type 'string | number | true | JsonObject | JsonArray'.
merchant-admin:typecheck:   Property 'supportEmail' does not exist on type 'string'.
merchant-admin:typecheck: src/app/api/merchant/settings/ai-agent/route.ts(12,34): error TS2339: Property 'aiAgent' does not exist on type 'string | number | true | JsonObject | JsonArray'.
merchant-admin:typecheck:   Property 'aiAgent' does not exist on type 'string'.
merchant-admin:typecheck: src/app/api/merchant/settings/ai-agent/route.ts(35,32): error TS2339: Property 'aiAgent' does not exist on type 'string | number | true | JsonObject | JsonArray'.
merchant-admin:typecheck:   Property 'aiAgent' does not exist on type 'string'.
merchant-admin:typecheck: src/app/api/merchant/settings/ai-agent/route.ts(36,49): error TS2339: Property 'aiAgent' does not exist on type 'string | number | true | JsonObject | JsonArray'.
merchant-admin:typecheck:   Property 'aiAgent' does not exist on type 'string'.
merchant-admin:typecheck: src/app/api/merchant/settings/ai-agent/route.ts(37,43): error TS2339: Property 'aiAgent' does not exist on type 'string | number | true | JsonObject | JsonArray'.
merchant-admin:typecheck:   Property 'aiAgent' does not exist on type 'string'.
merchant-admin:typecheck: src/app/api/merchant/settings/ai-agent/route.ts(38,61): error TS2339: Property 'aiAgent' does not exist on type 'string | number | true | JsonObject | JsonArray'.
merchant-admin:typecheck:   Property 'aiAgent' does not exist on type 'string'.
merchant-admin:typecheck: src/app/api/merchant/settings/ai-agent/route.ts(39,65): error TS2339: Property 'aiAgent' does not exist on type 'string | number | true | JsonObject | JsonArray'.
merchant-admin:typecheck:   Property 'aiAgent' does not exist on type 'string'.
merchant-admin:typecheck: src/app/api/merchant/settings/ai-agent/route.ts(46,21): error TS2698: Spread types may only be created from object types.
merchant-admin:typecheck: src/app/api/notifications/preferences/route.ts(27,32): error TS2339: Property 'orders' does not exist on type 'string | number | true | JsonObject | JsonArray'.
merchant-admin:typecheck:   Property 'orders' does not exist on type 'string'.
merchant-admin:typecheck: src/app/api/notifications/preferences/route.ts(28,31): error TS2339: Property 'orders' does not exist on type 'string | number | true | JsonObject | JsonArray'.
merchant-admin:typecheck:   Property 'orders' does not exist on type 'string'.
merchant-admin:typecheck: src/app/api/notifications/preferences/route.ts(29,33): error TS2339: Property 'payouts' does not exist on type 'string | number | true | JsonObject | JsonArray'.
merchant-admin:typecheck:   Property 'payouts' does not exist on type 'string'.
merchant-admin:typecheck: src/app/api/notifications/preferences/route.ts(30,32): error TS2339: Property 'payouts' does not exist on type 'string | number | true | JsonObject | JsonArray'.
merchant-admin:typecheck:   Property 'payouts' does not exist on type 'string'.
merchant-admin:typecheck: src/app/api/notifications/preferences/route.ts(33,35): error TS2339: Property 'marketing' does not exist on type 'string | number | true | JsonObject | JsonArray'.
merchant-admin:typecheck:   Property 'marketing' does not exist on type 'string'.
merchant-admin:typecheck: src/app/api/notifications/settings/route.ts(15,47): error TS2339: Property 'notifications' does not exist on type 'string | number | true | JsonObject | JsonArray'.
merchant-admin:typecheck:   Property 'notifications' does not exist on type 'string'.
merchant-admin:typecheck: src/app/api/notifications/settings/route.ts(59,21): error TS2698: Spread types may only be created from object types.
merchant-admin:typecheck: src/app/api/notifications/trigger/route.ts(25,58): error TS2339: Property 'name' does not exist on type '{ id: string; email: string; firstName: string | null; lastName: string | null; storeId: string; storeName: string; role: AppRole; }'.
merchant-admin:typecheck: src/app/api/ops/audit/route.ts(14,19): error TS2339: Property 'OR' does not exist on type '{}'.
merchant-admin:typecheck: src/app/api/ops/auth/login/route.ts(38,17): error TS18046: 'authError' is of type 'unknown'.
merchant-admin:typecheck: src/app/api/ops/kyc/route.ts(13,22): error TS2322: Type 'string' is not assignable to type 'KycStatus | EnumKycStatusFilter<"KycRecord"> | undefined'.
merchant-admin:typecheck: src/app/api/ops/metrics/route.ts(10,31): error TS2554: Expected 1 arguments, but got 0.
merchant-admin:typecheck: src/app/api/ops/support/metrics/route.ts(51,13): error TS7053: Element implicitly has an 'any' type because expression of type 'any' can't be used to index type '{}'.
merchant-admin:typecheck: src/app/api/ops/support/metrics/route.ts(51,33): error TS7053: Element implicitly has an 'any' type because expression of type 'any' can't be used to index type '{}'.
merchant-admin:typecheck: src/app/api/ops/support/tickets/[id]/reply/route.ts(32,14): error TS18047: 'ticket' is possibly 'null'.
merchant-admin:typecheck: src/app/api/ops/support/tickets/[id]/reply/route.ts(33,24): error TS2339: Property 'firstOpsReplyAt' does not exist on type '{ lastMessageAt: Date; }'.
merchant-admin:typecheck: src/app/api/orders/[id]/delivery/dispatch/route.ts(48,17): error TS2561: Object literal may only specify known properties, but 'Shipment' does not exist in type 'OrderInclude<DefaultArgs>'. Did you mean to write 'shipment'?
merchant-admin:typecheck: src/app/api/orders/[id]/delivery/dispatch/route.ts(55,19): error TS2339: Property 'Shipment' does not exist on type '{ internalNote: string | null; id: string; storeId: string; createdAt: Date; updatedAt: Date; status: OrderStatus; currency: string; channel: Channel; customerId: string | null; ... 20 more ...; importStatus: ImportOrderState | null; }'.
merchant-admin:typecheck: src/app/api/orders/[id]/delivery/dispatch/route.ts(56,34): error TS2339: Property 'Shipment' does not exist on type '{ internalNote: string | null; id: string; storeId: string; createdAt: Date; updatedAt: Date; status: OrderStatus; currency: string; channel: Channel; customerId: string | null; ... 20 more ...; importStatus: ImportOrderState | null; }'.
merchant-admin:typecheck: src/app/api/orders/[id]/delivery/dispatch/route.ts(61,75): error TS2339: Property 'Shipment' does not exist on type '{ internalNote: string | null; id: string; storeId: string; createdAt: Date; updatedAt: Date; status: OrderStatus; currency: string; channel: Channel; customerId: string | null; ... 20 more ...; importStatus: ImportOrderState | null; }'.
merchant-admin:typecheck: src/app/api/orders/[id]/delivery/dispatch/route.ts(65,37): error TS2339: Property 'Shipment' does not exist on type '{ internalNote: string | null; id: string; storeId: string; createdAt: Date; updatedAt: Date; status: OrderStatus; currency: string; channel: Channel; customerId: string | null; ... 20 more ...; importStatus: ImportOrderState | null; }'.
merchant-admin:typecheck: src/app/api/orders/[id]/delivery/dispatch/route.ts(65,70): error TS2551: Property 'Customer' does not exist on type '{ internalNote: string | null; id: string; storeId: string; createdAt: Date; updatedAt: Date; status: OrderStatus; currency: string; channel: Channel; customerId: string | null; ... 20 more ...; importStatus: ImportOrderState | null; }'. Did you mean 'customerId'?
merchant-admin:typecheck: src/app/api/orders/[id]/delivery/dispatch/route.ts(66,38): error TS2339: Property 'Shipment' does not exist on type '{ internalNote: string | null; id: string; storeId: string; createdAt: Date; updatedAt: Date; status: OrderStatus; currency: string; channel: Channel; customerId: string | null; ... 20 more ...; importStatus: ImportOrderState | null; }'.
merchant-admin:typecheck: src/app/api/orders/[id]/delivery/dispatch/route.ts(68,19): error TS2551: Property 'Customer' does not exist on type '{ internalNote: string | null; id: string; storeId: string; createdAt: Date; updatedAt: Date; status: OrderStatus; currency: string; channel: Channel; customerId: string | null; ... 20 more ...; importStatus: ImportOrderState | null; }'. Did you mean 'customerId'?
merchant-admin:typecheck: src/app/api/orders/[id]/delivery/dispatch/route.ts(70,36): error TS2339: Property 'Shipment' does not exist on type '{ internalNote: string | null; id: string; storeId: string; createdAt: Date; updatedAt: Date; status: OrderStatus; currency: string; channel: Channel; customerId: string | null; ... 20 more ...; importStatus: ImportOrderState | null; }'.
merchant-admin:typecheck: src/app/api/orders/[id]/delivery/dispatch/route.ts(71,35): error TS2339: Property 'Shipment' does not exist on type '{ internalNote: string | null; id: string; storeId: string; createdAt: Date; updatedAt: Date; status: OrderStatus; currency: string; channel: Channel; customerId: string | null; ... 20 more ...; importStatus: ImportOrderState | null; }'.
merchant-admin:typecheck: src/app/api/orders/[id]/delivery/dispatch/route.ts(111,74): error TS2339: Property 'error' does not exist on type '{ success: boolean; providerJobId: string; trackingUrl: null; provider: string; deliveryStatus: string; } | { success: boolean; error: string; rawResponse: string; providerJobId?: undefined; trackingUrl?: undefined; provider?: undefined; deliveryStatus?: undefined; } | { ...; } | { ...; }'.
merchant-admin:typecheck:   Property 'error' does not exist on type '{ success: boolean; providerJobId: string; trackingUrl: null; provider: string; deliveryStatus: string; }'.
merchant-admin:typecheck: src/app/api/orders/[id]/delivery/dispatch/route.ts(127,31): error TS2339: Property 'rawResponse' does not exist on type '{ success: boolean; providerJobId: string; trackingUrl: null; provider: string; deliveryStatus: string; } | { success: boolean; error: string; rawResponse: string; providerJobId?: undefined; trackingUrl?: undefined; provider?: undefined; deliveryStatus?: undefined; } | { ...; } | { ...; }'.
merchant-admin:typecheck:   Property 'rawResponse' does not exist on type '{ success: boolean; providerJobId: string; trackingUrl: null; provider: string; deliveryStatus: string; }'.
merchant-admin:typecheck: src/app/api/orders/[id]/delivery/dispatch/route.ts(128,45): error TS2339: Property 'rawResponse' does not exist on type '{ success: boolean; providerJobId: string; trackingUrl: null; provider: string; deliveryStatus: string; } | { success: boolean; error: string; rawResponse: string; providerJobId?: undefined; trackingUrl?: undefined; provider?: undefined; deliveryStatus?: undefined; } | { ...; } | { ...; }'.
merchant-admin:typecheck:   Property 'rawResponse' does not exist on type '{ success: boolean; providerJobId: string; trackingUrl: null; provider: string; deliveryStatus: string; }'.
merchant-admin:typecheck: src/app/api/orders/[id]/delivery/dispatch/route.ts(136,31): error TS2339: Property 'rawResponse' does not exist on type '{ success: boolean; providerJobId: string; trackingUrl: null; provider: string; deliveryStatus: string; } | { success: boolean; error: string; rawResponse: string; providerJobId?: undefined; trackingUrl?: undefined; provider?: undefined; deliveryStatus?: undefined; } | { ...; } | { ...; }'.
merchant-admin:typecheck:   Property 'rawResponse' does not exist on type '{ success: boolean; providerJobId: string; trackingUrl: null; provider: string; deliveryStatus: string; }'.
merchant-admin:typecheck: src/app/api/orders/[id]/delivery/dispatch/route.ts(137,45): error TS2339: Property 'rawResponse' does not exist on type '{ success: boolean; providerJobId: string; trackingUrl: null; provider: string; deliveryStatus: string; } | { success: boolean; error: string; rawResponse: string; providerJobId?: undefined; trackingUrl?: undefined; provider?: undefined; deliveryStatus?: undefined; } | { ...; } | { ...; }'.
merchant-admin:typecheck:   Property 'rawResponse' does not exist on type '{ success: boolean; providerJobId: string; trackingUrl: null; provider: string; deliveryStatus: string; }'.
merchant-admin:typecheck: src/app/api/orders/[id]/delivery/manual-status/route.ts(32,25): error TS7053: Element implicitly has an 'any' type because expression of type 'string' can't be used to index type '{ REQUESTED: string[]; ACCEPTED: string[]; PICKED_UP: string[]; IN_TRANSIT: string[]; }'.
merchant-admin:typecheck:   No index signature with a parameter of type 'string' was found on type '{ REQUESTED: string[]; ACCEPTED: string[]; PICKED_UP: string[]; IN_TRANSIT: string[]; }'.
merchant-admin:typecheck: src/app/api/orders/bulk-status/route.ts(25,15): error TS7034: Variable 'errors' implicitly has type 'any[]' in some locations where its type cannot be determined.
merchant-admin:typecheck: src/app/api/orders/bulk-status/route.ts(45,17): error TS7005: Variable 'errors' implicitly has an 'any[]' type.
merchant-admin:typecheck: src/app/api/orders/export/route.ts(27,19): error TS2339: Property 'id' does not exist on type '{ storeId: string; }'.
merchant-admin:typecheck: src/app/api/orders/export/route.ts(33,23): error TS2339: Property 'status' does not exist on type '{ storeId: string; }'.
merchant-admin:typecheck: src/app/api/orders/export/route.ts(35,23): error TS2339: Property 'OR' does not exist on type '{ storeId: string; }'.
merchant-admin:typecheck: src/app/api/payments/banks/route.ts(9,21): error TS7006: Parameter 'b' implicitly has an 'any' type.
merchant-admin:typecheck: src/app/api/payments/banks/route.ts(11,18): error TS7006: Parameter 'b' implicitly has an 'any' type.
merchant-admin:typecheck: src/app/api/payments/wallet/pin/verify/route.ts(33,28): error TS2339: Property 'isLocked' does not exist on type '{ failedPinAttempts: number; }'.
merchant-admin:typecheck: src/app/api/payments/wallet/pin/verify/route.ts(34,28): error TS2339: Property 'lockedUntil' does not exist on type '{ failedPinAttempts: number; }'.
merchant-admin:typecheck: src/app/api/products/[id]/variants/route.ts(36,25): error TS2551: Property 'productImages' does not exist on type '{ productImage: { id: string; createdAt: Date; updatedAt: Date; width: number | null; height: number | null; productId: string; url: string; position: number; altText: string | null; s3Key: string | null; } | null; inventoryItems: { ...; }[]; } & { ...; }'. Did you mean 'productImage'?
merchant-admin:typecheck: src/app/api/products/limits/route.ts(29,13): error TS2322: Type 'string' is not assignable to type 'number'.
merchant-admin:typecheck: src/app/api/referrals/route.ts(13,37): error TS2339: Property 'referralCode' does not exist on type 'string | number | boolean | JsonObject | JsonArray'.
merchant-admin:typecheck:   Property 'referralCode' does not exist on type 'string'.
merchant-admin:typecheck: src/app/api/rescue/report/route.ts(7,19): error TS2339: Property 'user' does not exist on type '{}'.
merchant-admin:typecheck: src/app/api/rescue/report/route.ts(22,31): error TS2339: Property 'user' does not exist on type '{}'.
merchant-admin:typecheck: src/app/api/rescue/report/route.ts(23,30): error TS2339: Property 'user' does not exist on type '{}'.
merchant-admin:typecheck: src/app/api/resources/[primaryObject]/[id]/route.ts(33,13): error TS2698: Spread types may only be created from object types.
merchant-admin:typecheck: src/app/api/resources/[primaryObject]/[id]/route.ts(66,31): error TS2698: Spread types may only be created from object types.
merchant-admin:typecheck: src/app/api/security/2fa/enable/route.ts(15,47): error TS2345: Argument of type 'string | undefined' is not assignable to parameter of type 'string | QRCodeSegment[]'.
merchant-admin:typecheck:   Type 'undefined' is not assignable to type 'string | QRCodeSegment[]'.
merchant-admin:typecheck: src/app/api/settings/team/invite/route.ts(46,52): error TS2339: Property 'invites' does not exist on type 'string | number | true | JsonObject | JsonArray'.
merchant-admin:typecheck:   Property 'invites' does not exist on type 'string'.
merchant-admin:typecheck: src/app/api/settings/team/invite/route.ts(62,25): error TS2698: Spread types may only be created from object types.
merchant-admin:typecheck: src/app/api/settings/team/invite/route.ts(101,48): error TS2339: Property 'invites' does not exist on type 'string | number | true | JsonObject | JsonArray'.
merchant-admin:typecheck:   Property 'invites' does not exist on type 'string'.
merchant-admin:typecheck: src/app/api/settings/team/invite/route.ts(107,21): error TS2698: Spread types may only be created from object types.
merchant-admin:typecheck: src/app/api/settings/whatsapp/route.ts(14,10): error TS7023: 'sanitizePayload' implicitly has return type 'any' because it does not have a return type annotation and is referenced directly or indirectly in one of its return expressions.
merchant-admin:typecheck: src/app/api/settings/whatsapp/route.ts(22,13): error TS7053: Element implicitly has an 'any' type because expression of type 'string' can't be used to index type '{}'.
merchant-admin:typecheck:   No index signature with a parameter of type 'string' was found on type '{}'.
merchant-admin:typecheck: src/app/api/store/policies/route.ts(12,35): error TS2339: Property 'policies' does not exist on type 'string | number | true | JsonObject | JsonArray'.
merchant-admin:typecheck:   Property 'policies' does not exist on type 'string'.
merchant-admin:typecheck: src/app/api/store/policies/route.ts(35,55): error TS2339: Property 'policies' does not exist on type 'string | number | true | JsonObject | JsonArray'.
merchant-admin:typecheck:   Property 'policies' does not exist on type 'string'.
merchant-admin:typecheck: src/app/api/store/policies/route.ts(37,13): error TS2698: Spread types may only be created from object types.
merchant-admin:typecheck: src/app/api/storefront/reset/route.ts(53,40): error TS2698: Spread types may only be created from object types.
merchant-admin:typecheck: src/app/api/stores/public/policies/route.ts(21,35): error TS2339: Property 'policies' does not exist on type 'string | number | true | JsonObject | JsonArray'.
merchant-admin:typecheck:   Property 'policies' does not exist on type 'string'.
merchant-admin:typecheck: src/app/api/support/chat/route.ts(42,40): error TS7017: Element implicitly has an 'any' type because type 'typeof globalThis' has no index signature.
merchant-admin:typecheck: src/app/api/support/chat/route.ts(99,34): error TS7017: Element implicitly has an 'any' type because type 'typeof globalThis' has no index signature.
merchant-admin:typecheck: src/app/api/templates/apply/route.ts(12,15): error TS7053: Element implicitly has an 'any' type because expression of type 'any' can't be used to index type '{ free: number; growth: number; pro: number; }'.
merchant-admin:typecheck: src/app/api/templates/apply/route.ts(13,15): error TS7053: Element implicitly has an 'any' type because expression of type 'any' can't be used to index type '{ free: number; growth: number; pro: number; }'.
merchant-admin:typecheck: src/app/api/templates/apply/route.ts(43,30): error TS7053: Element implicitly has an 'any' type because expression of type 'any' can't be used to index type '{ "vayva-standard": { templateId: string; slug: string; displayName: string; category: string; industry: string; businessModel: string; primaryUseCase: string; requiredPlan: string; defaultTheme: string; ... 5 more ...; onboardingProfile: { ...; }; }; ... 25 more ...; "vayva-clean-crew": { ...; }; }'.
merchant-admin:typecheck: src/app/api/templates/apply/route.ts(91,48): error TS2339: Property 'templateId' does not exist on type 'string | number | true | JsonObject | JsonArray'.
merchant-admin:typecheck:   Property 'templateId' does not exist on type 'string'.
merchant-admin:typecheck: src/app/api/templates/apply/route.ts(102,21): error TS2698: Spread types may only be created from object types.
merchant-admin:typecheck: src/app/api/templates/install/route.ts(12,26): error TS7053: Element implicitly has an 'any' type because expression of type 'any' can't be used to index type '{ "vayva-standard": { templateId: string; slug: string; displayName: string; category: string; industry: string; businessModel: string; primaryUseCase: string; requiredPlan: string; defaultTheme: string; ... 5 more ...; onboardingProfile: { ...; }; }; ... 25 more ...; "vayva-clean-crew": { ...; }; }'.
merchant-admin:typecheck: src/app/api/templates/install/route.ts(76,13): error TS2698: Spread types may only be created from object types.
merchant-admin:typecheck: src/app/api/templates/install/route.ts(79,37): error TS2339: Property 'modules' does not exist on type 'string | number | true | JsonObject | JsonArray'.
merchant-admin:typecheck:   Property 'modules' does not exist on type 'string'.
merchant-admin:typecheck: src/app/api/wallet/withdrawals/export/route.ts(23,19): error TS2339: Property 'status' does not exist on type '{ storeId: string; }'.
merchant-admin:typecheck: src/app/api/wallet/withdrawals/export/route.ts(25,19): error TS2339: Property 'createdAt' does not exist on type '{ storeId: string; }'.
merchant-admin:typecheck: src/app/api/wallet/withdrawals/route.ts(20,19): error TS2339: Property 'status' does not exist on type '{ storeId: string; }'.
merchant-admin:typecheck: src/app/api/wallet/withdrawals/route.ts(23,19): error TS2339: Property 'createdAt' does not exist on type '{ storeId: string; }'.
merchant-admin:typecheck: src/app/control-center/policies/page.tsx(45,20): error TS2698: Spread types may only be created from object types.
merchant-admin:typecheck: src/app/control-center/policies/page.tsx(55,9): error TS18046: 'storeData' is of type 'unknown'.
merchant-admin:typecheck: src/app/control-center/policies/page.tsx(57,11): error TS18046: 'storeData' is of type 'unknown'.
merchant-admin:typecheck: src/app/control-center/policies/page.tsx(59,13): error TS18046: 'storeData' is of type 'unknown'.
merchant-admin:typecheck: src/app/control-center/policies/page.tsx(60,13): error TS18046: 'storeData' is of type 'unknown'.
merchant-admin:typecheck: src/app/control-center/policies/page.tsx(68,18): error TS18046: 'storeData' is of type 'unknown'.
merchant-admin:typecheck: src/app/status/page.tsx(159,29): error TS7053: Element implicitly has an 'any' type because expression of type 'string' can't be used to index type '{}'.
merchant-admin:typecheck:   No index signature with a parameter of type 'string' was found on type '{}'.
merchant-admin:typecheck: src/components/admin-shell.tsx(21,24): error TS2305: Module '"@/lib/templates/types"' has no exported member 'SidebarGroup'.
merchant-admin:typecheck: src/components/admin-shell.tsx(21,38): error TS2305: Module '"@/lib/templates/types"' has no exported member 'SidebarItem'.
merchant-admin:typecheck: src/components/analytics/ActivePerformanceCard.tsx(3,10): error TS2305: Module '"@/types/analytics"' has no exported member 'ActivePerformance'.
merchant-admin:typecheck: src/components/analytics/ComparisonTable.tsx(3,10): error TS2305: Module '"@/types/analytics"' has no exported member 'ComparisonData'.
merchant-admin:typecheck: src/components/analytics/PerformanceInsights.tsx(3,10): error TS2305: Module '"@/types/analytics"' has no exported member 'Insight'.
merchant-admin:typecheck: src/components/analytics/PerformanceInsights.tsx(3,19): error TS2305: Module '"@/types/analytics"' has no exported member 'Recommendation'.
merchant-admin:typecheck: src/components/analytics/TemplatePerformanceView.tsx(6,3): error TS2305: Module '"@/types/analytics"' has no exported member 'ActivePerformance'.
merchant-admin:typecheck: src/components/analytics/TemplatePerformanceView.tsx(7,3): error TS2305: Module '"@/types/analytics"' has no exported member 'ComparisonData'.
merchant-admin:typecheck: src/components/analytics/TemplatePerformanceView.tsx(8,3): error TS2305: Module '"@/types/analytics"' has no exported member 'Insight'.
merchant-admin:typecheck: src/components/analytics/TemplatePerformanceView.tsx(9,3): error TS2305: Module '"@/types/analytics"' has no exported member 'Recommendation'.
merchant-admin:typecheck: src/components/auth/PermissionGate.tsx(7,10): error TS2724: '"@/lib/core/permissions"' has no exported member named 'PermissionKey'. Did you mean 'PERMISSIONS'?
merchant-admin:typecheck: src/components/bookings/BookingForm.tsx(26,41): error TS2300: Duplicate identifier 'any'.
merchant-admin:typecheck: src/components/bookings/BookingForm.tsx(26,57): error TS2300: Duplicate identifier 'any'.
merchant-admin:typecheck: src/components/bookings/BookingForm.tsx(26,73): error TS2300: Duplicate identifier 'any'.
merchant-admin:typecheck: src/components/bookings/BookingForm.tsx(68,13): error TS2304: Cannot find name 'onSuccess'.
merchant-admin:typecheck: src/components/bookings/BookingForm.tsx(84,26): error TS2304: Cannot find name 'services'.
merchant-admin:typecheck: src/components/bookings/BookingForm.tsx(84,39): error TS7006: Parameter 's' implicitly has an 'any' type.
merchant-admin:typecheck: src/components/bookings/BookingForm.tsx(94,26): error TS2304: Cannot find name 'customers'.
merchant-admin:typecheck: src/components/bookings/BookingForm.tsx(94,40): error TS7006: Parameter 'c' implicitly has an 'any' type.
merchant-admin:typecheck: src/components/bookings/BookingForm.tsx(129,66): error TS2304: Cannot find name 'onSuccess'.
merchant-admin:typecheck: src/components/bookings/BookingListActions.tsx(16,47): error TS2300: Duplicate identifier 'any'.
merchant-admin:typecheck: src/components/bookings/BookingListActions.tsx(16,62): error TS2300: Duplicate identifier 'any'.
merchant-admin:typecheck: src/components/bookings/BookingListActions.tsx(25,54): error TS2304: Cannot find name 'booking'.
merchant-admin:typecheck: src/components/bookings/BookingListActions.tsx(60,31): error TS2304: Cannot find name 'services'.
merchant-admin:typecheck: src/components/bookings/BookingListActions.tsx(63,34): error TS2304: Cannot find name 'booking'.
merchant-admin:typecheck: src/components/bookings/BookingListActions.tsx(76,83): error TS2304: Cannot find name 'booking'.
merchant-admin:typecheck: src/components/control-center/MarketplaceGrid.tsx(3,10): error TS2305: Module '"@/types/intelligence"' has no exported member 'MarketplaceTemplate'.
merchant-admin:typecheck: src/components/control-center/OptimizationHub.tsx(3,10): error TS2305: Module '"@/types/intelligence"' has no exported member 'OptimizationStatus'.
merchant-admin:typecheck: src/components/control-center/PaymentFunnelCard.tsx(3,10): error TS2305: Module '"@/types/checkout"' has no exported member 'PaymentFunnel'.
merchant-admin:typecheck: src/components/control-center/PaymentOptimizationCard.tsx(3,10): error TS2305: Module '"@/types/checkout"' has no exported member 'CheckoutOptimizationStatus'.
merchant-admin:typecheck: src/components/control-center/SeasonalBanner.tsx(3,10): error TS2305: Module '"@/types/intelligence"' has no exported member 'SeasonalSuggestion'.
merchant-admin:typecheck: src/components/control-center/TemplateCard.tsx(3,10): error TS2305: Module '"@/types/designer"' has no exported member 'Recommendation'.
merchant-admin:typecheck: src/components/control-center/TemplatePreview.tsx(5,10): error TS2305: Module '"@/types/templates"' has no exported member 'Template'.
merchant-admin:typecheck: src/components/control-center/ThemeCustomizer.tsx(40,29): error TS2698: Spread types may only be created from object types.
merchant-admin:typecheck: src/components/control-center/ThemeCustomizer.tsx(63,44): error TS18046: 'config' is of type 'unknown'.
merchant-admin:typecheck: src/components/control-center/ThemeCustomizer.tsx(68,94): error TS18046: 'config' is of type 'unknown'.
merchant-admin:typecheck: src/components/control-center/ThemeCustomizer.tsx(75,40): error TS18046: 'config' is of type 'unknown'.
merchant-admin:typecheck: src/components/control-center/ThemeCustomizer.tsx(86,40): error TS18046: 'config' is of type 'unknown'.
merchant-admin:typecheck: src/components/control-center/ThemeCustomizer.tsx(96,40): error TS18046: 'config' is of type 'unknown'.
merchant-admin:typecheck: src/components/customers/CustomerComponents.tsx(5,3): error TS2459: Module '"@/services/customers"' declares 'CustomerNote' locally, but it is not exported.
merchant-admin:typecheck: src/components/customers/CustomerComponents.tsx(6,3): error TS2305: Module '"@/services/customers"' has no exported member 'CustomerOrderSummary'.
merchant-admin:typecheck: src/components/customers/CustomerList.tsx(145,9): error TS2322: Type 'Customer[]' is not assignable to type 'Record<string, unknown>[]'.
merchant-admin:typecheck:   Type 'Customer' is not assignable to type 'Record<string, unknown>'.
merchant-admin:typecheck:     Index signature for type 'string' is missing in type 'Customer'.
merchant-admin:typecheck: src/components/customers/CustomerList.tsx(146,9): error TS2322: Type 'Column<Customer>[]' is not assignable to type 'Column<Record<string, unknown>>[]'.
merchant-admin:typecheck:   Type 'Column<Customer>' is not assignable to type 'Column<Record<string, unknown>>'.
merchant-admin:typecheck:     Type 'Record<string, unknown>' is missing the following properties from type 'Customer': id, merchantId, name, phone, and 5 more.
merchant-admin:typecheck: src/components/customers/CustomerList.tsx(147,37): error TS2322: Type 'unknown' is not assignable to type 'string'.
merchant-admin:typecheck: src/components/customers/CustomerList.tsx(148,9): error TS2322: Type '(customer: Customer) => void' is not assignable to type '(item: Record<string, unknown>) => void'.
merchant-admin:typecheck:   Types of parameters 'customer' and 'item' are incompatible.
merchant-admin:typecheck:     Type 'Record<string, unknown>' is missing the following properties from type 'Customer': id, merchantId, name, phone, and 5 more.
merchant-admin:typecheck: src/components/dashboard/ActivationWelcome.tsx(38,17): error TS2554: Expected 2 arguments, but got 1.
merchant-admin:typecheck: src/components/dashboard/GoLiveCard.tsx(87,26): error TS2339: Property 'isLive' does not exist on type '{}'.
merchant-admin:typecheck: src/components/dashboard/GoLiveCard.tsx(88,29): error TS2339: Property 'readiness' does not exist on type '{}'.
merchant-admin:typecheck: src/components/dashboard/StorefrontSnapshot.tsx(6,10): error TS2305: Module '"@/types"' has no exported member 'Store'.
merchant-admin:typecheck: src/components/designer/DesignerDashboard.tsx(5,10): error TS2305: Module '"@/types/designer"' has no exported member 'DesignerTemplate'.
merchant-admin:typecheck: src/components/kitchen/KitchenBoard.tsx(38,50): error TS2769: No overload matches this call.
merchant-admin:typecheck:   Overload 1 of 2, '(timeout: string | number | Timeout | undefined): void', gave the following error.
merchant-admin:typecheck:     Argument of type '{}' is not assignable to parameter of type 'string | number | Timeout | undefined'.
merchant-admin:typecheck:   Overload 2 of 2, '(id: number | undefined): void', gave the following error.
merchant-admin:typecheck:     Argument of type '{}' is not assignable to parameter of type 'number'.
merchant-admin:typecheck: src/components/mobile/OfflineSyncBanner.tsx(28,54): error TS18046: 'pending' is of type 'unknown'.
merchant-admin:typecheck: src/components/onboarding/OnboardingContext.tsx(6,27): error TS2724: '"@/types/onboarding"' has no exported member named 'OnboardingStepId'. Did you mean 'OnboardingState'?
merchant-admin:typecheck: src/components/onboarding/OnboardingContext.tsx(119,27): error TS2339: Property 'identity' does not exist on type 'Partial<OnboardingState>'.
merchant-admin:typecheck: src/components/onboarding/OnboardingContext.tsx(119,55): error TS2339: Property 'identity' does not exist on type 'Partial<OnboardingState>'.
merchant-admin:typecheck: src/components/onboarding/OnboardingContext.tsx(125,27): error TS2339: Property 'business' does not exist on type 'Partial<OnboardingState>'.
merchant-admin:typecheck: src/components/onboarding/OnboardingContext.tsx(125,56): error TS2339: Property 'business' does not exist on type 'Partial<OnboardingState>'.
merchant-admin:typecheck: src/components/onboarding/OnboardingContext.tsx(134,27): error TS2339: Property 'finance' does not exist on type 'Partial<OnboardingState>'.
merchant-admin:typecheck: src/components/onboarding/OnboardingContext.tsx(134,59): error TS2339: Property 'finance' does not exist on type 'Partial<OnboardingState>'.
merchant-admin:typecheck: src/components/onboarding/steps/BrandingStep.tsx(18,56): error TS2339: Property 'branding' does not exist on type 'Partial<OnboardingState>'.
merchant-admin:typecheck: src/components/onboarding/steps/BrandingStep.tsx(22,13): error TS2353: Object literal may only specify known properties, and 'branding' does not exist in type 'Partial<OnboardingState>'.
merchant-admin:typecheck: src/components/onboarding/steps/BrandingStep.tsx(23,26): error TS2339: Property 'branding' does not exist on type 'Partial<OnboardingState>'.
merchant-admin:typecheck: src/components/onboarding/steps/BrandingStep.tsx(99,36): error TS2339: Property 'business' does not exist on type 'Partial<OnboardingState>'.
merchant-admin:typecheck: src/components/onboarding/steps/BusinessStep.tsx(9,54): error TS2339: Property 'business' does not exist on type 'Partial<OnboardingState>'.
merchant-admin:typecheck: src/components/onboarding/steps/BusinessStep.tsx(10,46): error TS2339: Property 'business' does not exist on type 'Partial<OnboardingState>'.
merchant-admin:typecheck: src/components/onboarding/steps/BusinessStep.tsx(15,13): error TS2353: Object literal may only specify known properties, and 'business' does not exist in type 'Partial<OnboardingState>'.
merchant-admin:typecheck: src/components/onboarding/steps/BusinessStep.tsx(16,26): error TS2339: Property 'business' does not exist on type 'Partial<OnboardingState>'.
merchant-admin:typecheck: src/components/onboarding/steps/BusinessStep.tsx(21,29): error TS2339: Property 'business' does not exist on type 'Partial<OnboardingState>'.
merchant-admin:typecheck: src/components/onboarding/steps/BusinessStep.tsx(23,30): error TS2339: Property 'business' does not exist on type 'Partial<OnboardingState>'.
merchant-admin:typecheck: src/components/onboarding/steps/BusinessStep.tsx(24,29): error TS2339: Property 'business' does not exist on type 'Partial<OnboardingState>'.
merchant-admin:typecheck: src/components/onboarding/steps/BusinessStep.tsx(25,30): error TS2339: Property 'business' does not exist on type 'Partial<OnboardingState>'.
merchant-admin:typecheck: src/components/onboarding/steps/IdentityStep.tsx(9,44): error TS2339: Property 'identity' does not exist on type 'Partial<OnboardingState>'.
merchant-admin:typecheck: src/components/onboarding/steps/IdentityStep.tsx(10,46): error TS2339: Property 'identity' does not exist on type 'Partial<OnboardingState>'.
merchant-admin:typecheck: src/components/onboarding/steps/IdentityStep.tsx(15,13): error TS2353: Object literal may only specify known properties, and 'identity' does not exist in type 'Partial<OnboardingState>'.
merchant-admin:typecheck: src/components/onboarding/steps/IdentityStep.tsx(16,26): error TS2339: Property 'identity' does not exist on type 'Partial<OnboardingState>'.
merchant-admin:typecheck: src/components/onboarding/steps/PaymentStep.tsx(16,62): error TS2339: Property 'finance' does not exist on type 'Partial<OnboardingState>'.
merchant-admin:typecheck: src/components/onboarding/steps/PaymentStep.tsx(17,68): error TS2339: Property 'finance' does not exist on type 'Partial<OnboardingState>'.
merchant-admin:typecheck: src/components/onboarding/steps/PaymentStep.tsx(19,60): error TS2339: Property 'finance' does not exist on type 'Partial<OnboardingState>'.
merchant-admin:typecheck: src/components/onboarding/steps/PaymentStep.tsx(73,13): error TS2353: Object literal may only specify known properties, and 'finance' does not exist in type 'Partial<OnboardingState>'.
merchant-admin:typecheck: src/components/onboarding/steps/ReviewStep.tsx(20,58): error TS2339: Property 'business' does not exist on type 'Partial<OnboardingState>'.
merchant-admin:typecheck: src/components/onboarding/steps/ReviewStep.tsx(24,69): error TS2339: Property 'business' does not exist on type 'Partial<OnboardingState>'.
merchant-admin:typecheck: src/components/onboarding/steps/ReviewStep.tsx(28,58): error TS2339: Property 'finance' does not exist on type 'Partial<OnboardingState>'.
merchant-admin:typecheck: src/components/onboarding/steps/ReviewStep.tsx(28,86): error TS2339: Property 'finance' does not exist on type 'Partial<OnboardingState>'.
merchant-admin:typecheck: src/components/onboarding/steps/UrlStep.tsx(10,44): error TS2339: Property 'business' does not exist on type 'Partial<OnboardingState>'.
merchant-admin:typecheck: src/components/onboarding/steps/UrlStep.tsx(47,13): error TS2353: Object literal may only specify known properties, and 'business' does not exist in type 'Partial<OnboardingState>'.
merchant-admin:typecheck: src/components/onboarding/steps/UrlStep.tsx(48,27): error TS2339: Property 'business' does not exist on type 'Partial<OnboardingState>'.
merchant-admin:typecheck: src/components/orders/OrderModals.tsx(6,10): error TS2305: Module '"@/services/orders"' has no exported member 'Order'.
merchant-admin:typecheck: src/components/orders/PrepTimeCard.tsx(14,41): error TS2300: Duplicate identifier 'any'.
merchant-admin:typecheck: src/components/orders/PrepTimeCard.tsx(14,63): error TS2300: Duplicate identifier 'any'.
merchant-admin:typecheck: src/components/orders/PrepTimeCard.tsx(16,46): error TS2304: Cannot find name 'currentPrepTime'.
merchant-admin:typecheck: src/components/orders/PrepTimeCard.tsx(28,59): error TS2304: Cannot find name 'orderId'.
merchant-admin:typecheck: src/components/orders/PrepTimeCard.tsx(50,21): error TS2304: Cannot find name 'currentPrepTime'.
merchant-admin:typecheck: src/components/orders/PrepTimeCard.tsx(61,32): error TS2304: Cannot find name 'currentPrepTime'.
merchant-admin:typecheck: src/components/orders/PrepTimeCard.tsx(111,17): error TS2304: Cannot find name 'currentPrepTime'.
merchant-admin:typecheck: src/components/orders/PrepTimeCard.tsx(113,70): error TS2304: Cannot find name 'currentPrepTime'.
merchant-admin:typecheck: src/components/preview/demo/DemoCollection.tsx(2,15): error TS2724: '"@/lib/preview/demo-data"' has no exported member named 'DemoStore'. Did you mean 'getDemoStore'?
merchant-admin:typecheck: src/components/preview/demo/DemoCollection.tsx(6,9): error TS2300: Duplicate identifier 'any'.
merchant-admin:typecheck: src/components/preview/demo/DemoCollection.tsx(6,30): error TS2300: Duplicate identifier 'any'.
merchant-admin:typecheck: src/components/preview/demo/DemoCollection.tsx(10,17): error TS2304: Cannot find name 'demo'.
merchant-admin:typecheck: src/components/preview/demo/DemoCollection.tsx(10,65): error TS2304: Cannot find name 'activeCategory'.
merchant-admin:typecheck: src/components/preview/demo/DemoCollection.tsx(16,12): error TS2304: Cannot find name 'activeCategory'.
merchant-admin:typecheck: src/components/preview/demo/DemoHome.tsx(2,15): error TS2724: '"@/lib/preview/demo-data"' has no exported member named 'DemoStore'. Did you mean 'getDemoStore'?
merchant-admin:typecheck: src/components/preview/demo/DemoProduct.tsx(2,15): error TS2305: Module '"@/lib/preview/demo-data"' has no exported member 'DemoProduct'.
merchant-admin:typecheck: src/components/preview/LivePreviewClient.tsx(298,14): error TS2769: No overload matches this call.
merchant-admin:typecheck:   Overload 1 of 2, '(props: unknown, context?: any): string | number | bigint | boolean | ReactElement<unknown, string | JSXElementConstructor<any>> | Iterable<ReactNode> | Promise<...> | Component<...> | null | undefined', gave the following error.
merchant-admin:typecheck:     Type '{ children: Element; storeName: any; slug: any; plan: any; }' is not assignable to type 'IntrinsicAttributes'.
merchant-admin:typecheck:       Property 'children' does not exist on type 'IntrinsicAttributes'.
merchant-admin:typecheck:   Overload 2 of 2, '(props: unknown): string | number | bigint | boolean | ReactElement<unknown, string | JSXElementConstructor<any>> | Iterable<ReactNode> | Promise<...> | Component<...> | null | undefined', gave the following error.
merchant-admin:typecheck:     Type '{ children: Element; storeName: any; slug: any; plan: any; }' is not assignable to type 'IntrinsicAttributes'.
merchant-admin:typecheck:       Property 'children' does not exist on type 'IntrinsicAttributes'.
merchant-admin:typecheck: src/components/pricing/PlanComparisonMobile.tsx(4,23): error TS2305: Module '"@/config/pricing"' has no exported member 'PlanKey'.
merchant-admin:typecheck: src/components/products/forms/EventsProductForm.tsx(69,30): error TS2304: Cannot find name 'productId'.
merchant-admin:typecheck: src/components/products/forms/EventsProductForm.tsx(70,36): error TS2304: Cannot find name 'productId'.
merchant-admin:typecheck: src/components/products/forms/EventsProductForm.tsx(73,28): error TS2304: Cannot find name 'productId'.
merchant-admin:typecheck: src/components/products/forms/EventsProductForm.tsx(83,27): error TS2304: Cannot find name 'productId'.
merchant-admin:typecheck: src/components/products/forms/EventsProductForm.tsx(232,51): error TS2304: Cannot find name 'productId'.
merchant-admin:typecheck: src/components/products/forms/MarketplaceProductForm.tsx(50,30): error TS2304: Cannot find name 'productId'.
merchant-admin:typecheck: src/components/products/forms/MarketplaceProductForm.tsx(51,36): error TS2304: Cannot find name 'productId'.
merchant-admin:typecheck: src/components/products/forms/MarketplaceProductForm.tsx(54,28): error TS2304: Cannot find name 'productId'.
merchant-admin:typecheck: src/components/products/forms/MarketplaceProductForm.tsx(64,27): error TS2304: Cannot find name 'productId'.
merchant-admin:typecheck: src/components/products/forms/MarketplaceProductForm.tsx(166,51): error TS2304: Cannot find name 'productId'.
merchant-admin:typecheck: src/components/products/forms/NonprofitProductForm.tsx(46,30): error TS2304: Cannot find name 'productId'.
merchant-admin:typecheck: src/components/products/forms/NonprofitProductForm.tsx(47,36): error TS2304: Cannot find name 'productId'.
merchant-admin:typecheck: src/components/products/forms/NonprofitProductForm.tsx(50,28): error TS2304: Cannot find name 'productId'.
merchant-admin:typecheck: src/components/products/forms/NonprofitProductForm.tsx(60,27): error TS2304: Cannot find name 'productId'.
merchant-admin:typecheck: src/components/products/forms/NonprofitProductForm.tsx(142,51): error TS2304: Cannot find name 'productId'.
merchant-admin:typecheck: src/components/products/forms/WholesaleProductForm.tsx(61,30): error TS2304: Cannot find name 'productId'.
merchant-admin:typecheck: src/components/products/forms/WholesaleProductForm.tsx(62,36): error TS2304: Cannot find name 'productId'.
merchant-admin:typecheck: src/components/products/forms/WholesaleProductForm.tsx(65,28): error TS2304: Cannot find name 'productId'.
merchant-admin:typecheck: src/components/products/forms/WholesaleProductForm.tsx(75,27): error TS2304: Cannot find name 'productId'.
merchant-admin:typecheck: src/components/products/forms/WholesaleProductForm.tsx(193,51): error TS2304: Cannot find name 'productId'.
merchant-admin:typecheck: src/components/products/ProductDrawer.tsx(6,25): error TS2305: Module '"@/lib/product-schema"' has no exported member 'ProductFormValues'.
merchant-admin:typecheck: src/components/products/ProductDrawer.tsx(64,35): error TS2339: Property 'plan' does not exist on type '{ name?: string | null | undefined; email?: string | null | undefined; image?: string | null | undefined; }'.
merchant-admin:typecheck: src/components/properties/RealEstateForm.tsx(72,13): error TS2304: Cannot find name 'onSuccess'.
merchant-admin:typecheck: src/components/properties/RealEstateForm.tsx(151,66): error TS2304: Cannot find name 'onSuccess'.
merchant-admin:typecheck: src/components/storefront/AAFashionHome.tsx(36,30): error TS2339: Property 'name' does not exist on type 'never'.
merchant-admin:typecheck: src/components/storefront/AAFashionHome.tsx(94,34): error TS2339: Property 'id' does not exist on type 'never'.
merchant-admin:typecheck: src/components/storefront/AAFashionHome.tsx(96,29): error TS2339: Property 'image' does not exist on type 'never'.
merchant-admin:typecheck: src/components/storefront/AAFashionHome.tsx(98,37): error TS2339: Property 'image' does not exist on type 'never'.
merchant-admin:typecheck: src/components/storefront/AAFashionHome.tsx(99,37): error TS2339: Property 'name' does not exist on type 'never'.
merchant-admin:typecheck: src/components/storefront/AAFashionHome.tsx(106,67): error TS2339: Property 'name' does not exist on type 'never'.
merchant-admin:typecheck: src/components/storefront/AAFashionHome.tsx(108,35): error TS2339: Property 'price' does not exist on type 'never'.
merchant-admin:typecheck: src/components/storefront/AAFashionHome.tsx(108,48): error TS2339: Property 'quantity' does not exist on type 'never'.
merchant-admin:typecheck: src/components/storefront/AAFashionHome.tsx(114,64): error TS2339: Property 'id' does not exist on type 'never'.
merchant-admin:typecheck: src/components/storefront/AAFashionHome.tsx(119,64): error TS2339: Property 'quantity' does not exist on type 'never'.
merchant-admin:typecheck: src/components/storefront/AAFashionHome.tsx(121,64): error TS2339: Property 'id' does not exist on type 'never'.
merchant-admin:typecheck: src/components/storefront/AAFashionHome.tsx(128,62): error TS2339: Property 'id' does not exist on type 'never'.
merchant-admin:typecheck: src/components/storefront/AAFashionHome.tsx(214,33): error TS2339: Property 'id' does not exist on type 'never'.
merchant-admin:typecheck: src/components/storefront/AAFashionHome.tsx(218,31): error TS2339: Property 'image' does not exist on type 'never'.
merchant-admin:typecheck: src/components/storefront/AAFashionHome.tsx(219,102): error TS2339: Property 'name' does not exist on type 'never'.
merchant-admin:typecheck: src/components/storefront/AAFashionHome.tsx(221,34): error TS2339: Property 'name' does not exist on type 'never'.
merchant-admin:typecheck: src/components/storefront/AAFashionHome.tsx(229,46): error TS2339: Property 'price' does not exist on type 'never'.
merchant-admin:typecheck: src/components/storefront/AAFashionHome.tsx(236,32): error TS2339: Property 'name' does not exist on type 'never'.
merchant-admin:typecheck: src/components/storefront/AAFashionHome.tsx(239,32): error TS2339: Property 'category' does not exist on type 'never'.
merchant-admin:typecheck: src/components/storefront/AAFashionHome.tsx(243,31): error TS2339: Property 'price' does not exist on type 'never'.
merchant-admin:typecheck: src/components/storefront/BloomeHome.tsx(39,30): error TS2339: Property 'name' does not exist on type 'never'.
merchant-admin:typecheck: src/components/storefront/BloomeHome.tsx(112,34): error TS2339: Property 'id' does not exist on type 'never'.
merchant-admin:typecheck: src/components/storefront/BloomeHome.tsx(114,29): error TS2339: Property 'image' does not exist on type 'never'.
merchant-admin:typecheck: src/components/storefront/BloomeHome.tsx(116,37): error TS2339: Property 'image' does not exist on type 'never'.
merchant-admin:typecheck: src/components/storefront/BloomeHome.tsx(124,33): error TS2339: Property 'name' does not exist on type 'never'.
merchant-admin:typecheck: src/components/storefront/BloomeHome.tsx(127,38): error TS2339: Property 'quantity' does not exist on type 'never'.
merchant-admin:typecheck: src/components/storefront/BloomeHome.tsx(132,62): error TS2339: Property 'id' does not exist on type 'never'.
merchant-admin:typecheck: src/components/storefront/BloomeHome.tsx(138,35): error TS2339: Property 'price' does not exist on type 'never'.
merchant-admin:typecheck: src/components/storefront/BloomeHome.tsx(138,48): error TS2339: Property 'quantity' does not exist on type 'never'.
merchant-admin:typecheck: src/components/storefront/BloomeHome.tsx(216,33): error TS2339: Property 'id' does not exist on type 'never'.
merchant-admin:typecheck: src/components/storefront/BloomeHome.tsx(220,31): error TS2339: Property 'image' does not exist on type 'never'.
merchant-admin:typecheck: src/components/storefront/BloomeHome.tsx(221,106): error TS2339: Property 'name' does not exist on type 'never'.
merchant-admin:typecheck: src/components/storefront/BloomeHome.tsx(236,28): error TS2339: Property 'name' does not exist on type 'never'.
merchant-admin:typecheck: src/components/storefront/BloomeHome.tsx(240,30): error TS2339: Property 'description' does not exist on type 'never'.
merchant-admin:typecheck: src/components/storefront/BloomeHome.tsx(243,31): error TS2339: Property 'price' does not exist on type 'never'.
merchant-admin:typecheck: src/components/storefront/BulkTradeHome.tsx(18,32): error TS2339: Property 'name' does not exist on type 'never'.
merchant-admin:typecheck: src/components/storefront/CheckoutModal.tsx(3,10): error TS2305: Module '"@/hooks/storefront/useStorefrontCart"' has no exported member 'CartItem'.
merchant-admin:typecheck: src/components/storefront/CheckoutModal.tsx(25,11): error TS2300: Duplicate identifier 'any'.
merchant-admin:typecheck: src/components/storefront/CheckoutModal.tsx(25,25): error TS2300: Duplicate identifier 'any'.
merchant-admin:typecheck: src/components/storefront/CheckoutModal.tsx(25,36): error TS2300: Duplicate identifier 'any'.
merchant-admin:typecheck: src/components/storefront/CheckoutModal.tsx(25,48): error TS2300: Duplicate identifier 'any'.
merchant-admin:typecheck: src/components/storefront/CheckoutModal.tsx(25,64): error TS2300: Duplicate identifier 'any'.
merchant-admin:typecheck: src/components/storefront/CheckoutModal.tsx(25,80): error TS2300: Duplicate identifier 'any'.
merchant-admin:typecheck: src/components/storefront/CheckoutModal.tsx(25,118): error TS2300: Duplicate identifier 'any'.
merchant-admin:typecheck: src/components/storefront/CheckoutModal.tsx(40,11): error TS2304: Cannot find name 'submitFn'.
merchant-admin:typecheck: src/components/storefront/CheckoutModal.tsx(41,15): error TS2304: Cannot find name 'submitFn'.
merchant-admin:typecheck: src/components/storefront/CheckoutModal.tsx(43,18): error TS2304: Cannot find name 'cart'.
merchant-admin:typecheck: src/components/storefront/CheckoutModal.tsx(44,11): error TS18004: No value exists in scope for the shorthand property 'total'. Either declare one or provide an initializer.
merchant-admin:typecheck: src/components/storefront/CheckoutModal.tsx(47,9): error TS2304: Cannot find name 'onSuccess'.
merchant-admin:typecheck: src/components/storefront/CheckoutModal.tsx(48,9): error TS2552: Cannot find name 'onClose'. Did you mean 'onclose'?
merchant-admin:typecheck: src/components/storefront/CheckoutModal.tsx(50,52): error TS2304: Cannot find name 'storeSlug'.
merchant-admin:typecheck: src/components/storefront/CheckoutModal.tsx(55,20): error TS2304: Cannot find name 'cart'.
merchant-admin:typecheck: src/components/storefront/CheckoutModal.tsx(56,13): error TS18004: No value exists in scope for the shorthand property 'total'. Either declare one or provide an initializer.
merchant-admin:typecheck: src/components/storefront/CheckoutModal.tsx(71,11): error TS2304: Cannot find name 'onSuccess'.
merchant-admin:typecheck: src/components/storefront/CheckoutModal.tsx(72,11): error TS2304: Cannot find name 'onClose'.
merchant-admin:typecheck: src/components/storefront/CheckoutModal.tsx(84,19): error TS2304: Cannot find name 'isOpen'.
merchant-admin:typecheck: src/components/storefront/CheckoutModal.tsx(84,41): error TS2304: Cannot find name 'onClose'.
merchant-admin:typecheck: src/components/storefront/CheckoutModal.tsx(87,36): error TS2304: Cannot find name 'total'.
merchant-admin:typecheck: src/components/storefront/CheckoutModal.tsx(156,23): error TS2304: Cannot find name 'total'.
merchant-admin:typecheck: src/components/storefront/CheckoutModal.tsx(164,21): error TS2304: Cannot find name 'total'.
merchant-admin:typecheck: src/components/storefront/CreativeMarketStore.tsx(35,30): error TS2339: Property 'name' does not exist on type 'never'.
merchant-admin:typecheck: src/components/storefront/CreativeMarketStore.tsx(116,31): error TS2339: Property 'id' does not exist on type 'never'.
merchant-admin:typecheck: src/components/storefront/CreativeMarketStore.tsx(120,29): error TS2339: Property 'image' does not exist on type 'never'.
merchant-admin:typecheck: src/components/storefront/CreativeMarketStore.tsx(122,37): error TS2339: Property 'image' does not exist on type 'never'.
merchant-admin:typecheck: src/components/storefront/CreativeMarketStore.tsx(129,31): error TS2339: Property 'name' does not exist on type 'never'.
merchant-admin:typecheck: src/components/storefront/CreativeMarketStore.tsx(136,34): error TS2339: Property 'price' does not exist on type 'never'.
merchant-admin:typecheck: src/components/storefront/CreativeMarketStore.tsx(139,62): error TS2339: Property 'id' does not exist on type 'never'.
merchant-admin:typecheck: src/components/storefront/CreativeMarketStore.tsx(220,30): error TS2339: Property 'id' does not exist on type 'never'.
merchant-admin:typecheck: src/components/storefront/CreativeMarketStore.tsx(227,31): error TS2339: Property 'image' does not exist on type 'never'.
merchant-admin:typecheck: src/components/storefront/CreativeMarketStore.tsx(228,94): error TS2339: Property 'name' does not exist on type 'never'.
merchant-admin:typecheck: src/components/storefront/CreativeMarketStore.tsx(240,30): error TS2339: Property 'name' does not exist on type 'never'.
merchant-admin:typecheck: src/components/storefront/CreativeMarketStore.tsx(244,30): error TS2339: Property 'category' does not exist on type 'never'.
merchant-admin:typecheck: src/components/storefront/CreativeMarketStore.tsx(249,33): error TS2339: Property 'price' does not exist on type 'never'.
merchant-admin:typecheck: src/components/storefront/DigitalVaultStore.tsx(35,30): error TS2339: Property 'name' does not exist on type 'never'.
merchant-admin:typecheck: src/components/storefront/DigitalVaultStore.tsx(93,31): error TS2339: Property 'id' does not exist on type 'never'.
merchant-admin:typecheck: src/components/storefront/DigitalVaultStore.tsx(98,31): error TS2339: Property 'name' does not exist on type 'never'.
merchant-admin:typecheck: src/components/storefront/DigitalVaultStore.tsx(101,32): error TS2339: Property 'price' does not exist on type 'never'.
merchant-admin:typecheck: src/components/storefront/DigitalVaultStore.tsx(106,60): error TS2339: Property 'id' does not exist on type 'never'.
merchant-admin:typecheck: src/components/storefront/DigitalVaultStore.tsx(165,33): error TS2339: Property 'id' does not exist on type 'never'.
merchant-admin:typecheck: src/components/storefront/DigitalVaultStore.tsx(170,33): error TS2339: Property 'image' does not exist on type 'never'.
merchant-admin:typecheck: src/components/storefront/DigitalVaultStore.tsx(171,96): error TS2339: Property 'name' does not exist on type 'never'.
merchant-admin:typecheck: src/components/storefront/DigitalVaultStore.tsx(176,32): error TS2339: Property 'category' does not exist on type 'never'.
merchant-admin:typecheck: src/components/storefront/DigitalVaultStore.tsx(181,32): error TS2339: Property 'name' does not exist on type 'never'.
merchant-admin:typecheck: src/components/storefront/DigitalVaultStore.tsx(184,32): error TS2339: Property 'description' does not exist on type 'never'.
merchant-admin:typecheck: src/components/storefront/DigitalVaultStore.tsx(189,35): error TS2339: Property 'price' does not exist on type 'never'.
merchant-admin:typecheck: src/components/storefront/EventTicketsPro.tsx(35,30): error TS2339: Property 'name' does not exist on type 'never'.
merchant-admin:typecheck: src/components/storefront/EventTicketsPro.tsx(109,31): error TS2339: Property 'id' does not exist on type 'never'.
merchant-admin:typecheck: src/components/storefront/EventTicketsPro.tsx(113,29): error TS2339: Property 'image' does not exist on type 'never'.
merchant-admin:typecheck: src/components/storefront/EventTicketsPro.tsx(115,37): error TS2339: Property 'image' does not exist on type 'never'.
merchant-admin:typecheck: src/components/storefront/EventTicketsPro.tsx(123,31): error TS2339: Property 'name' does not exist on type 'never'.
merchant-admin:typecheck: src/components/storefront/EventTicketsPro.tsx(131,64): error TS2339: Property 'id' does not exist on type 'never'.
merchant-admin:typecheck: src/components/storefront/EventTicketsPro.tsx(137,35): error TS2339: Property 'quantity' does not exist on type 'never'.
merchant-admin:typecheck: src/components/storefront/EventTicketsPro.tsx(140,64): error TS2339: Property 'id' does not exist on type 'never'.
merchant-admin:typecheck: src/components/storefront/EventTicketsPro.tsx(148,37): error TS2339: Property 'price' does not exist on type 'never'.
merchant-admin:typecheck: src/components/storefront/EventTicketsPro.tsx(148,50): error TS2339: Property 'quantity' does not exist on type 'never'.
merchant-admin:typecheck: src/components/storefront/EventTicketsPro.tsx(223,28): error TS2339: Property 'id' does not exist on type 'never'.
merchant-admin:typecheck: src/components/storefront/EventTicketsPro.tsx(230,29): error TS2339: Property 'image' does not exist on type 'never'.
merchant-admin:typecheck: src/components/storefront/EventTicketsPro.tsx(231,92): error TS2339: Property 'name' does not exist on type 'never'.
merchant-admin:typecheck: src/components/storefront/EventTicketsPro.tsx(247,28): error TS2339: Property 'name' does not exist on type 'never'.
merchant-admin:typecheck: src/components/storefront/EventTicketsPro.tsx(250,28): error TS2339: Property 'description' does not exist on type 'never'.
merchant-admin:typecheck: src/components/storefront/EventTicketsPro.tsx(255,36): error TS2339: Property 'price' does not exist on type 'never'.
merchant-admin:typecheck: src/components/storefront/GiveFlowHome.tsx(18,32): error TS2339: Property 'name' does not exist on type 'never'.
merchant-admin:typecheck: src/components/storefront/GizmoTechHome.tsx(35,30): error TS2339: Property 'name' does not exist on type 'never'.
merchant-admin:typecheck: src/components/storefront/GizmoTechHome.tsx(113,31): error TS2339: Property 'id' does not exist on type 'never'.
merchant-admin:typecheck: src/components/storefront/GizmoTechHome.tsx(117,29): error TS2339: Property 'image' does not exist on type 'never'.
merchant-admin:typecheck: src/components/storefront/GizmoTechHome.tsx(119,37): error TS2339: Property 'image' does not exist on type 'never'.
merchant-admin:typecheck: src/components/storefront/GizmoTechHome.tsx(129,33): error TS2339: Property 'name' does not exist on type 'never'.
merchant-admin:typecheck: src/components/storefront/GizmoTechHome.tsx(132,35): error TS2339: Property 'price' does not exist on type 'never'.
merchant-admin:typecheck: src/components/storefront/GizmoTechHome.tsx(132,48): error TS2339: Property 'quantity' does not exist on type 'never'.
merchant-admin:typecheck: src/components/storefront/GizmoTechHome.tsx(138,64): error TS2339: Property 'id' does not exist on type 'never'.
merchant-admin:typecheck: src/components/storefront/GizmoTechHome.tsx(144,35): error TS2339: Property 'quantity' does not exist on type 'never'.
merchant-admin:typecheck: src/components/storefront/GizmoTechHome.tsx(147,64): error TS2339: Property 'id' does not exist on type 'never'.
merchant-admin:typecheck: src/components/storefront/GizmoTechHome.tsx(154,62): error TS2339: Property 'id' does not exist on type 'never'.
merchant-admin:typecheck: src/components/storefront/GizmoTechHome.tsx(208,30): error TS2339: Property 'id' does not exist on type 'never'.
merchant-admin:typecheck: src/components/storefront/GizmoTechHome.tsx(222,31): error TS2339: Property 'image' does not exist on type 'never'.
merchant-admin:typecheck: src/components/storefront/GizmoTechHome.tsx(223,102): error TS2339: Property 'name' does not exist on type 'never'.
merchant-admin:typecheck: src/components/storefront/GizmoTechHome.tsx(225,34): error TS2339: Property 'name' does not exist on type 'never'.
merchant-admin:typecheck: src/components/storefront/GizmoTechHome.tsx(230,39): error TS2339: Property 'id' does not exist on type 'never'.
merchant-admin:typecheck: src/components/storefront/GizmoTechHome.tsx(236,30): error TS2339: Property 'name' does not exist on type 'never'.
merchant-admin:typecheck: src/components/storefront/GizmoTechHome.tsx(239,36): error TS2339: Property 'category' does not exist on type 'never'.
merchant-admin:typecheck: src/components/storefront/GizmoTechHome.tsx(244,33): error TS2339: Property 'price' does not exist on type 'never'.
merchant-admin:typecheck: src/components/storefront/GourmetDiningFood.tsx(27,21): error TS2339: Property 'category' does not exist on type 'never'.
merchant-admin:typecheck: src/components/storefront/GourmetDiningFood.tsx(47,30): error TS2339: Property 'name' does not exist on type 'never'.
merchant-admin:typecheck: src/components/storefront/GourmetDiningFood.tsx(121,34): error TS2339: Property 'id' does not exist on type 'never'.
merchant-admin:typecheck: src/components/storefront/GourmetDiningFood.tsx(124,37): error TS2339: Property 'name' does not exist on type 'never'.
merchant-admin:typecheck: src/components/storefront/GourmetDiningFood.tsx(126,35): error TS2339: Property 'price' does not exist on type 'never'.
merchant-admin:typecheck: src/components/storefront/GourmetDiningFood.tsx(126,48): error TS2339: Property 'quantity' does not exist on type 'never'.
merchant-admin:typecheck: src/components/storefront/GourmetDiningFood.tsx(132,64): error TS2339: Property 'id' does not exist on type 'never'.
merchant-admin:typecheck: src/components/storefront/GourmetDiningFood.tsx(133,44): error TS2339: Property 'quantity' does not exist on type 'never'.
merchant-admin:typecheck: src/components/storefront/GourmetDiningFood.tsx(138,64): error TS2339: Property 'quantity' does not exist on type 'never'.
merchant-admin:typecheck: src/components/storefront/GourmetDiningFood.tsx(140,64): error TS2339: Property 'id' does not exist on type 'never'.
merchant-admin:typecheck: src/components/storefront/GourmetDiningFood.tsx(147,62): error TS2339: Property 'id' does not exist on type 'never'.
merchant-admin:typecheck: src/components/storefront/GourmetDiningFood.tsx(268,36): error TS2339: Property 'id' does not exist on type 'never'.
merchant-admin:typecheck: src/components/storefront/GourmetDiningFood.tsx(271,33): error TS2339: Property 'name' does not exist on type 'never'.
merchant-admin:typecheck: src/components/storefront/GourmetDiningFood.tsx(275,34): error TS2339: Property 'price' does not exist on type 'never'.
merchant-admin:typecheck: src/components/storefront/GourmetDiningFood.tsx(279,31): error TS2339: Property 'description' does not exist on type 'never'.
merchant-admin:typecheck: src/components/storefront/HomeListHome.tsx(18,32): error TS2339: Property 'name' does not exist on type 'never'.
merchant-admin:typecheck: src/components/storefront/LearnHubCourses.tsx(35,30): error TS2339: Property 'name' does not exist on type 'never'.
merchant-admin:typecheck: src/components/storefront/LearnHubCourses.tsx(108,31): error TS2339: Property 'id' does not exist on type 'never'.
merchant-admin:typecheck: src/components/storefront/LearnHubCourses.tsx(113,31): error TS2339: Property 'name' does not exist on type 'never'.
merchant-admin:typecheck: src/components/storefront/LearnHubCourses.tsx(116,33): error TS2339: Property 'price' does not exist on type 'never'.
merchant-admin:typecheck: src/components/storefront/LearnHubCourses.tsx(116,46): error TS2339: Property 'quantity' does not exist on type 'never'.
merchant-admin:typecheck: src/components/storefront/LearnHubCourses.tsx(123,58): error TS2339: Property 'id' does not exist on type 'never'.
merchant-admin:typecheck: src/components/storefront/LearnHubCourses.tsx(219,29): error TS2339: Property 'id' does not exist on type 'never'.
merchant-admin:typecheck: src/components/storefront/LearnHubCourses.tsx(226,30): error TS2339: Property 'image' does not exist on type 'never'.
merchant-admin:typecheck: src/components/storefront/LearnHubCourses.tsx(241,29): error TS2339: Property 'name' does not exist on type 'never'.
merchant-admin:typecheck: src/components/storefront/LearnHubCourses.tsx(252,29): error TS2339: Property 'description' does not exist on type 'never'.
merchant-admin:typecheck: src/components/storefront/LearnHubCourses.tsx(257,32): error TS2339: Property 'price' does not exist on type 'never'.
merchant-admin:typecheck: src/components/storefront/OneProductHome.tsx(18,32): error TS2339: Property 'name' does not exist on type 'never'.
merchant-admin:typecheck: src/components/storefront/ProConsultBooking.tsx(44,30): error TS2339: Property 'name' does not exist on type 'never'.
merchant-admin:typecheck: src/components/storefront/ProConsultBooking.tsx(118,31): error TS2339: Property 'id' does not exist on type 'never'.
merchant-admin:typecheck: src/components/storefront/ProConsultBooking.tsx(123,31): error TS2339: Property 'name' does not exist on type 'never'.
merchant-admin:typecheck: src/components/storefront/ProConsultBooking.tsx(126,33): error TS2339: Property 'price' does not exist on type 'never'.
merchant-admin:typecheck: src/components/storefront/ProConsultBooking.tsx(126,46): error TS2339: Property 'quantity' does not exist on type 'never'.
merchant-admin:typecheck: src/components/storefront/ProConsultBooking.tsx(137,64): error TS2339: Property 'id' does not exist on type 'never'.
merchant-admin:typecheck: src/components/storefront/ProConsultBooking.tsx(142,64): error TS2339: Property 'quantity' does not exist on type 'never'.
merchant-admin:typecheck: src/components/storefront/ProConsultBooking.tsx(144,64): error TS2339: Property 'id' does not exist on type 'never'.
merchant-admin:typecheck: src/components/storefront/ProConsultBooking.tsx(151,62): error TS2339: Property 'id' does not exist on type 'never'.
merchant-admin:typecheck: src/components/storefront/ProConsultBooking.tsx(257,29): error TS2339: Property 'id' does not exist on type 'never'.
merchant-admin:typecheck: src/components/storefront/ProConsultBooking.tsx(266,34): error TS2339: Property 'image' does not exist on type 'never'.
merchant-admin:typecheck: src/components/storefront/ProConsultBooking.tsx(267,78): error TS2339: Property 'name' does not exist on type 'never'.
merchant-admin:typecheck: src/components/storefront/ProConsultBooking.tsx(279,29): error TS2339: Property 'name' does not exist on type 'never'.
merchant-admin:typecheck: src/components/storefront/ProConsultBooking.tsx(282,29): error TS2339: Property 'description' does not exist on type 'never'.
merchant-admin:typecheck: src/components/storefront/ProConsultBooking.tsx(301,34): error TS2339: Property 'price' does not exist on type 'never'.
merchant-admin:typecheck: src/components/storefront/QuickBitesFood.tsx(51,50): error TS2339: Property 'category' does not exist on type 'never'.
merchant-admin:typecheck: src/components/storefront/QuickBitesFood.tsx(58,37): error TS2339: Property 'category' does not exist on type 'never'.
merchant-admin:typecheck: src/components/storefront/QuickBitesFood.tsx(61,30): error TS2339: Property 'name' does not exist on type 'never'.
merchant-admin:typecheck: src/components/storefront/QuickBitesFood.tsx(176,26): error TS2339: Property 'id' does not exist on type 'never'.
merchant-admin:typecheck: src/components/storefront/QuickBitesFood.tsx(183,27): error TS2339: Property 'image' does not exist on type 'never'.
merchant-admin:typecheck: src/components/storefront/QuickBitesFood.tsx(184,71): error TS2339: Property 'name' does not exist on type 'never'.
merchant-admin:typecheck: src/components/storefront/QuickBitesFood.tsx(186,30): error TS2339: Property 'name' does not exist on type 'never'.
merchant-admin:typecheck: src/components/storefront/QuickBitesFood.tsx(194,64): error TS2339: Property 'name' does not exist on type 'never'.
merchant-admin:typecheck: src/components/storefront/QuickBitesFood.tsx(196,27): error TS2339: Property 'price' does not exist on type 'never'.
merchant-admin:typecheck: src/components/storefront/QuickBitesFood.tsx(200,24): error TS2339: Property 'description' does not exist on type 'never'.
merchant-admin:typecheck: src/components/storefront/QuickBitesFood.tsx(231,32): error TS2339: Property 'id' does not exist on type 'never'.
merchant-admin:typecheck: src/components/storefront/QuickBitesFood.tsx(233,27): error TS2339: Property 'image' does not exist on type 'never'.
merchant-admin:typecheck: src/components/storefront/QuickBitesFood.tsx(235,35): error TS2339: Property 'image' does not exist on type 'never'.
merchant-admin:typecheck: src/components/storefront/QuickBitesFood.tsx(236,35): error TS2339: Property 'name' does not exist on type 'never'.
merchant-admin:typecheck: src/components/storefront/QuickBitesFood.tsx(243,29): error TS2339: Property 'name' does not exist on type 'never'.
merchant-admin:typecheck: src/components/storefront/QuickBitesFood.tsx(246,31): error TS2339: Property 'price' does not exist on type 'never'.
merchant-admin:typecheck: src/components/storefront/QuickBitesFood.tsx(246,44): error TS2339: Property 'quantity' does not exist on type 'never'.
merchant-admin:typecheck: src/components/storefront/QuickBitesFood.tsx(251,58): error TS2339: Property 'id' does not exist on type 'never'.
merchant-admin:typecheck: src/components/storefront/QuickBitesFood.tsx(257,29): error TS2339: Property 'quantity' does not exist on type 'never'.
merchant-admin:typecheck: src/components/storefront/QuickBitesFood.tsx(260,58): error TS2339: Property 'id' does not exist on type 'never'.
merchant-admin:typecheck: src/components/storefront/SkillAcademyCourses.tsx(35,30): error TS2339: Property 'name' does not exist on type 'never'.
merchant-admin:typecheck: src/components/storefront/SkillAcademyCourses.tsx(114,31): error TS2339: Property 'id' does not exist on type 'never'.
merchant-admin:typecheck: src/components/storefront/SkillAcademyCourses.tsx(118,29): error TS2339: Property 'image' does not exist on type 'never'.
merchant-admin:typecheck: src/components/storefront/SkillAcademyCourses.tsx(120,37): error TS2339: Property 'image' does not exist on type 'never'.
merchant-admin:typecheck: src/components/storefront/SkillAcademyCourses.tsx(127,31): error TS2339: Property 'name' does not exist on type 'never'.
merchant-admin:typecheck: src/components/storefront/SkillAcademyCourses.tsx(134,34): error TS2339: Property 'price' does not exist on type 'never'.
merchant-admin:typecheck: src/components/storefront/SkillAcademyCourses.tsx(137,62): error TS2339: Property 'id' does not exist on type 'never'.
merchant-admin:typecheck: src/components/storefront/SkillAcademyCourses.tsx(235,29): error TS2339: Property 'id' does not exist on type 'never'.
merchant-admin:typecheck: src/components/storefront/SkillAcademyCourses.tsx(242,30): error TS2339: Property 'image' does not exist on type 'never'.
merchant-admin:typecheck: src/components/storefront/SkillAcademyCourses.tsx(243,93): error TS2339: Property 'name' does not exist on type 'never'.
merchant-admin:typecheck: src/components/storefront/SkillAcademyCourses.tsx(251,29): error TS2339: Property 'name' does not exist on type 'never'.
merchant-admin:typecheck: src/components/storefront/SkillAcademyCourses.tsx(266,32): error TS2339: Property 'price' does not exist on type 'never'.
merchant-admin:typecheck: src/components/storefront/SliceLifePizza.tsx(10,37): error TS2554: Expected 2 arguments, but got 1.
merchant-admin:typecheck: src/components/storefront/SliceLifePizza.tsx(27,33): error TS2339: Property 'name' does not exist on type 'never'.
merchant-admin:typecheck: src/components/storefront/SliceLifePizza.tsx(35,32): error TS2339: Property 'name' does not exist on type 'never'.
merchant-admin:typecheck: src/components/storefront/SliceLifePizza.tsx(161,104): error TS2339: Property 'name' does not exist on type 'never'.
merchant-admin:typecheck: src/components/storefront/SliceLifePizza.tsx(166,66): error TS2339: Property 'name' does not exist on type 'never'.
merchant-admin:typecheck: src/components/storefront/StandardDigitalHome.tsx(25,32): error TS2339: Property 'name' does not exist on type 'never'.
merchant-admin:typecheck: src/components/storefront/StandardDigitalHome.tsx(65,47): error TS2339: Property 'id' does not exist on type 'never'.
merchant-admin:typecheck: src/components/storefront/StandardDigitalHome.tsx(71,55): error TS2339: Property 'image' does not exist on type 'never'.
merchant-admin:typecheck: src/components/storefront/StandardDigitalHome.tsx(74,81): error TS2339: Property 'name' does not exist on type 'never'.
merchant-admin:typecheck: src/components/storefront/StandardDigitalHome.tsx(76,91): error TS2339: Property 'price' does not exist on type 'never'.
merchant-admin:typecheck: src/components/storefront/StandardDigitalHome.tsx(127,48): error TS2339: Property 'id' does not exist on type 'never'.
merchant-admin:typecheck: src/components/storefront/StandardDigitalHome.tsx(129,74): error TS2339: Property 'name' does not exist on type 'never'.
merchant-admin:typecheck: src/components/storefront/StandardDigitalHome.tsx(133,54): error TS2339: Property 'price' does not exist on type 'never'.
merchant-admin:typecheck: src/components/storefront/StandardDigitalHome.tsx(134,84): error TS2339: Property 'id' does not exist on type 'never'.
merchant-admin:typecheck: src/components/storefront/StandardEventsHome.tsx(25,32): error TS2339: Property 'name' does not exist on type 'never'.
merchant-admin:typecheck: src/components/storefront/StandardEventsHome.tsx(57,52): error TS2339: Property 'id' does not exist on type 'never'.
merchant-admin:typecheck: src/components/storefront/StandardEventsHome.tsx(58,79): error TS2339: Property 'name' does not exist on type 'never'.
merchant-admin:typecheck: src/components/storefront/StandardEventsHome.tsx(59,84): error TS2339: Property 'id' does not exist on type 'never'.
merchant-admin:typecheck: src/components/storefront/StandardEventsHome.tsx(88,45): error TS2339: Property 'id' does not exist on type 'never'.
merchant-admin:typecheck: src/components/storefront/StandardEventsHome.tsx(90,53): error TS2339: Property 'image' does not exist on type 'never'.
merchant-admin:typecheck: src/components/storefront/StandardEventsHome.tsx(90,112): error TS2339: Property 'name' does not exist on type 'never'.
merchant-admin:typecheck: src/components/storefront/StandardEventsHome.tsx(100,99): error TS2339: Property 'name' does not exist on type 'never'.
merchant-admin:typecheck: src/components/storefront/StandardEventsHome.tsx(109,103): error TS2339: Property 'price' does not exist on type 'never'.
merchant-admin:typecheck: src/components/storefront/StandardFoodHome.tsx(25,32): error TS2339: Property 'name' does not exist on type 'never'.
merchant-admin:typecheck: src/components/storefront/StandardFoodHome.tsx(87,44): error TS2339: Property 'id' does not exist on type 'never'.
merchant-admin:typecheck: src/components/storefront/StandardFoodHome.tsx(89,52): error TS2339: Property 'image' does not exist on type 'never'.
merchant-admin:typecheck: src/components/storefront/StandardFoodHome.tsx(96,101): error TS2339: Property 'name' does not exist on type 'never'.
merchant-admin:typecheck: src/components/storefront/StandardFoodHome.tsx(97,84): error TS2339: Property 'price' does not exist on type 'never'.
merchant-admin:typecheck: src/components/storefront/StandardFoodHome.tsx(99,112): error TS2339: Property 'description' does not exist on type 'never'.
merchant-admin:typecheck: src/components/storefront/StandardFoodHome.tsx(120,48): error TS2339: Property 'id' does not exist on type 'never'.
merchant-admin:typecheck: src/components/storefront/StandardFoodHome.tsx(122,47): error TS2339: Property 'image' does not exist on type 'never'.
merchant-admin:typecheck: src/components/storefront/StandardFoodHome.tsx(122,71): error TS2339: Property 'image' does not exist on type 'never'.
merchant-admin:typecheck: src/components/storefront/StandardFoodHome.tsx(126,57): error TS2339: Property 'name' does not exist on type 'never'.
merchant-admin:typecheck: src/components/storefront/StandardFoodHome.tsx(127,59): error TS2339: Property 'price' does not exist on type 'never'.
merchant-admin:typecheck: src/components/storefront/StandardFoodHome.tsx(127,72): error TS2339: Property 'quantity' does not exist on type 'never'.
merchant-admin:typecheck: src/components/storefront/StandardFoodHome.tsx(130,88): error TS2339: Property 'id' does not exist on type 'never'.
merchant-admin:typecheck: src/components/storefront/StandardFoodHome.tsx(131,87): error TS2339: Property 'quantity' does not exist on type 'never'.
merchant-admin:typecheck: src/components/storefront/StandardFoodHome.tsx(132,88): error TS2339: Property 'id' does not exist on type 'never'.
merchant-admin:typecheck: src/components/storefront/StandardRetailHome.tsx(28,30): error TS2339: Property 'name' does not exist on type 'never'.
merchant-admin:typecheck: src/components/storefront/StandardRetailHome.tsx(111,33): error TS2339: Property 'id' does not exist on type 'never'.
merchant-admin:typecheck: src/components/storefront/StandardRetailHome.tsx(114,34): error TS2339: Property 'image' does not exist on type 'never'.
merchant-admin:typecheck: src/components/storefront/StandardRetailHome.tsx(114,91): error TS2339: Property 'name' does not exist on type 'never'.
merchant-admin:typecheck: src/components/storefront/StandardRetailHome.tsx(115,34): error TS2339: Property 'name' does not exist on type 'never'.
merchant-admin:typecheck: src/components/storefront/StandardRetailHome.tsx(125,68): error TS2339: Property 'name' does not exist on type 'never'.
merchant-admin:typecheck: src/components/storefront/StandardRetailHome.tsx(126,69): error TS2339: Property 'price' does not exist on type 'never'.
merchant-admin:typecheck: src/components/storefront/StandardRetailHome.tsx(144,32): error TS2339: Property 'id' does not exist on type 'never'.
merchant-admin:typecheck: src/components/storefront/StandardRetailHome.tsx(146,27): error TS2339: Property 'image' does not exist on type 'never'.
merchant-admin:typecheck: src/components/storefront/StandardRetailHome.tsx(146,51): error TS2339: Property 'image' does not exist on type 'never'.
merchant-admin:typecheck: src/components/storefront/StandardRetailHome.tsx(146,68): error TS2339: Property 'name' does not exist on type 'never'.
merchant-admin:typecheck: src/components/storefront/StandardRetailHome.tsx(150,35): error TS2339: Property 'name' does not exist on type 'never'.
merchant-admin:typecheck: src/components/storefront/StandardRetailHome.tsx(151,37): error TS2339: Property 'price' does not exist on type 'never'.
merchant-admin:typecheck: src/components/storefront/StandardRetailHome.tsx(151,50): error TS2339: Property 'quantity' does not exist on type 'never'.
merchant-admin:typecheck: src/components/storefront/StandardRetailHome.tsx(154,66): error TS2339: Property 'id' does not exist on type 'never'.
merchant-admin:typecheck: src/components/storefront/StandardRetailHome.tsx(155,55): error TS2339: Property 'quantity' does not exist on type 'never'.
merchant-admin:typecheck: src/components/storefront/StandardRetailHome.tsx(156,66): error TS2339: Property 'id' does not exist on type 'never'.
merchant-admin:typecheck: src/components/storefront/StandardRetailHome.tsx(157,66): error TS2339: Property 'id' does not exist on type 'never'.
merchant-admin:typecheck: src/components/storefront/StandardServiceHome.tsx(31,32): error TS2339: Property 'name' does not exist on type 'never'.
merchant-admin:typecheck: src/components/storefront/StandardServiceHome.tsx(97,37): error TS2339: Property 'id' does not exist on type 'never'.
merchant-admin:typecheck: src/components/storefront/StandardServiceHome.tsx(168,55): error TS2339: Property 'id' does not exist on type 'never'.
merchant-admin:typecheck: src/components/storefront/StandardServiceHome.tsx(171,62): error TS2339: Property 'image' does not exist on type 'never'.
merchant-admin:typecheck: src/components/storefront/StandardServiceHome.tsx(171,119): error TS2339: Property 'name' does not exist on type 'never'.
merchant-admin:typecheck: src/components/storefront/StandardServiceHome.tsx(173,62): error TS2339: Property 'name' does not exist on type 'never'.
merchant-admin:typecheck: src/components/storefront/StandardServiceHome.tsx(177,103): error TS2339: Property 'name' does not exist on type 'never'.
merchant-admin:typecheck: src/components/storefront/StandardServiceHome.tsx(178,110): error TS2339: Property 'description' does not exist on type 'never'.
merchant-admin:typecheck: src/components/storefront/StandardServiceHome.tsx(185,105): error TS2339: Property 'price' does not exist on type 'never'.
merchant-admin:typecheck: src/components/storefront/StandardServiceHome.tsx(224,56): error TS2339: Property 'id' does not exist on type 'never'.
merchant-admin:typecheck: src/components/storefront/StandardServiceHome.tsx(226,99): error TS2339: Property 'name' does not exist on type 'never'.
merchant-admin:typecheck: src/components/storefront/StandardServiceHome.tsx(227,92): error TS2339: Property 'id' does not exist on type 'never'.
merchant-admin:typecheck: src/components/storefront/StandardServiceHome.tsx(229,84): error TS2339: Property 'quantity' does not exist on type 'never'.
merchant-admin:typecheck: src/components/storefront/WellnessBooking.tsx(35,30): error TS2339: Property 'name' does not exist on type 'never'.
merchant-admin:typecheck: src/components/storefront/WellnessBooking.tsx(100,31): error TS2339: Property 'id' does not exist on type 'never'.
merchant-admin:typecheck: src/components/storefront/WellnessBooking.tsx(104,35): error TS2339: Property 'name' does not exist on type 'never'.
merchant-admin:typecheck: src/components/storefront/WellnessBooking.tsx(106,33): error TS2339: Property 'price' does not exist on type 'never'.
merchant-admin:typecheck: src/components/storefront/WellnessBooking.tsx(106,46): error TS2339: Property 'quantity' does not exist on type 'never'.
merchant-admin:typecheck: src/components/storefront/WellnessBooking.tsx(112,62): error TS2339: Property 'id' does not exist on type 'never'.
merchant-admin:typecheck: src/components/storefront/WellnessBooking.tsx(117,37): error TS2339: Property 'quantity' does not exist on type 'never'.
merchant-admin:typecheck: src/components/storefront/WellnessBooking.tsx(119,62): error TS2339: Property 'id' does not exist on type 'never'.
merchant-admin:typecheck: src/components/storefront/WellnessBooking.tsx(126,60): error TS2339: Property 'id' does not exist on type 'never'.
merchant-admin:typecheck: src/components/storefront/WellnessBooking.tsx(197,30): error TS2339: Property 'id' does not exist on type 'never'.
merchant-admin:typecheck: src/components/storefront/WellnessBooking.tsx(203,31): error TS2339: Property 'image' does not exist on type 'never'.
merchant-admin:typecheck: src/components/storefront/WellnessBooking.tsx(204,94): error TS2339: Property 'name' does not exist on type 'never'.
merchant-admin:typecheck: src/components/storefront/WellnessBooking.tsx(214,30): error TS2339: Property 'name' does not exist on type 'never'.
merchant-admin:typecheck: src/components/storefront/WellnessBooking.tsx(217,30): error TS2339: Property 'description' does not exist on type 'never'.
merchant-admin:typecheck: src/components/storefront/WellnessBooking.tsx(221,33): error TS2339: Property 'price' does not exist on type 'never'.
merchant-admin:typecheck: src/components/templates/storefront/FoodTemplate.tsx(5,10): error TS2305: Module '"@/types/storefront"' has no exported member 'StorefrontConfig'.
merchant-admin:typecheck: src/components/templates/storefront/FoodTemplate.tsx(5,28): error TS2305: Module '"@/types/storefront"' has no exported member 'StorefrontProduct'.
merchant-admin:typecheck: src/components/templates/storefront/FoodTemplate.tsx(444,34): error TS18046: 'vals' is of type 'unknown'.
merchant-admin:typecheck: src/components/templates/storefront/RetailTemplate.tsx(5,10): error TS2305: Module '"@/types/storefront"' has no exported member 'StorefrontConfig'.
merchant-admin:typecheck: src/components/templates/storefront/RetailTemplate.tsx(5,28): error TS2305: Module '"@/types/storefront"' has no exported member 'StorefrontProduct'.
merchant-admin:typecheck: src/components/templates/storefront/ServiceTemplate.tsx(5,10): error TS2305: Module '"@/types/storefront"' has no exported member 'StorefrontConfig'.
merchant-admin:typecheck: src/components/templates/storefront/ServiceTemplate.tsx(5,28): error TS2305: Module '"@/types/storefront"' has no exported member 'StorefrontProduct'.
merchant-admin:typecheck: src/components/templates/storefront/StorefrontContext.tsx(4,10): error TS2305: Module '"@/types/storefront"' has no exported member 'StorefrontProduct'.
merchant-admin:typecheck: src/components/templates/storefront/StorefrontContext.tsx(125,13): error TS18046: 'selectedOptions' is of type 'unknown'.
merchant-admin:typecheck: src/components/templates/TemplatePreviewModal.tsx(5,10): error TS2724: '"@/lib/templates"' has no exported member named 'Template'. Did you mean 'TEMPLATES'?
merchant-admin:typecheck: src/components/templates/TemplatePreviewModal.tsx(5,20): error TS2305: Module '"@/lib/templates"' has no exported member 'PlanTier'.
merchant-admin:typecheck: src/components/ui/ResponsiveTable.tsx(79,41): error TS2322: Type 'unknown' is not assignable to type 'ReactNode'.
merchant-admin:typecheck: src/components/ui/ResponsiveTable.tsx(107,41): error TS2322: Type 'unknown' is not assignable to type 'ReactNode'.
merchant-admin:typecheck: src/components/ui/switch.ts(3,26): error TS7031: Binding element 'checked' implicitly has an 'any' type.
merchant-admin:typecheck: src/components/ui/switch.ts(3,35): error TS7031: Binding element 'onCheckedChange' implicitly has an 'any' type.
merchant-admin:typecheck: src/components/ui/switch.ts(3,52): error TS7031: Binding element 'className' implicitly has an 'any' type.
merchant-admin:typecheck: src/components/ui/switch.ts(3,63): error TS7031: Binding element 'disabled' implicitly has an 'any' type.
merchant-admin:typecheck: src/components/utils.ts(3,20): error TS7019: Rest parameter 'inputs' implicitly has an 'any[]' type.
merchant-admin:typecheck: src/components/wa-agent/WaInbox.tsx(4,10): error TS2305: Module '"@/services/wa-agent"' has no exported member 'WaThread'.
merchant-admin:typecheck: src/components/wa-agent/WaInbox.tsx(4,20): error TS2305: Module '"@/services/wa-agent"' has no exported member 'WaMessage'.
merchant-admin:typecheck: src/components/whatsapp/ChatWindowContainer.tsx(14,64): error TS2304: Cannot find name 'conversationId'.
merchant-admin:typecheck: src/components/whatsapp/ChatWindowContainer.tsx(18,10): error TS2304: Cannot find name 'conversationId'.
merchant-admin:typecheck: src/components/whatsapp/ChatWindowContainer.tsx(21,52): error TS2304: Cannot find name 'conversationId'.
merchant-admin:typecheck: src/components/whatsapp/ChatWindowContainer.tsx(30,7): error TS2304: Cannot find name 'conversationId'.
merchant-admin:typecheck: src/components/whatsapp/ChatWindowContainer.tsx(37,7): error TS18004: No value exists in scope for the shorthand property 'conversationId'. Either declare one or provide an initializer.
merchant-admin:typecheck: src/components/whatsapp/ChatWindowContainer.tsx(49,32): error TS18004: No value exists in scope for the shorthand property 'conversationId'. Either declare one or provide an initializer.
merchant-admin:typecheck: src/components/whatsapp/settings/SafetyFilters.tsx(34,27): error TS2304: Cannot find name 'settings'.
merchant-admin:typecheck: src/components/whatsapp/settings/SafetyFilters.tsx(35,27): error TS2304: Cannot find name 'settings'.
merchant-admin:typecheck: src/components/whatsapp/settings/SafetyFilters.tsx(36,31): error TS2304: Cannot find name 'settings'.
merchant-admin:typecheck: src/components/whatsapp/settings/SafetyFilters.tsx(37,26): error TS2304: Cannot find name 'settings'.
merchant-admin:typecheck: src/components/whatsapp/settings/SafetyFilters.tsx(38,27): error TS2304: Cannot find name 'settings'.
merchant-admin:typecheck: src/components/whatsapp/settings/SafetyFilters.tsx(39,24): error TS2304: Cannot find name 'settings'.
merchant-admin:typecheck: src/components/whatsapp/settings/SafetyFilters.tsx(40,34): error TS2304: Cannot find name 'settings'.
merchant-admin:typecheck: src/components/whatsapp/settings/TemplateManager.tsx(199,26): error TS2304: Cannot find name 'templates'.
merchant-admin:typecheck: src/components/whatsapp/settings/TemplateManager.tsx(213,28): error TS2304: Cannot find name 'templates'.
merchant-admin:typecheck: src/components/whatsapp/settings/TemplateManager.tsx(213,41): error TS2304: Cannot find name 'templates'.
merchant-admin:typecheck: src/config/sidebar.ts(38,31): error TS2339: Property 'label' does not exist on type '{ label: string; href: string; icon: string; } | { name: string; href: string; icon: string; }'.
merchant-admin:typecheck:   Property 'label' does not exist on type '{ name: string; href: string; icon: string; }'.
merchant-admin:typecheck: src/config/sidebar.ts(38,42): error TS2339: Property 'name' does not exist on type '{ label: string; href: string; icon: string; } | { name: string; href: string; icon: string; }'.
merchant-admin:typecheck:   Property 'name' does not exist on type '{ label: string; href: string; icon: string; }'.
merchant-admin:typecheck: src/config/sidebar.ts(54,20): error TS7053: Element implicitly has an 'any' type because expression of type 'any' can't be used to index type 'Record<IndustrySlug, IndustryConfig>'.
merchant-admin:typecheck: src/context/AuthContext.tsx(34,29): error TS2345: Argument of type 'MerchantContext | null' is not assignable to parameter of type 'SetStateAction<ExtendedMerchant | null>'.
merchant-admin:typecheck:   Type 'MerchantContext' is not assignable to type 'SetStateAction<ExtendedMerchant | null>'.
merchant-admin:typecheck:     Type 'MerchantContext' is not assignable to type 'ExtendedMerchant'.
merchant-admin:typecheck:       Types of property 'industrySlug' are incompatible.
merchant-admin:typecheck:         Type 'string' is not assignable to type 'IndustrySlug | undefined'.
merchant-admin:typecheck: src/context/AuthContext.tsx(52,21): error TS2345: Argument of type 'MerchantContext | null' is not assignable to parameter of type 'SetStateAction<ExtendedMerchant | null>'.
merchant-admin:typecheck:   Type 'MerchantContext' is not assignable to type 'SetStateAction<ExtendedMerchant | null>'.
merchant-admin:typecheck:     Type 'MerchantContext' is not assignable to type 'ExtendedMerchant'.
merchant-admin:typecheck:       Types of property 'industrySlug' are incompatible.
merchant-admin:typecheck:         Type 'string' is not assignable to type 'IndustrySlug | undefined'.
merchant-admin:typecheck: src/context/KitchenContext.tsx(4,10): error TS2305: Module '"@/types/kds"' has no exported member 'KitchenOrder'.
merchant-admin:typecheck: src/context/KitchenContext.tsx(4,24): error TS2305: Module '"@/types/kds"' has no exported member 'KitchenMetrics'.
merchant-admin:typecheck: src/context/KitchenContext.tsx(4,40): error TS2305: Module '"@/types/kds"' has no exported member 'OrderStatus'.
merchant-admin:typecheck: src/context/OnboardingContext.tsx(5,27): error TS2724: '"@/types/onboarding"' has no exported member named 'OnboardingStepId'. Did you mean 'OnboardingState'?
merchant-admin:typecheck: src/context/OnboardingContext.tsx(40,9): error TS2353: Object literal may only specify known properties, and 'isComplete' does not exist in type 'OnboardingState | ((prevState: OnboardingState | null) => OnboardingState | null)'.
merchant-admin:typecheck: src/context/OnboardingContext.tsx(56,50): error TS2551: Property 'currentStep' does not exist on type 'OnboardingState'. Did you mean 'currentStepKey'?
merchant-admin:typecheck: src/context/OnboardingContext.tsx(64,25): error TS2561: Object literal may only specify known properties, but 'currentStep' does not exist in type 'Partial<OnboardingState>'. Did you mean to write 'currentStepKey'?
merchant-admin:typecheck: src/context/OnboardingContext.tsx(82,48): error TS2551: Property 'currentStep' does not exist on type 'OnboardingState'. Did you mean 'currentStepKey'?
merchant-admin:typecheck: src/context/OnboardingContext.tsx(111,26): error TS2339: Property 'intent' does not exist on type 'OnboardingState'.
merchant-admin:typecheck: src/context/OnboardingContext.tsx(111,51): error TS2339: Property 'industrySlug' does not exist on type 'OnboardingState'.
merchant-admin:typecheck: src/context/OnboardingContext.tsx(125,24): error TS2353: Object literal may only specify known properties, and 'industrySlug' does not exist in type 'OnboardingState'.
merchant-admin:typecheck: src/context/OnboardingContext.tsx(146,5): error TS2353: Object literal may only specify known properties, and 'industrySlug' does not exist in type 'OnboardingState'.
merchant-admin:typecheck: src/context/WalletContext.tsx(5,25): error TS2305: Module '"@/services/wallet"' has no exported member 'WalletSummary'.
merchant-admin:typecheck: src/context/WalletContext.tsx(5,40): error TS2305: Module '"@/services/wallet"' has no exported member 'Transaction'.
merchant-admin:typecheck: src/hooks/storefront/useStorefrontCart.ts(44,24): error TS7006: Parameter 'product' implicitly has an 'any' type.
merchant-admin:typecheck: src/hooks/useEducation.ts(33,45): error TS2353: Object literal may only specify known properties, and 'reason' does not exist in type 'SetStateAction<{ shouldShow: boolean; }>'.
merchant-admin:typecheck: src/hooks/useEducation.ts(37,45): error TS2353: Object literal may only specify known properties, and 'reason' does not exist in type 'SetStateAction<{ shouldShow: boolean; }>'.
merchant-admin:typecheck: src/hooks/useEducation.ts(41,45): error TS2353: Object literal may only specify known properties, and 'reason' does not exist in type 'SetStateAction<{ shouldShow: boolean; }>'.
merchant-admin:typecheck: src/hooks/useUserPlan.ts(17,26): error TS2345: Argument of type 'unknown' is not assignable to parameter of type 'SetStateAction<null>'.
merchant-admin:typecheck: src/hooks/useUserPlan.ts(26,21): error TS2339: Property 'plan' does not exist on type 'never'.
merchant-admin:typecheck: src/lib/ai/ai-cost.service.ts(7,38): error TS7006: Parameter 'params' implicitly has an 'any' type.
merchant-admin:typecheck: src/lib/ai/ai-cost.service.ts(28,38): error TS7006: Parameter 'storeId' implicitly has an 'any' type.
merchant-admin:typecheck: src/lib/ai/ai-cost.service.ts(28,47): error TS7006: Parameter 'costKobo' implicitly has an 'any' type.
merchant-admin:typecheck: src/lib/ai/ai-cost.service.ts(53,36): error TS7006: Parameter 'storeId' implicitly has an 'any' type.
merchant-admin:typecheck: src/lib/ai/ai-usage.service.ts(10,27): error TS7006: Parameter 'params' implicitly has an 'any' type.
merchant-admin:typecheck: src/lib/ai/ai-usage.service.ts(62,30): error TS7006: Parameter 'storeId' implicitly has an 'any' type.
merchant-admin:typecheck: src/lib/ai/ai-usage.service.ts(131,32): error TS7006: Parameter 'storeId' implicitly has an 'any' type.
merchant-admin:typecheck: src/lib/ai/aiService.ts(13,23): error TS7006: Parameter 'messages' implicitly has an 'any' type.
merchant-admin:typecheck: src/lib/ai/aiService.ts(13,33): error TS7006: Parameter 'context' implicitly has an 'any' type.
merchant-admin:typecheck: src/lib/ai/aiService.ts(48,30): error TS7006: Parameter 'context' implicitly has an 'any' type.
merchant-admin:typecheck: src/lib/ai/aiService.ts(82,25): error TS7006: Parameter 'message' implicitly has an 'any' type.
merchant-admin:typecheck: src/lib/ai/aiService.ts(113,32): error TS7006: Parameter 'intent' implicitly has an 'any' type.
merchant-admin:typecheck: src/lib/ai/aiService.ts(138,38): error TS7006: Parameter 'orderDetails' implicitly has an 'any' type.
merchant-admin:typecheck: src/lib/ai/conversion.service.ts(7,30): error TS7006: Parameter 'text' implicitly has an 'any' type.
merchant-admin:typecheck: src/lib/ai/conversion.service.ts(26,35): error TS7006: Parameter 'params' implicitly has an 'any' type.
merchant-admin:typecheck: src/lib/ai/conversion.service.ts(50,32): error TS7006: Parameter 'data' implicitly has an 'any' type.
merchant-admin:typecheck: src/lib/ai/conversion.service.ts(69,35): error TS7006: Parameter 'data' implicitly has an 'any' type.
merchant-admin:typecheck: src/lib/ai/groq-client.ts(12,14): error TS2339: Property 'context' does not exist on type 'GroqClient'.
merchant-admin:typecheck: src/lib/ai/groq-client.ts(19,14): error TS2339: Property 'client' does not exist on type 'GroqClient'.
merchant-admin:typecheck: src/lib/ai/groq-client.ts(27,19): error TS7006: Parameter 'text' implicitly has an 'any' type.
merchant-admin:typecheck: src/lib/ai/groq-client.ts(36,26): error TS7006: Parameter 'messages' implicitly has an 'any' type.
merchant-admin:typecheck: src/lib/ai/groq-client.ts(37,19): error TS2339: Property 'client' does not exist on type 'GroqClient'.
merchant-admin:typecheck: src/lib/ai/groq-client.ts(37,41): error TS2339: Property 'client' does not exist on type 'GroqClient'.
merchant-admin:typecheck: src/lib/ai/groq-client.ts(50,41): error TS2339: Property 'client' does not exist on type 'GroqClient'.
merchant-admin:typecheck: src/lib/ai/groq-client.ts(52,32): error TS2339: Property 'model' does not exist on type '{}'.
merchant-admin:typecheck: src/lib/ai/groq-client.ts(53,38): error TS2339: Property 'temperature' does not exist on type '{}'.
merchant-admin:typecheck: src/lib/ai/groq-client.ts(54,37): error TS2339: Property 'maxTokens' does not exist on type '{}'.
merchant-admin:typecheck: src/lib/ai/groq-client.ts(55,42): error TS2339: Property 'jsonMode' does not exist on type '{}'.
merchant-admin:typecheck: src/lib/ai/groq-client.ts(56,32): error TS2339: Property 'tools' does not exist on type '{}'.
merchant-admin:typecheck: src/lib/ai/groq-client.ts(57,38): error TS2339: Property 'tool_choice' does not exist on type '{}'.
merchant-admin:typecheck: src/lib/ai/groq-client.ts(61,25): error TS2339: Property 'storeId' does not exist on type '{}'.
merchant-admin:typecheck: src/lib/ai/groq-client.ts(64,42): error TS2339: Property 'storeId' does not exist on type '{}'.
merchant-admin:typecheck: src/lib/ai/groq-client.ts(69,44): error TS2339: Property 'requestId' does not exist on type '{}'.
merchant-admin:typecheck: src/lib/ai/groq-client.ts(71,39): error TS2339: Property 'context' does not exist on type 'GroqClient'.
merchant-admin:typecheck: src/lib/ai/marketing-ai.ts(6,30): error TS7006: Parameter 'messages' implicitly has an 'any' type.
merchant-admin:typecheck: src/lib/ai/marketing-ai.ts(10,53): error TS2339: Property 'SYSTEM_PROMPT' does not exist on type 'typeof MarketingAIService'.
merchant-admin:typecheck: src/lib/ai/marketing-ai.ts(32,20): error TS2339: Property 'SYSTEM_PROMPT' does not exist on type 'typeof MarketingAIService'.
merchant-admin:typecheck: src/lib/ai/merchant-brain.service.ts(8,34): error TS7006: Parameter 'storeId' implicitly has an 'any' type.
merchant-admin:typecheck: src/lib/ai/merchant-brain.service.ts(8,43): error TS7006: Parameter 'query' implicitly has an 'any' type.
merchant-admin:typecheck: src/lib/ai/merchant-brain.service.ts(38,37): error TS7006: Parameter 'storeId' implicitly has an 'any' type.
merchant-admin:typecheck: src/lib/ai/merchant-brain.service.ts(38,46): error TS7006: Parameter 'productId' implicitly has an 'any' type.
merchant-admin:typecheck: src/lib/ai/merchant-brain.service.ts(71,35): error TS7006: Parameter 'storeId' implicitly has an 'any' type.
merchant-admin:typecheck: src/lib/ai/merchant-brain.service.ts(71,44): error TS7006: Parameter 'location' implicitly has an 'any' type.
merchant-admin:typecheck: src/lib/ai/merchant-brain.service.ts(105,38): error TS7006: Parameter 'storeId' implicitly has an 'any' type.
merchant-admin:typecheck: src/lib/ai/merchant-brain.service.ts(135,36): error TS7006: Parameter 'storeId' implicitly has an 'any' type.
merchant-admin:typecheck: src/lib/ai/revenue.service.ts(10,40): error TS7006: Parameter 'signal' implicitly has an 'any' type.
merchant-admin:typecheck: src/lib/ai/revenue.service.ts(46,32): error TS7006: Parameter 'storeId' implicitly has an 'any' type.
merchant-admin:typecheck: src/lib/ai/revenue.service.ts(46,41): error TS7006: Parameter 'transactionId' implicitly has an 'any' type.
merchant-admin:typecheck: src/lib/ai/revenue.service.ts(69,30): error TS7006: Parameter 'storeId' implicitly has an 'any' type.
merchant-admin:typecheck: src/lib/ai/revenue.service.ts(89,31): error TS7006: Parameter 'storeId' implicitly has an 'any' type.
merchant-admin:typecheck: src/lib/ai/sales-agent.ts(19,32): error TS7006: Parameter 'storeId' implicitly has an 'any' type.
merchant-admin:typecheck: src/lib/ai/sales-agent.ts(19,41): error TS7006: Parameter 'messages' implicitly has an 'any' type.
merchant-admin:typecheck: src/lib/ai/sales-agent.ts(19,51): error TS7006: Parameter 'options' implicitly has an 'any' type.
merchant-admin:typecheck: src/lib/ai/sales-agent.ts(88,39): error TS2339: Property 'description' does not exist on type 'string | number | true | JsonObject | JsonArray'.
merchant-admin:typecheck:   Property 'description' does not exist on type 'string'.
merchant-admin:typecheck: src/lib/ai/sales-agent.ts(89,33): error TS2339: Property 'hours' does not exist on type 'string | number | true | JsonObject | JsonArray'.
merchant-admin:typecheck:   Property 'hours' does not exist on type 'string'.
merchant-admin:typecheck: src/lib/ai/sales-agent.ts(90,40): error TS2339: Property 'returnPolicy' does not exist on type 'string | number | true | JsonObject | JsonArray'.
merchant-admin:typecheck:   Property 'returnPolicy' does not exist on type 'string'.
merchant-admin:typecheck: src/lib/ai/sales-agent.ts(91,33): error TS2339: Property 'supportPhone' does not exist on type 'string | number | true | JsonObject | JsonArray'.
merchant-admin:typecheck:   Property 'supportPhone' does not exist on type 'string'.
merchant-admin:typecheck: src/lib/ai/sales-agent.ts(132,33): error TS7006: Parameter 'm' implicitly has an 'any' type.
merchant-admin:typecheck: src/lib/ai/sales-agent.ts(224,37): error TS2339: Property 'supportPhone' does not exist on type 'string | number | true | JsonObject | JsonArray'.
merchant-admin:typecheck:   Property 'supportPhone' does not exist on type 'string'.
merchant-admin:typecheck: src/lib/ai/sales-agent.ts(255,28): error TS7006: Parameter 'storeName' implicitly has an 'any' type.
merchant-admin:typecheck: src/lib/ai/sales-agent.ts(255,39): error TS7006: Parameter 'category' implicitly has an 'any' type.
merchant-admin:typecheck: src/lib/ai/sales-agent.ts(255,49): error TS7006: Parameter 'profile' implicitly has an 'any' type.
merchant-admin:typecheck: src/lib/ai/sales-agent.ts(255,58): error TS7006: Parameter 'context' implicitly has an 'any' type.
merchant-admin:typecheck: src/lib/ai/sales-agent.ts(255,67): error TS7006: Parameter 'storeMetadata' implicitly has an 'any' type.
merchant-admin:typecheck: src/lib/ai/sales-agent.ts(286,36): error TS7006: Parameter 'text' implicitly has an 'any' type.
merchant-admin:typecheck: src/lib/ai/sales-agent.ts(304,27): error TS7006: Parameter 'trigger' implicitly has an 'any' type.
merchant-admin:typecheck: src/lib/ai/sales-agent.ts(314,26): error TS7006: Parameter 'content' implicitly has an 'any' type.
merchant-admin:typecheck: src/lib/analytics/service.ts(5,33): error TS7006: Parameter 'storeId' implicitly has an 'any' type.
merchant-admin:typecheck: src/lib/analytics/service.ts(5,42): error TS7006: Parameter 'range' implicitly has an 'any' type.
merchant-admin:typecheck: src/lib/analytics/service.ts(23,36): error TS7006: Parameter 'storeId' implicitly has an 'any' type.
merchant-admin:typecheck: src/lib/analytics/service.ts(23,45): error TS7006: Parameter 'range' implicitly has an 'any' type.
merchant-admin:typecheck: src/lib/analytics/service.ts(66,40): error TS7006: Parameter 'storeId' implicitly has an 'any' type.
merchant-admin:typecheck: src/lib/analytics/service.ts(84,34): error TS7006: Parameter 'storeId' implicitly has an 'any' type.
merchant-admin:typecheck: src/lib/analytics/service.ts(84,43): error TS7006: Parameter 'range' implicitly has an 'any' type.
merchant-admin:typecheck: src/lib/analytics/service.ts(92,17): error TS2322: Type '"PAID"' is not assignable to type 'PaymentStatus | EnumPaymentStatusFilter<"Order"> | undefined'.
merchant-admin:typecheck: src/lib/analytics/visitor.ts(9,25): error TS7006: Parameter 'req' implicitly has an 'any' type.
merchant-admin:typecheck: src/lib/analytics/visitor.ts(10,47): error TS2339: Property 'COOKIE_NAME' does not exist on type 'typeof VisitorService'.
merchant-admin:typecheck: src/lib/analytics/visitor.ts(21,27): error TS7006: Parameter 'visitorId' implicitly has an 'any' type.
merchant-admin:typecheck: src/lib/analytics/visitor.ts(29,16): error TS2339: Property 'COOKIE_NAME' does not exist on type 'typeof VisitorService'.
merchant-admin:typecheck: src/lib/attribution.ts(34,13): error TS7053: Element implicitly has an 'any' type because expression of type 'any' can't be used to index type '{}'.
merchant-admin:typecheck: src/lib/attribution.ts(39,14): error TS2339: Property 'entry_point' does not exist on type '{}'.
merchant-admin:typecheck: src/lib/audit.ts(2,12): error TS7005: Variable 'AuditEventType' implicitly has an 'any' type.
merchant-admin:typecheck: src/lib/audit.ts(74,13): error TS7053: Element implicitly has an 'any' type because expression of type 'string' can't be used to index type '{}'.
merchant-admin:typecheck:   No index signature with a parameter of type 'string' was found on type '{}'.
merchant-admin:typecheck: src/lib/audit.ts(75,13): error TS7053: Element implicitly has an 'any' type because expression of type 'string' can't be used to index type '{}'.
merchant-admin:typecheck:   No index signature with a parameter of type 'string' was found on type '{}'.
merchant-admin:typecheck: src/lib/auth-client.ts(7,19): error TS7006: Parameter 'endpoint' implicitly has an 'any' type.
merchant-admin:typecheck: src/lib/auth-client.ts(7,29): error TS7006: Parameter 'method' implicitly has an 'any' type.
merchant-admin:typecheck: src/lib/auth-client.ts(7,37): error TS7006: Parameter 'body' implicitly has an 'any' type.
merchant-admin:typecheck: src/lib/auth-client.ts(15,13): error TS7053: Element implicitly has an 'any' type because expression of type '"Authorization"' can't be used to index type '{ "Content-Type": string; }'.
merchant-admin:typecheck:   Property 'Authorization' does not exist on type '{ "Content-Type": string; }'.
merchant-admin:typecheck: src/lib/auth-client.ts(33,17): error TS7006: Parameter 'data' implicitly has an 'any' type.
merchant-admin:typecheck: src/lib/auth-client.ts(40,18): error TS7006: Parameter 'data' implicitly has an 'any' type.
merchant-admin:typecheck: src/lib/auth-client.ts(47,26): error TS7006: Parameter 'data' implicitly has an 'any' type.
merchant-admin:typecheck: src/lib/auth-client.ts(50,25): error TS7006: Parameter 'data' implicitly has an 'any' type.
merchant-admin:typecheck: src/lib/auth-client.ts(60,16): error TS7006: Parameter 'token' implicitly has an 'any' type.
merchant-admin:typecheck: src/lib/auth-client.ts(60,23): error TS7006: Parameter 'user' implicitly has an 'any' type.
merchant-admin:typecheck: src/lib/auth/gating.ts(50,25): error TS2339: Property 'storeId' does not exist on type 'string | JwtPayload'.
merchant-admin:typecheck:   Property 'storeId' does not exist on type 'string'.
merchant-admin:typecheck: src/lib/auth/gating.ts(51,25): error TS2339: Property 'pinVersion' does not exist on type 'string | JwtPayload'.
merchant-admin:typecheck:   Property 'pinVersion' does not exist on type 'string'.
merchant-admin:typecheck: src/lib/auth/middleware.ts(22,19): error TS7006: Parameter 'req' implicitly has an 'any' type.
merchant-admin:typecheck: src/lib/auth/middleware.ts(22,24): error TS7019: Rest parameter 'args' implicitly has an 'any[]' type.
merchant-admin:typecheck: src/lib/auth/permissions.ts(104,19): error TS7053: Element implicitly has an 'any' type because expression of type 'any' can't be used to index type '{ owner: string[]; admin: string[]; finance: string[]; support: string[]; viewer: string[]; }'.
merchant-admin:typecheck: src/lib/auth/permissions.ts(106,12): error TS7053: Element implicitly has an 'any' type because expression of type 'any' can't be used to index type '{ owner: string[]; admin: string[]; finance: string[]; support: string[]; viewer: string[]; }'.
merchant-admin:typecheck: src/lib/auth/permissions.ts(160,12): error TS7053: Element implicitly has an 'any' type because expression of type 'SubscriptionPlan' can't be used to index type '{ STARTER: number; GROWTH: number; PRO: number; ENTERPRISE: number; }'.
merchant-admin:typecheck:   Property 'FREE' does not exist on type '{ STARTER: number; GROWTH: number; PRO: number; ENTERPRISE: number; }'.
merchant-admin:typecheck: src/lib/auth/withPermission.ts(5,22): error TS7006: Parameter 'handler' implicitly has an 'any' type.
merchant-admin:typecheck: src/lib/auth/withPermission.ts(22,29): error TS2353: Object literal may only specify known properties, and 'permissions' does not exist in type 'RoleInclude<DefaultArgs>'.
merchant-admin:typecheck: src/lib/auth/withPermission.ts(30,46): error TS2339: Property 'role' does not exist on type '{ id: string; storeId: string; createdAt: Date; updatedAt: Date; status: string; userId: string; roleName: string; roleId: string | null; role_enum: AppRole; }'.
merchant-admin:typecheck: src/lib/billing/access.ts(50,9): error TS2367: This comparison appears to be unintentional because the types 'SubscriptionPlan' and '"GROWTH"' have no overlap.
merchant-admin:typecheck: src/lib/billing/access.ts(100,31): error TS2367: This comparison appears to be unintentional because the types '"FREE" | "PRO"' and '"GROWTH"' have no overlap.
merchant-admin:typecheck: src/lib/billing/entitlements.ts(3,12): error TS7053: Element implicitly has an 'any' type because expression of type 'any' can't be used to index type '{ STARTER: { slug: string; name: string; priceNgn: number; limits: { teamSeats: number; templatesAvailable: string; monthlyCampaignSends: number; }; features: { approvals: boolean; inboxOps: boolean; reports: boolean; advancedAnalytics: boolean; }; }; GROWTH: { ...; }; PRO: { ...; }; }'.
merchant-admin:typecheck: src/lib/billing/entitlements.ts(3,33): error TS2551: Property 'growth' does not exist on type '{ STARTER: { slug: string; name: string; priceNgn: number; limits: { teamSeats: number; templatesAvailable: string; monthlyCampaignSends: number; }; features: { approvals: boolean; inboxOps: boolean; reports: boolean; advancedAnalytics: boolean; }; }; GROWTH: { ...; }; PRO: { ...; }; }'. Did you mean 'GROWTH'?
merchant-admin:typecheck: src/lib/config/features.ts(27,12): error TS7053: Element implicitly has an 'any' type because expression of type 'any' can't be used to index type '{ PAYMENTS_ENABLED: boolean; EMAIL_ENABLED: boolean; WHATSAPP_ENABLED: boolean; DELIVERY_ENABLED: boolean; KYC_ENABLED: boolean; STORAGE_ENABLED: boolean; SENTRY_ENABLED: boolean; AI_ASSISTANT_ENABLED: boolean; MARKETING_AI_ENABLED: boolean; CONTROL_CENTER_ENABLED: boolean; }'.
merchant-admin:typecheck: src/lib/config/features.ts(30,10): error TS7053: Element implicitly has an 'any' type because expression of type 'any' can't be used to index type '{ PAYMENTS_ENABLED: boolean; EMAIL_ENABLED: boolean; WHATSAPP_ENABLED: boolean; DELIVERY_ENABLED: boolean; KYC_ENABLED: boolean; STORAGE_ENABLED: boolean; SENTRY_ENABLED: boolean; AI_ASSISTANT_ENABLED: boolean; MARKETING_AI_ENABLED: boolean; CONTROL_CENTER_ENABLED: boolean; }'.
merchant-admin:typecheck: src/lib/core/permission-engine.ts(13,16): error TS7006: Parameter 'user' implicitly has an 'any' type.
merchant-admin:typecheck: src/lib/core/permission-engine.ts(13,22): error TS7006: Parameter 'permission' implicitly has an 'any' type.
merchant-admin:typecheck: src/lib/core/permission-engine.ts(33,19): error TS7006: Parameter 'user' implicitly has an 'any' type.
merchant-admin:typecheck: src/lib/core/permission-engine.ts(33,25): error TS7006: Parameter 'permissions' implicitly has an 'any' type.
merchant-admin:typecheck: src/lib/core/permission-engine.ts(34,34): error TS7006: Parameter 'p' implicitly has an 'any' type.
merchant-admin:typecheck: src/lib/core/permission-engine.ts(39,19): error TS7006: Parameter 'user' implicitly has an 'any' type.
merchant-admin:typecheck: src/lib/core/permission-engine.ts(39,25): error TS7006: Parameter 'permissions' implicitly has an 'any' type.
merchant-admin:typecheck: src/lib/core/permission-engine.ts(40,33): error TS7006: Parameter 'p' implicitly has an 'any' type.
merchant-admin:typecheck: src/lib/core/with-permission.ts(13,19): error TS7006: Parameter 'req' implicitly has an 'any' type.
merchant-admin:typecheck: src/lib/core/with-permission.ts(13,24): error TS7019: Rest parameter 'args' implicitly has an 'any[]' type.
merchant-admin:typecheck: src/lib/delivery/DeliveryProvider.ts(4,14): error TS2339: Property 'name' does not exist on type 'CustomProvider'.
merchant-admin:typecheck: src/lib/delivery/DeliveryProvider.ts(6,20): error TS7006: Parameter 'order' implicitly has an 'any' type.
merchant-admin:typecheck: src/lib/delivery/DeliveryProvider.ts(6,27): error TS7006: Parameter 'settings' implicitly has an 'any' type.
merchant-admin:typecheck: src/lib/delivery/DeliveryProvider.ts(15,18): error TS7006: Parameter 'jobId' implicitly has an 'any' type.
merchant-admin:typecheck: src/lib/delivery/DeliveryProvider.ts(22,14): error TS2339: Property 'name' does not exist on type 'KwikProvider'.
merchant-admin:typecheck: src/lib/delivery/DeliveryProvider.ts(26,14): error TS2339: Property 'apiKey' does not exist on type 'KwikProvider'.
merchant-admin:typecheck: src/lib/delivery/DeliveryProvider.ts(27,14): error TS2339: Property 'merchantId' does not exist on type 'KwikProvider'.
merchant-admin:typecheck: src/lib/delivery/DeliveryProvider.ts(28,14): error TS2339: Property 'baseUrl' does not exist on type 'KwikProvider'.
merchant-admin:typecheck: src/lib/delivery/DeliveryProvider.ts(34,43): error TS2339: Property 'apiKey' does not exist on type 'KwikProvider'.
merchant-admin:typecheck: src/lib/delivery/DeliveryProvider.ts(37,20): error TS7006: Parameter 'order' implicitly has an 'any' type.
merchant-admin:typecheck: src/lib/delivery/DeliveryProvider.ts(37,27): error TS7006: Parameter 'settings' implicitly has an 'any' type.
merchant-admin:typecheck: src/lib/delivery/DeliveryProvider.ts(40,35): error TS2339: Property 'merchantId' does not exist on type 'KwikProvider'.
merchant-admin:typecheck: src/lib/delivery/DeliveryProvider.ts(58,50): error TS2339: Property 'baseUrl' does not exist on type 'KwikProvider'.
merchant-admin:typecheck: src/lib/delivery/DeliveryProvider.ts(85,18): error TS7006: Parameter 'jobId' implicitly has an 'any' type.
merchant-admin:typecheck: src/lib/delivery/DeliveryProvider.ts(87,50): error TS2339: Property 'baseUrl' does not exist on type 'KwikProvider'.
merchant-admin:typecheck: src/lib/disputes/disputeService.ts(3,37): error TS7006: Parameter 'event' implicitly has an 'any' type.
merchant-admin:typecheck: src/lib/disputes/disputeService.ts(45,21): error TS2322: Type 'string' is not assignable to type 'DisputeStatus | EnumDisputeStatusFieldUpdateOperationsInput | undefined'.
merchant-admin:typecheck: src/lib/disputes/disputeService.ts(57,21): error TS2322: Type 'string' is not assignable to type 'DisputeStatus | undefined'.
merchant-admin:typecheck: src/lib/disputes/disputeService.ts(66,30): error TS7006: Parameter 'disputeId' implicitly has an 'any' type.
merchant-admin:typecheck: src/lib/disputes/disputeService.ts(66,41): error TS7006: Parameter 'userId' implicitly has an 'any' type.
merchant-admin:typecheck: src/lib/disputes/disputeService.ts(66,49): error TS7006: Parameter 'fileData' implicitly has an 'any' type.
merchant-admin:typecheck: src/lib/disputes/disputeService.ts(81,33): error TS7006: Parameter 'disputeId' implicitly has an 'any' type.
merchant-admin:typecheck: src/lib/disputes/disputeService.ts(81,44): error TS7006: Parameter 'userId' implicitly has an 'any' type.
merchant-admin:typecheck: src/lib/disputes/disputeService.ts(81,52): error TS7006: Parameter 'note' implicitly has an 'any' type.
merchant-admin:typecheck: src/lib/disputes/disputeService.ts(84,15): error TS2339: Property 'code' does not exist on type 'Error'.
merchant-admin:typecheck: src/lib/disputes/disputeService.ts(85,15): error TS2339: Property 'feature' does not exist on type 'Error'.
merchant-admin:typecheck: src/lib/disputes/evidenceVault.ts(9,36): error TS7006: Parameter 'disputeId' implicitly has an 'any' type.
merchant-admin:typecheck: src/lib/disputes/evidenceVault.ts(9,47): error TS7006: Parameter 'fileName' implicitly has an 'any' type.
merchant-admin:typecheck: src/lib/disputes/evidenceVault.ts(9,57): error TS7006: Parameter 'contentType' implicitly has an 'any' type.
merchant-admin:typecheck: src/lib/disputes/evidenceVault.ts(22,31): error TS7006: Parameter 'fileUrl' implicitly has an 'any' type.
merchant-admin:typecheck: src/lib/email/adapters/consoleAdapter.ts(2,16): error TS7006: Parameter 'payload' implicitly has an 'any' type.
merchant-admin:typecheck: src/lib/email/adapters/resendAdapter.ts(13,14): error TS2551: Property '_client' does not exist on type 'ResendAdapter'. Did you mean 'client'?
merchant-admin:typecheck: src/lib/email/adapters/resendAdapter.ts(17,19): error TS2551: Property '_client' does not exist on type 'ResendAdapter'. Did you mean 'client'?
merchant-admin:typecheck: src/lib/email/adapters/resendAdapter.ts(23,18): error TS2551: Property '_client' does not exist on type 'ResendAdapter'. Did you mean 'client'?
merchant-admin:typecheck: src/lib/email/adapters/resendAdapter.ts(25,21): error TS2551: Property '_client' does not exist on type 'ResendAdapter'. Did you mean 'client'?
merchant-admin:typecheck: src/lib/email/adapters/resendAdapter.ts(27,16): error TS7006: Parameter 'payload' implicitly has an 'any' type.
merchant-admin:typecheck: src/lib/email/adapters/resendAdapter.ts(68,15): error TS7006: Parameter 'html' implicitly has an 'any' type.
merchant-admin:typecheck: src/lib/email/sender-routing.ts(36,23): error TS7053: Element implicitly has an 'any' type because expression of type 'any' can't be used to index type '{ auth_otp_verification: string; auth_password_reset: string; auth_new_login: string; auth_verify_email_link: string; auth_account_locked: string; auth_password_changed: string; auth_welcome: string; ... 12 more ...; system_maintenance: string; }'.
merchant-admin:typecheck: src/lib/email/sender-routing.ts(37,20): error TS7053: Element implicitly has an 'any' type because expression of type 'any' can't be used to index type '{ SECURITY: { email: string; name: string; }; BILLING: { email: string; name: string; }; TEAM: { email: string; name: string; }; SUPPORT: { email: string; name: string; }; }'.
merchant-admin:typecheck: src/lib/email/team-invite.ts(3,40): error TS7031: Binding element 'email' implicitly has an 'any' type.
merchant-admin:typecheck: src/lib/email/team-invite.ts(3,47): error TS7031: Binding element 'storeName' implicitly has an 'any' type.
merchant-admin:typecheck: src/lib/email/team-invite.ts(3,58): error TS7031: Binding element 'role' implicitly has an 'any' type.
merchant-admin:typecheck: src/lib/email/team-invite.ts(3,64): error TS7031: Binding element 'inviterName' implicitly has an 'any' type.
merchant-admin:typecheck: src/lib/env-validation.ts(160,12): error TS7053: Element implicitly has an 'any' type because expression of type 'any' can't be used to index type '{ PAYMENTS_ENABLED: boolean; EMAIL_ENABLED: boolean; WHATSAPP_ENABLED: boolean; DELIVERY_ENABLED: boolean; KYC_ENABLED: boolean; STORAGE_ENABLED: boolean; CONTROL_CENTER_ENABLED: boolean; SENTRY_ENABLED: boolean; AI_ASSISTANT_ENABLED: boolean; MARKETING_AI_ENABLED: boolean; }'.
merchant-admin:typecheck: src/lib/env-validation.ts(180,12): error TS7053: Element implicitly has an 'any' type because expression of type 'any' can't be used to index type '{ PAYMENTS_ENABLED: string; EMAIL_ENABLED: string; WHATSAPP_ENABLED: string; DELIVERY_ENABLED: string; KYC_ENABLED: string; STORAGE_ENABLED: string; CONTROL_CENTER_ENABLED: string; SENTRY_ENABLED: string; AI_ASSISTANT_ENABLED: string; MARKETING_AI_ENABLED: string; }'.
merchant-admin:typecheck: src/lib/env-validation.ts(194,10): error TS7053: Element implicitly has an 'any' type because expression of type 'any' can't be used to index type '{ PAYMENTS_ENABLED: boolean; EMAIL_ENABLED: boolean; WHATSAPP_ENABLED: boolean; DELIVERY_ENABLED: boolean; KYC_ENABLED: boolean; STORAGE_ENABLED: boolean; CONTROL_CENTER_ENABLED: boolean; SENTRY_ENABLED: boolean; AI_ASSISTANT_ENABLED: boolean; MARKETING_AI_ENABLED: boolean; }'.
merchant-admin:typecheck: src/lib/events/eventBus.ts(9,26): error TS7006: Parameter 'event' implicitly has an 'any' type.
merchant-admin:typecheck: src/lib/events/eventBus.ts(10,21): error TS7053: Element implicitly has an 'any' type because expression of type 'any' can't be used to index type '{ "order.created": { notification: { title: string; body: (p: any) => string; severity: string; actionUrl: (p: any, id: any) => string; }; }; "order.paid": { audit: { action: string; }; }; "order.cancelled": { audit: { action: string; }; notification: { ...; }; }; ... 7 more ...; "consent.settings_changed": { ...; }...'.
merchant-admin:typecheck: src/lib/file-validation.ts(165,55): error TS2339: Property 'maxSizeBytes' does not exist on type '{}'.
merchant-admin:typecheck: src/lib/file-validation.ts(169,55): error TS2339: Property 'allowedMimeTypes' does not exist on type '{}'.
merchant-admin:typecheck: src/lib/file-validation.ts(177,17): error TS2339: Property 'minWidth' does not exist on type '{}'.
merchant-admin:typecheck: src/lib/file-validation.ts(177,37): error TS2339: Property 'maxWidth' does not exist on type '{}'.
merchant-admin:typecheck: src/lib/file-validation.ts(177,57): error TS2339: Property 'minHeight' does not exist on type '{}'.
merchant-admin:typecheck: src/lib/file-validation.ts(177,78): error TS2339: Property 'maxHeight' does not exist on type '{}'.
merchant-admin:typecheck: src/lib/file-validation.ts(179,14): error TS18046: 'dimensionResult' is of type 'unknown'.
merchant-admin:typecheck: src/lib/file-validation.ts(205,10): error TS18046: 'result' is of type 'unknown'.
merchant-admin:typecheck: src/lib/file-validation.ts(208,20): error TS18046: 'result' is of type 'unknown'.
merchant-admin:typecheck: src/lib/file-validation.ts(209,19): error TS18046: 'result' is of type 'unknown'.
merchant-admin:typecheck: src/lib/flags/flagService.ts(6,28): error TS7006: Parameter 'key' implicitly has an 'any' type.
merchant-admin:typecheck: src/lib/flags/flagService.ts(18,25): error TS2339: Property 'merchantId' does not exist on type '{}'.
merchant-admin:typecheck: src/lib/flags/flagService.ts(19,21): error TS18047: 'rules' is possibly 'null'.
merchant-admin:typecheck: src/lib/flags/flagService.ts(19,27): error TS2339: Property 'merchant_blocklist' does not exist on type 'string | number | boolean | JsonObject | JsonArray'.
merchant-admin:typecheck:   Property 'merchant_blocklist' does not exist on type 'string'.
merchant-admin:typecheck: src/lib/flags/flagService.ts(19,64): error TS2339: Property 'merchantId' does not exist on type '{}'.
merchant-admin:typecheck: src/lib/flags/flagService.ts(21,21): error TS18047: 'rules' is possibly 'null'.
merchant-admin:typecheck: src/lib/flags/flagService.ts(21,27): error TS2339: Property 'merchant_allowlist' does not exist on type 'string | number | boolean | JsonObject | JsonArray'.
merchant-admin:typecheck:   Property 'merchant_allowlist' does not exist on type 'string'.
merchant-admin:typecheck: src/lib/flags/flagService.ts(21,64): error TS2339: Property 'merchantId' does not exist on type '{}'.
merchant-admin:typecheck: src/lib/flags/flagService.ts(24,21): error TS18047: 'rules' is possibly 'null'.
merchant-admin:typecheck: src/lib/flags/flagService.ts(24,27): error TS2339: Property 'rollout_percent' does not exist on type 'string | number | boolean | JsonObject | JsonArray'.
merchant-admin:typecheck:   Property 'rollout_percent' does not exist on type 'string'.
merchant-admin:typecheck: src/lib/flags/flagService.ts(24,46): error TS18047: 'rules' is possibly 'null'.
merchant-admin:typecheck: src/lib/flags/flagService.ts(24,52): error TS2339: Property 'rollout_percent' does not exist on type 'string | number | boolean | JsonObject | JsonArray'.
merchant-admin:typecheck:   Property 'rollout_percent' does not exist on type 'string'.
merchant-admin:typecheck: src/lib/flags/flagService.ts(27,41): error TS2339: Property 'merchantId' does not exist on type '{}'.
merchant-admin:typecheck: src/lib/flags/flagService.ts(31,34): error TS18047: 'rules' is possibly 'null'.
merchant-admin:typecheck: src/lib/flags/flagService.ts(31,40): error TS2339: Property 'rollout_percent' does not exist on type 'string | number | boolean | JsonObject | JsonArray'.
merchant-admin:typecheck:   Property 'rollout_percent' does not exist on type 'string'.
merchant-admin:typecheck: src/lib/flags/flagService.ts(42,37): error TS7006: Parameter 'key' implicitly has an 'any' type.
merchant-admin:typecheck: src/lib/flags/flagService.ts(42,42): error TS7006: Parameter 'merchantId' implicitly has an 'any' type.
merchant-admin:typecheck: src/lib/governance/data-governance.service.ts(11,32): error TS7006: Parameter 'storeId' implicitly has an 'any' type.
merchant-admin:typecheck: src/lib/governance/data-governance.service.ts(11,41): error TS7006: Parameter 'requestedBy' implicitly has an 'any' type.
merchant-admin:typecheck: src/lib/governance/data-governance.service.ts(11,54): error TS7006: Parameter 'scopes' implicitly has an 'any' type.
merchant-admin:typecheck: src/lib/governance/data-governance.service.ts(29,29): error TS7006: Parameter 'params' implicitly has an 'any' type.
merchant-admin:typecheck: src/lib/governance/data-governance.service.ts(53,34): error TS7006: Parameter 'storeId' implicitly has an 'any' type.
merchant-admin:typecheck: src/lib/governance/data-governance.service.ts(53,43): error TS7006: Parameter 'requestedBy' implicitly has an 'any' type.
merchant-admin:typecheck: src/lib/governance/data-governance.service.ts(53,56): error TS7006: Parameter 'reason' implicitly has an 'any' type.
merchant-admin:typecheck: src/lib/governance/data-governance.service.ts(72,22): error TS7006: Parameter 'text' implicitly has an 'any' type.
merchant-admin:typecheck: src/lib/governance/legal-consent.service.ts(6,31): error TS7006: Parameter 'storeId' implicitly has an 'any' type.
merchant-admin:typecheck: src/lib/governance/legal-consent.service.ts(6,40): error TS7006: Parameter 'version' implicitly has an 'any' type.
merchant-admin:typecheck: src/lib/governance/legal-consent.service.ts(18,32): error TS7006: Parameter 'storeId' implicitly has an 'any' type.
merchant-admin:typecheck: src/lib/governance/legal-consent.service.ts(29,31): error TS7006: Parameter 'channel' implicitly has an 'any' type.
merchant-admin:typecheck: src/lib/governance/legal-consent.service.ts(38,31): error TS7006: Parameter 'storeId' implicitly has an 'any' type.
merchant-admin:typecheck: src/lib/integration-health.ts(56,9): error TS7053: Element implicitly has an 'any' type because expression of type 'string' can't be used to index type '{}'.
merchant-admin:typecheck:   No index signature with a parameter of type 'string' was found on type '{}'.
merchant-admin:typecheck: src/lib/integrations/instagram/instagramService.ts(3,26): error TS7006: Parameter 'authCode' implicitly has an 'any' type.
merchant-admin:typecheck: src/lib/integrations/instagram/instagramService.ts(12,29): error TS7006: Parameter 'integrationId' implicitly has an 'any' type.
merchant-admin:typecheck: src/lib/integrations/webhookService.ts(5,24): error TS7006: Parameter 'secret' implicitly has an 'any' type.
merchant-admin:typecheck: src/lib/integrations/webhookService.ts(5,32): error TS7006: Parameter 'payload' implicitly has an 'any' type.
merchant-admin:typecheck: src/lib/integrations/webhookService.ts(5,41): error TS7006: Parameter 'eventId' implicitly has an 'any' type.
merchant-admin:typecheck: src/lib/integrations/webhookService.ts(5,50): error TS7006: Parameter 'timestamp' implicitly has an 'any' type.
merchant-admin:typecheck: src/lib/integrations/webhookService.ts(12,31): error TS7006: Parameter 'merchantId' implicitly has an 'any' type.
merchant-admin:typecheck: src/lib/integrations/webhookService.ts(12,43): error TS7006: Parameter 'eventName' implicitly has an 'any' type.
merchant-admin:typecheck: src/lib/integrations/webhookService.ts(12,54): error TS7006: Parameter 'payload' implicitly has an 'any' type.
merchant-admin:typecheck: src/lib/integrations/webhookService.ts(45,34): error TS7006: Parameter 'sub' implicitly has an 'any' type.
merchant-admin:typecheck: src/lib/integrations/webhookService.ts(45,39): error TS7006: Parameter 'eventId' implicitly has an 'any' type.
merchant-admin:typecheck: src/lib/integrations/webhookService.ts(45,48): error TS7006: Parameter 'payload' implicitly has an 'any' type.
merchant-admin:typecheck: src/lib/integrations/webhookService.ts(45,57): error TS7006: Parameter 'deliveryId' implicitly has an 'any' type.
merchant-admin:typecheck: src/lib/isolation.ts(11,19): error TS7006: Parameter 'request' implicitly has an 'any' type.
merchant-admin:typecheck: src/lib/isolation.ts(11,28): error TS7019: Rest parameter 'args' implicitly has an 'any[]' type.
merchant-admin:typecheck: src/lib/jobs/domain-verification.ts(34,17): error TS18046: 'err' is of type 'unknown'.
merchant-admin:typecheck: src/lib/jobs/domain-verification.ts(34,65): error TS18046: 'err' is of type 'unknown'.
merchant-admin:typecheck: src/lib/jobs/domain-verification.ts(35,63): error TS18046: 'err' is of type 'unknown'.
merchant-admin:typecheck: src/lib/jobs/domain-verification.ts(43,17): error TS2698: Spread types may only be created from object types.
merchant-admin:typecheck: src/lib/kwik.ts(8,5): error TS7034: Variable 'cachedToken' implicitly has type 'any' in some locations where its type cannot be determined.
merchant-admin:typecheck: src/lib/kwik.ts(10,9): error TS7005: Variable 'cachedToken' implicitly has an 'any' type.
merchant-admin:typecheck: src/lib/kwik.ts(39,20): error TS7006: Parameter 'data' implicitly has an 'any' type.
merchant-admin:typecheck: src/lib/kwik.ts(42,27): error TS7053: Element implicitly has an 'any' type because expression of type 'any' can't be used to index type '{ bike: number; car: number; van: number; }'.
merchant-admin:typecheck: src/lib/kwik.ts(76,25): error TS7006: Parameter 'data' implicitly has an 'any' type.
merchant-admin:typecheck: src/lib/kyc/youverify.ts(8,29): error TS7006: Parameter 'id' implicitly has an 'any' type.
merchant-admin:typecheck: src/lib/kyc/youverify.ts(8,33): error TS7006: Parameter 'validationData' implicitly has an 'any' type.
merchant-admin:typecheck: src/lib/kyc/youverify.ts(8,49): error TS7006: Parameter 'selfieImage' implicitly has an 'any' type.
merchant-admin:typecheck: src/lib/kyc/youverify.ts(14,21): error TS2339: Property 'validations' does not exist on type '{ id: any; isSubjectConsent: boolean; }'.
merchant-admin:typecheck: src/lib/kyc/youverify.ts(19,26): error TS2339: Property 'validations' does not exist on type '{ id: any; isSubjectConsent: boolean; }'.
merchant-admin:typecheck: src/lib/kyc/youverify.ts(20,25): error TS2339: Property 'validations' does not exist on type '{ id: any; isSubjectConsent: boolean; }'.
merchant-admin:typecheck: src/lib/kyc/youverify.ts(21,21): error TS2339: Property 'validations' does not exist on type '{ id: any; isSubjectConsent: boolean; }'.
merchant-admin:typecheck: src/lib/kyc/youverify.ts(41,28): error TS7006: Parameter 'id' implicitly has an 'any' type.
merchant-admin:typecheck: src/lib/kyc/youverify.ts(41,32): error TS7006: Parameter 'validationData' implicitly has an 'any' type.
merchant-admin:typecheck: src/lib/kyc/youverify.ts(41,48): error TS7006: Parameter 'selfieImage' implicitly has an 'any' type.
merchant-admin:typecheck: src/lib/kyc/youverify.ts(48,21): error TS2339: Property 'validations' does not exist on type '{ id: any; isSubjectConsent: boolean; premiumBVN: boolean; }'.
merchant-admin:typecheck: src/lib/kyc/youverify.ts(53,26): error TS2339: Property 'validations' does not exist on type '{ id: any; isSubjectConsent: boolean; premiumBVN: boolean; }'.
merchant-admin:typecheck: src/lib/kyc/youverify.ts(54,25): error TS2339: Property 'validations' does not exist on type '{ id: any; isSubjectConsent: boolean; premiumBVN: boolean; }'.
merchant-admin:typecheck: src/lib/kyc/youverify.ts(55,21): error TS2339: Property 'validations' does not exist on type '{ id: any; isSubjectConsent: boolean; premiumBVN: boolean; }'.
merchant-admin:typecheck: src/lib/marketing/limits.ts(4,16): error TS7053: Element implicitly has an 'any' type because expression of type 'any' can't be used to index type '{ STARTER: { slug: string; name: string; priceNgn: number; limits: { teamSeats: number; templatesAvailable: string; monthlyCampaignSends: number; }; features: { approvals: boolean; inboxOps: boolean; reports: boolean; advancedAnalytics: boolean; }; }; GROWTH: { ...; }; PRO: { ...; }; }'.
merchant-admin:typecheck: src/lib/onboarding-profiles.ts(4,9): error TS7053: Element implicitly has an 'any' type because expression of type 'string' can't be used to index type '{}'.
merchant-admin:typecheck:   No index signature with a parameter of type 'string' was found on type '{}'.
merchant-admin:typecheck: src/lib/operation-lock.ts(5,17): error TS7006: Parameter 'message' implicitly has an 'any' type.
merchant-admin:typecheck: src/lib/ops-auth.ts(36,24): error TS7006: Parameter 'email' implicitly has an 'any' type.
merchant-admin:typecheck: src/lib/ops-auth.ts(36,31): error TS7006: Parameter 'passwordString' implicitly has an 'any' type.
merchant-admin:typecheck: src/lib/ops-auth.ts(77,32): error TS7006: Parameter 'ip' implicitly has an 'any' type.
merchant-admin:typecheck: src/lib/ops-auth.ts(132,27): error TS7006: Parameter 'userId' implicitly has an 'any' type.
merchant-admin:typecheck: src/lib/ops-auth.ts(132,35): error TS7006: Parameter 'eventType' implicitly has an 'any' type.
merchant-admin:typecheck: src/lib/ops-auth.ts(142,29): error TS7006: Parameter 'currentUserRole' implicitly has an 'any' type.
merchant-admin:typecheck: src/lib/ops-auth.ts(142,46): error TS7006: Parameter 'data' implicitly has an 'any' type.
merchant-admin:typecheck: src/lib/ops-metrics.ts(95,9): error TS7053: Element implicitly has an 'any' type because expression of type 'any' can't be used to index type '{}'.
merchant-admin:typecheck: src/lib/partners/attribution.ts(4,30): error TS7006: Parameter 'merchantId' implicitly has an 'any' type.
merchant-admin:typecheck: src/lib/partners/attribution.ts(4,42): error TS7006: Parameter 'token' implicitly has an 'any' type.
merchant-admin:typecheck: src/lib/partners/attribution.ts(29,33): error TS7006: Parameter 'storeId' implicitly has an 'any' type.
merchant-admin:typecheck: src/lib/partners/attribution.ts(53,31): error TS7006: Parameter 'storeId' implicitly has an 'any' type.
merchant-admin:typecheck: src/lib/partners/attribution.ts(53,40): error TS7006: Parameter 'amount' implicitly has an 'any' type.
merchant-admin:typecheck: src/lib/performance.ts(4,7): error TS7034: Variable 'recentSlowPaths' implicitly has type 'any[]' in some locations where its type cannot be determined.
merchant-admin:typecheck: src/lib/performance.ts(22,13): error TS7005: Variable 'recentSlowPaths' implicitly has an 'any[]' type.
merchant-admin:typecheck: src/lib/performance.ts(43,12): error TS7005: Variable 'recentSlowPaths' implicitly has an 'any[]' type.
merchant-admin:typecheck: src/lib/permissions.ts(1,12): error TS7005: Variable 'AppRole' implicitly has an 'any' type.
merchant-admin:typecheck: src/lib/providers/email.ts(2,28): error TS7006: Parameter 'to' implicitly has an 'any' type.
merchant-admin:typecheck: src/lib/providers/email.ts(2,32): error TS7006: Parameter 'subject' implicitly has an 'any' type.
merchant-admin:typecheck: src/lib/providers/email.ts(2,41): error TS7006: Parameter 'html' implicitly has an 'any' type.
merchant-admin:typecheck: src/lib/providers/email.ts(3,19): error TS2339: Property 'apiKey' does not exist on type 'typeof EmailProvider'.
merchant-admin:typecheck: src/lib/providers/email.ts(9,49): error TS2339: Property 'apiKey' does not exist on type 'typeof EmailProvider'.
merchant-admin:typecheck: src/lib/providers/email.ts(26,15): error TS2339: Property 'apiKey' does not exist on type 'typeof EmailProvider'.
merchant-admin:typecheck: src/lib/providers/whatsapp.ts(2,30): error TS7006: Parameter 'to' implicitly has an 'any' type.
merchant-admin:typecheck: src/lib/providers/whatsapp.ts(2,34): error TS7006: Parameter 'text' implicitly has an 'any' type.
merchant-admin:typecheck: src/lib/providers/whatsapp.ts(8,46): error TS2339: Property 'baseUrl' does not exist on type 'typeof WhatsAppProvider'.
merchant-admin:typecheck: src/lib/providers/whatsapp.ts(29,18): error TS2339: Property 'baseUrl' does not exist on type 'typeof WhatsAppProvider'.
merchant-admin:typecheck: src/lib/queue.ts(35,24): error TS2339: Property 'defaultJobOptions' does not exist on type '{}'.
merchant-admin:typecheck: src/lib/queue.ts(41,5): error TS7034: Variable '_paymentsQueue' implicitly has type 'any' in some locations where its type cannot be determined.
merchant-admin:typecheck: src/lib/queue.ts(42,5): error TS7034: Variable '_deliveryQueue' implicitly has type 'any' in some locations where its type cannot be determined.
merchant-admin:typecheck: src/lib/queue.ts(43,5): error TS7034: Variable '_inboundWhatsappQueue' implicitly has type 'any' in some locations where its type cannot be determined.
merchant-admin:typecheck: src/lib/queue.ts(44,5): error TS7034: Variable '_manifestSyncQueue' implicitly has type 'any' in some locations where its type cannot be determined.
merchant-admin:typecheck: src/lib/queue.ts(46,10): error TS7005: Variable '_paymentsQueue' implicitly has an 'any' type.
merchant-admin:typecheck: src/lib/queue.ts(51,10): error TS7005: Variable '_manifestSyncQueue' implicitly has an 'any' type.
merchant-admin:typecheck: src/lib/queue.ts(56,10): error TS7005: Variable '_deliveryQueue' implicitly has an 'any' type.
merchant-admin:typecheck: src/lib/queue.ts(61,10): error TS7005: Variable '_inboundWhatsappQueue' implicitly has an 'any' type.
merchant-admin:typecheck: src/lib/queue.ts(65,5): error TS7034: Variable '_exportsQueue' implicitly has type 'any' in some locations where its type cannot be determined.
merchant-admin:typecheck: src/lib/queue.ts(67,10): error TS7005: Variable '_exportsQueue' implicitly has an 'any' type.
merchant-admin:typecheck: src/lib/queue.ts(68,44): error TS2339: Property 'EXPORTS_JOBS' does not exist on type '{ PAYMENTS_WEBHOOKS: string; WHATSAPP_INBOUND: string; WHATSAPP_OUTBOUND: string; AGENT_ACTIONS: string; DELIVERY_SCHEDULER: string; CHINA_CATALOG_SYNC: string; CART_RECOVERY_SCHEDULER: string; CALENDAR_SYNC_SCHEDULER: string; MANIFEST_SYNC: string; }'.
merchant-admin:typecheck: src/lib/quotas.ts(2,12): error TS7005: Variable 'QuotaType' implicitly has an 'any' type.
merchant-admin:typecheck: src/lib/rate-limit.ts(4,17): error TS7006: Parameter 'message' implicitly has an 'any' type.
merchant-admin:typecheck: src/lib/ratelimit.ts(13,20): error TS7053: Element implicitly has an 'any' type because expression of type 'any' can't be used to index type '{ auth: { limit: number; window: number; }; api_write: { limit: number; window: number; }; api_read: { limit: number; window: number; }; default: { limit: number; window: number; }; }'.
merchant-admin:typecheck: src/lib/redis.ts(3,37): error TS7017: Element implicitly has an 'any' type because type 'typeof globalThis' has no index signature.
merchant-admin:typecheck: src/lib/redis.ts(8,20): error TS7017: Element implicitly has an 'any' type because type 'typeof globalThis' has no index signature.
merchant-admin:typecheck: src/lib/reports.ts(4,29): error TS7006: Parameter 'merchantId' implicitly has an 'any' type.
merchant-admin:typecheck: src/lib/reports.ts(4,41): error TS7006: Parameter 'range' implicitly has an 'any' type.
merchant-admin:typecheck: src/lib/reports.ts(72,36): error TS7006: Parameter 'merchantId' implicitly has an 'any' type.
merchant-admin:typecheck: src/lib/reports.ts(72,48): error TS7006: Parameter 'limit' implicitly has an 'any' type.
merchant-admin:typecheck: src/lib/reports.ts(72,55): error TS7006: Parameter 'cursor' implicitly has an 'any' type.
merchant-admin:typecheck: src/lib/reports.ts(79,13): error TS2322: Type '{ storeId: any; status: { not: string; }; }' is not assignable to type 'OrderWhereInput'.
merchant-admin:typecheck:   Types of property 'status' are incompatible.
merchant-admin:typecheck:     Type '{ not: string; }' is not assignable to type 'OrderStatus | EnumOrderStatusFilter<"Order"> | undefined'.
merchant-admin:typecheck:       Type '{ not: string; }' is not assignable to type 'EnumOrderStatusFilter<"Order">'.
merchant-admin:typecheck:         Types of property 'not' are incompatible.
merchant-admin:typecheck:           Type 'string' is not assignable to type 'OrderStatus | NestedEnumOrderStatusFilter<"Order"> | undefined'.
merchant-admin:typecheck: src/lib/reports.ts(145,30): error TS7006: Parameter 'merchantId' implicitly has an 'any' type.
merchant-admin:typecheck: src/lib/reports.ts(145,42): error TS7006: Parameter 'type' implicitly has an 'any' type.
merchant-admin:typecheck: src/lib/reports.ts(145,48): error TS7006: Parameter 'range' implicitly has an 'any' type.
merchant-admin:typecheck: src/lib/reports.ts(150,52): error TS2554: Expected 3 arguments, but got 2.
merchant-admin:typecheck: src/lib/rescue/merchant-rescue-service.ts(10,33): error TS7006: Parameter 'data' implicitly has an 'any' type.
merchant-admin:typecheck: src/lib/rescue/merchant-rescue-service.ts(44,36): error TS7006: Parameter 'id' implicitly has an 'any' type.
merchant-admin:typecheck: src/lib/rescue/merchant-rescue-service.ts(57,36): error TS7006: Parameter 'incidentId' implicitly has an 'any' type.
merchant-admin:typecheck: src/lib/rescue/merchant-rescue-service.ts(99,25): error TS2698: Spread types may only be created from object types.
merchant-admin:typecheck: src/lib/rescue/merchant-rescue-service.ts(109,22): error TS7006: Parameter 'msg' implicitly has an 'any' type.
merchant-admin:typecheck: src/lib/rescue/merchant-rescue-service.ts(114,32): error TS7006: Parameter 'type' implicitly has an 'any' type.
merchant-admin:typecheck: src/lib/rescue/merchant-rescue-service.ts(114,38): error TS7006: Parameter 'msg' implicitly has an 'any' type.
merchant-admin:typecheck: src/lib/returns/returnService.ts(3,32): error TS7006: Parameter 'storeId' implicitly has an 'any' type.
merchant-admin:typecheck: src/lib/returns/returnService.ts(3,41): error TS7006: Parameter 'orderId' implicitly has an 'any' type.
merchant-admin:typecheck: src/lib/returns/returnService.ts(3,50): error TS7006: Parameter 'customerPhone' implicitly has an 'any' type.
merchant-admin:typecheck: src/lib/returns/returnService.ts(3,65): error TS7006: Parameter 'payload' implicitly has an 'any' type.
merchant-admin:typecheck: src/lib/returns/returnService.ts(38,30): error TS7006: Parameter 'storeId' implicitly has an 'any' type.
merchant-admin:typecheck: src/lib/returns/returnService.ts(45,31): error TS7006: Parameter 'requestId' implicitly has an 'any' type.
merchant-admin:typecheck: src/lib/returns/returnService.ts(45,42): error TS7006: Parameter 'status' implicitly has an 'any' type.
merchant-admin:typecheck: src/lib/returns/returnService.ts(45,50): error TS7006: Parameter 'actorId' implicitly has an 'any' type.
merchant-admin:typecheck: src/lib/returns/returnService.ts(45,59): error TS7006: Parameter 'data' implicitly has an 'any' type.
merchant-admin:typecheck: src/lib/returns/returnToken.ts(7,21): error TS7006: Parameter 'orderId' implicitly has an 'any' type.
merchant-admin:typecheck: src/lib/returns/returnToken.ts(7,30): error TS7006: Parameter 'customerPhone' implicitly has an 'any' type.
merchant-admin:typecheck: src/lib/returns/returnToken.ts(14,78): error TS2339: Property 'SECRET' does not exist on type 'typeof ReturnTokenService'.
merchant-admin:typecheck: src/lib/returns/returnToken.ts(19,21): error TS7006: Parameter 'token' implicitly has an 'any' type.
merchant-admin:typecheck: src/lib/returns/returnToken.ts(24,86): error TS2339: Property 'SECRET' does not exist on type 'typeof ReturnTokenService'.
merchant-admin:typecheck: src/lib/returns/returnToken.ts(37,20): error TS2339: Property 'SECRET' does not exist on type 'typeof ReturnTokenService'.
merchant-admin:typecheck: src/lib/security.ts(21,26): error TS2554: Expected 2 arguments, but got 1.
merchant-admin:typecheck: src/lib/security/rate-limit.ts(7,17): error TS7006: Parameter 'key' implicitly has an 'any' type.
merchant-admin:typecheck: src/lib/security/rate-limit.ts(44,27): error TS7006: Parameter 'req' implicitly has an 'any' type.
merchant-admin:typecheck: src/lib/security/rate-limit.ts(44,54): error TS7006: Parameter 'config' implicitly has an 'any' type.
merchant-admin:typecheck: src/lib/security/tokens.ts(12,22): error TS7006: Parameter 'token' implicitly has an 'any' type.
merchant-admin:typecheck: src/lib/security/tokens.ts(18,32): error TS7006: Parameter 'a' implicitly has an 'any' type.
merchant-admin:typecheck: src/lib/security/tokens.ts(18,35): error TS7006: Parameter 'b' implicitly has an 'any' type.
merchant-admin:typecheck: src/lib/session.ts(13,16): error TS2769: No overload matches this call.
merchant-admin:typecheck:   Overload 1 of 5, '(payload: string | object | Buffer<ArrayBufferLike>, secretOrPrivateKey: null, options?: (SignOptions & { algorithm: "none"; }) | undefined): string', gave the following error.
merchant-admin:typecheck:     Argument of type 'string' is not assignable to parameter of type 'null'.
merchant-admin:typecheck:   Overload 2 of 5, '(payload: string | object | Buffer<ArrayBufferLike>, secretOrPrivateKey: Buffer<ArrayBufferLike> | Secret | PrivateKeyInput | JsonWebKeyInput, options?: SignOptions | undefined): string', gave the following error.
merchant-admin:typecheck:     Type 'string' is not assignable to type 'number | StringValue | undefined'.
merchant-admin:typecheck:   Overload 3 of 5, '(payload: string | object | Buffer<ArrayBufferLike>, secretOrPrivateKey: Buffer<ArrayBufferLike> | Secret | PrivateKeyInput | JsonWebKeyInput, callback: SignCallback): void', gave the following error.
merchant-admin:typecheck:     Object literal may only specify known properties, and 'expiresIn' does not exist in type 'SignCallback'.
merchant-admin:typecheck: src/lib/session.ts(103,30): error TS2339: Property 'userId' does not exist on type 'string | JwtPayload'.
merchant-admin:typecheck:   Property 'userId' does not exist on type 'string'.
merchant-admin:typecheck: src/lib/session.ts(107,38): error TS2339: Property 'storeId' does not exist on type 'string | JwtPayload'.
merchant-admin:typecheck:   Property 'storeId' does not exist on type 'string'.
merchant-admin:typecheck: src/lib/storage/storageService.ts(8,29): error TS7006: Parameter 'ctx' implicitly has an 'any' type.
merchant-admin:typecheck: src/lib/storage/storageService.ts(8,34): error TS7006: Parameter 'filename' implicitly has an 'any' type.
merchant-admin:typecheck: src/lib/storage/storageService.ts(20,25): error TS7006: Parameter 'ctx' implicitly has an 'any' type.
merchant-admin:typecheck: src/lib/storage/storageService.ts(20,30): error TS7006: Parameter 'filename' implicitly has an 'any' type.
merchant-admin:typecheck: src/lib/storage/storageService.ts(20,40): error TS7006: Parameter 'file' implicitly has an 'any' type.
merchant-admin:typecheck: src/lib/storage/storageService.ts(42,36): error TS7006: Parameter 'ctx' implicitly has an 'any' type.
merchant-admin:typecheck: src/lib/storage/storageService.ts(42,41): error TS7006: Parameter 'key' implicitly has an 'any' type.
merchant-admin:typecheck: src/lib/storage/storageService.ts(66,25): error TS7006: Parameter 'ctx' implicitly has an 'any' type.
merchant-admin:typecheck: src/lib/storage/storageService.ts(66,30): error TS7006: Parameter 'key' implicitly has an 'any' type.
merchant-admin:typecheck: src/lib/storefront/customerAuthService.ts(5,25): error TS7006: Parameter 'storeId' implicitly has an 'any' type.
merchant-admin:typecheck: src/lib/storefront/customerAuthService.ts(5,34): error TS7006: Parameter 'data' implicitly has an 'any' type.
merchant-admin:typecheck: src/lib/storefront/customerAuthService.ts(22,24): error TS7006: Parameter 'storeId' implicitly has an 'any' type.
merchant-admin:typecheck: src/lib/storefront/customerAuthService.ts(22,33): error TS7006: Parameter 'data' implicitly has an 'any' type.
merchant-admin:typecheck: src/lib/storefront/customerAuthService.ts(44,34): error TS7006: Parameter 'token' implicitly has an 'any' type.
merchant-admin:typecheck: src/lib/storefront/customerOrderService.ts(3,28): error TS7006: Parameter 'storeId' implicitly has an 'any' type.
merchant-admin:typecheck: src/lib/storefront/customerOrderService.ts(3,37): error TS7006: Parameter 'customerId' implicitly has an 'any' type.
merchant-admin:typecheck: src/lib/storefront/customerOrderService.ts(9,33): error TS7006: Parameter 'storeId' implicitly has an 'any' type.
merchant-admin:typecheck: src/lib/storefront/customerOrderService.ts(9,42): error TS7006: Parameter 'customerId' implicitly has an 'any' type.
merchant-admin:typecheck: src/lib/storefront/customerOrderService.ts(9,54): error TS7006: Parameter 'orderId' implicitly has an 'any' type.
merchant-admin:typecheck: src/lib/support/escalation-policy.ts(5,21): error TS7006: Parameter 'query' implicitly has an 'any' type.
merchant-admin:typecheck: src/lib/support/escalation-policy.ts(8,31): error TS2339: Property 'SENSITIVE_KEYWORDS' does not exist on type 'typeof EscalationPolicy'.
merchant-admin:typecheck: src/lib/support/escalation-policy.ts(17,31): error TS2339: Property 'SENSITIVE_KEYWORDS' does not exist on type 'typeof EscalationPolicy'.
merchant-admin:typecheck: src/lib/support/escalation-policy.ts(27,31): error TS2339: Property 'SENSITIVE_KEYWORDS' does not exist on type 'typeof EscalationPolicy'.
merchant-admin:typecheck: src/lib/support/escalation-policy.ts(56,18): error TS2339: Property 'SENSITIVE_KEYWORDS' does not exist on type 'typeof EscalationPolicy'.
merchant-admin:typecheck: src/lib/support/escalation.service.ts(7,33): error TS7006: Parameter 'params' implicitly has an 'any' type.
merchant-admin:typecheck: src/lib/support/escalation.service.ts(30,21): error TS2353: Object literal may only specify known properties, and 'trigger' does not exist in type 'Without<HandoffEventCreateInput, HandoffEventUncheckedCreateInput> & HandoffEventUncheckedCreateInput'.
merchant-admin:typecheck: src/lib/support/escalation.service.ts(47,33): error TS7006: Parameter 'trigger' implicitly has an 'any' type.
merchant-admin:typecheck: src/lib/support/escalation.service.ts(61,33): error TS7006: Parameter 'trigger' implicitly has an 'any' type.
merchant-admin:typecheck: src/lib/support/escalation.service.ts(75,29): error TS7006: Parameter 'trigger' implicitly has an 'any' type.
merchant-admin:typecheck: src/lib/support/merchant-support-bot.service.ts(15,30): error TS7006: Parameter 'storeId' implicitly has an 'any' type.
merchant-admin:typecheck: src/lib/support/merchant-support-bot.service.ts(15,39): error TS7006: Parameter 'query' implicitly has an 'any' type.
merchant-admin:typecheck: src/lib/support/merchant-support-bot.service.ts(63,42): error TS7017: Element implicitly has an 'any' type because type 'typeof globalThis' has no index signature.
merchant-admin:typecheck: src/lib/support/merchant-support-bot.service.ts(89,33): error TS7006: Parameter 'query' implicitly has an 'any' type.
merchant-admin:typecheck: src/lib/support/merchant-support-bot.service.ts(107,27): error TS7006: Parameter 'reply' implicitly has an 'any' type.
merchant-admin:typecheck: src/lib/support/merchant-support-bot.service.ts(107,34): error TS7006: Parameter 'query' implicitly has an 'any' type.
merchant-admin:typecheck: src/lib/support/merchant-support-bot.service.ts(119,33): error TS7006: Parameter 'reply' implicitly has an 'any' type.
merchant-admin:typecheck: src/lib/support/support-bot.service.ts(9,33): error TS7006: Parameter 'storeId' implicitly has an 'any' type.
merchant-admin:typecheck: src/lib/support/support-bot.service.ts(9,42): error TS7006: Parameter 'message' implicitly has an 'any' type.
merchant-admin:typecheck: src/lib/support/support-context.service.ts(6,38): error TS7006: Parameter 'storeId' implicitly has an 'any' type.
merchant-admin:typecheck: src/lib/support/support-context.service.ts(25,35): error TS2339: Property 'customDomain' does not exist on type '{ name: string; type: MerchantType; id: string; version: number; settings: JsonValue; plan: SubscriptionPlan; createdAt: Date; updatedAt: Date; ... 26 more ...; isActive: boolean; }'.
merchant-admin:typecheck: src/lib/support/support-context.service.ts(29,35): error TS2339: Property 'aiSubscription' does not exist on type '{ name: string; type: MerchantType; id: string; version: number; settings: JsonValue; plan: SubscriptionPlan; createdAt: Date; updatedAt: Date; ... 26 more ...; isActive: boolean; }'.
merchant-admin:typecheck: src/lib/support/support-context.service.ts(30,38): error TS2339: Property 'aiSubscription' does not exist on type '{ name: string; type: MerchantType; id: string; version: number; settings: JsonValue; plan: SubscriptionPlan; createdAt: Date; updatedAt: Date; ... 26 more ...; isActive: boolean; }'.
merchant-admin:typecheck: src/lib/support/support-context.service.ts(31,42): error TS2339: Property 'aiSubscription' does not exist on type '{ name: string; type: MerchantType; id: string; version: number; settings: JsonValue; plan: SubscriptionPlan; createdAt: Date; updatedAt: Date; ... 26 more ...; isActive: boolean; }'.
merchant-admin:typecheck: src/lib/support/support-context.service.ts(32,65): error TS2339: Property 'aiSubscription' does not exist on type '{ name: string; type: MerchantType; id: string; version: number; settings: JsonValue; plan: SubscriptionPlan; createdAt: Date; updatedAt: Date; ... 26 more ...; isActive: boolean; }'.
merchant-admin:typecheck: src/lib/support/support-context.service.ts(41,40): error TS2339: Property 'agent' does not exist on type '{ name: string; type: MerchantType; id: string; version: number; settings: JsonValue; plan: SubscriptionPlan; createdAt: Date; updatedAt: Date; ... 26 more ...; isActive: boolean; }'.
merchant-admin:typecheck: src/lib/team/rbac.ts(17,19): error TS7019: Rest parameter 'args' implicitly has an 'any[]' type.
merchant-admin:typecheck: src/lib/template-presets.ts(439,18): error TS7053: Element implicitly has an 'any' type because expression of type 'string' can't be used to index type '{ retail_fashion: { name: string; description: string; defaultContent: { headline: string; subtext: string; ctaPrimary: string; ctaSecondary: string; products: ({ id: number; name: string; price: number; ... 4 more ...; variants: { ...; }[]; } | { ...; })[]; }; }; ... 7 more ...; service_mechanic: { ...; }; }'.
merchant-admin:typecheck:   No index signature with a parameter of type 'string' was found on type '{ retail_fashion: { name: string; description: string; defaultContent: { headline: string; subtext: string; ctaPrimary: string; ctaSecondary: string; products: ({ id: number; name: string; price: number; ... 4 more ...; variants: { ...; }[]; } | { ...; })[]; }; }; ... 7 more ...; service_mechanic: { ...; }; }'.
merchant-admin:typecheck: src/lib/templates-registry.ts(2,12): error TS7005: Variable 'TemplateCategory' implicitly has an 'any' type.
merchant-admin:typecheck: src/lib/templates.ts(32,12): error TS7053: Element implicitly has an 'any' type because expression of type 'any' can't be used to index type '{ free: number; growth: number; pro: number; }'.
merchant-admin:typecheck: src/lib/templates.ts(32,39): error TS7053: Element implicitly has an 'any' type because expression of type 'any' can't be used to index type '{ free: number; growth: number; pro: number; }'.
merchant-admin:typecheck: src/lib/templates/layout-resolver.ts(30,18): error TS7053: Element implicitly has an 'any' type because expression of type 'any' can't be used to index type '{ StandardRetailHome: LazyExoticComponent<any>; AAFashionHome: LazyExoticComponent<any>; GizmoTechHome: LazyExoticComponent<any>; ... 18 more ...; WellnessBooking: LazyExoticComponent<...>; }'.
merchant-admin:typecheck: src/lib/templates/layout-resolver.ts(34,12): error TS7053: Element implicitly has an 'any' type because expression of type 'any' can't be used to index type '{ StandardRetailHome: LazyExoticComponent<any>; AAFashionHome: LazyExoticComponent<any>; GizmoTechHome: LazyExoticComponent<any>; ... 18 more ...; WellnessBooking: LazyExoticComponent<...>; }'.
merchant-admin:typecheck: src/lib/templates/recommendation-engine.ts(35,9): error TS7053: Element implicitly has an 'any' type because expression of type 'any' can't be used to index type '{ fashion: string; clothing: string; electronics: string; gadgets: string; beauty: string; wellness: string; home: string; services: string; consulting: string; salon: string; food: string; restaurant: string; ... 9 more ...; non_profit: string; }'.
merchant-admin:typecheck: src/lib/templates/recommendation-engine.ts(36,31): error TS7053: Element implicitly has an 'any' type because expression of type 'any' can't be used to index type '{ fashion: string; clothing: string; electronics: string; gadgets: string; beauty: string; wellness: string; home: string; services: string; consulting: string; salon: string; food: string; restaurant: string; ... 9 more ...; non_profit: string; }'.
merchant-admin:typecheck: src/lib/templates/templateService.ts(3,32): error TS7006: Parameter 'storeId' implicitly has an 'any' type.
merchant-admin:typecheck: src/lib/templates/templateService.ts(3,41): error TS7006: Parameter 'templateId' implicitly has an 'any' type.
merchant-admin:typecheck: src/lib/templates/templateService.ts(3,53): error TS7006: Parameter 'userId' implicitly has an 'any' type.
merchant-admin:typecheck: src/lib/templates/templateService.ts(52,27): error TS7006: Parameter 'storeId' implicitly has an 'any' type.
merchant-admin:typecheck: src/lib/templates/templateService.ts(52,36): error TS7006: Parameter 'userId' implicitly has an 'any' type.
merchant-admin:typecheck: src/lib/validation/resource-validator.ts(4,20): error TS7053: Element implicitly has an 'any' type because expression of type 'any' can't be used to index type 'Record<IndustrySlug, IndustryConfig>'.
merchant-admin:typecheck:  ELIFECYCLE  Command failed with exit code 2.
merchant-admin:typecheck: ERROR: command finished with error: command (/Users/fredrick/Documents/GitHub/vayva/apps/merchant-admin) /Users/fredrick/Library/pnpm/.tools/pnpm/10.2.0/bin/pnpm run typecheck exited (2)
merchant-admin#typecheck: command (/Users/fredrick/Documents/GitHub/vayva/apps/merchant-admin) /Users/fredrick/Library/pnpm/.tools/pnpm/10.2.0/bin/pnpm run typecheck exited (2)

 Tasks:    6 successful, 7 total
Cached:    6 cached, 7 total
  Time:    6.112s 
Failed:    merchant-admin#typecheck

 ERROR  run failed: command  exited (2)
 ELIFECYCLE  Command failed with exit code 2.
