
> merchant-admin@0.0.0 typecheck /Users/fredrick/Documents/GitHub/vayva/apps/merchant-admin
> tsc --noEmit

src/app/(dashboard)/dashboard/control-center/page.tsx(147,25): error TS18046: 'error' is of type 'unknown'.
src/app/(dashboard)/dashboard/inbox/page.tsx(215,17): error TS2322: Type 'unknown' is not assignable to type 'WhatsAppConversation | null'.
src/app/(dashboard)/dashboard/orders/[id]/page.tsx(89,25): error TS18046: 'err' is of type 'unknown'.
src/app/(dashboard)/dashboard/orders/[id]/page.tsx(240,63): error TS2339: Property 'image' does not exist on type '{}'.
src/app/(dashboard)/dashboard/orders/[id]/page.tsx(241,75): error TS2339: Property 'image' does not exist on type '{}'.
src/app/(dashboard)/dashboard/orders/[id]/page.tsx(286,58): error TS2339: Property 'prepTimeMinutes' does not exist on type '{}'.
src/app/(dashboard)/dashboard/products/[id]/page.tsx(78,25): error TS18046: 'err' is of type 'unknown'.
src/app/(dashboard)/dashboard/products/[id]/page.tsx(99,25): error TS18046: 'err' is of type 'unknown'.
src/app/(dashboard)/dashboard/products/[id]/page.tsx(225,38): error TS2339: Property 'MarketplaceListing' does not exist on type '{}'.
src/app/(dashboard)/dashboard/products/[id]/page.tsx(236,34): error TS2339: Property 'MarketplaceListing' does not exist on type '{}'.
src/app/(dashboard)/dashboard/products/[id]/page.tsx(241,86): error TS2339: Property 'MarketplaceListing' does not exist on type '{}'.
src/app/(dashboard)/dashboard/products/[id]/page.tsx(281,71): error TS2339: Property 'name' does not exist on type '{}'.
src/app/(dashboard)/dashboard/products/[id]/page.tsx(292,40): error TS2339: Property 'id' does not exist on type '{}'.
src/app/(dashboard)/dashboard/products/[id]/page.tsx(293,43): error TS2339: Property 'price' does not exist on type '{}'.
src/app/(dashboard)/dashboard/referrals/page.tsx(22,16): error TS2339: Property 'code' does not exist on type '{}'.
src/app/(dashboard)/dashboard/referrals/page.tsx(23,40): error TS2339: Property 'code' does not exist on type '{}'.
src/app/(dashboard)/dashboard/referrals/page.tsx(50,67): error TS2339: Property 'code' does not exist on type '{}'.
src/app/(dashboard)/dashboard/referrals/page.tsx(73,58): error TS2339: Property 'stats' does not exist on type '{}'.
src/app/(dashboard)/dashboard/referrals/page.tsx(83,20): error TS2339: Property 'stats' does not exist on type '{}'.
src/app/(dashboard)/dashboard/referrals/page.tsx(94,21): error TS2339: Property 'pendingDiscount' does not exist on type '{}'.
src/app/(dashboard)/dashboard/referrals/page.tsx(104,16): error TS2339: Property 'rewards' does not exist on type '{}'.
src/app/(dashboard)/dashboard/referrals/page.tsx(106,14): error TS18046: 'data' is of type 'unknown'.
src/app/(dashboard)/dashboard/referrals/page.tsx(108,22): error TS18046: 'reward' is of type 'unknown'.
src/app/(dashboard)/dashboard/referrals/page.tsx(113,22): error TS18046: 'reward' is of type 'unknown'.
src/app/(dashboard)/dashboard/referrals/page.tsx(116,31): error TS18046: 'reward' is of type 'unknown'.
src/app/(dashboard)/dashboard/referrals/page.tsx(120,22): error TS18046: 'reward' is of type 'unknown'.
src/app/(dashboard)/dashboard/services/new/page.tsx(26,9): error TS2322: Type '"IN_STORE"' is not assignable to type '"ONLINE" | "ON_SITE" | "CLIENT_LOCATION"'.
src/app/(dashboard)/dashboard/services/new/page.tsx(51,25): error TS18046: 'error' is of type 'unknown'.
src/app/(dashboard)/dashboard/services/new/page.tsx(133,53): error TS2339: Property 'bufferTimeMinutes' does not exist on type 'ServiceProductMetadata'.
src/app/(dashboard)/dashboard/services/new/page.tsx(134,118): error TS2353: Object literal may only specify known properties, and 'bufferTimeMinutes' does not exist in type 'SetStateAction<ServiceProductMetadata>'.
src/app/(dashboard)/dashboard/services/new/page.tsx(144,93): error TS2322: Type 'unknown' is not assignable to type '"ONLINE" | "ON_SITE" | "CLIENT_LOCATION"'.
src/app/(dashboard)/dashboard/settings/activity/page.tsx(30,31): error TS2322: Type 'unknown' is not assignable to type 'LogEntry[]'.
src/app/(dashboard)/dashboard/settings/audit-log/page.tsx(80,53): error TS18046: 'e' is of type 'unknown'.
src/app/(dashboard)/dashboard/settings/audit-log/page.tsx(116,26): error TS18046: 'log' is of type 'unknown'.
src/app/(dashboard)/dashboard/settings/audit-log/page.tsx(120,40): error TS18046: 'log' is of type 'unknown'.
src/app/(dashboard)/dashboard/settings/audit-log/page.tsx(123,24): error TS18046: 'log' is of type 'unknown'.
src/app/(dashboard)/dashboard/settings/audit-log/page.tsx(127,26): error TS18046: 'log' is of type 'unknown'.
src/app/(dashboard)/dashboard/settings/audit-log/page.tsx(131,24): error TS18046: 'log' is of type 'unknown'.
src/app/(dashboard)/dashboard/settings/audit-log/page.tsx(133,28): error TS18046: 'log' is of type 'unknown'.
src/app/(dashboard)/dashboard/settings/audit-log/page.tsx(141,55): error TS2345: Argument of type 'unknown' is not assignable to parameter of type 'SetStateAction<AuditLog | null>'.
src/app/(dashboard)/dashboard/settings/audit-log/page.tsx(221,15): error TS2322: Type 'unknown' is not assignable to type 'ReactNode'.
src/app/(dashboard)/dashboard/settings/audit-log/page.tsx(232,15): error TS2322: Type 'unknown' is not assignable to type 'ReactNode'.
src/app/(dashboard)/dashboard/settings/industry/page.tsx(21,98): error TS2339: Property 'industrySlug' does not exist on type '{}'.
src/app/(dashboard)/dashboard/settings/industry/page.tsx(99,42): error TS2571: Object is of type 'unknown'.
src/app/(dashboard)/dashboard/settings/industry/page.tsx(100,42): error TS2571: Object is of type 'unknown'.
src/app/(dashboard)/dashboard/settings/industry/page.tsx(101,42): error TS2571: Object is of type 'unknown'.
src/app/(dashboard)/dashboard/settings/notifications/page.tsx(72,33): error TS2322: Type '{ label: string; icon: ForwardRefExoticComponent<Omit<LucideProps, "ref"> & RefAttributes<SVGSVGElement>>; checked: boolean; onChange: () => Promise<...>; }' is not assignable to type 'IntrinsicAttributes'.
  Property 'label' does not exist on type 'IntrinsicAttributes'.
src/app/(dashboard)/dashboard/settings/notifications/page.tsx(78,33): error TS2322: Type '{ label: string; icon: ForwardRefExoticComponent<Omit<LucideProps, "ref"> & RefAttributes<SVGSVGElement>>; checked: boolean; onChange: () => Promise<...>; }' is not assignable to type 'IntrinsicAttributes'.
  Property 'label' does not exist on type 'IntrinsicAttributes'.
src/app/(dashboard)/dashboard/settings/notifications/page.tsx(97,33): error TS2322: Type '{ label: string; icon: ForwardRefExoticComponent<Omit<LucideProps, "ref"> & RefAttributes<SVGSVGElement>>; checked: boolean; onChange: () => Promise<...>; }' is not assignable to type 'IntrinsicAttributes'.
  Property 'label' does not exist on type 'IntrinsicAttributes'.
src/app/(dashboard)/dashboard/settings/notifications/page.tsx(103,33): error TS2322: Type '{ label: string; icon: ForwardRefExoticComponent<Omit<LucideProps, "ref"> & RefAttributes<SVGSVGElement>>; checked: boolean; onChange: () => Promise<...>; }' is not assignable to type 'IntrinsicAttributes'.
  Property 'label' does not exist on type 'IntrinsicAttributes'.
src/app/(dashboard)/dashboard/settings/notifications/page.tsx(115,38): error TS2322: Type '{ className: string; }' is not assignable to type 'IntrinsicAttributes'.
  Property 'className' does not exist on type 'IntrinsicAttributes'.
src/app/(dashboard)/dashboard/settings/notifications/page.tsx(122,33): error TS2322: Type '{ label: string; icon: ForwardRefExoticComponent<Omit<LucideProps, "ref"> & RefAttributes<SVGSVGElement>>; checked: boolean; onChange: () => Promise<...>; disabled: true; }' is not assignable to type 'IntrinsicAttributes'.
  Property 'label' does not exist on type 'IntrinsicAttributes'.
src/app/(dashboard)/dashboard/settings/notifications/page.tsx(129,33): error TS2322: Type '{ label: string; icon: ForwardRefExoticComponent<Omit<LucideProps, "ref"> & RefAttributes<SVGSVGElement>>; checked: boolean; onChange: () => Promise<...>; disabled: true; }' is not assignable to type 'IntrinsicAttributes'.
  Property 'label' does not exist on type 'IntrinsicAttributes'.
src/app/(dashboard)/dashboard/settings/notifications/page.tsx(144,19): error TS2339: Property 'label' does not exist on type 'unknown'.
src/app/(dashboard)/dashboard/settings/notifications/page.tsx(144,26): error TS2339: Property 'icon' does not exist on type 'unknown'.
src/app/(dashboard)/dashboard/settings/notifications/page.tsx(144,38): error TS2339: Property 'checked' does not exist on type 'unknown'.
src/app/(dashboard)/dashboard/settings/notifications/page.tsx(144,47): error TS2339: Property 'onChange' does not exist on type 'unknown'.
src/app/(dashboard)/dashboard/settings/notifications/page.tsx(144,57): error TS2339: Property 'disabled' does not exist on type 'unknown'.
src/app/(dashboard)/dashboard/settings/notifications/page.tsx(162,17): error TS2698: Spread types may only be created from object types.
src/app/(dashboard)/dashboard/settings/overview/page.tsx(77,63): error TS18046: 'e' is of type 'unknown'.
src/app/(dashboard)/dashboard/settings/overview/page.tsx(88,64): error TS18046: 'e' is of type 'unknown'.
src/app/(dashboard)/dashboard/settings/payments/page.tsx(64,113): error TS2339: Property 'bankName' does not exist on type '{}'.
src/app/(dashboard)/dashboard/settings/payments/page.tsx(65,60): error TS2339: Property 'isVerified' does not exist on type '{}'.
src/app/(dashboard)/dashboard/settings/payments/page.tsx(69,125): error TS2339: Property 'accountNumber' does not exist on type '{}'.
src/app/(dashboard)/dashboard/settings/payments/page.tsx(70,96): error TS2339: Property 'accountName' does not exist on type '{}'.
src/app/(dashboard)/dashboard/settings/seo/actions.ts(6,38): error TS7006: Parameter 'data' implicitly has an 'any' type.
src/app/(dashboard)/dashboard/settings/store-policies/page.tsx(202,23): error TS2322: Type 'unknown' is not assignable to type '"default" | "secondary" | "outline" | "destructive" | undefined'.
src/app/(dashboard)/dashboard/settings/store-policies/page.tsx(229,54): error TS18046: 'e' is of type 'unknown'.
src/app/(dashboard)/dashboard/settings/store-policies/page.tsx(240,56): error TS18046: 'e' is of type 'unknown'.
src/app/(dashboard)/dashboard/setup-checklist/page.tsx(33,29): error TS2339: Property 'issues' does not exist on type '{}'.
src/app/(dashboard)/dashboard/setup-checklist/page.tsx(34,30): error TS2339: Property 'level' does not exist on type '{}'.
src/app/(dashboard)/dashboard/setup-checklist/page.tsx(46,19): error TS2322: Type 'unknown' is not assignable to type 'IconName'.
src/app/(dashboard)/dashboard/setup-checklist/page.tsx(59,20): error TS18046: 'issue' is of type 'unknown'.
src/app/(dashboard)/dashboard/setup-checklist/page.tsx(61,17): error TS18046: 'issue' is of type 'unknown'.
src/app/(dashboard)/dashboard/setup-checklist/page.tsx(67,36): error TS18046: 'issue' is of type 'unknown'.
src/app/(dashboard)/dashboard/setup-checklist/page.tsx(70,19): error TS2322: Type 'unknown' is not assignable to type 'IconName'.
src/app/(dashboard)/dashboard/setup-checklist/page.tsx(71,22): error TS18046: 'issue' is of type 'unknown'.
src/app/(dashboard)/dashboard/setup-checklist/page.tsx(81,21): error TS18046: 'issue' is of type 'unknown'.
src/app/(dashboard)/dashboard/setup-checklist/page.tsx(86,20): error TS18046: 'issue' is of type 'unknown'.
src/app/(dashboard)/dashboard/setup-checklist/page.tsx(90,21): error TS18046: 'issue' is of type 'unknown'.
src/app/(dashboard)/dashboard/setup-checklist/page.tsx(95,20): error TS18046: 'issue' is of type 'unknown'.
src/app/(dashboard)/dashboard/setup-checklist/page.tsx(99,18): error TS18046: 'issue' is of type 'unknown'.
src/app/(dashboard)/dashboard/setup-checklist/page.tsx(101,27): error TS18046: 'issue' is of type 'unknown'.
src/app/(dashboard)/dashboard/support/disputes/page.tsx(185,75): error TS18046: 'e' is of type 'unknown'.
src/app/(dashboard)/dashboard/support/new/page.tsx(47,25): error TS18046: 'error' is of type 'unknown'.
src/app/(dashboard)/dashboard/support/page.tsx(219,40): error TS7053: Element implicitly has an 'any' type because expression of type 'string' can't be used to index type '{}'.
  No index signature with a parameter of type 'string' was found on type '{}'.
src/app/(dashboard)/dashboard/support/page.tsx(226,38): error TS2339: Property 'prohibitedClaims' does not exist on type '{}'.
src/app/(dashboard)/dashboard/support/page.tsx(233,31): error TS2339: Property 'prohibitedClaims' does not exist on type '{}'.
src/app/(dashboard)/dashboard/support/page.tsx(267,89): error TS2339: Property 'enabled' does not exist on type '{}'.
src/app/(dashboard)/dashboard/support/page.tsx(269,111): error TS2339: Property 'enabled' does not exist on type '{}'.
src/app/(dashboard)/dashboard/support/page.tsx(281,89): error TS2339: Property 'humanHandoffEnabled' does not exist on type '{}'.
src/app/(dashboard)/dashboard/support/page.tsx(283,111): error TS2339: Property 'humanHandoffEnabled' does not exist on type '{}'.
src/app/(dashboard)/dashboard/support/page.tsx(295,89): error TS2339: Property 'autoReplyOutsideHours' does not exist on type '{}'.
src/app/(dashboard)/dashboard/support/page.tsx(297,111): error TS2339: Property 'autoReplyOutsideHours' does not exist on type '{}'.
src/app/(dashboard)/dashboard/support/page.tsx(322,22): error TS2339: Property 'prohibitedClaims' does not exist on type '{}'.
src/app/(dashboard)/dashboard/support/page.tsx(335,24): error TS2339: Property 'prohibitedClaims' does not exist on type '{}'.
src/app/(dashboard)/dashboard/support/page.tsx(335,52): error TS2339: Property 'prohibitedClaims' does not exist on type '{}'.
src/app/(dashboard)/dashboard/wa-agent/page.tsx(86,29): error TS18046: 'responses' is of type 'unknown'.
src/app/(dashboard)/dashboard/wa-agent/page.tsx(86,56): error TS18046: 'responses' is of type 'unknown'.
src/app/(dashboard)/settings/api-keys/page.tsx(75,25): error TS18046: 'err' is of type 'unknown'.
src/app/(dashboard)/settings/api-keys/page.tsx(87,25): error TS18046: 'err' is of type 'unknown'.
src/app/(dashboard)/settings/api-keys/page.tsx(105,25): error TS18046: 'err' is of type 'unknown'.
src/app/(dashboard)/settings/api-keys/page.tsx(225,48): error TS18046: 'key' is of type 'unknown'.
src/app/(dashboard)/settings/api-keys/page.tsx(228,52): error TS18046: 'key' is of type 'unknown'.
src/app/(dashboard)/settings/api-keys/page.tsx(235,57): error TS18046: 'key' is of type 'unknown'.
src/app/(dashboard)/settings/api-keys/page.tsx(236,46): error TS18046: 'key' is of type 'unknown'.
src/app/(dashboard)/settings/api-keys/page.tsx(240,42): error TS18046: 'key' is of type 'unknown'.
src/app/(dashboard)/settings/api-keys/page.tsx(240,75): error TS18046: 'key' is of type 'unknown'.
src/app/(dashboard)/settings/api-keys/page.tsx(243,58): error TS18046: 'key' is of type 'unknown'.
src/app/(dashboard)/settings/api-keys/page.tsx(246,42): error TS18046: 'key' is of type 'unknown'.
src/app/(dashboard)/settings/api-keys/page.tsx(246,74): error TS18046: 'key' is of type 'unknown'.
src/app/(dashboard)/settings/api-keys/page.tsx(249,42): error TS18046: 'key' is of type 'unknown'.
src/app/(dashboard)/settings/api-keys/page.tsx(249,61): error TS18046: 'key' is of type 'unknown'.
src/app/(dashboard)/settings/api-keys/page.tsx(250,82): error TS18046: 'key' is of type 'unknown'.
src/app/(dashboard)/settings/api-keys/page.tsx(256,42): error TS18046: 'key' is of type 'unknown'.
src/app/(dashboard)/settings/api-keys/page.tsx(258,110): error TS18046: 'key' is of type 'unknown'.
src/app/(dashboard)/settings/api-keys/page.tsx(261,154): error TS18046: 'key' is of type 'unknown'.
src/app/(dashboard)/settings/store/pickup/page.tsx(39,59): error TS2339: Property 'id' does not exist on type '{}'.
src/app/(dashboard)/settings/team/page.tsx(51,25): error TS18046: 'err' is of type 'unknown'.
src/app/(dashboard)/settings/team/page.tsx(158,48): error TS18046: 'm' is of type 'unknown'.
src/app/(dashboard)/settings/team/page.tsx(161,63): error TS18046: 'm' is of type 'unknown'.
src/app/(dashboard)/settings/team/page.tsx(162,86): error TS18046: 'm' is of type 'unknown'.
src/app/(dashboard)/settings/team/page.tsx(162,95): error TS18046: 'm' is of type 'unknown'.
src/app/(dashboard)/settings/team/page.tsx(165,76): error TS18046: 'm' is of type 'unknown'.
src/app/(dashboard)/settings/team/page.tsx(166,94): error TS18046: 'm' is of type 'unknown'.
src/app/(dashboard)/settings/team/page.tsx(172,46): error TS18046: 'm' is of type 'unknown'.
src/app/(dashboard)/settings/team/page.tsx(176,58): error TS18046: 'm' is of type 'unknown'.
src/app/(dashboard)/settings/team/page.tsx(179,105): error TS18046: 'm' is of type 'unknown'.
src/app/(dashboard)/settings/team/page.tsx(208,52): error TS18046: 'inv' is of type 'unknown'.
src/app/(dashboard)/settings/team/page.tsx(212,56): error TS18046: 'inv' is of type 'unknown'.
src/app/(dashboard)/settings/team/page.tsx(216,73): error TS18046: 'inv' is of type 'unknown'.
src/app/(dashboard)/settings/team/page.tsx(221,74): error TS18046: 'inv' is of type 'unknown'.
src/app/(dashboard)/settings/team/page.tsx(225,109): error TS18046: 'inv' is of type 'unknown'.
src/app/api/account/branding/upload/route.ts(39,21): error TS7053: Element implicitly has an 'any' type because expression of type 'string' can't be used to index type '{ "image/png": string; "image/jpeg": string; "image/jpg": string; "image/webp": string; }'.
  No index signature with a parameter of type 'string' was found on type '{ "image/png": string; "image/jpeg": string; "image/jpg": string; "image/webp": string; }'.
src/app/api/account/branding/upload/route.ts(39,29): error TS18048: 'file' is possibly 'undefined'.
src/app/api/account/branding/upload/route.ts(45,57): error TS2345: Argument of type 'File | undefined' is not assignable to parameter of type 'PutBody'.
  Type 'undefined' is not assignable to type 'PutBody'.
src/app/api/account/branding/upload/route.ts(59,33): error TS18048: 'file' is possibly 'undefined'.
src/app/api/account/branding/upload/route.ts(78,13): error TS18046: 'error' is of type 'unknown'.
src/app/api/account/domains/route.ts(23,53): error TS2339: Property 'lastCheckedAt' does not exist on type 'string | number | boolean | JsonObject | JsonArray'.
  Property 'lastCheckedAt' does not exist on type 'string'.
src/app/api/account/domains/route.ts(24,49): error TS2339: Property 'lastError' does not exist on type 'string | number | boolean | JsonObject | JsonArray'.
  Property 'lastError' does not exist on type 'string'.
src/app/api/account/export/route.ts(25,28): error TS2339: Property 'name' does not exist on type '{ memberships: ({ store: { plan: SubscriptionPlan; id: string; createdAt: Date; updatedAt: Date; name: string; type: MerchantType; slug: string; ... 27 more ...; version: number; }; } & { ...; })[]; } & { ...; }'.
src/app/api/account/export/route.ts(28,29): error TS2339: Property 'role' does not exist on type '{ store: { plan: SubscriptionPlan; id: string; createdAt: Date; updatedAt: Date; name: string; type: MerchantType; slug: string; logoUrl: string | null; ... 26 more ...; version: number; }; } & { ...; }'.
src/app/api/account/overview/route.ts(82,41): error TS2339: Property 'paystack' does not exist on type 'string | number | true | JsonObject | JsonArray'.
  Property 'paystack' does not exist on type 'string'.
src/app/api/account/overview/route.ts(85,41): error TS2339: Property 'delivery' does not exist on type 'string | number | true | JsonObject | JsonArray'.
  Property 'delivery' does not exist on type 'string'.
src/app/api/account/overview/route.ts(95,45): error TS2339: Property 'api' does not exist on type 'string | number | true | JsonObject | JsonArray'.
  Property 'api' does not exist on type 'string'.
src/app/api/account/security/change-password/route.ts(64,13): error TS18046: 'error' is of type 'unknown'.
src/app/api/billing/invoices/route.ts(32,13): error TS18046: 'error' is of type 'unknown'.
src/app/api/billing/verify-payment/route.ts(108,13): error TS18046: 'error' is of type 'unknown'.
src/app/api/billing/verify-payment/route.ts(111,13): error TS18046: 'error' is of type 'unknown'.
src/app/api/billing/verify-payment/route.ts(114,43): error TS18046: 'error' is of type 'unknown'.
src/app/api/bookings/[id]/route.ts(19,43): error TS18046: 'error' is of type 'unknown'.
src/app/api/bookings/[id]/route.ts(37,43): error TS18046: 'error' is of type 'unknown'.
src/app/api/bookings/[id]/route.ts(50,43): error TS18046: 'error' is of type 'unknown'.
src/app/api/bookings/route.ts(13,68): error TS2345: Argument of type 'Date | undefined' is not assignable to parameter of type 'Date'.
  Type 'undefined' is not assignable to type 'Date'.
src/app/api/collections/route.ts(64,43): error TS18046: 'error' is of type 'unknown'.
src/app/api/dashboard/health/route.ts(12,35): error TS2322: Type '"PAID"' is not assignable to type 'PaymentStatus | EnumPaymentStatusFilter<"Order"> | undefined'.
src/app/api/exports/[id]/download/route.ts(49,25): error TS2339: Property 'status' does not exist on type 'string | number | true | JsonObject | JsonArray'.
  Property 'status' does not exist on type 'string'.
src/app/api/exports/[id]/download/route.ts(49,43): error TS2339: Property 'status' does not exist on type 'string | number | true | JsonObject | JsonArray'.
  Property 'status' does not exist on type 'string'.
src/app/api/exports/[id]/download/route.ts(50,23): error TS2339: Property 'status' does not exist on type '{ storeId: string; }'.
src/app/api/exports/[id]/download/route.ts(50,40): error TS2339: Property 'status' does not exist on type 'string | number | true | JsonObject | JsonArray'.
  Property 'status' does not exist on type 'string'.
src/app/api/exports/[id]/download/route.ts(86,25): error TS2339: Property 'status' does not exist on type 'string | number | true | JsonObject | JsonArray'.
  Property 'status' does not exist on type 'string'.
src/app/api/exports/[id]/download/route.ts(86,43): error TS2339: Property 'status' does not exist on type 'string | number | true | JsonObject | JsonArray'.
  Property 'status' does not exist on type 'string'.
src/app/api/exports/[id]/download/route.ts(87,23): error TS2339: Property 'status' does not exist on type '{ storeId: string; }'.
src/app/api/exports/[id]/download/route.ts(87,40): error TS2339: Property 'status' does not exist on type 'string | number | true | JsonObject | JsonArray'.
  Property 'status' does not exist on type 'string'.
src/app/api/exports/[id]/download/route.ts(121,25): error TS2339: Property 'dateFrom' does not exist on type 'string | number | true | JsonObject | JsonArray'.
  Property 'dateFrom' does not exist on type 'string'.
src/app/api/exports/[id]/download/route.ts(122,23): error TS2339: Property 'createdAt' does not exist on type '{ storeId: string; }'.
src/app/api/exports/[id]/download/route.ts(123,30): error TS2339: Property 'createdAt' does not exist on type '{ storeId: string; }'.
src/app/api/exports/[id]/download/route.ts(124,43): error TS2339: Property 'dateFrom' does not exist on type 'string | number | true | JsonObject | JsonArray'.
  Property 'dateFrom' does not exist on type 'string'.
src/app/api/exports/[id]/download/route.ts(127,25): error TS2339: Property 'dateTo' does not exist on type 'string | number | true | JsonObject | JsonArray'.
  Property 'dateTo' does not exist on type 'string'.
src/app/api/exports/[id]/download/route.ts(128,23): error TS2339: Property 'createdAt' does not exist on type '{ storeId: string; }'.
src/app/api/exports/[id]/download/route.ts(128,46): error TS2339: Property 'createdAt' does not exist on type '{ storeId: string; }'.
src/app/api/exports/[id]/download/route.ts(128,79): error TS2339: Property 'dateTo' does not exist on type 'string | number | true | JsonObject | JsonArray'.
  Property 'dateTo' does not exist on type 'string'.
src/app/api/exports/[id]/download/route.ts(168,25): error TS2339: Property 'dateFrom' does not exist on type 'string | number | true | JsonObject | JsonArray'.
  Property 'dateFrom' does not exist on type 'string'.
src/app/api/exports/[id]/download/route.ts(169,23): error TS2339: Property 'createdAt' does not exist on type '{ storeId: string; }'.
src/app/api/exports/[id]/download/route.ts(170,30): error TS2339: Property 'createdAt' does not exist on type '{ storeId: string; }'.
src/app/api/exports/[id]/download/route.ts(171,43): error TS2339: Property 'dateFrom' does not exist on type 'string | number | true | JsonObject | JsonArray'.
  Property 'dateFrom' does not exist on type 'string'.
src/app/api/exports/[id]/download/route.ts(174,25): error TS2339: Property 'dateTo' does not exist on type 'string | number | true | JsonObject | JsonArray'.
  Property 'dateTo' does not exist on type 'string'.
src/app/api/exports/[id]/download/route.ts(175,23): error TS2339: Property 'createdAt' does not exist on type '{ storeId: string; }'.
src/app/api/exports/[id]/download/route.ts(175,46): error TS2339: Property 'createdAt' does not exist on type '{ storeId: string; }'.
src/app/api/exports/[id]/download/route.ts(175,79): error TS2339: Property 'dateTo' does not exist on type 'string | number | true | JsonObject | JsonArray'.
  Property 'dateTo' does not exist on type 'string'.
src/app/api/exports/create/route.ts(52,13): error TS18046: 'error' is of type 'unknown'.
src/app/api/exports/create/route.ts(55,13): error TS18046: 'error' is of type 'unknown'.
src/app/api/exports/create/route.ts(56,47): error TS18046: 'error' is of type 'unknown'.
src/app/api/exports/route.ts(15,22): error TS2353: Object literal may only specify known properties, and 'storeId' does not exist in type 'ExportJobWhereInput'.
src/app/api/exports/route.ts(43,17): error TS2353: Object literal may only specify known properties, and 'storeId' does not exist in type '(Without<ExportJobCreateInput, ExportJobUncheckedCreateInput> & ExportJobUncheckedCreateInput) | (Without<...> & ExportJobCreateInput)'.
src/app/api/fulfillment/shipments/route.ts(12,19): error TS2339: Property 'status' does not exist on type '{ storeId: string; }'.
src/app/api/fulfillment/shipments/route.ts(15,19): error TS2339: Property 'status' does not exist on type '{ storeId: string; }'.
src/app/api/integrations/route.ts(23,38): error TS2339: Property 'paystack' does not exist on type 'string | number | true | JsonObject | JsonArray'.
  Property 'paystack' does not exist on type 'string'.
src/app/api/integrations/route.ts(24,39): error TS2339: Property 'paystack' does not exist on type 'string | number | true | JsonObject | JsonArray'.
  Property 'paystack' does not exist on type 'string'.
src/app/api/integrations/route.ts(25,40): error TS2339: Property 'paystack' does not exist on type 'string | number | true | JsonObject | JsonArray'.
  Property 'paystack' does not exist on type 'string'.
src/app/api/integrations/route.ts(37,38): error TS2339: Property 'email' does not exist on type 'string | number | true | JsonObject | JsonArray'.
  Property 'email' does not exist on type 'string'.
src/app/api/integrations/route.ts(38,39): error TS2339: Property 'email' does not exist on type 'string | number | true | JsonObject | JsonArray'.
  Property 'email' does not exist on type 'string'.
src/app/api/integrations/route.ts(39,40): error TS2339: Property 'email' does not exist on type 'string | number | true | JsonObject | JsonArray'.
  Property 'email' does not exist on type 'string'.
src/app/api/integrations/route.ts(46,13): error TS18046: 'error' is of type 'unknown'.
src/app/api/jobs/cron/trial-reminders/route.ts(81,43): error TS18046: 'error' is of type 'unknown'.
src/app/api/jobs/route.ts(16,19): error TS2339: Property 'OR' does not exist on type '{ storeId: any; }'.
src/app/api/kitchen/orders/[id]/route.ts(13,43): error TS18046: 'error' is of type 'unknown'.
src/app/api/kitchen/orders/route.ts(11,43): error TS18046: 'error' is of type 'unknown'.
src/app/api/kyc/status/route.ts(40,13): error TS18046: 'error' is of type 'unknown'.
src/app/api/kyc/upload/route.ts(64,28): error TS2339: Property 'bvnDocument' does not exist on type '{ status: string; }'.
src/app/api/kyc/upload/route.ts(67,28): error TS2339: Property 'idDocument' does not exist on type '{ status: string; }'.
src/app/api/kyc/upload/route.ts(70,28): error TS2339: Property 'cacDocument' does not exist on type '{ status: string; }'.
src/app/api/kyc/upload/route.ts(74,17): error TS2322: Type '{ status: string; }' is not assignable to type '(Without<KycRecordUpdateInput, KycRecordUncheckedUpdateInput> & KycRecordUncheckedUpdateInput) | (Without<...> & KycRecordUpdateInput)'.
  Type '{ status: string; }' is not assignable to type 'Without<KycRecordUncheckedUpdateInput, KycRecordUpdateInput> & KycRecordUpdateInput'.
    Types of property 'status' are incompatible.
      Type 'string' is not assignable to type 'EnumKycStatusFieldUpdateOperationsInput | KycStatus | undefined'.
src/app/api/kyc/upload/route.ts(85,28): error TS2339: Property 'bvnDocument' does not exist on type '{ storeId: any; status: string; businessType: string; }'.
src/app/api/kyc/upload/route.ts(88,28): error TS2339: Property 'idDocument' does not exist on type '{ storeId: any; status: string; businessType: string; }'.
src/app/api/kyc/upload/route.ts(91,28): error TS2339: Property 'cacDocument' does not exist on type '{ storeId: any; status: string; businessType: string; }'.
src/app/api/kyc/upload/route.ts(95,17): error TS2322: Type '{ storeId: any; status: string; businessType: string; }' is not assignable to type '(Without<KycRecordCreateInput, KycRecordUncheckedCreateInput> & KycRecordUncheckedCreateInput) | (Without<...> & KycRecordCreateInput)'.
  Type '{ storeId: any; status: string; businessType: string; }' is not assignable to type 'Without<KycRecordUncheckedCreateInput, KycRecordCreateInput> & KycRecordCreateInput'.
    Type '{ storeId: any; status: string; businessType: string; }' is missing the following properties from type 'KycRecordCreateInput': ninLast4, bvnLast4, store
src/app/api/kyc/upload/route.ts(106,13): error TS18046: 'error' is of type 'unknown'.
src/app/api/kyc/verify/route.ts(43,13): error TS18046: 'error' is of type 'unknown'.
src/app/api/kyc/verify/route.ts(46,43): error TS18046: 'error' is of type 'unknown'.
src/app/api/me/onboarding-summary/route.ts(25,40): error TS2339: Property 'industryCategory' does not exist on type '{ plan: SubscriptionPlan; id: string; slug: string; name: string; logoUrl: string | null; onboardingStatus: OnboardingStatus; onboardingLastStep: string | null; ... 27 more ...; version: number; }'.
src/app/api/me/onboarding-summary/route.ts(27,29): error TS2339: Property 'industryCategory' does not exist on type 'string | number | boolean | JsonObject | JsonArray'.
  Property 'industryCategory' does not exist on type 'string'.
src/app/api/me/onboarding-summary/route.ts(32,13): error TS2367: This comparison appears to be unintentional because the types 'OnboardingStatus' and '"COMPLETED"' have no overlap.
src/app/api/menu-items/route.ts(12,43): error TS18046: 'error' is of type 'unknown'.
src/app/api/merchant/approvals/route.ts(43,43): error TS18046: 'error' is of type 'unknown'.
src/app/api/merchant/approvals/route.ts(53,19): error TS2339: Property 'status' does not exist on type '{ merchantId: string; }'.
src/app/api/merchant/audit/route.ts(17,19): error TS2339: Property 'entityType' does not exist on type '{ storeId: string; }'.
src/app/api/merchant/audit/route.ts(19,19): error TS2339: Property 'entityId' does not exist on type '{ storeId: string; }'.
src/app/api/merchant/audit/route.ts(21,19): error TS2339: Property 'action' does not exist on type '{ storeId: string; }'.
src/app/api/merchant/audit/route.ts(23,19): error TS2339: Property 'actorId' does not exist on type '{ storeId: string; }'.
src/app/api/merchant/billing/subscribe/route.ts(11,10): error TS7053: Element implicitly has an 'any' type because expression of type 'any' can't be used to index type '{ STARTER: { slug: string; name: string; priceNgn: number; limits: { teamSeats: number; templatesAvailable: string; monthlyCampaignSends: number; }; features: { approvals: boolean; inboxOps: boolean; reports: boolean; advancedAnalytics: boolean; }; }; GROWTH: { ...; }; PRO: { ...; }; }'.
src/app/api/merchant/billing/subscribe/route.ts(38,33): error TS18046: 'e' is of type 'unknown'.
src/app/api/merchant/imports/init/route.ts(38,43): error TS18046: 'error' is of type 'unknown'.
src/app/api/merchant/imports/validate/route.ts(46,52): error TS7053: Element implicitly has an 'any' type because expression of type 'any' can't be used to index type '{}'.
src/app/api/merchant/imports/validate/route.ts(74,57): error TS18046: 'e' is of type 'unknown'.
src/app/api/merchant/inbox/conversations/route.ts(12,19): error TS2339: Property 'status' does not exist on type '{ merchantId: string; }'.
src/app/api/merchant/inbox/conversations/route.ts(14,13): error TS2559: Type '{ merchantId: string; }' has no properties in common with type 'ConversationWhereInput'.
src/app/api/merchant/inbox/conversations/route.ts(39,32): error TS2339: Property 'messages' does not exist on type '{ status: string; id: string; createdAt: Date; updatedAt: Date; tags: JsonValue; storeId: string; priority: string; lastMessageAt: Date; contactId: string; assignedTo: string | null; unreadCount: number; lastInboundAt: Date | null; lastOutboundAt: Date | null; lastRepliedAt: Date | null; }'.
src/app/api/merchant/notifications/route.ts(15,19): error TS2339: Property 'isRead' does not exist on type '{ storeId: string; }'.
src/app/api/merchant/notifications/route.ts(18,19): error TS2339: Property 'category' does not exist on type '{ storeId: string; }'.
src/app/api/merchant/notifications/route.ts(21,19): error TS2339: Property 'type' does not exist on type '{ storeId: string; }'.
src/app/api/merchant/policies/generate/route.ts(24,48): error TS2339: Property 'supportWhatsApp' does not exist on type 'string | number | true | JsonObject | JsonArray'.
  Property 'supportWhatsApp' does not exist on type 'string'.
src/app/api/merchant/policies/generate/route.ts(25,37): error TS2339: Property 'supportEmail' does not exist on type 'string | number | true | JsonObject | JsonArray'.
  Property 'supportEmail' does not exist on type 'string'.
src/app/api/merchant/settings/ai-agent/route.ts(12,34): error TS2339: Property 'aiAgent' does not exist on type 'string | number | true | JsonObject | JsonArray'.
  Property 'aiAgent' does not exist on type 'string'.
src/app/api/merchant/settings/ai-agent/route.ts(35,32): error TS2339: Property 'aiAgent' does not exist on type 'string | number | true | JsonObject | JsonArray'.
  Property 'aiAgent' does not exist on type 'string'.
src/app/api/merchant/settings/ai-agent/route.ts(36,49): error TS2339: Property 'aiAgent' does not exist on type 'string | number | true | JsonObject | JsonArray'.
  Property 'aiAgent' does not exist on type 'string'.
src/app/api/merchant/settings/ai-agent/route.ts(37,43): error TS2339: Property 'aiAgent' does not exist on type 'string | number | true | JsonObject | JsonArray'.
  Property 'aiAgent' does not exist on type 'string'.
src/app/api/merchant/settings/ai-agent/route.ts(38,61): error TS2339: Property 'aiAgent' does not exist on type 'string | number | true | JsonObject | JsonArray'.
  Property 'aiAgent' does not exist on type 'string'.
src/app/api/merchant/settings/ai-agent/route.ts(39,65): error TS2339: Property 'aiAgent' does not exist on type 'string | number | true | JsonObject | JsonArray'.
  Property 'aiAgent' does not exist on type 'string'.
src/app/api/merchant/settings/ai-agent/route.ts(46,21): error TS2698: Spread types may only be created from object types.
src/app/api/merchant/stores/route.ts(16,43): error TS18046: 'error' is of type 'unknown'.
src/app/api/merchant/stores/route.ts(60,43): error TS18046: 'error' is of type 'unknown'.
src/app/api/merchant/templates/apply/route.ts(46,33): error TS18046: 'e' is of type 'unknown'.
src/app/api/notifications/preferences/route.ts(27,32): error TS2339: Property 'orders' does not exist on type 'string | number | true | JsonObject | JsonArray'.
  Property 'orders' does not exist on type 'string'.
src/app/api/notifications/preferences/route.ts(28,31): error TS2339: Property 'orders' does not exist on type 'string | number | true | JsonObject | JsonArray'.
  Property 'orders' does not exist on type 'string'.
src/app/api/notifications/preferences/route.ts(29,33): error TS2339: Property 'payouts' does not exist on type 'string | number | true | JsonObject | JsonArray'.
  Property 'payouts' does not exist on type 'string'.
src/app/api/notifications/preferences/route.ts(30,32): error TS2339: Property 'payouts' does not exist on type 'string | number | true | JsonObject | JsonArray'.
  Property 'payouts' does not exist on type 'string'.
src/app/api/notifications/preferences/route.ts(33,35): error TS2339: Property 'marketing' does not exist on type 'string | number | true | JsonObject | JsonArray'.
  Property 'marketing' does not exist on type 'string'.
src/app/api/notifications/settings/route.ts(15,47): error TS2339: Property 'notifications' does not exist on type 'string | number | true | JsonObject | JsonArray'.
  Property 'notifications' does not exist on type 'string'.
src/app/api/notifications/settings/route.ts(38,13): error TS18046: 'error' is of type 'unknown'.
src/app/api/notifications/settings/route.ts(59,21): error TS2698: Spread types may only be created from object types.
src/app/api/notifications/settings/route.ts(75,13): error TS18046: 'error' is of type 'unknown'.
src/app/api/notifications/trigger/route.ts(25,58): error TS2339: Property 'name' does not exist on type '{ id: string; email: string; firstName: string | null; lastName: string | null; storeId: string; storeName: string; role: AppRole; }'.
src/app/api/ops/audit/route.ts(14,19): error TS2339: Property 'OR' does not exist on type '{}'.
src/app/api/ops/auth/login/route.ts(38,17): error TS18046: 'authError' is of type 'unknown'.
src/app/api/ops/kyc/[id]/retry/route.ts(18,22): error TS7053: Element implicitly has an 'any' type because expression of type 'number' can't be used to index type 'string | number | true | JsonObject | JsonArray'.
  No index signature with a parameter of type 'number' was found on type 'string | number | true | JsonObject | JsonArray'.
src/app/api/ops/kyc/[id]/retry/route.ts(18,42): error TS2339: Property 'length' does not exist on type 'string | number | true | JsonObject | JsonArray'.
  Property 'length' does not exist on type 'number'.
src/app/api/ops/kyc/[id]/retry/route.ts(33,43): error TS18046: 'err' is of type 'unknown'.
src/app/api/ops/kyc/route.ts(13,22): error TS2322: Type 'string' is not assignable to type 'KycStatus | EnumKycStatusFilter<"KycRecord"> | undefined'.
src/app/api/ops/metrics/route.ts(10,31): error TS2554: Expected 1 arguments, but got 0.
src/app/api/ops/support/metrics/route.ts(51,13): error TS7053: Element implicitly has an 'any' type because expression of type 'any' can't be used to index type '{}'.
src/app/api/ops/support/metrics/route.ts(51,33): error TS7053: Element implicitly has an 'any' type because expression of type 'any' can't be used to index type '{}'.
src/app/api/ops/support/tickets/[id]/reply/route.ts(32,14): error TS18047: 'ticket' is possibly 'null'.
src/app/api/ops/support/tickets/[id]/reply/route.ts(33,24): error TS2339: Property 'firstOpsReplyAt' does not exist on type '{ lastMessageAt: Date; }'.
src/app/api/ops/users/[id]/route.ts(54,43): error TS18046: 'e' is of type 'unknown'.
src/app/api/ops/users/route.ts(59,43): error TS18046: 'e' is of type 'unknown'.
src/app/api/orders/[id]/delivery/dispatch/route.ts(48,17): error TS2561: Object literal may only specify known properties, but 'Shipment' does not exist in type 'OrderInclude<DefaultArgs>'. Did you mean to write 'shipment'?
src/app/api/orders/[id]/delivery/dispatch/route.ts(55,19): error TS2339: Property 'Shipment' does not exist on type '{ status: OrderStatus; internalNote: string | null; id: string; createdAt: Date; updatedAt: Date; storeId: string; source: string; metadata: JsonValue; ... 21 more ...; importStatus: ImportOrderState | null; }'.
src/app/api/orders/[id]/delivery/dispatch/route.ts(56,34): error TS2339: Property 'Shipment' does not exist on type '{ status: OrderStatus; internalNote: string | null; id: string; createdAt: Date; updatedAt: Date; storeId: string; source: string; metadata: JsonValue; ... 21 more ...; importStatus: ImportOrderState | null; }'.
src/app/api/orders/[id]/delivery/dispatch/route.ts(61,75): error TS2339: Property 'Shipment' does not exist on type '{ status: OrderStatus; internalNote: string | null; id: string; createdAt: Date; updatedAt: Date; storeId: string; source: string; metadata: JsonValue; ... 21 more ...; importStatus: ImportOrderState | null; }'.
src/app/api/orders/[id]/delivery/dispatch/route.ts(65,37): error TS2339: Property 'Shipment' does not exist on type '{ status: OrderStatus; internalNote: string | null; id: string; createdAt: Date; updatedAt: Date; storeId: string; source: string; metadata: JsonValue; ... 21 more ...; importStatus: ImportOrderState | null; }'.
src/app/api/orders/[id]/delivery/dispatch/route.ts(65,70): error TS2551: Property 'Customer' does not exist on type '{ status: OrderStatus; internalNote: string | null; id: string; createdAt: Date; updatedAt: Date; storeId: string; source: string; metadata: JsonValue; ... 21 more ...; importStatus: ImportOrderState | null; }'. Did you mean 'customerId'?
src/app/api/orders/[id]/delivery/dispatch/route.ts(66,38): error TS2339: Property 'Shipment' does not exist on type '{ status: OrderStatus; internalNote: string | null; id: string; createdAt: Date; updatedAt: Date; storeId: string; source: string; metadata: JsonValue; ... 21 more ...; importStatus: ImportOrderState | null; }'.
src/app/api/orders/[id]/delivery/dispatch/route.ts(68,19): error TS2551: Property 'Customer' does not exist on type '{ status: OrderStatus; internalNote: string | null; id: string; createdAt: Date; updatedAt: Date; storeId: string; source: string; metadata: JsonValue; ... 21 more ...; importStatus: ImportOrderState | null; }'. Did you mean 'customerId'?
src/app/api/orders/[id]/delivery/dispatch/route.ts(70,36): error TS2339: Property 'Shipment' does not exist on type '{ status: OrderStatus; internalNote: string | null; id: string; createdAt: Date; updatedAt: Date; storeId: string; source: string; metadata: JsonValue; ... 21 more ...; importStatus: ImportOrderState | null; }'.
src/app/api/orders/[id]/delivery/dispatch/route.ts(71,35): error TS2339: Property 'Shipment' does not exist on type '{ status: OrderStatus; internalNote: string | null; id: string; createdAt: Date; updatedAt: Date; storeId: string; source: string; metadata: JsonValue; ... 21 more ...; importStatus: ImportOrderState | null; }'.
src/app/api/orders/[id]/delivery/dispatch/route.ts(111,74): error TS2339: Property 'error' does not exist on type '{ success: boolean; providerJobId: string; trackingUrl: null; provider: string; deliveryStatus: string; } | { success: boolean; error: string; rawResponse: string; providerJobId?: undefined; trackingUrl?: undefined; provider?: undefined; deliveryStatus?: undefined; } | { ...; } | { ...; }'.
  Property 'error' does not exist on type '{ success: boolean; providerJobId: string; trackingUrl: null; provider: string; deliveryStatus: string; }'.
src/app/api/orders/[id]/delivery/dispatch/route.ts(127,31): error TS2339: Property 'rawResponse' does not exist on type '{ success: boolean; providerJobId: string; trackingUrl: null; provider: string; deliveryStatus: string; } | { success: boolean; error: string; rawResponse: string; providerJobId?: undefined; trackingUrl?: undefined; provider?: undefined; deliveryStatus?: undefined; } | { ...; } | { ...; }'.
  Property 'rawResponse' does not exist on type '{ success: boolean; providerJobId: string; trackingUrl: null; provider: string; deliveryStatus: string; }'.
src/app/api/orders/[id]/delivery/dispatch/route.ts(128,45): error TS2339: Property 'rawResponse' does not exist on type '{ success: boolean; providerJobId: string; trackingUrl: null; provider: string; deliveryStatus: string; } | { success: boolean; error: string; rawResponse: string; providerJobId?: undefined; trackingUrl?: undefined; provider?: undefined; deliveryStatus?: undefined; } | { ...; } | { ...; }'.
  Property 'rawResponse' does not exist on type '{ success: boolean; providerJobId: string; trackingUrl: null; provider: string; deliveryStatus: string; }'.
src/app/api/orders/[id]/delivery/dispatch/route.ts(136,31): error TS2339: Property 'rawResponse' does not exist on type '{ success: boolean; providerJobId: string; trackingUrl: null; provider: string; deliveryStatus: string; } | { success: boolean; error: string; rawResponse: string; providerJobId?: undefined; trackingUrl?: undefined; provider?: undefined; deliveryStatus?: undefined; } | { ...; } | { ...; }'.
  Property 'rawResponse' does not exist on type '{ success: boolean; providerJobId: string; trackingUrl: null; provider: string; deliveryStatus: string; }'.
src/app/api/orders/[id]/delivery/dispatch/route.ts(137,45): error TS2339: Property 'rawResponse' does not exist on type '{ success: boolean; providerJobId: string; trackingUrl: null; provider: string; deliveryStatus: string; } | { success: boolean; error: string; rawResponse: string; providerJobId?: undefined; trackingUrl?: undefined; provider?: undefined; deliveryStatus?: undefined; } | { ...; } | { ...; }'.
  Property 'rawResponse' does not exist on type '{ success: boolean; providerJobId: string; trackingUrl: null; provider: string; deliveryStatus: string; }'.
src/app/api/orders/[id]/delivery/dispatch/route.ts(161,43): error TS18046: 'error' is of type 'unknown'.
src/app/api/orders/[id]/delivery/manual-status/route.ts(32,25): error TS7053: Element implicitly has an 'any' type because expression of type 'string' can't be used to index type '{ REQUESTED: string[]; ACCEPTED: string[]; PICKED_UP: string[]; IN_TRANSIT: string[]; }'.
  No index signature with a parameter of type 'string' was found on type '{ REQUESTED: string[]; ACCEPTED: string[]; PICKED_UP: string[]; IN_TRANSIT: string[]; }'.
src/app/api/orders/[id]/delivery/manual-status/route.ts(68,43): error TS18046: 'error' is of type 'unknown'.
src/app/api/orders/[id]/route.ts(45,24): error TS18046: 'error' is of type 'unknown'.
src/app/api/orders/[id]/route.ts(46,43): error TS18046: 'error' is of type 'unknown'.
src/app/api/orders/bulk-status/route.ts(25,15): error TS7034: Variable 'errors' implicitly has type 'any[]' in some locations where its type cannot be determined.
src/app/api/orders/bulk-status/route.ts(34,42): error TS18046: 'error' is of type 'unknown'.
src/app/api/orders/bulk-status/route.ts(45,17): error TS7005: Variable 'errors' implicitly has an 'any[]' type.
src/app/api/orders/export/route.ts(27,19): error TS2339: Property 'id' does not exist on type '{ storeId: string; }'.
src/app/api/orders/export/route.ts(33,23): error TS2339: Property 'status' does not exist on type '{ storeId: string; }'.
src/app/api/orders/export/route.ts(35,23): error TS2339: Property 'OR' does not exist on type '{ storeId: string; }'.
src/app/api/payments/banks/route.ts(9,21): error TS7006: Parameter 'b' implicitly has an 'any' type.
src/app/api/payments/banks/route.ts(11,18): error TS7006: Parameter 'b' implicitly has an 'any' type.
src/app/api/payments/initialize/route.ts(33,43): error TS18046: 'error' is of type 'unknown'.
src/app/api/payments/resolve-account/route.ts(16,50): error TS2339: Property 'message' does not exist on type '{}'.
src/app/api/payments/wallet/pin/verify/route.ts(33,28): error TS2339: Property 'isLocked' does not exist on type '{ failedPinAttempts: number; }'.
src/app/api/payments/wallet/pin/verify/route.ts(34,28): error TS2339: Property 'lockedUntil' does not exist on type '{ failedPinAttempts: number; }'.
src/app/api/payments/wallet/withdraw/confirm/route.ts(80,43): error TS18046: 'error' is of type 'unknown'.
src/app/api/products/[id]/variants/route.ts(36,25): error TS2551: Property 'productImages' does not exist on type '{ productImage: { id: string; createdAt: Date; updatedAt: Date; productId: string; position: number; width: number | null; height: number | null; url: string; altText: string | null; s3Key: string | null; } | null; inventoryItems: { ...; }[]; } & { ...; }'. Did you mean 'productImage'?
src/app/api/products/create/route.ts(15,24): error TS18046: 'error' is of type 'unknown'.
src/app/api/products/create/route.ts(16,43): error TS18046: 'error' is of type 'unknown'.
src/app/api/products/limits/route.ts(29,13): error TS2322: Type 'string' is not assignable to type 'number'.
src/app/api/properties/[id]/route.ts(20,43): error TS18046: 'error' is of type 'unknown'.
src/app/api/properties/[id]/route.ts(77,43): error TS18046: 'error' is of type 'unknown'.
src/app/api/properties/[id]/route.ts(100,43): error TS18046: 'error' is of type 'unknown'.
src/app/api/properties/route.ts(42,43): error TS18046: 'error' is of type 'unknown'.
src/app/api/public/returns/request/route.ts(23,33): error TS18046: 'e' is of type 'unknown'.
src/app/api/recovery/webhook-sync/route.ts(29,43): error TS18046: 'error' is of type 'unknown'.
src/app/api/recovery/webhook-sync/route.ts(30,21): error TS18046: 'error' is of type 'unknown'.
src/app/api/referrals/route.ts(13,37): error TS2339: Property 'referralCode' does not exist on type 'string | number | boolean | JsonObject | JsonArray'.
  Property 'referralCode' does not exist on type 'string'.
src/app/api/rescue/report/route.ts(7,19): error TS2339: Property 'user' does not exist on type '{}'.
src/app/api/rescue/report/route.ts(22,31): error TS2339: Property 'user' does not exist on type '{}'.
src/app/api/rescue/report/route.ts(23,30): error TS2339: Property 'user' does not exist on type '{}'.
src/app/api/resources/[primaryObject]/[id]/route.ts(33,13): error TS2698: Spread types may only be created from object types.
src/app/api/resources/[primaryObject]/[id]/route.ts(66,31): error TS2698: Spread types may only be created from object types.
src/app/api/resources/create/route.ts(38,24): error TS18046: 'error' is of type 'unknown'.
src/app/api/resources/create/route.ts(39,43): error TS18046: 'error' is of type 'unknown'.
src/app/api/security/2fa/disable/route.ts(51,13): error TS18046: 'error' is of type 'unknown'.
src/app/api/security/2fa/enable/route.ts(15,47): error TS2345: Argument of type 'string | undefined' is not assignable to parameter of type 'string | QRCodeSegment[]'.
  Type 'undefined' is not assignable to type 'string | QRCodeSegment[]'.
src/app/api/security/2fa/enable/route.ts(36,13): error TS18046: 'error' is of type 'unknown'.
src/app/api/security/2fa/verify/route.ts(53,13): error TS18046: 'error' is of type 'unknown'.
src/app/api/security/password/route.ts(43,13): error TS18046: 'error' is of type 'unknown'.
src/app/api/security/sessions/route.ts(23,13): error TS18046: 'error' is of type 'unknown'.
src/app/api/services/list/route.ts(23,43): error TS18046: 'error' is of type 'unknown'.
src/app/api/services/route.ts(13,43): error TS18046: 'error' is of type 'unknown'.
src/app/api/settings/roles/route.ts(74,43): error TS18046: 'error' is of type 'unknown'.
src/app/api/settings/team/invite/route.ts(46,52): error TS2339: Property 'invites' does not exist on type 'string | number | true | JsonObject | JsonArray'.
  Property 'invites' does not exist on type 'string'.
src/app/api/settings/team/invite/route.ts(62,25): error TS2698: Spread types may only be created from object types.
src/app/api/settings/team/invite/route.ts(101,48): error TS2339: Property 'invites' does not exist on type 'string | number | true | JsonObject | JsonArray'.
  Property 'invites' does not exist on type 'string'.
src/app/api/settings/team/invite/route.ts(107,21): error TS2698: Spread types may only be created from object types.
src/app/api/settings/whatsapp/route.ts(14,10): error TS7023: 'sanitizePayload' implicitly has return type 'any' because it does not have a return type annotation and is referenced directly or indirectly in one of its return expressions.
src/app/api/settings/whatsapp/route.ts(22,13): error TS7053: Element implicitly has an 'any' type because expression of type 'string' can't be used to index type '{}'.
  No index signature with a parameter of type 'string' was found on type '{}'.
src/app/api/storage/upload/route.ts(66,43): error TS18046: 'error' is of type 'unknown'.
src/app/api/store/policies/route.ts(12,35): error TS2339: Property 'policies' does not exist on type 'string | number | true | JsonObject | JsonArray'.
  Property 'policies' does not exist on type 'string'.
src/app/api/store/policies/route.ts(35,55): error TS2339: Property 'policies' does not exist on type 'string | number | true | JsonObject | JsonArray'.
  Property 'policies' does not exist on type 'string'.
src/app/api/store/policies/route.ts(37,13): error TS2698: Spread types may only be created from object types.
src/app/api/storefront/reset/route.ts(53,40): error TS2698: Spread types may only be created from object types.
src/app/api/stores/public/policies/route.ts(21,35): error TS2339: Property 'policies' does not exist on type 'string | number | true | JsonObject | JsonArray'.
  Property 'policies' does not exist on type 'string'.
src/app/api/support/chat/route.ts(42,40): error TS7017: Element implicitly has an 'any' type because type 'typeof globalThis' has no index signature.
src/app/api/support/chat/route.ts(99,34): error TS7017: Element implicitly has an 'any' type because type 'typeof globalThis' has no index signature.
src/app/api/templates/apply/route.ts(12,15): error TS7053: Element implicitly has an 'any' type because expression of type 'any' can't be used to index type '{ free: number; growth: number; pro: number; }'.
src/app/api/templates/apply/route.ts(13,15): error TS7053: Element implicitly has an 'any' type because expression of type 'any' can't be used to index type '{ free: number; growth: number; pro: number; }'.
src/app/api/templates/apply/route.ts(43,30): error TS7053: Element implicitly has an 'any' type because expression of type 'any' can't be used to index type '{ "vayva-standard": { templateId: string; slug: string; displayName: string; category: string; industry: string; businessModel: string; primaryUseCase: string; requiredPlan: string; defaultTheme: string; ... 5 more ...; onboardingProfile: { ...; }; }; ... 25 more ...; "vayva-clean-crew": { ...; }; }'.
src/app/api/templates/apply/route.ts(91,48): error TS2339: Property 'templateId' does not exist on type 'string | number | true | JsonObject | JsonArray'.
  Property 'templateId' does not exist on type 'string'.
src/app/api/templates/apply/route.ts(102,21): error TS2698: Spread types may only be created from object types.
src/app/api/templates/apply/route.ts(111,13): error TS18046: 'error' is of type 'unknown'.
src/app/api/templates/apply/route.ts(114,13): error TS18046: 'error' is of type 'unknown'.
src/app/api/templates/apply/route.ts(115,47): error TS18046: 'error' is of type 'unknown'.
src/app/api/templates/install/route.ts(12,26): error TS7053: Element implicitly has an 'any' type because expression of type 'any' can't be used to index type '{ "vayva-standard": { templateId: string; slug: string; displayName: string; category: string; industry: string; businessModel: string; primaryUseCase: string; requiredPlan: string; defaultTheme: string; ... 5 more ...; onboardingProfile: { ...; }; }; ... 25 more ...; "vayva-clean-crew": { ...; }; }'.
src/app/api/templates/install/route.ts(76,13): error TS2698: Spread types may only be created from object types.
src/app/api/templates/install/route.ts(79,37): error TS2339: Property 'modules' does not exist on type 'string | number | true | JsonObject | JsonArray'.
  Property 'modules' does not exist on type 'string'.
src/app/api/templates/install/route.ts(96,43): error TS18046: 'error' is of type 'unknown'.
src/app/api/test/seed/route.ts(54,33): error TS18046: 'e' is of type 'unknown'.
src/app/api/wallet/payout-accounts/route.ts(64,43): error TS18046: 'error' is of type 'unknown'.
src/app/api/wallet/settlements/route.ts(32,43): error TS18046: 'error' is of type 'unknown'.
src/app/api/wallet/withdrawals/export/route.ts(23,19): error TS2339: Property 'status' does not exist on type '{ storeId: string; }'.
src/app/api/wallet/withdrawals/export/route.ts(25,19): error TS2339: Property 'createdAt' does not exist on type '{ storeId: string; }'.
src/app/api/wallet/withdrawals/route.ts(20,19): error TS2339: Property 'status' does not exist on type '{ storeId: string; }'.
src/app/api/wallet/withdrawals/route.ts(23,19): error TS2339: Property 'createdAt' does not exist on type '{ storeId: string; }'.
src/app/control-center/policies/page.tsx(45,20): error TS2698: Spread types may only be created from object types.
src/app/control-center/policies/page.tsx(55,9): error TS18046: 'storeData' is of type 'unknown'.
src/app/control-center/policies/page.tsx(57,11): error TS18046: 'storeData' is of type 'unknown'.
src/app/control-center/policies/page.tsx(59,13): error TS18046: 'storeData' is of type 'unknown'.
src/app/control-center/policies/page.tsx(60,13): error TS18046: 'storeData' is of type 'unknown'.
src/app/control-center/policies/page.tsx(65,7): error TS2322: Type 'unknown' is not assignable to type '"returns" | "shipping" | "privacy" | "terms"'.
src/app/control-center/policies/page.tsx(68,18): error TS18046: 'storeData' is of type 'unknown'.
src/app/market/cart/page.tsx(44,21): error TS2322: Type 'unknown' is not assignable to type 'IconName'.
src/app/market/cart/page.tsx(56,31): error TS2322: Type 'unknown' is not assignable to type 'IconName'.
src/app/market/checkout/page.tsx(45,21): error TS18046: 'product' is of type 'unknown'.
src/app/market/checkout/page.tsx(47,24): error TS18046: 'product' is of type 'unknown'.
src/app/market/checkout/page.tsx(74,32): error TS18046: 'product' is of type 'unknown'.
src/app/market/checkout/page.tsx(93,26): error TS2339: Property 'price' does not exist on type '{}'.
src/app/market/checkout/page.tsx(93,56): error TS2339: Property 'priceKobo' does not exist on type '{}'.
src/app/market/checkout/page.tsx(104,24): error TS2339: Property 'images' does not exist on type '{}'.
src/app/market/checkout/page.tsx(104,57): error TS2339: Property 'images' does not exist on type '{}'.
src/app/market/checkout/page.tsx(104,81): error TS2339: Property 'name' does not exist on type '{}'.
src/app/market/checkout/page.tsx(107,61): error TS2339: Property 'name' does not exist on type '{}'.
src/app/market/checkout/page.tsx(108,71): error TS2339: Property 'seller' does not exist on type '{}'.
src/app/market/checkout/page.tsx(110,26): error TS2339: Property 'curr' does not exist on type '{}'.
src/app/market/checkout/page.tsx(110,41): error TS2339: Property 'price' does not exist on type '{}'.
src/app/market/checkout/page.tsx(129,13): error TS2322: Type 'unknown' is not assignable to type 'ReactNode'.
src/app/market/checkout/page.tsx(131,45): error TS2339: Property 'etaMinutes' does not exist on type '{}'.
src/app/market/checkout/page.tsx(131,80): error TS2339: Property 'vehicle' does not exist on type '{}'.
src/app/market/checkout/page.tsx(133,32): error TS2339: Property 'priceKobo' does not exist on type '{}'.
src/app/market/checkout/page.tsx(140,94): error TS2339: Property 'price' does not exist on type '{}'.
src/app/market/checkout/page.tsx(141,104): error TS2339: Property 'priceKobo' does not exist on type '{}'.
src/app/market/page.tsx(113,21): error TS2322: Type 'unknown' is not assignable to type 'IconName'.
src/app/market/page.tsx(210,23): error TS2322: Type 'unknown' is not assignable to type 'IconName'.
src/app/market/products/[id]/page.tsx(43,49): error TS2339: Property 'name' does not exist on type '{}'.
src/app/market/products/[id]/page.tsx(53,111): error TS2339: Property 'condition' does not exist on type '{}'.
src/app/market/products/[id]/page.tsx(56,28): error TS2339: Property 'condition' does not exist on type '{}'.
src/app/market/products/[id]/page.tsx(60,24): error TS2339: Property 'images' does not exist on type '{}'.
src/app/market/products/[id]/page.tsx(61,35): error TS2339: Property 'images' does not exist on type '{}'.
src/app/market/products/[id]/page.tsx(61,59): error TS2339: Property 'name' does not exist on type '{}'.
src/app/market/products/[id]/page.tsx(70,73): error TS2339: Property 'name' does not exist on type '{}'.
src/app/market/products/[id]/page.tsx(73,26): error TS2339: Property 'curr' does not exist on type '{}'.
src/app/market/products/[id]/page.tsx(73,41): error TS2339: Property 'price' does not exist on type '{}'.
src/app/market/products/[id]/page.tsx(75,24): error TS2339: Property 'warranty' does not exist on type '{}'.
src/app/market/products/[id]/page.tsx(78,28): error TS2339: Property 'warranty' does not exist on type '{}'.
src/app/market/products/[id]/page.tsx(87,28): error TS2339: Property 'seller' does not exist on type '{}'.
src/app/market/products/[id]/page.tsx(87,60): error TS2339: Property 'seller' does not exist on type '{}'.
src/app/market/products/[id]/page.tsx(87,125): error TS2339: Property 'seller' does not exist on type '{}'.
src/app/market/products/[id]/page.tsx(91,30): error TS2339: Property 'seller' does not exist on type '{}'.
src/app/market/products/[id]/page.tsx(92,30): error TS2339: Property 'seller' does not exist on type '{}'.
src/app/market/products/[id]/page.tsx(94,67): error TS2339: Property 'seller' does not exist on type '{}'.
src/app/market/products/[id]/page.tsx(111,22): error TS2339: Property 'specs' does not exist on type '{}'.
src/app/market/products/[id]/page.tsx(111,51): error TS2339: Property 'specs' does not exist on type '{}'.
src/app/market/products/[id]/page.tsx(115,43): error TS2339: Property 'specs' does not exist on type '{}'.
src/app/market/products/[id]/page.tsx(115,55): error TS2488: Type 'unknown' must have a '[Symbol.iterator]()' method that returns an iterator.
src/app/market/products/[id]/page.tsx(128,77): error TS2339: Property 'desc' does not exist on type '{}'.
src/app/preview/[slug]/page.tsx(20,21): error TS2571: Object is of type 'unknown'.
src/app/preview/[slug]/page.tsx(20,56): error TS2571: Object is of type 'unknown'.
src/app/preview/page.tsx(21,19): error TS2571: Object is of type 'unknown'.
src/app/status/page.tsx(159,29): error TS7053: Element implicitly has an 'any' type because expression of type 'string' can't be used to index type '{}'.
  No index signature with a parameter of type 'string' was found on type '{}'.
src/app/store/[slug]/collections/[collection]/page.tsx(91,21): error TS2322: Type 'unknown' is not assignable to type 'IconName'.
src/app/store/[slug]/page.tsx(20,11): error TS2339: Property 'slug' does not exist on type 'unknown'.
src/app/store/[slug]/page.tsx(20,30): error TS2304: Cannot find name 'params'.
src/app/store/[slug]/page.tsx(115,21): error TS2322: Type 'unknown' is not assignable to type 'IconName'.
src/app/store/[slug]/page.tsx(200,23): error TS2322: Type 'unknown' is not assignable to type 'IconName'.
src/app/store/[slug]/track/page.tsx(99,21): error TS2322: Type 'unknown' is not assignable to type 'IconName'.
src/components/account/AccountComponents.tsx(92,3): error TS2339: Property 'label' does not exist on type 'unknown'.
src/components/account/AccountComponents.tsx(93,3): error TS2339: Property 'actionLabel' does not exist on type 'unknown'.
src/components/account/AccountComponents.tsx(94,3): error TS2339: Property 'onAction' does not exist on type 'unknown'.
src/components/account/AccountComponents.tsx(95,3): error TS2339: Property 'description' does not exist on type 'unknown'.
src/components/account/AccountComponents.tsx(96,3): error TS2339: Property 'destructive' does not exist on type 'unknown'.
src/components/action-approval-card.tsx(44,11): error TS2322: Type 'unknown' is not assignable to type 'IconName'.
src/components/action-approval-card.tsx(88,13): error TS2322: Type 'unknown' is not assignable to type 'IconName'.
src/components/admin-shell.tsx(21,24): error TS2305: Module '"@/lib/templates/types"' has no exported member 'SidebarGroup'.
src/components/admin-shell.tsx(21,38): error TS2305: Module '"@/lib/templates/types"' has no exported member 'SidebarItem'.
src/components/admin-shell.tsx(62,30): error TS2571: Object is of type 'unknown'.
src/components/admin-shell.tsx(62,71): error TS2571: Object is of type 'unknown'.
src/components/admin-shell.tsx(66,28): error TS2339: Property 'firstName' does not exist on type '{}'.
src/components/admin-shell.tsx(66,60): error TS2339: Property 'firstName' does not exist on type '{}'.
src/components/admin-shell.tsx(67,44): error TS2339: Property 'businessName' does not exist on type '{}'.
src/components/admin-shell.tsx(114,40): error TS2345: Argument of type 'unknown' is not assignable to parameter of type 'ExtensionManifest'.
src/components/admin-shell.tsx(342,30): error TS2571: Object is of type 'unknown'.
src/components/admin-shell.tsx(406,35): error TS2322: Type 'unknown' is not assignable to type 'IconName'.
src/components/admin-shell.tsx(465,25): error TS2322: Type 'unknown' is not assignable to type 'IconName'.
src/components/ai-agent/AgentPreview.tsx(12,46): error TS2339: Property 'avatarUrl' does not exist on type '{}'.
src/components/ai-agent/AgentPreview.tsx(13,45): error TS2339: Property 'name' does not exist on type '{}'.
src/components/ai-agent/AgentPreview.tsx(16,65): error TS2339: Property 'name' does not exist on type '{}'.
src/components/ai-agent/AgentPreview.tsx(31,91): error TS2339: Property 'signature' does not exist on type '{}'.
src/components/ai-agent/AgentPreview.tsx(31,117): error TS2339: Property 'signature' does not exist on type '{}'.
src/components/ai-agent/AgentPreview.tsx(38,83): error TS2339: Property 'tone' does not exist on type '{}'.
src/components/ai/CommandPalette.tsx(23,9): error TS2571: Object is of type 'unknown'.
src/components/ai/CommandPalette.tsx(28,20): error TS2571: Object is of type 'unknown'.
src/components/ai/CommandPalette.tsx(92,43): error TS2322: Type 'unknown' is not assignable to type 'IconName'.
src/components/analytics/ActivePerformanceCard.tsx(3,10): error TS2305: Module '"@/types/analytics"' has no exported member 'ActivePerformance'.
src/components/analytics/ComparisonTable.tsx(3,10): error TS2305: Module '"@/types/analytics"' has no exported member 'ComparisonData'.
src/components/analytics/PerformanceInsights.tsx(3,10): error TS2305: Module '"@/types/analytics"' has no exported member 'Insight'.
src/components/analytics/PerformanceInsights.tsx(3,19): error TS2305: Module '"@/types/analytics"' has no exported member 'Recommendation'.
src/components/analytics/TemplatePerformanceView.tsx(6,3): error TS2305: Module '"@/types/analytics"' has no exported member 'ActivePerformance'.
src/components/analytics/TemplatePerformanceView.tsx(7,3): error TS2305: Module '"@/types/analytics"' has no exported member 'ComparisonData'.
src/components/analytics/TemplatePerformanceView.tsx(8,3): error TS2305: Module '"@/types/analytics"' has no exported member 'Insight'.
src/components/analytics/TemplatePerformanceView.tsx(9,3): error TS2305: Module '"@/types/analytics"' has no exported member 'Recommendation'.
src/components/auth/PermissionGate.tsx(7,10): error TS2724: '"@/lib/core/permissions"' has no exported member named 'PermissionKey'. Did you mean 'PERMISSIONS'?
src/components/bookings/BookingForm.tsx(26,41): error TS2300: Duplicate identifier 'any'.
src/components/bookings/BookingForm.tsx(26,57): error TS2300: Duplicate identifier 'any'.
src/components/bookings/BookingForm.tsx(26,73): error TS2300: Duplicate identifier 'any'.
src/components/bookings/BookingForm.tsx(68,13): error TS2304: Cannot find name 'onSuccess'.
src/components/bookings/BookingForm.tsx(84,26): error TS2304: Cannot find name 'services'.
src/components/bookings/BookingForm.tsx(84,39): error TS7006: Parameter 's' implicitly has an 'any' type.
src/components/bookings/BookingForm.tsx(94,26): error TS2304: Cannot find name 'customers'.
src/components/bookings/BookingForm.tsx(94,40): error TS7006: Parameter 'c' implicitly has an 'any' type.
src/components/bookings/BookingForm.tsx(129,66): error TS2304: Cannot find name 'onSuccess'.
src/components/bookings/BookingListActions.tsx(16,47): error TS2300: Duplicate identifier 'any'.
src/components/bookings/BookingListActions.tsx(16,62): error TS2300: Duplicate identifier 'any'.
src/components/bookings/BookingListActions.tsx(25,54): error TS2304: Cannot find name 'booking'.
src/components/bookings/BookingListActions.tsx(60,31): error TS2304: Cannot find name 'services'.
src/components/bookings/BookingListActions.tsx(63,34): error TS2304: Cannot find name 'booking'.
src/components/bookings/BookingListActions.tsx(76,83): error TS2304: Cannot find name 'booking'.
src/components/control-center/ControlCenterCard.tsx(30,21): error TS2322: Type 'unknown' is not assignable to type 'IconName'.
src/components/control-center/ControlCenterCard.tsx(41,15): error TS2322: Type 'unknown' is not assignable to type 'IconName'.
src/components/control-center/IntegrationsList.tsx(34,19): error TS2322: Type '{}' is not assignable to type 'IconName'.
src/components/control-center/MarketplaceGrid.tsx(3,10): error TS2305: Module '"@/types/intelligence"' has no exported member 'MarketplaceTemplate'.
src/components/control-center/OptimizationHub.tsx(3,10): error TS2305: Module '"@/types/intelligence"' has no exported member 'OptimizationStatus'.
src/components/control-center/PaymentFunnelCard.tsx(3,10): error TS2305: Module '"@/types/checkout"' has no exported member 'PaymentFunnel'.
src/components/control-center/PaymentOptimizationCard.tsx(3,10): error TS2305: Module '"@/types/checkout"' has no exported member 'CheckoutOptimizationStatus'.
src/components/control-center/SeasonalBanner.tsx(3,10): error TS2305: Module '"@/types/intelligence"' has no exported member 'SeasonalSuggestion'.
src/components/control-center/TemplateCard.tsx(3,10): error TS2305: Module '"@/types/designer"' has no exported member 'Recommendation'.
src/components/control-center/TemplatePreview.tsx(5,10): error TS2305: Module '"@/types/templates"' has no exported member 'Template'.
src/components/control-center/TemplatePreview.tsx(27,5): error TS2571: Object is of type 'unknown'.
src/components/control-center/TemplatePreview.tsx(27,35): error TS2571: Object is of type 'unknown'.
src/components/control-center/TemplatePreview.tsx(81,16): error TS2571: Object is of type 'unknown'.
src/components/control-center/TemplatePreview.tsx(81,46): error TS2571: Object is of type 'unknown'.
src/components/control-center/ThemeCustomizer.tsx(31,72): error TS2339: Property 'settings' does not exist on type '{}'.
src/components/control-center/ThemeCustomizer.tsx(40,29): error TS2698: Spread types may only be created from object types.
src/components/control-center/ThemeCustomizer.tsx(63,44): error TS18046: 'config' is of type 'unknown'.
src/components/control-center/ThemeCustomizer.tsx(68,94): error TS18046: 'config' is of type 'unknown'.
src/components/control-center/ThemeCustomizer.tsx(75,40): error TS18046: 'config' is of type 'unknown'.
src/components/control-center/ThemeCustomizer.tsx(86,40): error TS18046: 'config' is of type 'unknown'.
src/components/control-center/ThemeCustomizer.tsx(96,40): error TS18046: 'config' is of type 'unknown'.
src/components/control-center/UpsellModal.tsx(27,17): error TS2322: Type 'unknown' is not assignable to type 'IconName'.
src/components/control-center/UpsellModal.tsx(32,19): error TS2322: Type 'unknown' is not assignable to type 'IconName'.
src/components/customers/CustomerComponents.tsx(5,3): error TS2459: Module '"@/services/customers"' declares 'CustomerNote' locally, but it is not exported.
src/components/customers/CustomerComponents.tsx(6,3): error TS2305: Module '"@/services/customers"' has no exported member 'CustomerOrderSummary'.
src/components/customers/CustomerList.tsx(145,9): error TS2322: Type 'Customer[]' is not assignable to type 'Record<string, unknown>[]'.
  Type 'Customer' is not assignable to type 'Record<string, unknown>'.
    Index signature for type 'string' is missing in type 'Customer'.
src/components/customers/CustomerList.tsx(146,9): error TS2322: Type 'Column<Customer>[]' is not assignable to type 'Column<Record<string, unknown>>[]'.
  Type 'Column<Customer>' is not assignable to type 'Column<Record<string, unknown>>'.
    Type 'Record<string, unknown>' is missing the following properties from type 'Customer': id, merchantId, name, phone, and 5 more.
src/components/customers/CustomerList.tsx(147,37): error TS2322: Type 'unknown' is not assignable to type 'string'.
src/components/customers/CustomerList.tsx(148,9): error TS2322: Type '(customer: Customer) => void' is not assignable to type '(item: Record<string, unknown>) => void'.
  Types of parameters 'customer' and 'item' are incompatible.
    Type 'Record<string, unknown>' is missing the following properties from type 'Customer': id, merchantId, name, phone, and 5 more.
src/components/dashboard/ActivationWelcome.tsx(38,17): error TS2554: Expected 2 arguments, but got 1.
src/components/dashboard/DashboardSetupChecklist.tsx(50,30): error TS2339: Property 'hasProducts' does not exist on type '{}'.
src/components/dashboard/DashboardSetupChecklist.tsx(51,16): error TS2339: Property 'hasPayoutMethod' does not exist on type '{}'.
src/components/dashboard/DashboardSetupChecklist.tsx(52,16): error TS2339: Property 'kycStatus' does not exist on type '{}'.
src/components/dashboard/DashboardSetupChecklist.tsx(53,16): error TS2339: Property 'isStoreLive' does not exist on type '{}'.
src/components/dashboard/DashboardSetupChecklist.tsx(71,35): error TS2339: Property 'industrySlug' does not exist on type '{}'.
src/components/dashboard/DashboardSetupChecklist.tsx(72,18): error TS2571: Object is of type 'unknown'.
src/components/dashboard/DashboardSetupChecklist.tsx(72,64): error TS2571: Object is of type 'unknown'.
src/components/dashboard/DashboardSetupChecklist.tsx(81,26): error TS2339: Property 'hasProducts' does not exist on type '{}'.
src/components/dashboard/DashboardSetupChecklist.tsx(90,26): error TS2339: Property 'kycStatus' does not exist on type '{}'.
src/components/dashboard/DashboardSetupChecklist.tsx(97,26): error TS2339: Property 'hasPayoutMethod' does not exist on type '{}'.
src/components/dashboard/DashboardSetupChecklist.tsx(104,26): error TS2339: Property 'isStoreLive' does not exist on type '{}'.
src/components/dashboard/DashboardSetupChecklist.tsx(111,26): error TS2339: Property 'hasCustomRoles' does not exist on type '{}'.
src/components/dashboard/GoLiveCard.tsx(87,26): error TS2339: Property 'isLive' does not exist on type '{}'.
src/components/dashboard/GoLiveCard.tsx(88,29): error TS2339: Property 'readiness' does not exist on type '{}'.
src/components/dashboard/GoLiveCard.tsx(111,19): error TS2322: Type 'unknown' is not assignable to type 'IconName'.
src/components/dashboard/GoLiveCard.tsx(137,23): error TS2322: Type 'unknown' is not assignable to type 'IconName'.
src/components/dashboard/GoLiveCard.tsx(170,19): error TS2322: Type 'unknown' is not assignable to type 'IconName'.
src/components/dashboard/overview/FoodOverview.tsx(62,15): error TS2322: Type 'unknown' is not assignable to type 'IconName'.
src/components/dashboard/overview/RetailOverview.tsx(113,15): error TS2322: Type 'unknown' is not assignable to type 'IconName'.
src/components/dashboard/overview/RetailOverview.tsx(226,46): error TS2322: Type 'unknown[]' is not assignable to type '{ date: string; revenue: number; orders: number; }[]'.
  Type 'unknown' is not assignable to type '{ date: string; revenue: number; orders: number; }'.
src/components/dashboard/overview/RetailOverview.tsx(229,29): error TS2322: Type 'unknown' is not assignable to type 'IntrinsicAttributes & FulfillmentProps'.
  Type 'unknown' is not assignable to type 'IntrinsicAttributes'.
src/components/dashboard/overview/RetailOverview.tsx(229,50): error TS2698: Spread types may only be created from object types.
src/components/dashboard/overview/RetailOverview.tsx(253,50): error TS2322: Type 'unknown[]' is not assignable to type '{ date: string; completed: number; pending: number; cancelled: number; }[]'.
  Type 'unknown' is not assignable to type '{ date: string; completed: number; pending: number; cancelled: number; }'.
src/components/dashboard/StorefrontSnapshot.tsx(6,10): error TS2305: Module '"@/types"' has no exported member 'Store'.
src/components/dashboard/StorefrontSnapshot.tsx(37,32): error TS2571: Object is of type 'unknown'.
src/components/dashboard/StorefrontSnapshot.tsx(38,22): error TS2571: Object is of type 'unknown'.
src/components/dashboard/StorefrontSnapshot.tsx(90,15): error TS2571: Object is of type 'unknown'.
src/components/dashboard/WelcomeModal.tsx(39,42): error TS2769: No overload matches this call.
  Overload 1 of 2, '(timeout: string | number | Timeout | undefined): void', gave the following error.
    Argument of type 'unknown' is not assignable to parameter of type 'string | number | Timeout | undefined'.
  Overload 2 of 2, '(id: number | undefined): void', gave the following error.
    Argument of type 'unknown' is not assignable to parameter of type 'number | undefined'.
src/components/dashboard/WelcomeModal.tsx(47,40): error TS2769: No overload matches this call.
  Overload 1 of 2, '(timeout: string | number | Timeout | undefined): void', gave the following error.
    Argument of type 'unknown' is not assignable to parameter of type 'string | number | Timeout | undefined'.
  Overload 2 of 2, '(id: number | undefined): void', gave the following error.
    Argument of type 'unknown' is not assignable to parameter of type 'number | undefined'.
src/components/designer/DesignerDashboard.tsx(5,10): error TS2305: Module '"@/types/designer"' has no exported member 'DesignerTemplate'.
src/components/designer/DesignerDashboard.tsx(124,23): error TS2571: Object is of type 'unknown'.
src/components/designer/DesignerDashboard.tsx(125,23): error TS2571: Object is of type 'unknown'.
src/components/ErrorBoundary.tsx(20,36): error TS2345: Argument of type '{ extra: unknown; }' is not assignable to parameter of type 'ExclusiveEventHintOrCaptureContext | undefined'.
  Types of property 'extra' are incompatible.
    Type 'unknown' is not assignable to type 'Extras | undefined'.
src/components/kitchen/KitchenBoard.tsx(38,50): error TS2769: No overload matches this call.
  Overload 1 of 2, '(timeout: string | number | Timeout | undefined): void', gave the following error.
    Argument of type '{}' is not assignable to parameter of type 'string | number | Timeout | undefined'.
  Overload 2 of 2, '(id: number | undefined): void', gave the following error.
    Argument of type '{}' is not assignable to parameter of type 'number'.
src/components/kyc/KYCVerification.tsx(52,11): error TS2304: Cannot find name 'onSuccess'.
src/components/kyc/KYCVerification.tsx(52,22): error TS2304: Cannot find name 'onSuccess'.
src/components/kyc/KYCVerification.tsx(64,17): error TS2322: Type 'unknown' is not assignable to type 'IconName'.
src/components/kyc/KYCVerification.tsx(204,21): error TS2322: Type 'unknown' is not assignable to type 'IconName'.
src/components/mobile/OfflineSyncBanner.tsx(28,54): error TS18046: 'pending' is of type 'unknown'.
src/components/notifications-drawer.tsx(131,27): error TS2322: Type 'unknown' is not assignable to type 'IconName'.
src/components/notifications/NotificationItem.tsx(55,17): error TS2322: Type 'unknown' is not assignable to type 'IconName'.
src/components/onboarding/OnboardingContext.tsx(6,27): error TS2724: '"@/types/onboarding"' has no exported member named 'OnboardingStepId'. Did you mean 'OnboardingState'?
src/components/onboarding/OnboardingContext.tsx(119,27): error TS2339: Property 'identity' does not exist on type 'Partial<OnboardingState>'.
src/components/onboarding/OnboardingContext.tsx(119,55): error TS2339: Property 'identity' does not exist on type 'Partial<OnboardingState>'.
src/components/onboarding/OnboardingContext.tsx(125,27): error TS2339: Property 'business' does not exist on type 'Partial<OnboardingState>'.
src/components/onboarding/OnboardingContext.tsx(125,56): error TS2339: Property 'business' does not exist on type 'Partial<OnboardingState>'.
src/components/onboarding/OnboardingContext.tsx(134,27): error TS2339: Property 'finance' does not exist on type 'Partial<OnboardingState>'.
src/components/onboarding/OnboardingContext.tsx(134,59): error TS2339: Property 'finance' does not exist on type 'Partial<OnboardingState>'.
src/components/onboarding/steps/BrandingStep.tsx(18,56): error TS2339: Property 'branding' does not exist on type 'Partial<OnboardingState>'.
src/components/onboarding/steps/BrandingStep.tsx(22,13): error TS2353: Object literal may only specify known properties, and 'branding' does not exist in type 'Partial<OnboardingState>'.
src/components/onboarding/steps/BrandingStep.tsx(23,26): error TS2339: Property 'branding' does not exist on type 'Partial<OnboardingState>'.
src/components/onboarding/steps/BrandingStep.tsx(99,36): error TS2339: Property 'business' does not exist on type 'Partial<OnboardingState>'.
src/components/onboarding/steps/BusinessStep.tsx(9,54): error TS2339: Property 'business' does not exist on type 'Partial<OnboardingState>'.
src/components/onboarding/steps/BusinessStep.tsx(10,46): error TS2339: Property 'business' does not exist on type 'Partial<OnboardingState>'.
src/components/onboarding/steps/BusinessStep.tsx(15,13): error TS2353: Object literal may only specify known properties, and 'business' does not exist in type 'Partial<OnboardingState>'.
src/components/onboarding/steps/BusinessStep.tsx(16,26): error TS2339: Property 'business' does not exist on type 'Partial<OnboardingState>'.
src/components/onboarding/steps/BusinessStep.tsx(21,29): error TS2339: Property 'business' does not exist on type 'Partial<OnboardingState>'.
src/components/onboarding/steps/BusinessStep.tsx(23,30): error TS2339: Property 'business' does not exist on type 'Partial<OnboardingState>'.
src/components/onboarding/steps/BusinessStep.tsx(24,29): error TS2339: Property 'business' does not exist on type 'Partial<OnboardingState>'.
src/components/onboarding/steps/BusinessStep.tsx(25,30): error TS2339: Property 'business' does not exist on type 'Partial<OnboardingState>'.
src/components/onboarding/steps/IdentityStep.tsx(9,44): error TS2339: Property 'identity' does not exist on type 'Partial<OnboardingState>'.
src/components/onboarding/steps/IdentityStep.tsx(10,46): error TS2339: Property 'identity' does not exist on type 'Partial<OnboardingState>'.
src/components/onboarding/steps/IdentityStep.tsx(15,13): error TS2353: Object literal may only specify known properties, and 'identity' does not exist in type 'Partial<OnboardingState>'.
src/components/onboarding/steps/IdentityStep.tsx(16,26): error TS2339: Property 'identity' does not exist on type 'Partial<OnboardingState>'.
src/components/onboarding/steps/PaymentStep.tsx(16,62): error TS2339: Property 'finance' does not exist on type 'Partial<OnboardingState>'.
src/components/onboarding/steps/PaymentStep.tsx(17,68): error TS2339: Property 'finance' does not exist on type 'Partial<OnboardingState>'.
src/components/onboarding/steps/PaymentStep.tsx(19,60): error TS2339: Property 'finance' does not exist on type 'Partial<OnboardingState>'.
src/components/onboarding/steps/PaymentStep.tsx(73,13): error TS2353: Object literal may only specify known properties, and 'finance' does not exist in type 'Partial<OnboardingState>'.
src/components/onboarding/steps/ReviewStep.tsx(20,58): error TS2339: Property 'business' does not exist on type 'Partial<OnboardingState>'.
src/components/onboarding/steps/ReviewStep.tsx(24,69): error TS2339: Property 'business' does not exist on type 'Partial<OnboardingState>'.
src/components/onboarding/steps/ReviewStep.tsx(28,58): error TS2339: Property 'finance' does not exist on type 'Partial<OnboardingState>'.
src/components/onboarding/steps/ReviewStep.tsx(28,86): error TS2339: Property 'finance' does not exist on type 'Partial<OnboardingState>'.
src/components/onboarding/steps/UrlStep.tsx(10,44): error TS2339: Property 'business' does not exist on type 'Partial<OnboardingState>'.
src/components/onboarding/steps/UrlStep.tsx(47,13): error TS2353: Object literal may only specify known properties, and 'business' does not exist in type 'Partial<OnboardingState>'.
src/components/onboarding/steps/UrlStep.tsx(48,17): error TS2698: Spread types may only be created from object types.
src/components/onboarding/steps/UrlStep.tsx(48,27): error TS2339: Property 'business' does not exist on type 'Partial<OnboardingState>'.
src/components/onboarding/steps/WelcomeStep.tsx(36,35): error TS2322: Type 'unknown' is not assignable to type 'IconName'.
src/components/ops/ops-shell.tsx(57,21): error TS2322: Type 'unknown' is not assignable to type 'IconName'.
src/components/ops/risk-chip.tsx(47,11): error TS2322: Type 'unknown' is not assignable to type 'IconName'.
src/components/orders/OrderModals.tsx(6,10): error TS2305: Module '"@/services/orders"' has no exported member 'Order'.
src/components/orders/PrepTimeCard.tsx(14,41): error TS2300: Duplicate identifier 'any'.
src/components/orders/PrepTimeCard.tsx(14,63): error TS2300: Duplicate identifier 'any'.
src/components/orders/PrepTimeCard.tsx(16,46): error TS2304: Cannot find name 'currentPrepTime'.
src/components/orders/PrepTimeCard.tsx(28,59): error TS2304: Cannot find name 'orderId'.
src/components/orders/PrepTimeCard.tsx(50,21): error TS2304: Cannot find name 'currentPrepTime'.
src/components/orders/PrepTimeCard.tsx(61,32): error TS2304: Cannot find name 'currentPrepTime'.
src/components/orders/PrepTimeCard.tsx(111,17): error TS2304: Cannot find name 'currentPrepTime'.
src/components/orders/PrepTimeCard.tsx(113,70): error TS2304: Cannot find name 'currentPrepTime'.
src/components/portfolio/ProjectCard.tsx(20,41): error TS2571: Object is of type 'unknown'.
src/components/preview/demo/DemoCollection.tsx(2,15): error TS2724: '"@/lib/preview/demo-data"' has no exported member named 'DemoStore'. Did you mean 'getDemoStore'?
src/components/preview/demo/DemoCollection.tsx(6,9): error TS2300: Duplicate identifier 'any'.
src/components/preview/demo/DemoCollection.tsx(6,30): error TS2300: Duplicate identifier 'any'.
src/components/preview/demo/DemoCollection.tsx(10,17): error TS2304: Cannot find name 'demo'.
src/components/preview/demo/DemoCollection.tsx(10,65): error TS2304: Cannot find name 'activeCategory'.
src/components/preview/demo/DemoCollection.tsx(16,12): error TS2304: Cannot find name 'activeCategory'.
src/components/preview/demo/DemoHome.tsx(2,15): error TS2724: '"@/lib/preview/demo-data"' has no exported member named 'DemoStore'. Did you mean 'getDemoStore'?
src/components/preview/demo/DemoProduct.tsx(2,15): error TS2305: Module '"@/lib/preview/demo-data"' has no exported member 'DemoProduct'.
src/components/preview/LivePreviewClient.tsx(86,32): error TS2339: Property 'categories' does not exist on type '{}'.
src/components/preview/LivePreviewClient.tsx(88,12): error TS2339: Property 'categories' does not exist on type '{}'.
src/components/preview/LivePreviewClient.tsx(105,15): error TS2339: Property 'categories' does not exist on type '{}'.
src/components/preview/LivePreviewClient.tsx(106,30): error TS2339: Property 'categories' does not exist on type '{}'.
src/components/preview/LivePreviewClient.tsx(139,24): error TS2339: Property 'products' does not exist on type '{}'.
src/components/preview/LivePreviewClient.tsx(148,19): error TS2339: Property 'categories' does not exist on type '{}'.
src/components/preview/LivePreviewClient.tsx(150,17): error TS2322: Type 'unknown' is not assignable to type 'Key | null | undefined'.
src/components/preview/LivePreviewClient.tsx(152,50): error TS2345: Argument of type 'unknown' is not assignable to parameter of type 'SetStateAction<string>'.
src/components/preview/LivePreviewClient.tsx(160,17): error TS2322: Type 'unknown' is not assignable to type 'ReactNode'.
src/components/preview/LivePreviewClient.tsx(298,14): error TS2769: No overload matches this call.
  Overload 1 of 2, '(props: unknown, context?: any): string | number | bigint | boolean | ReactElement<unknown, string | JSXElementConstructor<any>> | Iterable<ReactNode> | Promise<...> | Component<...> | null | undefined', gave the following error.
    Type '{ children: Element; storeName: any; slug: any; plan: any; }' is not assignable to type 'IntrinsicAttributes'.
      Property 'children' does not exist on type 'IntrinsicAttributes'.
  Overload 2 of 2, '(props: unknown): string | number | bigint | boolean | ReactElement<unknown, string | JSXElementConstructor<any>> | Iterable<ReactNode> | Promise<...> | Component<...> | null | undefined', gave the following error.
    Type '{ children: Element; storeName: any; slug: any; plan: any; }' is not assignable to type 'IntrinsicAttributes'.
      Property 'children' does not exist on type 'IntrinsicAttributes'.
src/components/preview/LivePreviewClient.tsx(299,31): error TS2339: Property 'storeName' does not exist on type '{}'.
src/components/preview/LivePreviewClient.tsx(300,26): error TS2339: Property 'slug' does not exist on type '{}'.
src/components/preview/LivePreviewClient.tsx(301,26): error TS2339: Property 'plan' does not exist on type '{}'.
src/components/pricing/PlanComparisonMobile.tsx(4,23): error TS2305: Module '"@/config/pricing"' has no exported member 'PlanKey'.
src/components/product-form.tsx(59,27): error TS2339: Property 'price' does not exist on type '{}'.
src/components/product-form.tsx(132,46): error TS2339: Property 'name' does not exist on type '{}'.
src/components/product-form.tsx(142,46): error TS2339: Property 'description' does not exist on type '{}'.
src/components/product-form.tsx(238,60): error TS2339: Property 'price' does not exist on type '{}'.
src/components/product-form.tsx(282,48): error TS2339: Property 'status' does not exist on type '{}'.
src/components/product-form.tsx(293,48): error TS2339: Property 'status' does not exist on type '{}'.
src/components/product-form.tsx(310,46): error TS2339: Property 'price' does not exist on type '{}'.
src/components/product-form.tsx(343,51): error TS2339: Property 'sku' does not exist on type '{}'.
src/components/product-form.tsx(360,46): error TS2339: Property 'inventory' does not exist on type '{}'.
src/components/product-form.tsx(391,35): error TS2339: Property 'id' does not exist on type '{}'.
src/components/product-form.tsx(397,60): error TS2339: Property 'id' does not exist on type '{}'.
src/components/product-form.tsx(397,90): error TS2339: Property 'calendarSyncs' does not exist on type '{}'.
src/components/products/forms/EventsProductForm.tsx(69,30): error TS2304: Cannot find name 'productId'.
src/components/products/forms/EventsProductForm.tsx(70,36): error TS2304: Cannot find name 'productId'.
src/components/products/forms/EventsProductForm.tsx(73,28): error TS2304: Cannot find name 'productId'.
src/components/products/forms/EventsProductForm.tsx(83,27): error TS2304: Cannot find name 'productId'.
src/components/products/forms/EventsProductForm.tsx(232,51): error TS2304: Cannot find name 'productId'.
src/components/products/forms/MarketplaceProductForm.tsx(50,30): error TS2304: Cannot find name 'productId'.
src/components/products/forms/MarketplaceProductForm.tsx(51,36): error TS2304: Cannot find name 'productId'.
src/components/products/forms/MarketplaceProductForm.tsx(54,28): error TS2304: Cannot find name 'productId'.
src/components/products/forms/MarketplaceProductForm.tsx(64,27): error TS2304: Cannot find name 'productId'.
src/components/products/forms/MarketplaceProductForm.tsx(166,51): error TS2304: Cannot find name 'productId'.
src/components/products/forms/NonprofitProductForm.tsx(46,30): error TS2304: Cannot find name 'productId'.
src/components/products/forms/NonprofitProductForm.tsx(47,36): error TS2304: Cannot find name 'productId'.
src/components/products/forms/NonprofitProductForm.tsx(50,28): error TS2304: Cannot find name 'productId'.
src/components/products/forms/NonprofitProductForm.tsx(60,27): error TS2304: Cannot find name 'productId'.
src/components/products/forms/NonprofitProductForm.tsx(142,51): error TS2304: Cannot find name 'productId'.
src/components/products/forms/RetailProductForm.tsx(134,63): error TS2698: Spread types may only be created from object types.
src/components/products/forms/RetailProductForm.tsx(134,71): error TS2698: Spread types may only be created from object types.
src/components/products/forms/RetailProductForm.tsx(135,41): error TS2769: No overload matches this call.
  Overload 1 of 2, '(o: ArrayLike<unknown> | { [s: string]: unknown; }): unknown[]', gave the following error.
    Argument of type 'unknown' is not assignable to parameter of type 'ArrayLike<unknown> | { [s: string]: unknown; }'.
  Overload 2 of 2, '(o: {}): any[]', gave the following error.
    Argument of type 'unknown' is not assignable to parameter of type '{}'.
src/components/products/forms/RetailProductForm.tsx(151,21): error TS2345: Argument of type '{ id: string; title: string; options: unknown; price: number; sku: string; stock: number; }[]' is not assignable to parameter of type 'SetStateAction<GeneratedVariant[]>'.
  Type '{ id: string; title: string; options: unknown; price: number; sku: string; stock: number; }[]' is not assignable to type 'GeneratedVariant[]'.
    Type '{ id: string; title: string; options: unknown; price: number; sku: string; stock: number; }' is not assignable to type 'GeneratedVariant'.
      Types of property 'options' are incompatible.
        Type 'unknown' is not assignable to type 'Record<string, string>'.
src/components/products/forms/WholesaleProductForm.tsx(61,30): error TS2304: Cannot find name 'productId'.
src/components/products/forms/WholesaleProductForm.tsx(62,36): error TS2304: Cannot find name 'productId'.
src/components/products/forms/WholesaleProductForm.tsx(65,28): error TS2304: Cannot find name 'productId'.
src/components/products/forms/WholesaleProductForm.tsx(75,27): error TS2304: Cannot find name 'productId'.
src/components/products/forms/WholesaleProductForm.tsx(193,51): error TS2304: Cannot find name 'productId'.
src/components/products/ProductDrawer.tsx(6,25): error TS2305: Module '"@/lib/product-schema"' has no exported member 'ProductFormValues'.
src/components/products/ProductDrawer.tsx(64,35): error TS2339: Property 'plan' does not exist on type '{ name?: string | null | undefined; email?: string | null | undefined; image?: string | null | undefined; }'.
src/components/products/ProductDrawer.tsx(192,5): error TS2322: Type 'unknown' is not assignable to type 'Resolver<ProductFormValues, any, ProductFormValues> | undefined'.
src/components/products/PublishMarketplaceDialog.tsx(19,52): error TS2300: Duplicate identifier 'any'.
src/components/products/PublishMarketplaceDialog.tsx(19,66): error TS2300: Duplicate identifier 'any'.
src/components/products/PublishMarketplaceDialog.tsx(19,82): error TS2300: Duplicate identifier 'any'.
src/components/products/PublishMarketplaceDialog.tsx(19,101): error TS2300: Duplicate identifier 'any'.
src/components/products/PublishMarketplaceDialog.tsx(27,16): error TS2304: Cannot find name 'productPrice'.
src/components/products/PublishMarketplaceDialog.tsx(31,13): error TS2304: Cannot find name 'isOpen'.
src/components/products/PublishMarketplaceDialog.tsx(34,9): error TS2304: Cannot find name 'isOpen'.
src/components/products/PublishMarketplaceDialog.tsx(58,54): error TS2304: Cannot find name 'productId'.
src/components/products/PublishMarketplaceDialog.tsx(73,13): error TS2304: Cannot find name 'onClose'.
src/components/products/PublishMarketplaceDialog.tsx(82,23): error TS2304: Cannot find name 'isOpen'.
src/components/products/PublishMarketplaceDialog.tsx(82,45): error TS2304: Cannot find name 'onClose'.
src/components/products/PublishMarketplaceDialog.tsx(158,56): error TS2304: Cannot find name 'onClose'.
src/components/properties/RealEstateForm.tsx(72,13): error TS2304: Cannot find name 'onSuccess'.
src/components/properties/RealEstateForm.tsx(151,66): error TS2304: Cannot find name 'onSuccess'.
src/components/properties/ViewingRequestCard.tsx(68,40): error TS2322: Type '{ className: string; }' is not assignable to type 'IntrinsicAttributes'.
  Property 'className' does not exist on type 'IntrinsicAttributes'.
src/components/properties/ViewingRequestCard.tsx(126,17): error TS2698: Spread types may only be created from object types.
src/components/requirement-checklist.tsx(31,17): error TS2322: Type 'unknown' is not assignable to type 'IconName'.
src/components/resources/DynamicResourceForm.tsx(7,26): error TS2305: Module '"@/config/fields"' has no exported member 'FieldType'.
src/components/resources/DynamicResourceForm.tsx(9,24): error TS2305: Module '"@/lib/templates/types"' has no exported member 'PrimaryObject'.
src/components/resources/DynamicResourceForm.tsx(9,39): error TS2305: Module '"@/lib/templates/types"' has no exported member 'FieldKey'.
src/components/resources/DynamicResourceForm.tsx(35,47): error TS2339: Property 'industrySlug' does not exist on type '{}'.
src/components/resources/DynamicResourceForm.tsx(35,86): error TS2339: Property 'industrySlug' does not exist on type '{}'.
src/components/resources/DynamicResourceForm.tsx(78,23): error TS2345: Argument of type '{ form: string; } | { form?: undefined; }' is not assignable to parameter of type 'SetStateAction<Record<string, string>>'.
  Type '{ form?: undefined; }' is not assignable to type 'SetStateAction<Record<string, string>>'.
    Type '{ form?: undefined; }' is not assignable to type 'Record<string, string>'.
      Property 'form' is incompatible with index signature.
        Type 'undefined' is not assignable to type 'string'.
src/components/resources/DynamicResourceForm.tsx(132,21): error TS2571: Object is of type 'unknown'.
src/components/resources/DynamicResourceForm.tsx(137,20): error TS18046: 'formData' is of type 'unknown'.
src/components/resources/DynamicResourceForm.tsx(154,32): error TS18046: 'formData' is of type 'unknown'.
src/components/resources/DynamicResourceForm.tsx(168,32): error TS18046: 'formData' is of type 'unknown'.
src/components/resources/DynamicResourceForm.tsx(182,21): error TS2571: Object is of type 'unknown'.
src/components/resources/DynamicResourceForm.tsx(212,40): error TS18046: 'formData' is of type 'unknown'.
src/components/resources/DynamicResourceForm.tsx(219,41): error TS7006: Parameter 'field' implicitly has an 'any' type.
src/components/resources/DynamicResourceForm.tsx(228,49): error TS7006: Parameter 'field' implicitly has an 'any' type.
src/components/resources/ResourceEditPage.tsx(8,10): error TS2305: Module '"@/lib/templates/types"' has no exported member 'PrimaryObject'.
src/components/resources/ResourceListPage.tsx(6,10): error TS2305: Module '"@/lib/templates/types"' has no exported member 'PrimaryObject'.
src/components/settings/DataPrivacySettings.tsx(82,25): error TS2322: Type 'unknown' is not assignable to type 'IconName'.
src/components/storefront/AAFashionHome.tsx(36,30): error TS2339: Property 'name' does not exist on type 'never'.
src/components/storefront/AAFashionHome.tsx(94,34): error TS2339: Property 'id' does not exist on type 'never'.
src/components/storefront/AAFashionHome.tsx(96,29): error TS2339: Property 'image' does not exist on type 'never'.
src/components/storefront/AAFashionHome.tsx(98,37): error TS2339: Property 'image' does not exist on type 'never'.
src/components/storefront/AAFashionHome.tsx(99,37): error TS2339: Property 'name' does not exist on type 'never'.
src/components/storefront/AAFashionHome.tsx(106,67): error TS2339: Property 'name' does not exist on type 'never'.
src/components/storefront/AAFashionHome.tsx(108,35): error TS2339: Property 'price' does not exist on type 'never'.
src/components/storefront/AAFashionHome.tsx(108,48): error TS2339: Property 'quantity' does not exist on type 'never'.
src/components/storefront/AAFashionHome.tsx(114,64): error TS2339: Property 'id' does not exist on type 'never'.
src/components/storefront/AAFashionHome.tsx(119,64): error TS2339: Property 'quantity' does not exist on type 'never'.
src/components/storefront/AAFashionHome.tsx(121,64): error TS2339: Property 'id' does not exist on type 'never'.
src/components/storefront/AAFashionHome.tsx(128,62): error TS2339: Property 'id' does not exist on type 'never'.
src/components/storefront/AAFashionHome.tsx(214,33): error TS2339: Property 'id' does not exist on type 'never'.
src/components/storefront/AAFashionHome.tsx(218,31): error TS2339: Property 'image' does not exist on type 'never'.
src/components/storefront/AAFashionHome.tsx(219,102): error TS2339: Property 'name' does not exist on type 'never'.
src/components/storefront/AAFashionHome.tsx(221,34): error TS2339: Property 'name' does not exist on type 'never'.
src/components/storefront/AAFashionHome.tsx(229,46): error TS2339: Property 'price' does not exist on type 'never'.
src/components/storefront/AAFashionHome.tsx(236,32): error TS2339: Property 'name' does not exist on type 'never'.
src/components/storefront/AAFashionHome.tsx(239,32): error TS2339: Property 'category' does not exist on type 'never'.
src/components/storefront/AAFashionHome.tsx(243,31): error TS2339: Property 'price' does not exist on type 'never'.
src/components/storefront/BloomeHome.tsx(39,30): error TS2339: Property 'name' does not exist on type 'never'.
src/components/storefront/BloomeHome.tsx(112,34): error TS2339: Property 'id' does not exist on type 'never'.
src/components/storefront/BloomeHome.tsx(114,29): error TS2339: Property 'image' does not exist on type 'never'.
src/components/storefront/BloomeHome.tsx(116,37): error TS2339: Property 'image' does not exist on type 'never'.
src/components/storefront/BloomeHome.tsx(124,33): error TS2339: Property 'name' does not exist on type 'never'.
src/components/storefront/BloomeHome.tsx(127,38): error TS2339: Property 'quantity' does not exist on type 'never'.
src/components/storefront/BloomeHome.tsx(132,62): error TS2339: Property 'id' does not exist on type 'never'.
src/components/storefront/BloomeHome.tsx(138,35): error TS2339: Property 'price' does not exist on type 'never'.
src/components/storefront/BloomeHome.tsx(138,48): error TS2339: Property 'quantity' does not exist on type 'never'.
src/components/storefront/BloomeHome.tsx(216,33): error TS2339: Property 'id' does not exist on type 'never'.
src/components/storefront/BloomeHome.tsx(220,31): error TS2339: Property 'image' does not exist on type 'never'.
src/components/storefront/BloomeHome.tsx(221,106): error TS2339: Property 'name' does not exist on type 'never'.
src/components/storefront/BloomeHome.tsx(236,28): error TS2339: Property 'name' does not exist on type 'never'.
src/components/storefront/BloomeHome.tsx(240,30): error TS2339: Property 'description' does not exist on type 'never'.
src/components/storefront/BloomeHome.tsx(243,31): error TS2339: Property 'price' does not exist on type 'never'.
src/components/storefront/BulkTradeHome.tsx(18,32): error TS2339: Property 'name' does not exist on type 'never'.
src/components/storefront/CheckoutModal.tsx(3,10): error TS2305: Module '"@/hooks/storefront/useStorefrontCart"' has no exported member 'CartItem'.
src/components/storefront/CheckoutModal.tsx(25,11): error TS2300: Duplicate identifier 'any'.
src/components/storefront/CheckoutModal.tsx(25,25): error TS2300: Duplicate identifier 'any'.
src/components/storefront/CheckoutModal.tsx(25,36): error TS2300: Duplicate identifier 'any'.
src/components/storefront/CheckoutModal.tsx(25,48): error TS2300: Duplicate identifier 'any'.
src/components/storefront/CheckoutModal.tsx(25,64): error TS2300: Duplicate identifier 'any'.
src/components/storefront/CheckoutModal.tsx(25,80): error TS2300: Duplicate identifier 'any'.
src/components/storefront/CheckoutModal.tsx(25,118): error TS2300: Duplicate identifier 'any'.
src/components/storefront/CheckoutModal.tsx(40,11): error TS2304: Cannot find name 'submitFn'.
src/components/storefront/CheckoutModal.tsx(41,15): error TS2304: Cannot find name 'submitFn'.
src/components/storefront/CheckoutModal.tsx(43,18): error TS2304: Cannot find name 'cart'.
src/components/storefront/CheckoutModal.tsx(44,11): error TS18004: No value exists in scope for the shorthand property 'total'. Either declare one or provide an initializer.
src/components/storefront/CheckoutModal.tsx(47,9): error TS2304: Cannot find name 'onSuccess'.
src/components/storefront/CheckoutModal.tsx(48,9): error TS2304: Cannot find name 'onClose'.
src/components/storefront/CheckoutModal.tsx(50,52): error TS2304: Cannot find name 'storeSlug'.
src/components/storefront/CheckoutModal.tsx(55,20): error TS2304: Cannot find name 'cart'.
src/components/storefront/CheckoutModal.tsx(56,13): error TS18004: No value exists in scope for the shorthand property 'total'. Either declare one or provide an initializer.
src/components/storefront/CheckoutModal.tsx(71,11): error TS2304: Cannot find name 'onSuccess'.
src/components/storefront/CheckoutModal.tsx(72,11): error TS2304: Cannot find name 'onClose'.
src/components/storefront/CheckoutModal.tsx(84,19): error TS2304: Cannot find name 'isOpen'.
src/components/storefront/CheckoutModal.tsx(84,41): error TS2304: Cannot find name 'onClose'.
src/components/storefront/CheckoutModal.tsx(87,36): error TS2304: Cannot find name 'total'.
src/components/storefront/CheckoutModal.tsx(156,23): error TS2304: Cannot find name 'total'.
src/components/storefront/CheckoutModal.tsx(164,21): error TS2304: Cannot find name 'total'.
src/components/storefront/CreativeMarketStore.tsx(35,30): error TS2339: Property 'name' does not exist on type 'never'.
src/components/storefront/CreativeMarketStore.tsx(116,31): error TS2339: Property 'id' does not exist on type 'never'.
src/components/storefront/CreativeMarketStore.tsx(120,29): error TS2339: Property 'image' does not exist on type 'never'.
src/components/storefront/CreativeMarketStore.tsx(122,37): error TS2339: Property 'image' does not exist on type 'never'.
src/components/storefront/CreativeMarketStore.tsx(129,31): error TS2339: Property 'name' does not exist on type 'never'.
src/components/storefront/CreativeMarketStore.tsx(136,34): error TS2339: Property 'price' does not exist on type 'never'.
src/components/storefront/CreativeMarketStore.tsx(139,62): error TS2339: Property 'id' does not exist on type 'never'.
src/components/storefront/CreativeMarketStore.tsx(220,30): error TS2339: Property 'id' does not exist on type 'never'.
src/components/storefront/CreativeMarketStore.tsx(227,31): error TS2339: Property 'image' does not exist on type 'never'.
src/components/storefront/CreativeMarketStore.tsx(228,94): error TS2339: Property 'name' does not exist on type 'never'.
src/components/storefront/CreativeMarketStore.tsx(240,30): error TS2339: Property 'name' does not exist on type 'never'.
src/components/storefront/CreativeMarketStore.tsx(244,30): error TS2339: Property 'category' does not exist on type 'never'.
src/components/storefront/CreativeMarketStore.tsx(249,33): error TS2339: Property 'price' does not exist on type 'never'.
src/components/storefront/DigitalVaultStore.tsx(35,30): error TS2339: Property 'name' does not exist on type 'never'.
src/components/storefront/DigitalVaultStore.tsx(93,31): error TS2339: Property 'id' does not exist on type 'never'.
src/components/storefront/DigitalVaultStore.tsx(98,31): error TS2339: Property 'name' does not exist on type 'never'.
src/components/storefront/DigitalVaultStore.tsx(101,32): error TS2339: Property 'price' does not exist on type 'never'.
src/components/storefront/DigitalVaultStore.tsx(106,60): error TS2339: Property 'id' does not exist on type 'never'.
src/components/storefront/DigitalVaultStore.tsx(165,33): error TS2339: Property 'id' does not exist on type 'never'.
src/components/storefront/DigitalVaultStore.tsx(170,33): error TS2339: Property 'image' does not exist on type 'never'.
src/components/storefront/DigitalVaultStore.tsx(171,96): error TS2339: Property 'name' does not exist on type 'never'.
src/components/storefront/DigitalVaultStore.tsx(176,32): error TS2339: Property 'category' does not exist on type 'never'.
src/components/storefront/DigitalVaultStore.tsx(181,32): error TS2339: Property 'name' does not exist on type 'never'.
src/components/storefront/DigitalVaultStore.tsx(184,32): error TS2339: Property 'description' does not exist on type 'never'.
src/components/storefront/DigitalVaultStore.tsx(189,35): error TS2339: Property 'price' does not exist on type 'never'.
src/components/storefront/EventTicketsPro.tsx(35,30): error TS2339: Property 'name' does not exist on type 'never'.
src/components/storefront/EventTicketsPro.tsx(109,31): error TS2339: Property 'id' does not exist on type 'never'.
src/components/storefront/EventTicketsPro.tsx(113,29): error TS2339: Property 'image' does not exist on type 'never'.
src/components/storefront/EventTicketsPro.tsx(115,37): error TS2339: Property 'image' does not exist on type 'never'.
src/components/storefront/EventTicketsPro.tsx(123,31): error TS2339: Property 'name' does not exist on type 'never'.
src/components/storefront/EventTicketsPro.tsx(131,64): error TS2339: Property 'id' does not exist on type 'never'.
src/components/storefront/EventTicketsPro.tsx(137,35): error TS2339: Property 'quantity' does not exist on type 'never'.
src/components/storefront/EventTicketsPro.tsx(140,64): error TS2339: Property 'id' does not exist on type 'never'.
src/components/storefront/EventTicketsPro.tsx(148,37): error TS2339: Property 'price' does not exist on type 'never'.
src/components/storefront/EventTicketsPro.tsx(148,50): error TS2339: Property 'quantity' does not exist on type 'never'.
src/components/storefront/EventTicketsPro.tsx(223,28): error TS2339: Property 'id' does not exist on type 'never'.
src/components/storefront/EventTicketsPro.tsx(230,29): error TS2339: Property 'image' does not exist on type 'never'.
src/components/storefront/EventTicketsPro.tsx(231,92): error TS2339: Property 'name' does not exist on type 'never'.
src/components/storefront/EventTicketsPro.tsx(247,28): error TS2339: Property 'name' does not exist on type 'never'.
src/components/storefront/EventTicketsPro.tsx(250,28): error TS2339: Property 'description' does not exist on type 'never'.
src/components/storefront/EventTicketsPro.tsx(255,36): error TS2339: Property 'price' does not exist on type 'never'.
src/components/storefront/GiveFlowHome.tsx(18,32): error TS2339: Property 'name' does not exist on type 'never'.
src/components/storefront/GizmoTechHome.tsx(35,30): error TS2339: Property 'name' does not exist on type 'never'.
src/components/storefront/GizmoTechHome.tsx(113,31): error TS2339: Property 'id' does not exist on type 'never'.
src/components/storefront/GizmoTechHome.tsx(117,29): error TS2339: Property 'image' does not exist on type 'never'.
src/components/storefront/GizmoTechHome.tsx(119,37): error TS2339: Property 'image' does not exist on type 'never'.
src/components/storefront/GizmoTechHome.tsx(129,33): error TS2339: Property 'name' does not exist on type 'never'.
src/components/storefront/GizmoTechHome.tsx(132,35): error TS2339: Property 'price' does not exist on type 'never'.
src/components/storefront/GizmoTechHome.tsx(132,48): error TS2339: Property 'quantity' does not exist on type 'never'.
src/components/storefront/GizmoTechHome.tsx(138,64): error TS2339: Property 'id' does not exist on type 'never'.
src/components/storefront/GizmoTechHome.tsx(144,35): error TS2339: Property 'quantity' does not exist on type 'never'.
src/components/storefront/GizmoTechHome.tsx(147,64): error TS2339: Property 'id' does not exist on type 'never'.
src/components/storefront/GizmoTechHome.tsx(154,62): error TS2339: Property 'id' does not exist on type 'never'.
src/components/storefront/GizmoTechHome.tsx(208,30): error TS2339: Property 'id' does not exist on type 'never'.
src/components/storefront/GizmoTechHome.tsx(222,31): error TS2339: Property 'image' does not exist on type 'never'.
src/components/storefront/GizmoTechHome.tsx(223,102): error TS2339: Property 'name' does not exist on type 'never'.
src/components/storefront/GizmoTechHome.tsx(225,34): error TS2339: Property 'name' does not exist on type 'never'.
src/components/storefront/GizmoTechHome.tsx(230,39): error TS2339: Property 'id' does not exist on type 'never'.
src/components/storefront/GizmoTechHome.tsx(236,30): error TS2339: Property 'name' does not exist on type 'never'.
src/components/storefront/GizmoTechHome.tsx(239,36): error TS2339: Property 'category' does not exist on type 'never'.
src/components/storefront/GizmoTechHome.tsx(244,33): error TS2339: Property 'price' does not exist on type 'never'.
src/components/storefront/GourmetDiningFood.tsx(27,21): error TS2339: Property 'category' does not exist on type 'never'.
src/components/storefront/GourmetDiningFood.tsx(47,30): error TS2339: Property 'name' does not exist on type 'never'.
src/components/storefront/GourmetDiningFood.tsx(121,34): error TS2339: Property 'id' does not exist on type 'never'.
src/components/storefront/GourmetDiningFood.tsx(124,37): error TS2339: Property 'name' does not exist on type 'never'.
src/components/storefront/GourmetDiningFood.tsx(126,35): error TS2339: Property 'price' does not exist on type 'never'.
src/components/storefront/GourmetDiningFood.tsx(126,48): error TS2339: Property 'quantity' does not exist on type 'never'.
src/components/storefront/GourmetDiningFood.tsx(132,64): error TS2339: Property 'id' does not exist on type 'never'.
src/components/storefront/GourmetDiningFood.tsx(133,44): error TS2339: Property 'quantity' does not exist on type 'never'.
src/components/storefront/GourmetDiningFood.tsx(138,64): error TS2339: Property 'quantity' does not exist on type 'never'.
src/components/storefront/GourmetDiningFood.tsx(140,64): error TS2339: Property 'id' does not exist on type 'never'.
src/components/storefront/GourmetDiningFood.tsx(147,62): error TS2339: Property 'id' does not exist on type 'never'.
src/components/storefront/GourmetDiningFood.tsx(268,36): error TS2339: Property 'id' does not exist on type 'never'.
src/components/storefront/GourmetDiningFood.tsx(271,33): error TS2339: Property 'name' does not exist on type 'never'.
src/components/storefront/GourmetDiningFood.tsx(275,34): error TS2339: Property 'price' does not exist on type 'never'.
src/components/storefront/GourmetDiningFood.tsx(279,31): error TS2339: Property 'description' does not exist on type 'never'.
src/components/storefront/HomeListHome.tsx(18,32): error TS2339: Property 'name' does not exist on type 'never'.
src/components/storefront/LearnHubCourses.tsx(35,30): error TS2339: Property 'name' does not exist on type 'never'.
src/components/storefront/LearnHubCourses.tsx(108,31): error TS2339: Property 'id' does not exist on type 'never'.
src/components/storefront/LearnHubCourses.tsx(113,31): error TS2339: Property 'name' does not exist on type 'never'.
src/components/storefront/LearnHubCourses.tsx(116,33): error TS2339: Property 'price' does not exist on type 'never'.
src/components/storefront/LearnHubCourses.tsx(116,46): error TS2339: Property 'quantity' does not exist on type 'never'.
src/components/storefront/LearnHubCourses.tsx(123,58): error TS2339: Property 'id' does not exist on type 'never'.
src/components/storefront/LearnHubCourses.tsx(219,29): error TS2339: Property 'id' does not exist on type 'never'.
src/components/storefront/LearnHubCourses.tsx(226,30): error TS2339: Property 'image' does not exist on type 'never'.
src/components/storefront/LearnHubCourses.tsx(241,29): error TS2339: Property 'name' does not exist on type 'never'.
src/components/storefront/LearnHubCourses.tsx(252,29): error TS2339: Property 'description' does not exist on type 'never'.
src/components/storefront/LearnHubCourses.tsx(257,32): error TS2339: Property 'price' does not exist on type 'never'.
src/components/storefront/OneProductHome.tsx(18,32): error TS2339: Property 'name' does not exist on type 'never'.
src/components/storefront/ProConsultBooking.tsx(44,30): error TS2339: Property 'name' does not exist on type 'never'.
src/components/storefront/ProConsultBooking.tsx(118,31): error TS2339: Property 'id' does not exist on type 'never'.
src/components/storefront/ProConsultBooking.tsx(123,31): error TS2339: Property 'name' does not exist on type 'never'.
src/components/storefront/ProConsultBooking.tsx(126,33): error TS2339: Property 'price' does not exist on type 'never'.
src/components/storefront/ProConsultBooking.tsx(126,46): error TS2339: Property 'quantity' does not exist on type 'never'.
src/components/storefront/ProConsultBooking.tsx(137,64): error TS2339: Property 'id' does not exist on type 'never'.
src/components/storefront/ProConsultBooking.tsx(142,64): error TS2339: Property 'quantity' does not exist on type 'never'.
src/components/storefront/ProConsultBooking.tsx(144,64): error TS2339: Property 'id' does not exist on type 'never'.
src/components/storefront/ProConsultBooking.tsx(151,62): error TS2339: Property 'id' does not exist on type 'never'.
src/components/storefront/ProConsultBooking.tsx(257,29): error TS2339: Property 'id' does not exist on type 'never'.
src/components/storefront/ProConsultBooking.tsx(266,34): error TS2339: Property 'image' does not exist on type 'never'.
src/components/storefront/ProConsultBooking.tsx(267,78): error TS2339: Property 'name' does not exist on type 'never'.
src/components/storefront/ProConsultBooking.tsx(279,29): error TS2339: Property 'name' does not exist on type 'never'.
src/components/storefront/ProConsultBooking.tsx(282,29): error TS2339: Property 'description' does not exist on type 'never'.
src/components/storefront/ProConsultBooking.tsx(301,34): error TS2339: Property 'price' does not exist on type 'never'.
src/components/storefront/QuickBitesFood.tsx(51,50): error TS2339: Property 'category' does not exist on type 'never'.
src/components/storefront/QuickBitesFood.tsx(58,37): error TS2339: Property 'category' does not exist on type 'never'.
src/components/storefront/QuickBitesFood.tsx(61,30): error TS2339: Property 'name' does not exist on type 'never'.
src/components/storefront/QuickBitesFood.tsx(176,26): error TS2339: Property 'id' does not exist on type 'never'.
src/components/storefront/QuickBitesFood.tsx(183,27): error TS2339: Property 'image' does not exist on type 'never'.
src/components/storefront/QuickBitesFood.tsx(184,71): error TS2339: Property 'name' does not exist on type 'never'.
src/components/storefront/QuickBitesFood.tsx(186,30): error TS2339: Property 'name' does not exist on type 'never'.
src/components/storefront/QuickBitesFood.tsx(194,64): error TS2339: Property 'name' does not exist on type 'never'.
src/components/storefront/QuickBitesFood.tsx(196,27): error TS2339: Property 'price' does not exist on type 'never'.
src/components/storefront/QuickBitesFood.tsx(200,24): error TS2339: Property 'description' does not exist on type 'never'.
src/components/storefront/QuickBitesFood.tsx(231,32): error TS2339: Property 'id' does not exist on type 'never'.
src/components/storefront/QuickBitesFood.tsx(233,27): error TS2339: Property 'image' does not exist on type 'never'.
src/components/storefront/QuickBitesFood.tsx(235,35): error TS2339: Property 'image' does not exist on type 'never'.
src/components/storefront/QuickBitesFood.tsx(236,35): error TS2339: Property 'name' does not exist on type 'never'.
src/components/storefront/QuickBitesFood.tsx(243,29): error TS2339: Property 'name' does not exist on type 'never'.
src/components/storefront/QuickBitesFood.tsx(246,31): error TS2339: Property 'price' does not exist on type 'never'.
src/components/storefront/QuickBitesFood.tsx(246,44): error TS2339: Property 'quantity' does not exist on type 'never'.
src/components/storefront/QuickBitesFood.tsx(251,58): error TS2339: Property 'id' does not exist on type 'never'.
src/components/storefront/QuickBitesFood.tsx(257,29): error TS2339: Property 'quantity' does not exist on type 'never'.
src/components/storefront/QuickBitesFood.tsx(260,58): error TS2339: Property 'id' does not exist on type 'never'.
src/components/storefront/SkillAcademyCourses.tsx(35,30): error TS2339: Property 'name' does not exist on type 'never'.
src/components/storefront/SkillAcademyCourses.tsx(114,31): error TS2339: Property 'id' does not exist on type 'never'.
src/components/storefront/SkillAcademyCourses.tsx(118,29): error TS2339: Property 'image' does not exist on type 'never'.
src/components/storefront/SkillAcademyCourses.tsx(120,37): error TS2339: Property 'image' does not exist on type 'never'.
src/components/storefront/SkillAcademyCourses.tsx(127,31): error TS2339: Property 'name' does not exist on type 'never'.
src/components/storefront/SkillAcademyCourses.tsx(134,34): error TS2339: Property 'price' does not exist on type 'never'.
src/components/storefront/SkillAcademyCourses.tsx(137,62): error TS2339: Property 'id' does not exist on type 'never'.
src/components/storefront/SkillAcademyCourses.tsx(235,29): error TS2339: Property 'id' does not exist on type 'never'.
src/components/storefront/SkillAcademyCourses.tsx(242,30): error TS2339: Property 'image' does not exist on type 'never'.
src/components/storefront/SkillAcademyCourses.tsx(243,93): error TS2339: Property 'name' does not exist on type 'never'.
src/components/storefront/SkillAcademyCourses.tsx(251,29): error TS2339: Property 'name' does not exist on type 'never'.
src/components/storefront/SkillAcademyCourses.tsx(266,32): error TS2339: Property 'price' does not exist on type 'never'.
src/components/storefront/SliceLifePizza.tsx(10,37): error TS2554: Expected 2 arguments, but got 1.
src/components/storefront/SliceLifePizza.tsx(27,17): error TS2322: Type '{ title: string; description: string; }' is not assignable to type 'IntrinsicAttributes'.
  Property 'title' does not exist on type 'IntrinsicAttributes'.
src/components/storefront/SliceLifePizza.tsx(27,33): error TS2339: Property 'name' does not exist on type 'never'.
src/components/storefront/SliceLifePizza.tsx(35,32): error TS2339: Property 'name' does not exist on type 'never'.
src/components/storefront/SliceLifePizza.tsx(42,41): error TS2322: Type '{ storeSlug: string; }' is not assignable to type 'IntrinsicAttributes'.
  Property 'storeSlug' does not exist on type 'IntrinsicAttributes'.
src/components/storefront/SliceLifePizza.tsx(161,104): error TS2339: Property 'name' does not exist on type 'never'.
src/components/storefront/SliceLifePizza.tsx(166,66): error TS2339: Property 'name' does not exist on type 'never'.
src/components/storefront/StandardDigitalHome.tsx(25,32): error TS2339: Property 'name' does not exist on type 'never'.
src/components/storefront/StandardDigitalHome.tsx(65,47): error TS2339: Property 'id' does not exist on type 'never'.
src/components/storefront/StandardDigitalHome.tsx(71,55): error TS2339: Property 'image' does not exist on type 'never'.
src/components/storefront/StandardDigitalHome.tsx(74,81): error TS2339: Property 'name' does not exist on type 'never'.
src/components/storefront/StandardDigitalHome.tsx(76,91): error TS2339: Property 'price' does not exist on type 'never'.
src/components/storefront/StandardDigitalHome.tsx(127,48): error TS2339: Property 'id' does not exist on type 'never'.
src/components/storefront/StandardDigitalHome.tsx(129,74): error TS2339: Property 'name' does not exist on type 'never'.
src/components/storefront/StandardDigitalHome.tsx(133,54): error TS2339: Property 'price' does not exist on type 'never'.
src/components/storefront/StandardDigitalHome.tsx(134,84): error TS2339: Property 'id' does not exist on type 'never'.
src/components/storefront/StandardEventsHome.tsx(25,32): error TS2339: Property 'name' does not exist on type 'never'.
src/components/storefront/StandardEventsHome.tsx(57,52): error TS2339: Property 'id' does not exist on type 'never'.
src/components/storefront/StandardEventsHome.tsx(58,79): error TS2339: Property 'name' does not exist on type 'never'.
src/components/storefront/StandardEventsHome.tsx(59,84): error TS2339: Property 'id' does not exist on type 'never'.
src/components/storefront/StandardEventsHome.tsx(88,45): error TS2339: Property 'id' does not exist on type 'never'.
src/components/storefront/StandardEventsHome.tsx(90,53): error TS2339: Property 'image' does not exist on type 'never'.
src/components/storefront/StandardEventsHome.tsx(90,112): error TS2339: Property 'name' does not exist on type 'never'.
src/components/storefront/StandardEventsHome.tsx(100,99): error TS2339: Property 'name' does not exist on type 'never'.
src/components/storefront/StandardEventsHome.tsx(109,103): error TS2339: Property 'price' does not exist on type 'never'.
src/components/storefront/StandardFoodHome.tsx(25,32): error TS2339: Property 'name' does not exist on type 'never'.
src/components/storefront/StandardFoodHome.tsx(87,44): error TS2339: Property 'id' does not exist on type 'never'.
src/components/storefront/StandardFoodHome.tsx(89,52): error TS2339: Property 'image' does not exist on type 'never'.
src/components/storefront/StandardFoodHome.tsx(96,101): error TS2339: Property 'name' does not exist on type 'never'.
src/components/storefront/StandardFoodHome.tsx(97,84): error TS2339: Property 'price' does not exist on type 'never'.
src/components/storefront/StandardFoodHome.tsx(99,112): error TS2339: Property 'description' does not exist on type 'never'.
src/components/storefront/StandardFoodHome.tsx(120,48): error TS2339: Property 'id' does not exist on type 'never'.
src/components/storefront/StandardFoodHome.tsx(122,47): error TS2339: Property 'image' does not exist on type 'never'.
src/components/storefront/StandardFoodHome.tsx(122,71): error TS2339: Property 'image' does not exist on type 'never'.
src/components/storefront/StandardFoodHome.tsx(126,57): error TS2339: Property 'name' does not exist on type 'never'.
src/components/storefront/StandardFoodHome.tsx(127,59): error TS2339: Property 'price' does not exist on type 'never'.
src/components/storefront/StandardFoodHome.tsx(127,72): error TS2339: Property 'quantity' does not exist on type 'never'.
src/components/storefront/StandardFoodHome.tsx(130,88): error TS2339: Property 'id' does not exist on type 'never'.
src/components/storefront/StandardFoodHome.tsx(131,87): error TS2339: Property 'quantity' does not exist on type 'never'.
src/components/storefront/StandardFoodHome.tsx(132,88): error TS2339: Property 'id' does not exist on type 'never'.
src/components/storefront/StandardRetailHome.tsx(28,30): error TS2339: Property 'name' does not exist on type 'never'.
src/components/storefront/StandardRetailHome.tsx(111,33): error TS2339: Property 'id' does not exist on type 'never'.
src/components/storefront/StandardRetailHome.tsx(114,34): error TS2339: Property 'image' does not exist on type 'never'.
src/components/storefront/StandardRetailHome.tsx(114,91): error TS2339: Property 'name' does not exist on type 'never'.
src/components/storefront/StandardRetailHome.tsx(115,34): error TS2339: Property 'name' does not exist on type 'never'.
src/components/storefront/StandardRetailHome.tsx(125,68): error TS2339: Property 'name' does not exist on type 'never'.
src/components/storefront/StandardRetailHome.tsx(126,69): error TS2339: Property 'price' does not exist on type 'never'.
src/components/storefront/StandardRetailHome.tsx(144,32): error TS2339: Property 'id' does not exist on type 'never'.
src/components/storefront/StandardRetailHome.tsx(146,27): error TS2339: Property 'image' does not exist on type 'never'.
src/components/storefront/StandardRetailHome.tsx(146,51): error TS2339: Property 'image' does not exist on type 'never'.
src/components/storefront/StandardRetailHome.tsx(146,68): error TS2339: Property 'name' does not exist on type 'never'.
src/components/storefront/StandardRetailHome.tsx(150,35): error TS2339: Property 'name' does not exist on type 'never'.
src/components/storefront/StandardRetailHome.tsx(151,37): error TS2339: Property 'price' does not exist on type 'never'.
src/components/storefront/StandardRetailHome.tsx(151,50): error TS2339: Property 'quantity' does not exist on type 'never'.
src/components/storefront/StandardRetailHome.tsx(154,66): error TS2339: Property 'id' does not exist on type 'never'.
src/components/storefront/StandardRetailHome.tsx(155,55): error TS2339: Property 'quantity' does not exist on type 'never'.
src/components/storefront/StandardRetailHome.tsx(156,66): error TS2339: Property 'id' does not exist on type 'never'.
src/components/storefront/StandardRetailHome.tsx(157,66): error TS2339: Property 'id' does not exist on type 'never'.
src/components/storefront/StandardServiceHome.tsx(31,32): error TS2339: Property 'name' does not exist on type 'never'.
src/components/storefront/StandardServiceHome.tsx(97,37): error TS2339: Property 'id' does not exist on type 'never'.
src/components/storefront/StandardServiceHome.tsx(168,55): error TS2339: Property 'id' does not exist on type 'never'.
src/components/storefront/StandardServiceHome.tsx(171,62): error TS2339: Property 'image' does not exist on type 'never'.
src/components/storefront/StandardServiceHome.tsx(171,119): error TS2339: Property 'name' does not exist on type 'never'.
src/components/storefront/StandardServiceHome.tsx(173,62): error TS2339: Property 'name' does not exist on type 'never'.
src/components/storefront/StandardServiceHome.tsx(177,103): error TS2339: Property 'name' does not exist on type 'never'.
src/components/storefront/StandardServiceHome.tsx(178,110): error TS2339: Property 'description' does not exist on type 'never'.
src/components/storefront/StandardServiceHome.tsx(185,105): error TS2339: Property 'price' does not exist on type 'never'.
src/components/storefront/StandardServiceHome.tsx(224,56): error TS2339: Property 'id' does not exist on type 'never'.
src/components/storefront/StandardServiceHome.tsx(226,99): error TS2339: Property 'name' does not exist on type 'never'.
src/components/storefront/StandardServiceHome.tsx(227,92): error TS2339: Property 'id' does not exist on type 'never'.
src/components/storefront/StandardServiceHome.tsx(229,84): error TS2339: Property 'quantity' does not exist on type 'never'.
src/components/storefront/WellnessBooking.tsx(35,30): error TS2339: Property 'name' does not exist on type 'never'.
src/components/storefront/WellnessBooking.tsx(100,31): error TS2339: Property 'id' does not exist on type 'never'.
src/components/storefront/WellnessBooking.tsx(104,35): error TS2339: Property 'name' does not exist on type 'never'.
src/components/storefront/WellnessBooking.tsx(106,33): error TS2339: Property 'price' does not exist on type 'never'.
src/components/storefront/WellnessBooking.tsx(106,46): error TS2339: Property 'quantity' does not exist on type 'never'.
src/components/storefront/WellnessBooking.tsx(112,62): error TS2339: Property 'id' does not exist on type 'never'.
src/components/storefront/WellnessBooking.tsx(117,37): error TS2339: Property 'quantity' does not exist on type 'never'.
src/components/storefront/WellnessBooking.tsx(119,62): error TS2339: Property 'id' does not exist on type 'never'.
src/components/storefront/WellnessBooking.tsx(126,60): error TS2339: Property 'id' does not exist on type 'never'.
src/components/storefront/WellnessBooking.tsx(197,30): error TS2339: Property 'id' does not exist on type 'never'.
src/components/storefront/WellnessBooking.tsx(203,31): error TS2339: Property 'image' does not exist on type 'never'.
src/components/storefront/WellnessBooking.tsx(204,94): error TS2339: Property 'name' does not exist on type 'never'.
src/components/storefront/WellnessBooking.tsx(214,30): error TS2339: Property 'name' does not exist on type 'never'.
src/components/storefront/WellnessBooking.tsx(217,30): error TS2339: Property 'description' does not exist on type 'never'.
src/components/storefront/WellnessBooking.tsx(221,33): error TS2339: Property 'price' does not exist on type 'never'.
src/components/support/support-chat.tsx(212,42): error TS2571: Object is of type 'unknown'.
src/components/support/support-chat.tsx(214,24): error TS2571: Object is of type 'unknown'.
src/components/support/SupportDrawer.tsx(166,11): error TS2322: Type 'unknown' is not assignable to type 'IconName'.
src/components/templates/food/FoodCatering.tsx(62,15): error TS2571: Object is of type 'unknown'.
src/components/templates/food/FoodCatering.tsx(63,16): error TS2571: Object is of type 'unknown'.
src/components/templates/hospitality/HotelBooking.tsx(85,60): error TS2571: Object is of type 'unknown'.
src/components/templates/retail/AutoParts.tsx(58,15): error TS2571: Object is of type 'unknown'.
src/components/templates/retail/AutoParts.tsx(128,16): error TS2571: Object is of type 'unknown'.
src/components/templates/retail/AutoParts.tsx(141,22): error TS2571: Object is of type 'unknown'.
src/components/templates/retail/ElectronicsMarket.tsx(126,42): error TS2571: Object is of type 'unknown'.
src/components/templates/retail/ElectronicsMarket.tsx(126,69): error TS2571: Object is of type 'unknown'.
src/components/templates/retail/ElectronicsMarket.tsx(141,42): error TS2571: Object is of type 'unknown'.
src/components/templates/retail/PerfumeLuxury.tsx(183,22): error TS2571: Object is of type 'unknown'.
src/components/templates/retail/PhoneGadget.tsx(162,18): error TS2571: Object is of type 'unknown'.
src/components/templates/retail/PhoneGadget.tsx(164,26): error TS2571: Object is of type 'unknown'.
src/components/templates/retail/PhoneGadget.tsx(169,18): error TS2571: Object is of type 'unknown'.
src/components/templates/retail/PhoneGadget.tsx(171,22): error TS2571: Object is of type 'unknown'.
src/components/templates/retail/PhoneGadget.tsx(179,18): error TS2571: Object is of type 'unknown'.
src/components/templates/retail/PhoneGadget.tsx(181,22): error TS2571: Object is of type 'unknown'.
src/components/templates/retail/PhoneGadget.tsx(183,26): error TS2571: Object is of type 'unknown'.
src/components/templates/retail/PhoneGadget.tsx(186,22): error TS2571: Object is of type 'unknown'.
src/components/templates/retail/PhoneGadget.tsx(188,29): error TS2571: Object is of type 'unknown'.
src/components/templates/services/SoloProfessional.tsx(60,19): error TS2571: Object is of type 'unknown'.
src/components/templates/services/SoloProfessional.tsx(61,16): error TS2571: Object is of type 'unknown'.
src/components/templates/services/SoloProfessional.tsx(125,20): error TS2571: Object is of type 'unknown'.
src/components/templates/services/SoloProfessional.tsx(127,24): error TS2571: Object is of type 'unknown'.
src/components/templates/storefront/FoodTemplate.tsx(5,10): error TS2305: Module '"@/types/storefront"' has no exported member 'StorefrontConfig'.
src/components/templates/storefront/FoodTemplate.tsx(5,28): error TS2305: Module '"@/types/storefront"' has no exported member 'StorefrontProduct'.
src/components/templates/storefront/FoodTemplate.tsx(167,19): error TS2322: Type 'unknown' is not assignable to type 'IconName'.
src/components/templates/storefront/FoodTemplate.tsx(444,34): error TS18046: 'vals' is of type 'unknown'.
src/components/templates/storefront/RetailTemplate.tsx(5,10): error TS2305: Module '"@/types/storefront"' has no exported member 'StorefrontConfig'.
src/components/templates/storefront/RetailTemplate.tsx(5,28): error TS2305: Module '"@/types/storefront"' has no exported member 'StorefrontProduct'.
src/components/templates/storefront/RetailTemplate.tsx(138,19): error TS2322: Type 'unknown' is not assignable to type 'IconName'.
src/components/templates/storefront/RetailTemplate.tsx(236,13): error TS2322: Type 'unknown' is not assignable to type 'IconName'.
src/components/templates/storefront/RetailTemplate.tsx(386,19): error TS2322: Type 'unknown' is not assignable to type 'IconName'.
src/components/templates/storefront/ServiceTemplate.tsx(5,10): error TS2305: Module '"@/types/storefront"' has no exported member 'StorefrontConfig'.
src/components/templates/storefront/ServiceTemplate.tsx(5,28): error TS2305: Module '"@/types/storefront"' has no exported member 'StorefrontProduct'.
src/components/templates/storefront/StorefrontContext.tsx(4,10): error TS2305: Module '"@/types/storefront"' has no exported member 'StorefrontProduct'.
src/components/templates/storefront/StorefrontContext.tsx(125,13): error TS18046: 'selectedOptions' is of type 'unknown'.
src/components/templates/TemplatePreviewModal.tsx(5,10): error TS2724: '"@/lib/templates"' has no exported member named 'Template'. Did you mean 'TEMPLATES'?
src/components/templates/TemplatePreviewModal.tsx(5,20): error TS2305: Module '"@/lib/templates"' has no exported member 'PlanTier'.
src/components/ui/AddressInputNG.tsx(19,16): error TS2698: Spread types may only be created from object types.
src/components/ui/AddressInputNG.tsx(29,25): error TS2339: Property 'addressLine1' does not exist on type '{}'.
src/components/ui/AddressInputNG.tsx(34,18): error TS2339: Property 'addressLine1' does not exist on type '{}'.
src/components/ui/AddressInputNG.tsx(35,60): error TS2339: Property 'addressLine1' does not exist on type '{}'.
src/components/ui/AddressInputNG.tsx(45,27): error TS2339: Property 'state' does not exist on type '{}'.
src/components/ui/AddressInputNG.tsx(56,20): error TS2339: Property 'state' does not exist on type '{}'.
src/components/ui/AddressInputNG.tsx(57,62): error TS2339: Property 'state' does not exist on type '{}'.
src/components/ui/AddressInputNG.tsx(65,27): error TS2339: Property 'city' does not exist on type '{}'.
src/components/ui/AddressInputNG.tsx(70,20): error TS2339: Property 'city' does not exist on type '{}'.
src/components/ui/AddressInputNG.tsx(71,62): error TS2339: Property 'city' does not exist on type '{}'.
src/components/ui/AddressInputNG.tsx(81,25): error TS2339: Property 'landmark' does not exist on type '{}'.
src/components/ui/AddressInputNG.tsx(86,18): error TS2339: Property 'landmark' does not exist on type '{}'.
src/components/ui/AddressInputNG.tsx(87,60): error TS2339: Property 'landmark' does not exist on type '{}'.
src/components/ui/ResponsiveTable.tsx(79,41): error TS2322: Type 'unknown' is not assignable to type 'ReactNode'.
src/components/ui/ResponsiveTable.tsx(107,41): error TS2322: Type 'unknown' is not assignable to type 'ReactNode'.
src/components/ui/switch.ts(3,26): error TS7031: Binding element 'checked' implicitly has an 'any' type.
src/components/ui/switch.ts(3,35): error TS7031: Binding element 'onCheckedChange' implicitly has an 'any' type.
src/components/ui/switch.ts(3,52): error TS7031: Binding element 'className' implicitly has an 'any' type.
src/components/ui/switch.ts(3,63): error TS7031: Binding element 'disabled' implicitly has an 'any' type.
src/components/utils.ts(3,20): error TS7019: Rest parameter 'inputs' implicitly has an 'any[]' type.
src/components/wa-agent/WaInbox.tsx(4,10): error TS2305: Module '"@/services/wa-agent"' has no exported member 'WaThread'.
src/components/wa-agent/WaInbox.tsx(4,20): error TS2305: Module '"@/services/wa-agent"' has no exported member 'WaMessage'.
src/components/wallet/DisputeList.tsx(53,23): error TS2322: Type 'unknown' is not assignable to type 'IconName'.
src/components/wallet/SettlementList.tsx(25,11): error TS2322: Type 'unknown' is not assignable to type 'IconName'.
src/components/wallet/WithdrawalModal.tsx(120,31): error TS2322: Type 'unknown' is not assignable to type 'IconName'.
src/components/wallet/WithdrawModal.tsx(7,25): error TS2305: Module '"@/services/wallet"' has no exported member 'BankAccount'.
src/components/wallet/WithdrawModal.tsx(69,13): error TS2345: Argument of type '(prev: any) => unknown' is not assignable to parameter of type 'SetStateAction<2 | 3 | 1>'.
  Type '(prev: any) => unknown' is not assignable to type '(prevState: 2 | 3 | 1) => 2 | 3 | 1'.
    Type 'unknown' is not assignable to type '2 | 3 | 1'.
src/components/whatsapp/ChatWindowContainer.tsx(14,64): error TS2304: Cannot find name 'conversationId'.
src/components/whatsapp/ChatWindowContainer.tsx(18,10): error TS2304: Cannot find name 'conversationId'.
src/components/whatsapp/ChatWindowContainer.tsx(21,52): error TS2304: Cannot find name 'conversationId'.
src/components/whatsapp/ChatWindowContainer.tsx(30,7): error TS2304: Cannot find name 'conversationId'.
src/components/whatsapp/ChatWindowContainer.tsx(37,7): error TS18004: No value exists in scope for the shorthand property 'conversationId'. Either declare one or provide an initializer.
src/components/whatsapp/ChatWindowContainer.tsx(49,32): error TS18004: No value exists in scope for the shorthand property 'conversationId'. Either declare one or provide an initializer.
src/components/whatsapp/settings/ConnectionCard.tsx(18,34): error TS2339: Property 'status' does not exist on type '{}'.
src/components/whatsapp/settings/ConnectionCard.tsx(21,33): error TS2339: Property 'phoneNumberId' does not exist on type '{}'.
src/components/whatsapp/settings/ConnectionCard.tsx(22,26): error TS2339: Property 'wabaId' does not exist on type '{}'.
src/components/whatsapp/settings/ConnectionCard.tsx(76,31): error TS2339: Property 'updatedAt' does not exist on type '{}'.
src/components/whatsapp/settings/ConnectionCard.tsx(79,65): error TS2339: Property 'updatedAt' does not exist on type '{}'.
src/components/whatsapp/settings/ConnectionCard.tsx(115,78): error TS2339: Property 'phoneNumberId' does not exist on type '{}'.
src/components/whatsapp/settings/ConnectionCard.tsx(119,78): error TS2339: Property 'wabaId' does not exist on type '{}'.
src/components/whatsapp/settings/SafetyFilters.tsx(34,27): error TS2304: Cannot find name 'settings'.
src/components/whatsapp/settings/SafetyFilters.tsx(35,27): error TS2304: Cannot find name 'settings'.
src/components/whatsapp/settings/SafetyFilters.tsx(36,31): error TS2304: Cannot find name 'settings'.
src/components/whatsapp/settings/SafetyFilters.tsx(37,26): error TS2304: Cannot find name 'settings'.
src/components/whatsapp/settings/SafetyFilters.tsx(38,27): error TS2304: Cannot find name 'settings'.
src/components/whatsapp/settings/SafetyFilters.tsx(39,24): error TS2304: Cannot find name 'settings'.
src/components/whatsapp/settings/SafetyFilters.tsx(40,34): error TS2304: Cannot find name 'settings'.
src/components/whatsapp/settings/TemplateManager.tsx(199,26): error TS2304: Cannot find name 'templates'.
src/components/whatsapp/settings/TemplateManager.tsx(213,28): error TS2304: Cannot find name 'templates'.
src/components/whatsapp/settings/TemplateManager.tsx(213,41): error TS2304: Cannot find name 'templates'.
src/config/sidebar.ts(38,31): error TS2339: Property 'label' does not exist on type '{ label: string; href: string; icon: string; } | { name: string; href: string; icon: string; }'.
  Property 'label' does not exist on type '{ name: string; href: string; icon: string; }'.
src/config/sidebar.ts(38,42): error TS2339: Property 'name' does not exist on type '{ label: string; href: string; icon: string; } | { name: string; href: string; icon: string; }'.
  Property 'name' does not exist on type '{ label: string; href: string; icon: string; }'.
src/context/KitchenContext.tsx(4,10): error TS2305: Module '"@/types/kds"' has no exported member 'KitchenOrder'.
src/context/KitchenContext.tsx(4,24): error TS2305: Module '"@/types/kds"' has no exported member 'KitchenMetrics'.
src/context/KitchenContext.tsx(4,40): error TS2305: Module '"@/types/kds"' has no exported member 'OrderStatus'.
src/context/OnboardingContext.tsx(5,27): error TS2724: '"@/types/onboarding"' has no exported member named 'OnboardingStepId'. Did you mean 'OnboardingState'?
src/context/OnboardingContext.tsx(40,9): error TS2353: Object literal may only specify known properties, and 'isComplete' does not exist in type 'OnboardingState | ((prevState: OnboardingState | null) => OnboardingState | null)'.
src/context/OnboardingContext.tsx(56,50): error TS2551: Property 'currentStep' does not exist on type 'OnboardingState'. Did you mean 'currentStepKey'?
src/context/OnboardingContext.tsx(64,25): error TS2561: Object literal may only specify known properties, but 'currentStep' does not exist in type 'Partial<OnboardingState>'. Did you mean to write 'currentStepKey'?
src/context/OnboardingContext.tsx(82,48): error TS2551: Property 'currentStep' does not exist on type 'OnboardingState'. Did you mean 'currentStepKey'?
src/context/OnboardingContext.tsx(111,26): error TS2339: Property 'intent' does not exist on type 'OnboardingState'.
src/context/OnboardingContext.tsx(111,51): error TS2339: Property 'industrySlug' does not exist on type 'OnboardingState'.
src/context/OnboardingContext.tsx(123,19): error TS2571: Object is of type 'unknown'.
src/context/OnboardingContext.tsx(125,24): error TS2353: Object literal may only specify known properties, and 'industrySlug' does not exist in type 'OnboardingState'.
src/context/OnboardingContext.tsx(146,5): error TS2353: Object literal may only specify known properties, and 'industrySlug' does not exist in type 'OnboardingState'.
src/context/WalletContext.tsx(5,25): error TS2305: Module '"@/services/wallet"' has no exported member 'WalletSummary'.
src/context/WalletContext.tsx(5,40): error TS2305: Module '"@/services/wallet"' has no exported member 'Transaction'.
src/hooks/storefront/useStorefrontCart.ts(44,24): error TS7006: Parameter 'product' implicitly has an 'any' type.
src/hooks/useEducation.ts(33,45): error TS2353: Object literal may only specify known properties, and 'reason' does not exist in type 'SetStateAction<{ shouldShow: boolean; }>'.
src/hooks/useEducation.ts(37,45): error TS2353: Object literal may only specify known properties, and 'reason' does not exist in type 'SetStateAction<{ shouldShow: boolean; }>'.
src/hooks/useEducation.ts(41,45): error TS2353: Object literal may only specify known properties, and 'reason' does not exist in type 'SetStateAction<{ shouldShow: boolean; }>'.
src/hooks/useUserPlan.ts(17,26): error TS2345: Argument of type 'unknown' is not assignable to parameter of type 'SetStateAction<null>'.
src/hooks/useUserPlan.ts(26,21): error TS2339: Property 'plan' does not exist on type 'never'.
src/lib/ai/ai-cost.service.ts(7,38): error TS7006: Parameter 'params' implicitly has an 'any' type.
src/lib/ai/ai-cost.service.ts(28,38): error TS7006: Parameter 'storeId' implicitly has an 'any' type.
src/lib/ai/ai-cost.service.ts(28,47): error TS7006: Parameter 'costKobo' implicitly has an 'any' type.
src/lib/ai/ai-cost.service.ts(53,36): error TS7006: Parameter 'storeId' implicitly has an 'any' type.
src/lib/ai/ai-usage.service.ts(10,27): error TS7006: Parameter 'params' implicitly has an 'any' type.
src/lib/ai/ai-usage.service.ts(62,30): error TS7006: Parameter 'storeId' implicitly has an 'any' type.
src/lib/ai/ai-usage.service.ts(131,32): error TS7006: Parameter 'storeId' implicitly has an 'any' type.
src/lib/ai/aiService.ts(13,23): error TS7006: Parameter 'messages' implicitly has an 'any' type.
src/lib/ai/aiService.ts(13,33): error TS7006: Parameter 'context' implicitly has an 'any' type.
src/lib/ai/aiService.ts(48,30): error TS7006: Parameter 'context' implicitly has an 'any' type.
src/lib/ai/aiService.ts(82,25): error TS7006: Parameter 'message' implicitly has an 'any' type.
src/lib/ai/aiService.ts(113,32): error TS7006: Parameter 'intent' implicitly has an 'any' type.
src/lib/ai/aiService.ts(138,38): error TS7006: Parameter 'orderDetails' implicitly has an 'any' type.
src/lib/ai/conversion.service.ts(7,30): error TS7006: Parameter 'text' implicitly has an 'any' type.
src/lib/ai/conversion.service.ts(26,35): error TS7006: Parameter 'params' implicitly has an 'any' type.
src/lib/ai/conversion.service.ts(50,32): error TS7006: Parameter 'data' implicitly has an 'any' type.
src/lib/ai/conversion.service.ts(69,35): error TS7006: Parameter 'data' implicitly has an 'any' type.
src/lib/ai/groq-client.ts(12,14): error TS2339: Property 'context' does not exist on type 'GroqClient'.
src/lib/ai/groq-client.ts(19,14): error TS2339: Property 'client' does not exist on type 'GroqClient'.
src/lib/ai/groq-client.ts(27,19): error TS7006: Parameter 'text' implicitly has an 'any' type.
src/lib/ai/groq-client.ts(36,26): error TS7006: Parameter 'messages' implicitly has an 'any' type.
src/lib/ai/groq-client.ts(37,19): error TS2339: Property 'client' does not exist on type 'GroqClient'.
src/lib/ai/groq-client.ts(37,41): error TS2339: Property 'client' does not exist on type 'GroqClient'.
src/lib/ai/groq-client.ts(50,41): error TS2339: Property 'client' does not exist on type 'GroqClient'.
src/lib/ai/groq-client.ts(52,32): error TS2339: Property 'model' does not exist on type '{}'.
src/lib/ai/groq-client.ts(53,38): error TS2339: Property 'temperature' does not exist on type '{}'.
src/lib/ai/groq-client.ts(54,37): error TS2339: Property 'maxTokens' does not exist on type '{}'.
src/lib/ai/groq-client.ts(55,42): error TS2339: Property 'jsonMode' does not exist on type '{}'.
src/lib/ai/groq-client.ts(56,32): error TS2339: Property 'tools' does not exist on type '{}'.
src/lib/ai/groq-client.ts(57,38): error TS2339: Property 'tool_choice' does not exist on type '{}'.
src/lib/ai/groq-client.ts(61,25): error TS2339: Property 'storeId' does not exist on type '{}'.
src/lib/ai/groq-client.ts(64,42): error TS2339: Property 'storeId' does not exist on type '{}'.
src/lib/ai/groq-client.ts(69,44): error TS2339: Property 'requestId' does not exist on type '{}'.
src/lib/ai/groq-client.ts(71,39): error TS2339: Property 'context' does not exist on type 'GroqClient'.
src/lib/ai/marketing-ai.ts(6,30): error TS7006: Parameter 'messages' implicitly has an 'any' type.
src/lib/ai/marketing-ai.ts(10,53): error TS2339: Property 'SYSTEM_PROMPT' does not exist on type 'typeof MarketingAIService'.
src/lib/ai/marketing-ai.ts(32,20): error TS2339: Property 'SYSTEM_PROMPT' does not exist on type 'typeof MarketingAIService'.
src/lib/ai/merchant-brain.service.ts(8,34): error TS7006: Parameter 'storeId' implicitly has an 'any' type.
src/lib/ai/merchant-brain.service.ts(8,43): error TS7006: Parameter 'query' implicitly has an 'any' type.
src/lib/ai/merchant-brain.service.ts(38,37): error TS7006: Parameter 'storeId' implicitly has an 'any' type.
src/lib/ai/merchant-brain.service.ts(38,46): error TS7006: Parameter 'productId' implicitly has an 'any' type.
src/lib/ai/merchant-brain.service.ts(71,35): error TS7006: Parameter 'storeId' implicitly has an 'any' type.
src/lib/ai/merchant-brain.service.ts(71,44): error TS7006: Parameter 'location' implicitly has an 'any' type.
src/lib/ai/merchant-brain.service.ts(105,38): error TS7006: Parameter 'storeId' implicitly has an 'any' type.
src/lib/ai/merchant-brain.service.ts(135,36): error TS7006: Parameter 'storeId' implicitly has an 'any' type.
src/lib/ai/revenue.service.ts(10,40): error TS7006: Parameter 'signal' implicitly has an 'any' type.
src/lib/ai/revenue.service.ts(46,32): error TS7006: Parameter 'storeId' implicitly has an 'any' type.
src/lib/ai/revenue.service.ts(46,41): error TS7006: Parameter 'transactionId' implicitly has an 'any' type.
src/lib/ai/revenue.service.ts(69,30): error TS7006: Parameter 'storeId' implicitly has an 'any' type.
src/lib/ai/revenue.service.ts(89,31): error TS7006: Parameter 'storeId' implicitly has an 'any' type.
src/lib/ai/sales-agent.ts(19,32): error TS7006: Parameter 'storeId' implicitly has an 'any' type.
src/lib/ai/sales-agent.ts(19,41): error TS7006: Parameter 'messages' implicitly has an 'any' type.
src/lib/ai/sales-agent.ts(19,51): error TS7006: Parameter 'options' implicitly has an 'any' type.
src/lib/ai/sales-agent.ts(88,39): error TS2339: Property 'description' does not exist on type 'string | number | true | JsonObject | JsonArray'.
  Property 'description' does not exist on type 'string'.
src/lib/ai/sales-agent.ts(89,33): error TS2339: Property 'hours' does not exist on type 'string | number | true | JsonObject | JsonArray'.
  Property 'hours' does not exist on type 'string'.
src/lib/ai/sales-agent.ts(90,40): error TS2339: Property 'returnPolicy' does not exist on type 'string | number | true | JsonObject | JsonArray'.
  Property 'returnPolicy' does not exist on type 'string'.
src/lib/ai/sales-agent.ts(91,33): error TS2339: Property 'supportPhone' does not exist on type 'string | number | true | JsonObject | JsonArray'.
  Property 'supportPhone' does not exist on type 'string'.
src/lib/ai/sales-agent.ts(132,33): error TS7006: Parameter 'm' implicitly has an 'any' type.
src/lib/ai/sales-agent.ts(224,37): error TS2339: Property 'supportPhone' does not exist on type 'string | number | true | JsonObject | JsonArray'.
  Property 'supportPhone' does not exist on type 'string'.
src/lib/ai/sales-agent.ts(255,28): error TS7006: Parameter 'storeName' implicitly has an 'any' type.
src/lib/ai/sales-agent.ts(255,39): error TS7006: Parameter 'category' implicitly has an 'any' type.
src/lib/ai/sales-agent.ts(255,49): error TS7006: Parameter 'profile' implicitly has an 'any' type.
src/lib/ai/sales-agent.ts(255,58): error TS7006: Parameter 'context' implicitly has an 'any' type.
src/lib/ai/sales-agent.ts(255,67): error TS7006: Parameter 'storeMetadata' implicitly has an 'any' type.
src/lib/ai/sales-agent.ts(286,36): error TS7006: Parameter 'text' implicitly has an 'any' type.
src/lib/ai/sales-agent.ts(304,27): error TS7006: Parameter 'trigger' implicitly has an 'any' type.
src/lib/ai/sales-agent.ts(314,26): error TS7006: Parameter 'content' implicitly has an 'any' type.
src/lib/analytics/service.ts(5,33): error TS7006: Parameter 'storeId' implicitly has an 'any' type.
src/lib/analytics/service.ts(5,42): error TS7006: Parameter 'range' implicitly has an 'any' type.
src/lib/analytics/service.ts(23,36): error TS7006: Parameter 'storeId' implicitly has an 'any' type.
src/lib/analytics/service.ts(23,45): error TS7006: Parameter 'range' implicitly has an 'any' type.
src/lib/analytics/service.ts(66,40): error TS7006: Parameter 'storeId' implicitly has an 'any' type.
src/lib/analytics/service.ts(84,34): error TS7006: Parameter 'storeId' implicitly has an 'any' type.
src/lib/analytics/service.ts(84,43): error TS7006: Parameter 'range' implicitly has an 'any' type.
src/lib/analytics/service.ts(92,17): error TS2322: Type '"PAID"' is not assignable to type 'PaymentStatus | EnumPaymentStatusFilter<"Order"> | undefined'.
src/lib/analytics/visitor.ts(9,25): error TS7006: Parameter 'req' implicitly has an 'any' type.
src/lib/analytics/visitor.ts(10,47): error TS2339: Property 'COOKIE_NAME' does not exist on type 'typeof VisitorService'.
src/lib/analytics/visitor.ts(21,27): error TS7006: Parameter 'visitorId' implicitly has an 'any' type.
src/lib/analytics/visitor.ts(29,16): error TS2339: Property 'COOKIE_NAME' does not exist on type 'typeof VisitorService'.
src/lib/approvals/execute.ts(93,24): error TS18046: 'error' is of type 'unknown'.
src/lib/approvals/execute.ts(100,42): error TS18046: 'error' is of type 'unknown'.
src/lib/attribution.ts(34,13): error TS7053: Element implicitly has an 'any' type because expression of type 'any' can't be used to index type '{}'.
src/lib/attribution.ts(39,14): error TS2339: Property 'entry_point' does not exist on type '{}'.
src/lib/audit.ts(2,12): error TS7005: Variable 'AuditEventType' implicitly has an 'any' type.
src/lib/audit.ts(74,13): error TS7053: Element implicitly has an 'any' type because expression of type 'string' can't be used to index type '{}'.
  No index signature with a parameter of type 'string' was found on type '{}'.
src/lib/audit.ts(75,13): error TS7053: Element implicitly has an 'any' type because expression of type 'string' can't be used to index type '{}'.
  No index signature with a parameter of type 'string' was found on type '{}'.
src/lib/auth-client.ts(7,19): error TS7006: Parameter 'endpoint' implicitly has an 'any' type.
src/lib/auth-client.ts(7,29): error TS7006: Parameter 'method' implicitly has an 'any' type.
src/lib/auth-client.ts(7,37): error TS7006: Parameter 'body' implicitly has an 'any' type.
src/lib/auth-client.ts(15,13): error TS7053: Element implicitly has an 'any' type because expression of type '"Authorization"' can't be used to index type '{ "Content-Type": string; }'.
  Property 'Authorization' does not exist on type '{ "Content-Type": string; }'.
src/lib/auth-client.ts(33,17): error TS7006: Parameter 'data' implicitly has an 'any' type.
src/lib/auth-client.ts(40,18): error TS7006: Parameter 'data' implicitly has an 'any' type.
src/lib/auth-client.ts(47,26): error TS7006: Parameter 'data' implicitly has an 'any' type.
src/lib/auth-client.ts(50,25): error TS7006: Parameter 'data' implicitly has an 'any' type.
src/lib/auth-client.ts(60,16): error TS7006: Parameter 'token' implicitly has an 'any' type.
src/lib/auth-client.ts(60,23): error TS7006: Parameter 'user' implicitly has an 'any' type.
src/lib/auth/gating.ts(50,25): error TS2339: Property 'storeId' does not exist on type 'string | JwtPayload'.
  Property 'storeId' does not exist on type 'string'.
src/lib/auth/gating.ts(51,25): error TS2339: Property 'pinVersion' does not exist on type 'string | JwtPayload'.
  Property 'pinVersion' does not exist on type 'string'.
src/lib/auth/middleware.ts(22,19): error TS7006: Parameter 'req' implicitly has an 'any' type.
src/lib/auth/middleware.ts(22,24): error TS7019: Rest parameter 'args' implicitly has an 'any[]' type.
src/lib/auth/middleware.ts(52,17): error TS18046: 'error' is of type 'unknown'.
src/lib/auth/permissions.ts(104,19): error TS7053: Element implicitly has an 'any' type because expression of type 'any' can't be used to index type '{ owner: string[]; admin: string[]; finance: string[]; support: string[]; viewer: string[]; }'.
src/lib/auth/permissions.ts(106,12): error TS7053: Element implicitly has an 'any' type because expression of type 'any' can't be used to index type '{ owner: string[]; admin: string[]; finance: string[]; support: string[]; viewer: string[]; }'.
src/lib/auth/permissions.ts(160,12): error TS7053: Element implicitly has an 'any' type because expression of type 'SubscriptionPlan' can't be used to index type '{ STARTER: number; GROWTH: number; PRO: number; ENTERPRISE: number; }'.
  Property 'FREE' does not exist on type '{ STARTER: number; GROWTH: number; PRO: number; ENTERPRISE: number; }'.
src/lib/auth/session.ts(38,17): error TS18046: 'error' is of type 'unknown'.
src/lib/auth/session.ts(41,17): error TS18046: 'error' is of type 'unknown'.
src/lib/auth/withPermission.ts(5,22): error TS7006: Parameter 'handler' implicitly has an 'any' type.
src/lib/auth/withPermission.ts(22,29): error TS2353: Object literal may only specify known properties, and 'permissions' does not exist in type 'RoleInclude<DefaultArgs>'.
src/lib/auth/withPermission.ts(30,46): error TS2339: Property 'role' does not exist on type '{ status: string; id: string; createdAt: Date; updatedAt: Date; storeId: string; userId: string; roleName: string; roleId: string | null; role_enum: AppRole; }'.
src/lib/billing/access.ts(50,9): error TS2367: This comparison appears to be unintentional because the types 'SubscriptionPlan' and '"GROWTH"' have no overlap.
src/lib/billing/access.ts(100,31): error TS2367: This comparison appears to be unintentional because the types '"FREE" | "PRO"' and '"GROWTH"' have no overlap.
src/lib/billing/entitlements.ts(3,12): error TS7053: Element implicitly has an 'any' type because expression of type 'any' can't be used to index type '{ STARTER: { slug: string; name: string; priceNgn: number; limits: { teamSeats: number; templatesAvailable: string; monthlyCampaignSends: number; }; features: { approvals: boolean; inboxOps: boolean; reports: boolean; advancedAnalytics: boolean; }; }; GROWTH: { ...; }; PRO: { ...; }; }'.
src/lib/billing/entitlements.ts(3,33): error TS2551: Property 'growth' does not exist on type '{ STARTER: { slug: string; name: string; priceNgn: number; limits: { teamSeats: number; templatesAvailable: string; monthlyCampaignSends: number; }; features: { approvals: boolean; inboxOps: boolean; reports: boolean; advancedAnalytics: boolean; }; }; GROWTH: { ...; }; PRO: { ...; }; }'. Did you mean 'GROWTH'?
src/lib/config/features.ts(26,12): error TS7053: Element implicitly has an 'any' type because expression of type 'any' can't be used to index type '{ PAYMENTS_ENABLED: boolean; EMAIL_ENABLED: boolean; WHATSAPP_ENABLED: boolean; DELIVERY_ENABLED: boolean; KYC_ENABLED: boolean; STORAGE_ENABLED: boolean; SENTRY_ENABLED: boolean; AI_ASSISTANT_ENABLED: boolean; MARKETING_AI_ENABLED: boolean; CONTROL_CENTER_ENABLED: boolean; }'.
src/lib/config/features.ts(29,10): error TS7053: Element implicitly has an 'any' type because expression of type 'any' can't be used to index type '{ PAYMENTS_ENABLED: boolean; EMAIL_ENABLED: boolean; WHATSAPP_ENABLED: boolean; DELIVERY_ENABLED: boolean; KYC_ENABLED: boolean; STORAGE_ENABLED: boolean; SENTRY_ENABLED: boolean; AI_ASSISTANT_ENABLED: boolean; MARKETING_AI_ENABLED: boolean; CONTROL_CENTER_ENABLED: boolean; }'.
src/lib/core/permission-engine.ts(13,16): error TS7006: Parameter 'user' implicitly has an 'any' type.
src/lib/core/permission-engine.ts(13,22): error TS7006: Parameter 'permission' implicitly has an 'any' type.
src/lib/core/permission-engine.ts(33,19): error TS7006: Parameter 'user' implicitly has an 'any' type.
src/lib/core/permission-engine.ts(33,25): error TS7006: Parameter 'permissions' implicitly has an 'any' type.
src/lib/core/permission-engine.ts(34,34): error TS7006: Parameter 'p' implicitly has an 'any' type.
src/lib/core/permission-engine.ts(39,19): error TS7006: Parameter 'user' implicitly has an 'any' type.
src/lib/core/permission-engine.ts(39,25): error TS7006: Parameter 'permissions' implicitly has an 'any' type.
src/lib/core/permission-engine.ts(40,33): error TS7006: Parameter 'p' implicitly has an 'any' type.
src/lib/core/with-permission.ts(13,19): error TS7006: Parameter 'req' implicitly has an 'any' type.
src/lib/core/with-permission.ts(13,24): error TS7019: Rest parameter 'args' implicitly has an 'any[]' type.
src/lib/core/with-permission.ts(26,17): error TS18046: 'error' is of type 'unknown'.
src/lib/delivery/DeliveryProvider.ts(4,14): error TS2339: Property 'name' does not exist on type 'CustomProvider'.
src/lib/delivery/DeliveryProvider.ts(6,20): error TS7006: Parameter 'order' implicitly has an 'any' type.
src/lib/delivery/DeliveryProvider.ts(6,27): error TS7006: Parameter 'settings' implicitly has an 'any' type.
src/lib/delivery/DeliveryProvider.ts(15,18): error TS7006: Parameter 'jobId' implicitly has an 'any' type.
src/lib/delivery/DeliveryProvider.ts(22,14): error TS2339: Property 'name' does not exist on type 'KwikProvider'.
src/lib/delivery/DeliveryProvider.ts(26,14): error TS2339: Property 'apiKey' does not exist on type 'KwikProvider'.
src/lib/delivery/DeliveryProvider.ts(27,14): error TS2339: Property 'merchantId' does not exist on type 'KwikProvider'.
src/lib/delivery/DeliveryProvider.ts(28,14): error TS2339: Property 'baseUrl' does not exist on type 'KwikProvider'.
src/lib/delivery/DeliveryProvider.ts(34,43): error TS2339: Property 'apiKey' does not exist on type 'KwikProvider'.
src/lib/delivery/DeliveryProvider.ts(37,20): error TS7006: Parameter 'order' implicitly has an 'any' type.
src/lib/delivery/DeliveryProvider.ts(37,27): error TS7006: Parameter 'settings' implicitly has an 'any' type.
src/lib/delivery/DeliveryProvider.ts(40,35): error TS2339: Property 'merchantId' does not exist on type 'KwikProvider'.
src/lib/delivery/DeliveryProvider.ts(58,50): error TS2339: Property 'baseUrl' does not exist on type 'KwikProvider'.
src/lib/delivery/DeliveryProvider.ts(82,45): error TS18046: 'error' is of type 'unknown'.
src/lib/delivery/DeliveryProvider.ts(85,18): error TS7006: Parameter 'jobId' implicitly has an 'any' type.
src/lib/delivery/DeliveryProvider.ts(87,50): error TS2339: Property 'baseUrl' does not exist on type 'KwikProvider'.
src/lib/delivery/DeliveryProvider.ts(98,45): error TS18046: 'error' is of type 'unknown'.
src/lib/disputes/disputeService.ts(3,37): error TS7006: Parameter 'event' implicitly has an 'any' type.
src/lib/disputes/disputeService.ts(45,21): error TS2322: Type 'string' is not assignable to type 'DisputeStatus | EnumDisputeStatusFieldUpdateOperationsInput | undefined'.
src/lib/disputes/disputeService.ts(57,21): error TS2322: Type 'string' is not assignable to type 'DisputeStatus | undefined'.
src/lib/disputes/disputeService.ts(66,30): error TS7006: Parameter 'disputeId' implicitly has an 'any' type.
src/lib/disputes/disputeService.ts(66,41): error TS7006: Parameter 'userId' implicitly has an 'any' type.
src/lib/disputes/disputeService.ts(66,49): error TS7006: Parameter 'fileData' implicitly has an 'any' type.
src/lib/disputes/disputeService.ts(81,33): error TS7006: Parameter 'disputeId' implicitly has an 'any' type.
src/lib/disputes/disputeService.ts(81,44): error TS7006: Parameter 'userId' implicitly has an 'any' type.
src/lib/disputes/disputeService.ts(81,52): error TS7006: Parameter 'note' implicitly has an 'any' type.
src/lib/disputes/disputeService.ts(84,15): error TS2339: Property 'code' does not exist on type 'Error'.
src/lib/disputes/disputeService.ts(85,15): error TS2339: Property 'feature' does not exist on type 'Error'.
src/lib/disputes/evidenceVault.ts(9,36): error TS7006: Parameter 'disputeId' implicitly has an 'any' type.
src/lib/disputes/evidenceVault.ts(9,47): error TS7006: Parameter 'fileName' implicitly has an 'any' type.
src/lib/disputes/evidenceVault.ts(9,57): error TS7006: Parameter 'contentType' implicitly has an 'any' type.
src/lib/disputes/evidenceVault.ts(22,31): error TS7006: Parameter 'fileUrl' implicitly has an 'any' type.
src/lib/email/adapters/consoleAdapter.ts(2,16): error TS7006: Parameter 'payload' implicitly has an 'any' type.
src/lib/email/adapters/resendAdapter.ts(13,14): error TS2551: Property '_client' does not exist on type 'ResendAdapter'. Did you mean 'client'?
src/lib/email/adapters/resendAdapter.ts(17,19): error TS2551: Property '_client' does not exist on type 'ResendAdapter'. Did you mean 'client'?
src/lib/email/adapters/resendAdapter.ts(23,18): error TS2551: Property '_client' does not exist on type 'ResendAdapter'. Did you mean 'client'?
src/lib/email/adapters/resendAdapter.ts(25,21): error TS2551: Property '_client' does not exist on type 'ResendAdapter'. Did you mean 'client'?
src/lib/email/adapters/resendAdapter.ts(27,16): error TS7006: Parameter 'payload' implicitly has an 'any' type.
src/lib/email/adapters/resendAdapter.ts(65,45): error TS18046: 'e' is of type 'unknown'.
src/lib/email/adapters/resendAdapter.ts(68,15): error TS7006: Parameter 'html' implicitly has an 'any' type.
src/lib/email/sender-routing.ts(36,23): error TS7053: Element implicitly has an 'any' type because expression of type 'any' can't be used to index type '{ auth_otp_verification: string; auth_password_reset: string; auth_new_login: string; auth_verify_email_link: string; auth_account_locked: string; auth_password_changed: string; auth_welcome: string; ... 12 more ...; system_maintenance: string; }'.
src/lib/email/sender-routing.ts(37,20): error TS7053: Element implicitly has an 'any' type because expression of type 'any' can't be used to index type '{ SECURITY: { email: string; name: string; }; BILLING: { email: string; name: string; }; TEAM: { email: string; name: string; }; SUPPORT: { email: string; name: string; }; }'.
src/lib/email/team-invite.ts(3,40): error TS7031: Binding element 'email' implicitly has an 'any' type.
src/lib/email/team-invite.ts(3,47): error TS7031: Binding element 'storeName' implicitly has an 'any' type.
src/lib/email/team-invite.ts(3,58): error TS7031: Binding element 'role' implicitly has an 'any' type.
src/lib/email/team-invite.ts(3,64): error TS7031: Binding element 'inviterName' implicitly has an 'any' type.
src/lib/env-validation.ts(159,12): error TS7053: Element implicitly has an 'any' type because expression of type 'any' can't be used to index type '{ PAYMENTS_ENABLED: boolean; EMAIL_ENABLED: boolean; WHATSAPP_ENABLED: boolean; DELIVERY_ENABLED: boolean; KYC_ENABLED: boolean; STORAGE_ENABLED: boolean; CONTROL_CENTER_ENABLED: boolean; SENTRY_ENABLED: boolean; AI_ASSISTANT_ENABLED: boolean; MARKETING_AI_ENABLED: boolean; }'.
src/lib/env-validation.ts(179,12): error TS7053: Element implicitly has an 'any' type because expression of type 'any' can't be used to index type '{ PAYMENTS_ENABLED: string; EMAIL_ENABLED: string; WHATSAPP_ENABLED: string; DELIVERY_ENABLED: string; KYC_ENABLED: string; STORAGE_ENABLED: string; CONTROL_CENTER_ENABLED: string; SENTRY_ENABLED: string; AI_ASSISTANT_ENABLED: string; MARKETING_AI_ENABLED: string; }'.
src/lib/env-validation.ts(193,10): error TS7053: Element implicitly has an 'any' type because expression of type 'any' can't be used to index type '{ PAYMENTS_ENABLED: boolean; EMAIL_ENABLED: boolean; WHATSAPP_ENABLED: boolean; DELIVERY_ENABLED: boolean; KYC_ENABLED: boolean; STORAGE_ENABLED: boolean; CONTROL_CENTER_ENABLED: boolean; SENTRY_ENABLED: boolean; AI_ASSISTANT_ENABLED: boolean; MARKETING_AI_ENABLED: boolean; }'.
src/lib/events/eventBus.ts(9,26): error TS7006: Parameter 'event' implicitly has an 'any' type.
src/lib/events/eventBus.ts(10,21): error TS7053: Element implicitly has an 'any' type because expression of type 'any' can't be used to index type '{ "order.created": { notification: { title: string; body: (p: any) => string; severity: string; actionUrl: (p: any, id: any) => string; }; }; "order.paid": { audit: { action: string; }; }; "order.cancelled": { audit: { action: string; }; notification: { ...; }; }; ... 7 more ...; "consent.settings_changed": { ...; }...'.
src/lib/file-validation.ts(165,55): error TS2339: Property 'maxSizeBytes' does not exist on type '{}'.
src/lib/file-validation.ts(169,55): error TS2339: Property 'allowedMimeTypes' does not exist on type '{}'.
src/lib/file-validation.ts(177,17): error TS2339: Property 'minWidth' does not exist on type '{}'.
src/lib/file-validation.ts(177,37): error TS2339: Property 'maxWidth' does not exist on type '{}'.
src/lib/file-validation.ts(177,57): error TS2339: Property 'minHeight' does not exist on type '{}'.
src/lib/file-validation.ts(177,78): error TS2339: Property 'maxHeight' does not exist on type '{}'.
src/lib/file-validation.ts(179,14): error TS18046: 'dimensionResult' is of type 'unknown'.
src/lib/file-validation.ts(205,10): error TS18046: 'result' is of type 'unknown'.
src/lib/file-validation.ts(208,20): error TS18046: 'result' is of type 'unknown'.
src/lib/file-validation.ts(209,19): error TS18046: 'result' is of type 'unknown'.
src/lib/flags/flagService.ts(6,28): error TS7006: Parameter 'key' implicitly has an 'any' type.
src/lib/flags/flagService.ts(18,25): error TS2339: Property 'merchantId' does not exist on type '{}'.
src/lib/flags/flagService.ts(19,21): error TS18047: 'rules' is possibly 'null'.
src/lib/flags/flagService.ts(19,27): error TS2339: Property 'merchant_blocklist' does not exist on type 'string | number | boolean | JsonObject | JsonArray'.
  Property 'merchant_blocklist' does not exist on type 'string'.
src/lib/flags/flagService.ts(19,64): error TS2339: Property 'merchantId' does not exist on type '{}'.
src/lib/flags/flagService.ts(21,21): error TS18047: 'rules' is possibly 'null'.
src/lib/flags/flagService.ts(21,27): error TS2339: Property 'merchant_allowlist' does not exist on type 'string | number | boolean | JsonObject | JsonArray'.
  Property 'merchant_allowlist' does not exist on type 'string'.
src/lib/flags/flagService.ts(21,64): error TS2339: Property 'merchantId' does not exist on type '{}'.
src/lib/flags/flagService.ts(24,21): error TS18047: 'rules' is possibly 'null'.
src/lib/flags/flagService.ts(24,27): error TS2339: Property 'rollout_percent' does not exist on type 'string | number | boolean | JsonObject | JsonArray'.
  Property 'rollout_percent' does not exist on type 'string'.
src/lib/flags/flagService.ts(24,46): error TS18047: 'rules' is possibly 'null'.
src/lib/flags/flagService.ts(24,52): error TS2339: Property 'rollout_percent' does not exist on type 'string | number | boolean | JsonObject | JsonArray'.
  Property 'rollout_percent' does not exist on type 'string'.
src/lib/flags/flagService.ts(27,41): error TS2339: Property 'merchantId' does not exist on type '{}'.
src/lib/flags/flagService.ts(31,34): error TS18047: 'rules' is possibly 'null'.
src/lib/flags/flagService.ts(31,40): error TS2339: Property 'rollout_percent' does not exist on type 'string | number | boolean | JsonObject | JsonArray'.
  Property 'rollout_percent' does not exist on type 'string'.
src/lib/flags/flagService.ts(42,37): error TS7006: Parameter 'key' implicitly has an 'any' type.
src/lib/flags/flagService.ts(42,42): error TS7006: Parameter 'merchantId' implicitly has an 'any' type.
src/lib/governance/data-governance.service.ts(11,32): error TS7006: Parameter 'storeId' implicitly has an 'any' type.
src/lib/governance/data-governance.service.ts(11,41): error TS7006: Parameter 'requestedBy' implicitly has an 'any' type.
src/lib/governance/data-governance.service.ts(11,54): error TS7006: Parameter 'scopes' implicitly has an 'any' type.
src/lib/governance/data-governance.service.ts(29,29): error TS7006: Parameter 'params' implicitly has an 'any' type.
src/lib/governance/data-governance.service.ts(53,34): error TS7006: Parameter 'storeId' implicitly has an 'any' type.
src/lib/governance/data-governance.service.ts(53,43): error TS7006: Parameter 'requestedBy' implicitly has an 'any' type.
src/lib/governance/data-governance.service.ts(53,56): error TS7006: Parameter 'reason' implicitly has an 'any' type.
src/lib/governance/data-governance.service.ts(72,22): error TS7006: Parameter 'text' implicitly has an 'any' type.
src/lib/governance/legal-consent.service.ts(6,31): error TS7006: Parameter 'storeId' implicitly has an 'any' type.
src/lib/governance/legal-consent.service.ts(6,40): error TS7006: Parameter 'version' implicitly has an 'any' type.
src/lib/governance/legal-consent.service.ts(18,32): error TS7006: Parameter 'storeId' implicitly has an 'any' type.
src/lib/governance/legal-consent.service.ts(29,31): error TS7006: Parameter 'channel' implicitly has an 'any' type.
src/lib/governance/legal-consent.service.ts(38,31): error TS7006: Parameter 'storeId' implicitly has an 'any' type.
src/lib/integration-health.ts(56,9): error TS7053: Element implicitly has an 'any' type because expression of type 'string' can't be used to index type '{}'.
  No index signature with a parameter of type 'string' was found on type '{}'.
src/lib/integrations/instagram/instagramService.ts(3,26): error TS7006: Parameter 'authCode' implicitly has an 'any' type.
src/lib/integrations/instagram/instagramService.ts(12,29): error TS7006: Parameter 'integrationId' implicitly has an 'any' type.
src/lib/integrations/webhookService.ts(5,24): error TS7006: Parameter 'secret' implicitly has an 'any' type.
src/lib/integrations/webhookService.ts(5,32): error TS7006: Parameter 'payload' implicitly has an 'any' type.
src/lib/integrations/webhookService.ts(5,41): error TS7006: Parameter 'eventId' implicitly has an 'any' type.
src/lib/integrations/webhookService.ts(5,50): error TS7006: Parameter 'timestamp' implicitly has an 'any' type.
src/lib/integrations/webhookService.ts(12,31): error TS7006: Parameter 'merchantId' implicitly has an 'any' type.
src/lib/integrations/webhookService.ts(12,43): error TS7006: Parameter 'eventName' implicitly has an 'any' type.
src/lib/integrations/webhookService.ts(12,54): error TS7006: Parameter 'payload' implicitly has an 'any' type.
src/lib/integrations/webhookService.ts(45,34): error TS7006: Parameter 'sub' implicitly has an 'any' type.
src/lib/integrations/webhookService.ts(45,39): error TS7006: Parameter 'eventId' implicitly has an 'any' type.
src/lib/integrations/webhookService.ts(45,48): error TS7006: Parameter 'payload' implicitly has an 'any' type.
src/lib/integrations/webhookService.ts(45,57): error TS7006: Parameter 'deliveryId' implicitly has an 'any' type.
src/lib/isolation.ts(11,19): error TS7006: Parameter 'request' implicitly has an 'any' type.
src/lib/isolation.ts(11,28): error TS7019: Rest parameter 'args' implicitly has an 'any[]' type.
src/lib/isolation.ts(48,17): error TS18046: 'error' is of type 'unknown'.
src/lib/jobs/domain-verification.ts(34,17): error TS18046: 'err' is of type 'unknown'.
src/lib/jobs/domain-verification.ts(34,65): error TS18046: 'err' is of type 'unknown'.
src/lib/jobs/domain-verification.ts(35,63): error TS18046: 'err' is of type 'unknown'.
src/lib/jobs/domain-verification.ts(43,17): error TS2698: Spread types may only be created from object types.
src/lib/kwik.ts(8,5): error TS7034: Variable 'cachedToken' implicitly has type 'any' in some locations where its type cannot be determined.
src/lib/kwik.ts(10,9): error TS7005: Variable 'cachedToken' implicitly has an 'any' type.
src/lib/kwik.ts(39,20): error TS7006: Parameter 'data' implicitly has an 'any' type.
src/lib/kwik.ts(42,27): error TS7053: Element implicitly has an 'any' type because expression of type 'any' can't be used to index type '{ bike: number; car: number; van: number; }'.
src/lib/kwik.ts(76,25): error TS7006: Parameter 'data' implicitly has an 'any' type.
src/lib/kyc/youverify.ts(8,29): error TS7006: Parameter 'id' implicitly has an 'any' type.
src/lib/kyc/youverify.ts(8,33): error TS7006: Parameter 'validationData' implicitly has an 'any' type.
src/lib/kyc/youverify.ts(8,49): error TS7006: Parameter 'selfieImage' implicitly has an 'any' type.
src/lib/kyc/youverify.ts(14,21): error TS2339: Property 'validations' does not exist on type '{ id: any; isSubjectConsent: boolean; }'.
src/lib/kyc/youverify.ts(19,26): error TS2339: Property 'validations' does not exist on type '{ id: any; isSubjectConsent: boolean; }'.
src/lib/kyc/youverify.ts(20,25): error TS2339: Property 'validations' does not exist on type '{ id: any; isSubjectConsent: boolean; }'.
src/lib/kyc/youverify.ts(21,21): error TS2339: Property 'validations' does not exist on type '{ id: any; isSubjectConsent: boolean; }'.
src/lib/kyc/youverify.ts(34,52): error TS18046: 'error' is of type 'unknown'.
src/lib/kyc/youverify.ts(34,76): error TS18046: 'error' is of type 'unknown'.
src/lib/kyc/youverify.ts(35,29): error TS18046: 'error' is of type 'unknown'.
src/lib/kyc/youverify.ts(41,28): error TS7006: Parameter 'id' implicitly has an 'any' type.
src/lib/kyc/youverify.ts(41,32): error TS7006: Parameter 'validationData' implicitly has an 'any' type.
src/lib/kyc/youverify.ts(41,48): error TS7006: Parameter 'selfieImage' implicitly has an 'any' type.
src/lib/kyc/youverify.ts(48,21): error TS2339: Property 'validations' does not exist on type '{ id: any; isSubjectConsent: boolean; premiumBVN: boolean; }'.
src/lib/kyc/youverify.ts(53,26): error TS2339: Property 'validations' does not exist on type '{ id: any; isSubjectConsent: boolean; premiumBVN: boolean; }'.
src/lib/kyc/youverify.ts(54,25): error TS2339: Property 'validations' does not exist on type '{ id: any; isSubjectConsent: boolean; premiumBVN: boolean; }'.
src/lib/kyc/youverify.ts(55,21): error TS2339: Property 'validations' does not exist on type '{ id: any; isSubjectConsent: boolean; premiumBVN: boolean; }'.
src/lib/kyc/youverify.ts(68,51): error TS18046: 'error' is of type 'unknown'.
src/lib/kyc/youverify.ts(68,75): error TS18046: 'error' is of type 'unknown'.
src/lib/kyc/youverify.ts(69,29): error TS18046: 'error' is of type 'unknown'.
src/lib/marketing/limits.ts(4,16): error TS7053: Element implicitly has an 'any' type because expression of type 'any' can't be used to index type '{ STARTER: { slug: string; name: string; priceNgn: number; limits: { teamSeats: number; templatesAvailable: string; monthlyCampaignSends: number; }; features: { approvals: boolean; inboxOps: boolean; reports: boolean; advancedAnalytics: boolean; }; }; GROWTH: { ...; }; PRO: { ...; }; }'.
src/lib/onboarding-profiles.ts(4,9): error TS7053: Element implicitly has an 'any' type because expression of type 'string' can't be used to index type '{}'.
  No index signature with a parameter of type 'string' was found on type '{}'.
src/lib/operation-lock.ts(5,17): error TS7006: Parameter 'message' implicitly has an 'any' type.
src/lib/ops-auth.ts(36,24): error TS7006: Parameter 'email' implicitly has an 'any' type.
src/lib/ops-auth.ts(36,31): error TS7006: Parameter 'passwordString' implicitly has an 'any' type.
src/lib/ops-auth.ts(77,32): error TS7006: Parameter 'ip' implicitly has an 'any' type.
src/lib/ops-auth.ts(132,27): error TS7006: Parameter 'userId' implicitly has an 'any' type.
src/lib/ops-auth.ts(132,35): error TS7006: Parameter 'eventType' implicitly has an 'any' type.
src/lib/ops-auth.ts(142,29): error TS7006: Parameter 'currentUserRole' implicitly has an 'any' type.
src/lib/ops-auth.ts(142,46): error TS7006: Parameter 'data' implicitly has an 'any' type.
src/lib/ops-metrics.ts(95,9): error TS7053: Element implicitly has an 'any' type because expression of type 'any' can't be used to index type '{}'.
src/lib/partners/attribution.ts(4,30): error TS7006: Parameter 'merchantId' implicitly has an 'any' type.
src/lib/partners/attribution.ts(4,42): error TS7006: Parameter 'token' implicitly has an 'any' type.
src/lib/partners/attribution.ts(29,33): error TS7006: Parameter 'storeId' implicitly has an 'any' type.
src/lib/partners/attribution.ts(53,31): error TS7006: Parameter 'storeId' implicitly has an 'any' type.
src/lib/partners/attribution.ts(53,40): error TS7006: Parameter 'amount' implicitly has an 'any' type.
src/lib/performance.ts(4,7): error TS7034: Variable 'recentSlowPaths' implicitly has type 'any[]' in some locations where its type cannot be determined.
src/lib/performance.ts(22,13): error TS7005: Variable 'recentSlowPaths' implicitly has an 'any[]' type.
src/lib/performance.ts(43,12): error TS7005: Variable 'recentSlowPaths' implicitly has an 'any[]' type.
src/lib/permissions.ts(1,12): error TS7005: Variable 'AppRole' implicitly has an 'any' type.
src/lib/providers/email.ts(2,28): error TS7006: Parameter 'to' implicitly has an 'any' type.
src/lib/providers/email.ts(2,32): error TS7006: Parameter 'subject' implicitly has an 'any' type.
src/lib/providers/email.ts(2,41): error TS7006: Parameter 'html' implicitly has an 'any' type.
src/lib/providers/email.ts(3,19): error TS2339: Property 'apiKey' does not exist on type 'typeof EmailProvider'.
src/lib/providers/email.ts(9,49): error TS2339: Property 'apiKey' does not exist on type 'typeof EmailProvider'.
src/lib/providers/email.ts(26,15): error TS2339: Property 'apiKey' does not exist on type 'typeof EmailProvider'.
src/lib/providers/whatsapp.ts(2,30): error TS7006: Parameter 'to' implicitly has an 'any' type.
src/lib/providers/whatsapp.ts(2,34): error TS7006: Parameter 'text' implicitly has an 'any' type.
src/lib/providers/whatsapp.ts(8,46): error TS2339: Property 'baseUrl' does not exist on type 'typeof WhatsAppProvider'.
src/lib/providers/whatsapp.ts(29,18): error TS2339: Property 'baseUrl' does not exist on type 'typeof WhatsAppProvider'.
src/lib/queue.ts(35,24): error TS2339: Property 'defaultJobOptions' does not exist on type '{}'.
src/lib/queue.ts(41,5): error TS7034: Variable '_paymentsQueue' implicitly has type 'any' in some locations where its type cannot be determined.
src/lib/queue.ts(42,5): error TS7034: Variable '_deliveryQueue' implicitly has type 'any' in some locations where its type cannot be determined.
src/lib/queue.ts(43,5): error TS7034: Variable '_inboundWhatsappQueue' implicitly has type 'any' in some locations where its type cannot be determined.
src/lib/queue.ts(44,5): error TS7034: Variable '_manifestSyncQueue' implicitly has type 'any' in some locations where its type cannot be determined.
src/lib/queue.ts(46,10): error TS7005: Variable '_paymentsQueue' implicitly has an 'any' type.
src/lib/queue.ts(51,10): error TS7005: Variable '_manifestSyncQueue' implicitly has an 'any' type.
src/lib/queue.ts(56,10): error TS7005: Variable '_deliveryQueue' implicitly has an 'any' type.
src/lib/queue.ts(61,10): error TS7005: Variable '_inboundWhatsappQueue' implicitly has an 'any' type.
src/lib/queue.ts(65,5): error TS7034: Variable '_exportsQueue' implicitly has type 'any' in some locations where its type cannot be determined.
src/lib/queue.ts(67,10): error TS7005: Variable '_exportsQueue' implicitly has an 'any' type.
src/lib/queue.ts(68,44): error TS2339: Property 'EXPORTS_JOBS' does not exist on type '{ PAYMENTS_WEBHOOKS: string; WHATSAPP_INBOUND: string; WHATSAPP_OUTBOUND: string; AGENT_ACTIONS: string; DELIVERY_SCHEDULER: string; CHINA_CATALOG_SYNC: string; CART_RECOVERY_SCHEDULER: string; CALENDAR_SYNC_SCHEDULER: string; MANIFEST_SYNC: string; }'.
src/lib/quotas.ts(2,12): error TS7005: Variable 'QuotaType' implicitly has an 'any' type.
src/lib/rate-limit.ts(4,17): error TS7006: Parameter 'message' implicitly has an 'any' type.
src/lib/ratelimit.ts(13,20): error TS7053: Element implicitly has an 'any' type because expression of type 'any' can't be used to index type '{ auth: { limit: number; window: number; }; api_write: { limit: number; window: number; }; api_read: { limit: number; window: number; }; default: { limit: number; window: number; }; }'.
src/lib/redis.ts(3,37): error TS7017: Element implicitly has an 'any' type because type 'typeof globalThis' has no index signature.
src/lib/redis.ts(8,20): error TS7017: Element implicitly has an 'any' type because type 'typeof globalThis' has no index signature.
src/lib/reports.ts(4,29): error TS7006: Parameter 'merchantId' implicitly has an 'any' type.
src/lib/reports.ts(4,41): error TS7006: Parameter 'range' implicitly has an 'any' type.
src/lib/reports.ts(72,36): error TS7006: Parameter 'merchantId' implicitly has an 'any' type.
src/lib/reports.ts(72,48): error TS7006: Parameter 'limit' implicitly has an 'any' type.
src/lib/reports.ts(72,55): error TS7006: Parameter 'cursor' implicitly has an 'any' type.
src/lib/reports.ts(79,13): error TS2322: Type '{ storeId: any; status: { not: string; }; }' is not assignable to type 'OrderWhereInput'.
  Types of property 'status' are incompatible.
    Type '{ not: string; }' is not assignable to type 'EnumOrderStatusFilter<"Order"> | OrderStatus | undefined'.
      Type '{ not: string; }' is not assignable to type 'EnumOrderStatusFilter<"Order">'.
        Types of property 'not' are incompatible.
          Type 'string' is not assignable to type 'OrderStatus | NestedEnumOrderStatusFilter<"Order"> | undefined'.
src/lib/reports.ts(145,30): error TS7006: Parameter 'merchantId' implicitly has an 'any' type.
src/lib/reports.ts(145,42): error TS7006: Parameter 'type' implicitly has an 'any' type.
src/lib/reports.ts(145,48): error TS7006: Parameter 'range' implicitly has an 'any' type.
src/lib/reports.ts(150,52): error TS2554: Expected 3 arguments, but got 2.
src/lib/rescue/merchant-rescue-service.ts(10,33): error TS7006: Parameter 'data' implicitly has an 'any' type.
src/lib/rescue/merchant-rescue-service.ts(44,36): error TS7006: Parameter 'id' implicitly has an 'any' type.
src/lib/rescue/merchant-rescue-service.ts(57,36): error TS7006: Parameter 'incidentId' implicitly has an 'any' type.
src/lib/rescue/merchant-rescue-service.ts(99,25): error TS2698: Spread types may only be created from object types.
src/lib/rescue/merchant-rescue-service.ts(109,22): error TS7006: Parameter 'msg' implicitly has an 'any' type.
src/lib/rescue/merchant-rescue-service.ts(114,32): error TS7006: Parameter 'type' implicitly has an 'any' type.
src/lib/rescue/merchant-rescue-service.ts(114,38): error TS7006: Parameter 'msg' implicitly has an 'any' type.
src/lib/returns/returnService.ts(3,32): error TS7006: Parameter 'storeId' implicitly has an 'any' type.
src/lib/returns/returnService.ts(3,41): error TS7006: Parameter 'orderId' implicitly has an 'any' type.
src/lib/returns/returnService.ts(3,50): error TS7006: Parameter 'customerPhone' implicitly has an 'any' type.
src/lib/returns/returnService.ts(3,65): error TS7006: Parameter 'payload' implicitly has an 'any' type.
src/lib/returns/returnService.ts(38,30): error TS7006: Parameter 'storeId' implicitly has an 'any' type.
src/lib/returns/returnService.ts(45,31): error TS7006: Parameter 'requestId' implicitly has an 'any' type.
src/lib/returns/returnService.ts(45,42): error TS7006: Parameter 'status' implicitly has an 'any' type.
src/lib/returns/returnService.ts(45,50): error TS7006: Parameter 'actorId' implicitly has an 'any' type.
src/lib/returns/returnService.ts(45,59): error TS7006: Parameter 'data' implicitly has an 'any' type.
src/lib/returns/returnToken.ts(7,21): error TS7006: Parameter 'orderId' implicitly has an 'any' type.
src/lib/returns/returnToken.ts(7,30): error TS7006: Parameter 'customerPhone' implicitly has an 'any' type.
src/lib/returns/returnToken.ts(14,78): error TS2339: Property 'SECRET' does not exist on type 'typeof ReturnTokenService'.
src/lib/returns/returnToken.ts(19,21): error TS7006: Parameter 'token' implicitly has an 'any' type.
src/lib/returns/returnToken.ts(24,86): error TS2339: Property 'SECRET' does not exist on type 'typeof ReturnTokenService'.
src/lib/returns/returnToken.ts(37,20): error TS2339: Property 'SECRET' does not exist on type 'typeof ReturnTokenService'.
src/lib/security.ts(21,26): error TS2554: Expected 2 arguments, but got 1.
src/lib/security/rate-limit.ts(7,17): error TS7006: Parameter 'key' implicitly has an 'any' type.
src/lib/security/rate-limit.ts(44,27): error TS7006: Parameter 'req' implicitly has an 'any' type.
src/lib/security/rate-limit.ts(44,54): error TS7006: Parameter 'config' implicitly has an 'any' type.
src/lib/security/tokens.ts(12,22): error TS7006: Parameter 'token' implicitly has an 'any' type.
src/lib/security/tokens.ts(18,32): error TS7006: Parameter 'a' implicitly has an 'any' type.
src/lib/security/tokens.ts(18,35): error TS7006: Parameter 'b' implicitly has an 'any' type.
src/lib/session.ts(13,16): error TS2769: No overload matches this call.
  Overload 1 of 5, '(payload: string | object | Buffer<ArrayBufferLike>, secretOrPrivateKey: null, options?: (SignOptions & { algorithm: "none"; }) | undefined): string', gave the following error.
    Argument of type 'string' is not assignable to parameter of type 'null'.
  Overload 2 of 5, '(payload: string | object | Buffer<ArrayBufferLike>, secretOrPrivateKey: Buffer<ArrayBufferLike> | Secret | JsonWebKeyInput | PrivateKeyInput, options?: SignOptions | undefined): string', gave the following error.
    Type 'string' is not assignable to type 'number | StringValue | undefined'.
  Overload 3 of 5, '(payload: string | object | Buffer<ArrayBufferLike>, secretOrPrivateKey: Buffer<ArrayBufferLike> | Secret | JsonWebKeyInput | PrivateKeyInput, callback: SignCallback): void', gave the following error.
    Object literal may only specify known properties, and 'expiresIn' does not exist in type 'SignCallback'.
src/lib/session.ts(103,30): error TS2339: Property 'userId' does not exist on type 'string | JwtPayload'.
  Property 'userId' does not exist on type 'string'.
src/lib/session.ts(107,38): error TS2339: Property 'storeId' does not exist on type 'string | JwtPayload'.
  Property 'storeId' does not exist on type 'string'.
src/lib/storage/storageService.ts(8,29): error TS7006: Parameter 'ctx' implicitly has an 'any' type.
src/lib/storage/storageService.ts(8,34): error TS7006: Parameter 'filename' implicitly has an 'any' type.
src/lib/storage/storageService.ts(20,25): error TS7006: Parameter 'ctx' implicitly has an 'any' type.
src/lib/storage/storageService.ts(20,30): error TS7006: Parameter 'filename' implicitly has an 'any' type.
src/lib/storage/storageService.ts(20,40): error TS7006: Parameter 'file' implicitly has an 'any' type.
src/lib/storage/storageService.ts(42,36): error TS7006: Parameter 'ctx' implicitly has an 'any' type.
src/lib/storage/storageService.ts(42,41): error TS7006: Parameter 'key' implicitly has an 'any' type.
src/lib/storage/storageService.ts(66,25): error TS7006: Parameter 'ctx' implicitly has an 'any' type.
src/lib/storage/storageService.ts(66,30): error TS7006: Parameter 'key' implicitly has an 'any' type.
src/lib/storefront/customerAuthService.ts(5,25): error TS7006: Parameter 'storeId' implicitly has an 'any' type.
src/lib/storefront/customerAuthService.ts(5,34): error TS7006: Parameter 'data' implicitly has an 'any' type.
src/lib/storefront/customerAuthService.ts(22,24): error TS7006: Parameter 'storeId' implicitly has an 'any' type.
src/lib/storefront/customerAuthService.ts(22,33): error TS7006: Parameter 'data' implicitly has an 'any' type.
src/lib/storefront/customerAuthService.ts(44,34): error TS7006: Parameter 'token' implicitly has an 'any' type.
src/lib/storefront/customerOrderService.ts(3,28): error TS7006: Parameter 'storeId' implicitly has an 'any' type.
src/lib/storefront/customerOrderService.ts(3,37): error TS7006: Parameter 'customerId' implicitly has an 'any' type.
src/lib/storefront/customerOrderService.ts(9,33): error TS7006: Parameter 'storeId' implicitly has an 'any' type.
src/lib/storefront/customerOrderService.ts(9,42): error TS7006: Parameter 'customerId' implicitly has an 'any' type.
src/lib/storefront/customerOrderService.ts(9,54): error TS7006: Parameter 'orderId' implicitly has an 'any' type.
src/lib/support/escalation-policy.ts(5,21): error TS7006: Parameter 'query' implicitly has an 'any' type.
src/lib/support/escalation-policy.ts(8,31): error TS2339: Property 'SENSITIVE_KEYWORDS' does not exist on type 'typeof EscalationPolicy'.
src/lib/support/escalation-policy.ts(17,31): error TS2339: Property 'SENSITIVE_KEYWORDS' does not exist on type 'typeof EscalationPolicy'.
src/lib/support/escalation-policy.ts(27,31): error TS2339: Property 'SENSITIVE_KEYWORDS' does not exist on type 'typeof EscalationPolicy'.
src/lib/support/escalation-policy.ts(56,18): error TS2339: Property 'SENSITIVE_KEYWORDS' does not exist on type 'typeof EscalationPolicy'.
src/lib/support/escalation.service.ts(7,33): error TS7006: Parameter 'params' implicitly has an 'any' type.
src/lib/support/escalation.service.ts(30,21): error TS2353: Object literal may only specify known properties, and 'trigger' does not exist in type 'Without<HandoffEventCreateInput, HandoffEventUncheckedCreateInput> & HandoffEventUncheckedCreateInput'.
src/lib/support/escalation.service.ts(47,33): error TS7006: Parameter 'trigger' implicitly has an 'any' type.
src/lib/support/escalation.service.ts(61,33): error TS7006: Parameter 'trigger' implicitly has an 'any' type.
src/lib/support/escalation.service.ts(75,29): error TS7006: Parameter 'trigger' implicitly has an 'any' type.
src/lib/support/merchant-support-bot.service.ts(15,30): error TS7006: Parameter 'storeId' implicitly has an 'any' type.
src/lib/support/merchant-support-bot.service.ts(15,39): error TS7006: Parameter 'query' implicitly has an 'any' type.
src/lib/support/merchant-support-bot.service.ts(63,42): error TS7017: Element implicitly has an 'any' type because type 'typeof globalThis' has no index signature.
src/lib/support/merchant-support-bot.service.ts(89,33): error TS7006: Parameter 'query' implicitly has an 'any' type.
src/lib/support/merchant-support-bot.service.ts(107,27): error TS7006: Parameter 'reply' implicitly has an 'any' type.
src/lib/support/merchant-support-bot.service.ts(107,34): error TS7006: Parameter 'query' implicitly has an 'any' type.
src/lib/support/merchant-support-bot.service.ts(119,33): error TS7006: Parameter 'reply' implicitly has an 'any' type.
src/lib/support/support-bot.service.ts(9,33): error TS7006: Parameter 'storeId' implicitly has an 'any' type.
src/lib/support/support-bot.service.ts(9,42): error TS7006: Parameter 'message' implicitly has an 'any' type.
src/lib/support/support-context.service.ts(6,38): error TS7006: Parameter 'storeId' implicitly has an 'any' type.
src/lib/support/support-context.service.ts(25,35): error TS2339: Property 'customDomain' does not exist on type '{ plan: SubscriptionPlan; id: string; slug: string; name: string; logoUrl: string | null; onboardingStatus: OnboardingStatus; onboardingLastStep: string | null; ... 27 more ...; version: number; }'.
src/lib/support/support-context.service.ts(29,35): error TS2339: Property 'aiSubscription' does not exist on type '{ plan: SubscriptionPlan; id: string; slug: string; name: string; logoUrl: string | null; onboardingStatus: OnboardingStatus; onboardingLastStep: string | null; ... 27 more ...; version: number; }'.
src/lib/support/support-context.service.ts(30,38): error TS2339: Property 'aiSubscription' does not exist on type '{ plan: SubscriptionPlan; id: string; slug: string; name: string; logoUrl: string | null; onboardingStatus: OnboardingStatus; onboardingLastStep: string | null; ... 27 more ...; version: number; }'.
src/lib/support/support-context.service.ts(31,42): error TS2339: Property 'aiSubscription' does not exist on type '{ plan: SubscriptionPlan; id: string; slug: string; name: string; logoUrl: string | null; onboardingStatus: OnboardingStatus; onboardingLastStep: string | null; ... 27 more ...; version: number; }'.
src/lib/support/support-context.service.ts(32,65): error TS2339: Property 'aiSubscription' does not exist on type '{ plan: SubscriptionPlan; id: string; slug: string; name: string; logoUrl: string | null; onboardingStatus: OnboardingStatus; onboardingLastStep: string | null; ... 27 more ...; version: number; }'.
src/lib/support/support-context.service.ts(41,40): error TS2339: Property 'agent' does not exist on type '{ plan: SubscriptionPlan; id: string; slug: string; name: string; logoUrl: string | null; onboardingStatus: OnboardingStatus; onboardingLastStep: string | null; ... 27 more ...; version: number; }'.
src/lib/team/rbac.ts(17,19): error TS7019: Rest parameter 'args' implicitly has an 'any[]' type.
src/lib/team/rbac.ts(23,17): error TS18046: 'error' is of type 'unknown'.
src/lib/team/rbac.ts(26,17): error TS18046: 'error' is of type 'unknown'.
src/lib/template-presets.ts(439,18): error TS7053: Element implicitly has an 'any' type because expression of type 'string' can't be used to index type '{ retail_fashion: { name: string; description: string; defaultContent: { headline: string; subtext: string; ctaPrimary: string; ctaSecondary: string; products: ({ id: number; name: string; price: number; ... 4 more ...; variants: { ...; }[]; } | { ...; })[]; }; }; ... 7 more ...; service_mechanic: { ...; }; }'.
  No index signature with a parameter of type 'string' was found on type '{ retail_fashion: { name: string; description: string; defaultContent: { headline: string; subtext: string; ctaPrimary: string; ctaSecondary: string; products: ({ id: number; name: string; price: number; ... 4 more ...; variants: { ...; }[]; } | { ...; })[]; }; }; ... 7 more ...; service_mechanic: { ...; }; }'.
src/lib/templates-registry.ts(2,12): error TS7005: Variable 'TemplateCategory' implicitly has an 'any' type.
src/lib/templates.ts(32,12): error TS7053: Element implicitly has an 'any' type because expression of type 'any' can't be used to index type '{ free: number; growth: number; pro: number; }'.
src/lib/templates.ts(32,39): error TS7053: Element implicitly has an 'any' type because expression of type 'any' can't be used to index type '{ free: number; growth: number; pro: number; }'.
src/lib/templates/layout-resolver.ts(30,18): error TS7053: Element implicitly has an 'any' type because expression of type 'any' can't be used to index type '{ StandardRetailHome: LazyExoticComponent<any>; AAFashionHome: LazyExoticComponent<any>; GizmoTechHome: LazyExoticComponent<any>; ... 18 more ...; WellnessBooking: LazyExoticComponent<...>; }'.
src/lib/templates/layout-resolver.ts(34,12): error TS7053: Element implicitly has an 'any' type because expression of type 'any' can't be used to index type '{ StandardRetailHome: LazyExoticComponent<any>; AAFashionHome: LazyExoticComponent<any>; GizmoTechHome: LazyExoticComponent<any>; ... 18 more ...; WellnessBooking: LazyExoticComponent<...>; }'.
src/lib/templates/recommendation-engine.ts(35,9): error TS7053: Element implicitly has an 'any' type because expression of type 'any' can't be used to index type '{ fashion: string; clothing: string; electronics: string; gadgets: string; beauty: string; wellness: string; home: string; services: string; consulting: string; salon: string; food: string; restaurant: string; ... 9 more ...; non_profit: string; }'.
src/lib/templates/recommendation-engine.ts(36,31): error TS7053: Element implicitly has an 'any' type because expression of type 'any' can't be used to index type '{ fashion: string; clothing: string; electronics: string; gadgets: string; beauty: string; wellness: string; home: string; services: string; consulting: string; salon: string; food: string; restaurant: string; ... 9 more ...; non_profit: string; }'.
src/lib/templates/templateService.ts(3,32): error TS7006: Parameter 'storeId' implicitly has an 'any' type.
src/lib/templates/templateService.ts(3,41): error TS7006: Parameter 'templateId' implicitly has an 'any' type.
src/lib/templates/templateService.ts(3,53): error TS7006: Parameter 'userId' implicitly has an 'any' type.
src/lib/templates/templateService.ts(52,27): error TS7006: Parameter 'storeId' implicitly has an 'any' type.
src/lib/templates/templateService.ts(52,36): error TS7006: Parameter 'userId' implicitly has an 'any' type.
src/lib/validation/resource-validator.ts(15,13): error TS7053: Element implicitly has an 'any' type because expression of type 'any' can't be used to index type '{}'.
src/lib/validation/resource-validator.ts(21,13): error TS7053: Element implicitly has an 'any' type because expression of type '"images"' can't be used to index type '{}'.
  Property 'images' does not exist on type '{}'.
src/lib/validation/resource-validator.ts(24,13): error TS7053: Element implicitly has an 'any' type because expression of type '"description"' can't be used to index type '{}'.
  Property 'description' does not exist on type '{}'.
src/lib/validation/resource-validator.ts(34,13): error TS7053: Element implicitly has an 'any' type because expression of type '"location"' can't be used to index type '{}'.
  Property 'location' does not exist on type '{}'.
src/lib/validation/resource-validator.ts(37,13): error TS7053: Element implicitly has an 'any' type because expression of type '"event_date"' can't be used to index type '{}'.
  Property 'event_date' does not exist on type '{}'.
src/lib/validation/resource-validator.ts(40,13): error TS7053: Element implicitly has an 'any' type because expression of type '"file_upload"' can't be used to index type '{}'.
  Property 'file_upload' does not exist on type '{}'.
src/lib/validation/resource-validator.ts(44,13): error TS7053: Element implicitly has an 'any' type because expression of type '"event_date"' can't be used to index type '{}'.
  Property 'event_date' does not exist on type '{}'.
src/middleware/auth.ts(11,38): error TS2339: Property 'optional' does not exist on type '{}'.
src/scripts/verify-paystack.ts(22,23): error TS18046: 'error' is of type 'unknown'.
src/services/ai-assistant.ts(3,35): error TS7006: Parameter 'userMessage' implicitly has an 'any' type.
src/services/ai-assistant.ts(3,48): error TS7006: Parameter 'productSchema' implicitly has an 'any' type.
src/services/DeletionService.ts(10,34): error TS7006: Parameter 'storeId' implicitly has an 'any' type.
src/services/DeletionService.ts(10,43): error TS7006: Parameter 'userId' implicitly has an 'any' type.
src/services/DeletionService.ts(10,51): error TS7006: Parameter 'reason' implicitly has an 'any' type.
src/services/DeletionService.ts(39,34): error TS7006: Parameter 'token' implicitly has an 'any' type.
src/services/DeletionService.ts(49,33): error TS7006: Parameter 'storeId' implicitly has an 'any' type.
src/services/DeletionService.ts(49,42): error TS7006: Parameter 'userId' implicitly has an 'any' type.
src/services/DeletionService.ts(65,28): error TS7006: Parameter 'storeId' implicitly has an 'any' type.
src/services/DeletionService.ts(74,34): error TS7006: Parameter 'requestId' implicitly has an 'any' type.
src/services/DeletionService.ts(96,32): error TS7006: Parameter 'storeId' implicitly has an 'any' type.
src/services/discount.service.ts(6,33): error TS7006: Parameter 'storeId' implicitly has an 'any' type.
src/services/discount.service.ts(6,42): error TS7006: Parameter 'data' implicitly has an 'any' type.
src/services/discount.service.ts(54,30): error TS7006: Parameter 'storeId' implicitly has an 'any' type.
src/services/discount.service.ts(54,39): error TS7006: Parameter 'ruleId' implicitly has an 'any' type.
src/services/discount.service.ts(69,33): error TS7006: Parameter 'storeId' implicitly has an 'any' type.
src/services/discount.service.ts(69,42): error TS7006: Parameter 'ruleId' implicitly has an 'any' type.
src/services/discount.service.ts(69,50): error TS7006: Parameter 'data' implicitly has an 'any' type.
src/services/discount.service.ts(119,32): error TS7006: Parameter 'storeId' implicitly has an 'any' type.
src/services/discount.service.ts(140,33): error TS7006: Parameter 'storeId' implicitly has an 'any' type.
src/services/discount.service.ts(140,42): error TS7006: Parameter 'ruleId' implicitly has an 'any' type.
src/services/FulfillmentService.ts(6,33): error TS7006: Parameter 'input' implicitly has an 'any' type.
src/services/FulfillmentService.ts(50,39): error TS7006: Parameter 'shipmentId' implicitly has an 'any' type.
src/services/FulfillmentService.ts(50,51): error TS7006: Parameter 'status' implicitly has an 'any' type.
src/services/KitchenService.ts(5,14): error TS2339: Property 'maxConcurrentOrders' does not exist on type 'KitchenServiceManager'.
src/services/KitchenService.ts(6,14): error TS2339: Property 'averagePrepTime' does not exist on type 'KitchenServiceManager'.
src/services/KitchenService.ts(11,21): error TS7006: Parameter 'storeId' implicitly has an 'any' type.
src/services/KitchenService.ts(16,50): error TS2322: Type '"PAID"' is not assignable to type 'PaymentStatus'.
src/services/KitchenService.ts(29,24): error TS7006: Parameter 'orderId' implicitly has an 'any' type.
src/services/KitchenService.ts(29,33): error TS7006: Parameter 'status' implicitly has an 'any' type.
src/services/KitchenService.ts(52,22): error TS7006: Parameter 'storeId' implicitly has an 'any' type.
src/services/KitchenService.ts(113,20): error TS2339: Property 'averagePrepTime' does not exist on type 'KitchenServiceManager'.
src/services/KitchenService.ts(121,19): error TS7006: Parameter 'storeId' implicitly has an 'any' type.
src/services/KitchenService.ts(123,48): error TS2339: Property 'averagePrepTime' does not exist on type 'KitchenServiceManager'.
src/services/KitchenService.ts(126,15): error TS7006: Parameter 'callback' implicitly has an 'any' type.
src/services/KitchenService.ts(130,14): error TS7006: Parameter 'order' implicitly has an 'any' type.
src/services/kyc.ts(26,18): error TS7006: Parameter 'request' implicitly has an 'any' type.
src/services/kyc.ts(63,24): error TS18046: 'error' is of type 'unknown'.
src/services/kyc.ts(71,14): error TS2339: Property 'provider' does not exist on type 'KycService'.
src/services/kyc.ts(73,26): error TS7006: Parameter 'storeId' implicitly has an 'any' type.
src/services/kyc.ts(73,35): error TS7006: Parameter 'request' implicitly has an 'any' type.
src/services/kyc.ts(80,35): error TS2339: Property 'provider' does not exist on type 'KycService'.
src/services/LedgerService.ts(8,36): error TS7006: Parameter 'req' implicitly has an 'any' type.
src/services/LedgerService.ts(59,29): error TS7006: Parameter 'req' implicitly has an 'any' type.
src/services/LedgerService.ts(95,29): error TS7006: Parameter 'storeId' implicitly has an 'any' type.
src/services/MenuService.ts(4,26): error TS7006: Parameter 'storeId' implicitly has an 'any' type.
src/services/MenuService.ts(4,35): error TS7006: Parameter 'data' implicitly has an 'any' type.
src/services/MenuService.ts(23,28): error TS7006: Parameter 'storeId' implicitly has an 'any' type.
src/services/MenuService.ts(30,50): error TS2322: Type '"PAID"' is not assignable to type 'PaymentStatus'.
src/services/MenuService.ts(40,29): error TS7006: Parameter 'orderId' implicitly has an 'any' type.
src/services/MenuService.ts(40,38): error TS7006: Parameter 'status' implicitly has an 'any' type.
src/services/MenuService.ts(47,17): error TS2820: Type '"FULFILLED"' is not assignable to type 'FulfillmentStatus | EnumFulfillmentStatusFieldUpdateOperationsInput | undefined'. Did you mean '"UNFULFILLED"'?
src/services/notifications.ts(4,32): error TS7006: Parameter 'event' implicitly has an 'any' type.
src/services/notifications.ts(4,39): error TS7006: Parameter 'data' implicitly has an 'any' type.
src/services/notifications.ts(19,46): error TS2339: Property 'SYSTEM_INSTANCE' does not exist on type 'typeof NotificationService'.
src/services/notifications.ts(26,21): error TS2339: Property 'SYSTEM_INSTANCE' does not exist on type 'typeof NotificationService'.
src/services/offline.service.ts(6,14): error TS2339: Property 'db' does not exist on type 'OfflineStorage'.
src/services/offline.service.ts(13,22): error TS2339: Property 'db' does not exist on type 'OfflineStorage'.
src/services/offline.service.ts(36,23): error TS7006: Parameter 'type' implicitly has an 'any' type.
src/services/offline.service.ts(36,29): error TS7006: Parameter 'payload' implicitly has an 'any' type.
src/services/offline.service.ts(46,29): error TS2339: Property 'db' does not exist on type 'OfflineStorage'.
src/services/offline.service.ts(55,29): error TS2339: Property 'db' does not exist on type 'OfflineStorage'.
src/services/offline.service.ts(63,22): error TS7006: Parameter 'id' implicitly has an 'any' type.
src/services/offline.service.ts(65,29): error TS2339: Property 'db' does not exist on type 'OfflineStorage'.
src/services/offline.service.ts(79,21): error TS7006: Parameter 'storeName' implicitly has an 'any' type.
src/services/offline.service.ts(79,32): error TS7006: Parameter 'data' implicitly has an 'any' type.
src/services/offline.service.ts(81,29): error TS2339: Property 'db' does not exist on type 'OfflineStorage'.
src/services/offline.service.ts(89,25): error TS7006: Parameter 'storeName' implicitly has an 'any' type.
src/services/offline.service.ts(91,29): error TS2339: Property 'db' does not exist on type 'OfflineStorage'.
src/services/order-state.service.ts(8,29): error TS7006: Parameter 'orderId' implicitly has an 'any' type.
src/services/order-state.service.ts(8,38): error TS7006: Parameter 'toStatus' implicitly has an 'any' type.
src/services/order-state.service.ts(8,48): error TS7006: Parameter 'actorId' implicitly has an 'any' type.
src/services/order-state.service.ts(8,57): error TS7006: Parameter 'storeId' implicitly has an 'any' type.
src/services/products.ts(8,27): error TS2339: Property 'search' does not exist on type '{}'.
src/services/products.ts(8,35): error TS2339: Property 'status' does not exist on type '{}'.
src/services/products.ts(32,45): error TS18046: 'e' is of type 'unknown'.
src/services/push.service.ts(25,26): error TS7006: Parameter 'subscription' implicitly has an 'any' type.
src/services/push.service.ts(47,27): error TS7006: Parameter 'base64String' implicitly has an 'any' type.
src/services/referral.service.ts(10,34): error TS7006: Parameter 'storeId' implicitly has an 'any' type.
src/services/referral.service.ts(16,22): error TS2339: Property 'referralCode' does not exist on type 'string | number | true | JsonObject | JsonArray'.
  Property 'referralCode' does not exist on type 'string'.
src/services/referral.service.ts(17,29): error TS2339: Property 'referralCode' does not exist on type 'string | number | true | JsonObject | JsonArray'.
  Property 'referralCode' does not exist on type 'string'.
src/services/referral.service.ts(23,21): error TS2698: Spread types may only be created from object types.
src/services/referral.service.ts(33,27): error TS7006: Parameter 'storeId' implicitly has an 'any' type.
src/services/referral.service.ts(38,47): error TS2339: Property 'referralCode' does not exist on type 'string | number | boolean | JsonObject | JsonArray'.
  Property 'referralCode' does not exist on type 'string'.
src/services/referral.service.ts(76,32): error TS7006: Parameter 'refereeStoreId' implicitly has an 'any' type.
src/services/referral.service.ts(76,48): error TS7006: Parameter 'referralCode' implicitly has an 'any' type.
src/services/referral.service.ts(102,40): error TS7006: Parameter 'refereeStoreId' implicitly has an 'any' type.
src/services/referral.service.ts(112,55): error TS2339: Property 'referrerStoreId' does not exist on type 'string | number | boolean | JsonObject | JsonArray'.
  Property 'referrerStoreId' does not exist on type 'string'.
src/services/referral.service.ts(129,31): error TS7006: Parameter 'storeId' implicitly has an 'any' type.
src/services/referral.service.ts(132,37): error TS7006: Parameter 'storeId' implicitly has an 'any' type.
src/services/subscription-reminder.service.ts(48,42): error TS2339: Property 'send' does not exist on type 'typeof ResendEmailService'.
../../packages/shared/src/extensions/manifest-fetcher.ts(7,39): error TS2769: No overload matches this call.
  Overload 1 of 2, '(input: string | Request | URL, init?: RequestInit | undefined): Promise<Response>', gave the following error.
    Argument of type 'unknown' is not assignable to parameter of type 'RequestInit | undefined'.
  Overload 2 of 2, '(input: URL | RequestInfo, init?: RequestInit | undefined): Promise<Response>', gave the following error.
    Argument of type 'unknown' is not assignable to parameter of type 'RequestInit | undefined'.
ELIFECYCLE Command failed with exit code 1.
